<?xml version="1.0" encoding="UTF-8"?>
<coverage generated="1782554728724" clover="3.2.0">
  <project timestamp="1782554728724" name="All files">
    <metrics statements="1654" coveredstatements="1534" conditionals="1107" coveredconditionals="909" methods="384" coveredmethods="352" elements="3145" coveredelements="2795" complexity="0" loc="1654" ncloc="1654" packages="12" files="39" classes="39"/>
    <package name="components">
      <metrics statements="238" coveredstatements="175" conditionals="203" coveredconditionals="124" methods="50" coveredmethods="39"/>
      <file name="AuthPage.jsx" path="/Users/rgupt359/IdeaProjects/meal-balancer/src/components/AuthPage.jsx">
        <metrics statements="77" coveredstatements="64" conditionals="50" coveredconditionals="42" methods="20" coveredmethods="17"/>
        <line num="6" count="18" type="stmt"/>
        <line num="7" count="18" type="stmt"/>
        <line num="8" count="10" type="stmt"/>
        <line num="11" count="18" type="stmt"/>
        <line num="12" count="12" type="stmt"/>
        <line num="13" count="12" type="stmt"/>
        <line num="16" count="18" type="stmt"/>
        <line num="28" count="2" type="stmt"/>
        <line num="64" count="5" type="stmt"/>
        <line num="71" count="1" type="stmt"/>
        <line num="83" count="1" type="stmt"/>
        <line num="84" count="1" type="stmt"/>
        <line num="87" count="21" type="stmt"/>
        <line num="88" count="21" type="stmt"/>
        <line num="89" count="21" type="stmt"/>
        <line num="90" count="21" type="stmt"/>
        <line num="91" count="21" type="stmt"/>
        <line num="92" count="21" type="stmt"/>
        <line num="93" count="21" type="stmt"/>
        <line num="94" count="21" type="stmt"/>
        <line num="97" count="21" type="stmt"/>
        <line num="98" count="11" type="cond" truecount="1" falsecount="1"/>
        <line num="99" count="0" type="stmt"/>
        <line num="100" count="0" type="stmt"/>
        <line num="101" count="0" type="cond" truecount="0" falsecount="2"/>
        <line num="102" count="0" type="stmt"/>
        <line num="103" count="0" type="stmt"/>
        <line num="104" count="0" type="stmt"/>
        <line num="106" count="0" type="stmt"/>
        <line num="109" count="0" type="stmt"/>
        <line num="110" count="0" type="stmt"/>
        <line num="111" count="0" type="stmt"/>
        <line num="114" count="21" type="stmt"/>
        <line num="117" count="2" type="stmt"/>
        <line num="118" count="2" type="cond" truecount="1" falsecount="1"/>
        <line num="119" count="2" type="stmt"/>
        <line num="120" count="2" type="stmt"/>
        <line num="122" count="2" type="stmt"/>
        <line num="123" count="2" type="stmt"/>
        <line num="124" count="1" type="stmt"/>
        <line num="126" count="1" type="stmt"/>
        <line num="127" count="1" type="stmt"/>
        <line num="128" count="1" type="cond" truecount="1" falsecount="1"/>
        <line num="129" count="0" type="stmt"/>
        <line num="130" count="0" type="stmt"/>
        <line num="132" count="1" type="cond" truecount="1" falsecount="1"/>
        <line num="135" count="2" type="stmt"/>
        <line num="139" count="21" type="stmt"/>
        <line num="148" count="2" type="stmt"/>
        <line num="159" count="2" type="stmt"/>
        <line num="178" count="21" type="stmt"/>
        <line num="179" count="21" type="stmt"/>
        <line num="180" count="21" type="stmt"/>
        <line num="181" count="21" type="stmt"/>
        <line num="182" count="21" type="stmt"/>
        <line num="183" count="21" type="stmt"/>
        <line num="184" count="21" type="stmt"/>
        <line num="185" count="21" type="stmt"/>
        <line num="186" count="21" type="stmt"/>
        <line num="189" count="3" type="stmt"/>
        <line num="190" count="3" type="stmt"/>
        <line num="191" count="3" type="stmt"/>
        <line num="192" count="3" type="stmt"/>
        <line num="194" count="3" type="stmt"/>
        <line num="195" count="3" type="stmt"/>
        <line num="198" count="2" type="cond" truecount="4" falsecount="0"/>
        <line num="199" count="1" type="stmt"/>
        <line num="202" count="1" type="cond" truecount="1" falsecount="1"/>
        <line num="204" count="3" type="stmt"/>
        <line num="208" count="21" type="cond" truecount="2" falsecount="0"/>
        <line num="209" count="1" type="stmt"/>
        <line num="222" count="20" type="stmt"/>
        <line num="231" count="3" type="stmt"/>
        <line num="242" count="1" type="stmt"/>
        <line num="252" count="3" type="stmt"/>
        <line num="263" count="0" type="stmt"/>
        <line num="273" count="3" type="stmt"/>
      </file>
      <file name="FoodSearchPage.css" path="/Users/rgupt359/IdeaProjects/meal-balancer/src/components/FoodSearchPage.css">
        <metrics statements="0" coveredstatements="0" conditionals="0" coveredconditionals="0" methods="0" coveredmethods="0"/>
      </file>
      <file name="FoodSearchPage.jsx" path="/Users/rgupt359/IdeaProjects/meal-balancer/src/components/FoodSearchPage.jsx">
        <metrics statements="161" coveredstatements="111" conditionals="153" coveredconditionals="82" methods="30" coveredmethods="22"/>
        <line num="11" count="1" type="stmt"/>
        <line num="15" count="20" type="cond" truecount="1" falsecount="1"/>
        <line num="16" count="20" type="cond" truecount="3" falsecount="1"/>
        <line num="17" count="20" type="stmt"/>
        <line num="18" count="20" type="stmt"/>
        <line num="19" count="20" type="stmt"/>
        <line num="20" count="20" type="stmt"/>
        <line num="23" count="36" type="cond" truecount="2" falsecount="0"/>
        <line num="34" count="34" type="stmt"/>
        <line num="35" count="34" type="stmt"/>
        <line num="36" count="34" type="stmt"/>
        <line num="37" count="34" type="stmt"/>
        <line num="38" count="34" type="stmt"/>
        <line num="39" count="34" type="stmt"/>
        <line num="40" count="34" type="stmt"/>
        <line num="41" count="34" type="stmt"/>
        <line num="42" count="34" type="stmt"/>
        <line num="43" count="34" type="stmt"/>
        <line num="44" count="34" type="stmt"/>
        <line num="45" count="34" type="stmt"/>
        <line num="47" count="34" type="stmt"/>
        <line num="48" count="34" type="stmt"/>
        <line num="49" count="34" type="stmt"/>
        <line num="52" count="34" type="stmt"/>
        <line num="53" count="16" type="stmt"/>
        <line num="55" count="16" type="cond" truecount="2" falsecount="0"/>
        <line num="57" count="10" type="stmt"/>
        <line num="58" count="10" type="cond" truecount="1" falsecount="1"/>
        <line num="59" count="10" type="stmt"/>
        <line num="60" count="10" type="stmt"/>
        <line num="61" count="10" type="stmt"/>
        <line num="62" count="10" type="stmt"/>
        <line num="63" count="10" type="stmt"/>
        <line num="65" count="10" type="stmt"/>
        <line num="69" count="6" type="stmt"/>
        <line num="70" count="6" type="stmt"/>
        <line num="71" count="6" type="stmt"/>
        <line num="73" count="6" type="stmt"/>
        <line num="79" count="6" type="cond" truecount="2" falsecount="0"/>
        <line num="80" count="1" type="stmt"/>
        <line num="81" count="1" type="cond" truecount="1" falsecount="1"/>
        <line num="82" count="1" type="cond" truecount="1" falsecount="1"/>
        <line num="83" count="1" type="stmt"/>
        <line num="84" count="1" type="stmt"/>
        <line num="85" count="1" type="stmt"/>
        <line num="86" count="1" type="stmt"/>
        <line num="88" count="1" type="stmt"/>
        <line num="91" count="5" type="cond" truecount="5" falsecount="0"/>
        <line num="93" count="1" type="stmt"/>
        <line num="94" count="1" type="stmt"/>
        <line num="99" count="1" type="cond" truecount="1" falsecount="1"/>
        <line num="100" count="0" type="stmt"/>
        <line num="101" count="0" type="cond" truecount="0" falsecount="2"/>
        <line num="102" count="0" type="cond" truecount="0" falsecount="2"/>
        <line num="103" count="0" type="stmt"/>
        <line num="104" count="0" type="stmt"/>
        <line num="105" count="0" type="stmt"/>
        <line num="106" count="0" type="stmt"/>
        <line num="108" count="0" type="stmt"/>
        <line num="111" count="1" type="cond" truecount="1" falsecount="1"/>
        <line num="112" count="1" type="stmt"/>
        <line num="113" count="1" type="stmt"/>
        <line num="115" count="2" type="cond" truecount="1" falsecount="1"/>
        <line num="119" count="1" type="stmt"/>
        <line num="120" count="1" type="stmt"/>
        <line num="124" count="4" type="stmt"/>
        <line num="129" count="4" type="cond" truecount="2" falsecount="0"/>
        <line num="130" count="1" type="stmt"/>
        <line num="131" count="1" type="cond" truecount="1" falsecount="1"/>
        <line num="132" count="1" type="cond" truecount="1" falsecount="1"/>
        <line num="133" count="1" type="stmt"/>
        <line num="134" count="1" type="stmt"/>
        <line num="135" count="1" type="stmt"/>
        <line num="136" count="1" type="stmt"/>
        <line num="137" count="1" type="stmt"/>
        <line num="139" count="1" type="stmt"/>
        <line num="142" count="3" type="cond" truecount="1" falsecount="1"/>
        <line num="143" count="3" type="stmt"/>
        <line num="144" count="3" type="stmt"/>
        <line num="145" count="3" type="cond" truecount="1" falsecount="1"/>
        <line num="146" count="3" type="cond" truecount="1" falsecount="1"/>
        <line num="147" count="3" type="stmt"/>
        <line num="151" count="0" type="stmt"/>
        <line num="152" count="0" type="cond" truecount="0" falsecount="2"/>
        <line num="153" count="0" type="stmt"/>
        <line num="154" count="0" type="stmt"/>
        <line num="155" count="0" type="stmt"/>
        <line num="156" count="0" type="stmt"/>
        <line num="159" count="6" type="cond" truecount="1" falsecount="1"/>
        <line num="163" count="6" type="stmt"/>
        <line num="164" count="6" type="stmt"/>
        <line num="168" count="34" type="stmt"/>
        <line num="169" count="11" type="stmt"/>
        <line num="171" count="11" type="cond" truecount="2" falsecount="0"/>
        <line num="172" count="10" type="stmt"/>
        <line num="173" count="10" type="cond" truecount="1" falsecount="1"/>
        <line num="174" count="10" type="stmt"/>
        <line num="176" count="10" type="stmt"/>
        <line num="180" count="1" type="stmt"/>
        <line num="181" count="1" type="stmt"/>
        <line num="182" count="1" type="stmt"/>
        <line num="186" count="1" type="cond" truecount="1" falsecount="1"/>
        <line num="187" count="0" type="stmt"/>
        <line num="188" count="0" type="cond" truecount="0" falsecount="2"/>
        <line num="189" count="0" type="stmt"/>
        <line num="191" count="1" type="cond" truecount="2" falsecount="2"/>
        <line num="193" count="0" type="stmt"/>
        <line num="194" count="0" type="cond" truecount="0" falsecount="2"/>
        <line num="196" count="1" type="cond" truecount="1" falsecount="1"/>
        <line num="200" count="1" type="stmt"/>
        <line num="201" count="1" type="stmt"/>
        <line num="206" count="34" type="stmt"/>
        <line num="207" count="21" type="stmt"/>
        <line num="208" count="21" type="stmt"/>
        <line num="209" count="3" type="cond" truecount="1" falsecount="1"/>
        <line num="210" count="3" type="cond" truecount="2" falsecount="0"/>
        <line num="211" count="3" type="stmt"/>
        <line num="213" count="21" type="stmt"/>
        <line num="217" count="34" type="stmt"/>
        <line num="219" count="0" type="cond" truecount="0" falsecount="2"/>
        <line num="221" count="0" type="cond" truecount="0" falsecount="2"/>
        <line num="222" count="0" type="stmt"/>
        <line num="223" count="0" type="stmt"/>
        <line num="224" count="0" type="cond" truecount="0" falsecount="2"/>
        <line num="226" count="0" type="cond" truecount="0" falsecount="2"/>
        <line num="227" count="0" type="stmt"/>
        <line num="228" count="0" type="stmt"/>
        <line num="229" count="0" type="cond" truecount="0" falsecount="2"/>
        <line num="231" count="0" type="cond" truecount="0" falsecount="4"/>
        <line num="232" count="0" type="stmt"/>
        <line num="233" count="0" type="stmt"/>
        <line num="240" count="34" type="stmt"/>
        <line num="241" count="0" type="cond" truecount="0" falsecount="4"/>
        <line num="242" count="0" type="stmt"/>
        <line num="243" count="0" type="stmt"/>
        <line num="244" count="0" type="stmt"/>
        <line num="248" count="0" type="cond" truecount="0" falsecount="2"/>
        <line num="249" count="0" type="stmt"/>
        <line num="250" count="0" type="stmt"/>
        <line num="252" count="0" type="cond" truecount="0" falsecount="2"/>
        <line num="253" count="0" type="stmt"/>
        <line num="254" count="0" type="stmt"/>
        <line num="256" count="0" type="stmt"/>
        <line num="258" count="0" type="stmt"/>
        <line num="263" count="34" type="stmt"/>
        <line num="264" count="10" type="cond" truecount="2" falsecount="2"/>
        <line num="265" count="0" type="stmt"/>
        <line num="266" count="0" type="cond" truecount="0" falsecount="2"/>
        <line num="270" count="34" type="stmt"/>
        <line num="282" count="6" type="stmt"/>
        <line num="295" count="0" type="stmt"/>
        <line num="296" count="0" type="stmt"/>
        <line num="297" count="0" type="stmt"/>
        <line num="343" count="0" type="stmt"/>
        <line num="368" count="10" type="stmt"/>
        <line num="373" count="1" type="stmt"/>
        <line num="445" count="1" type="stmt"/>
        <line num="461" count="1" type="stmt"/>
        <line num="463" count="1" type="stmt"/>
        <line num="467" count="0" type="stmt"/>
        <line num="483" count="3" type="stmt"/>
      </file>
    </package>
    <package name="components.dashboard">
      <metrics statements="119" coveredstatements="103" conditionals="122" coveredconditionals="95" methods="47" coveredmethods="36"/>
      <file name="FoodAutocomplete.jsx" path="/Users/rgupt359/IdeaProjects/meal-balancer/src/components/dashboard/FoodAutocomplete.jsx">
        <metrics statements="64" coveredstatements="58" conditionals="38" coveredconditionals="29" methods="19" coveredmethods="14"/>
        <line num="11" count="55" type="cond" truecount="2" falsecount="0"/>
        <line num="12" count="55" type="stmt"/>
        <line num="13" count="55" type="stmt"/>
        <line num="14" count="55" type="stmt"/>
        <line num="15" count="55" type="stmt"/>
        <line num="16" count="55" type="stmt"/>
        <line num="17" count="55" type="stmt"/>
        <line num="18" count="55" type="stmt"/>
        <line num="19" count="55" type="stmt"/>
        <line num="22" count="55" type="stmt"/>
        <line num="24" count="0" type="stmt"/>
        <line num="25" count="0" type="stmt"/>
        <line num="29" count="55" type="stmt"/>
        <line num="30" count="55" type="stmt"/>
        <line num="31" count="13" type="cond" truecount="2" falsecount="0"/>
        <line num="32" count="1" type="stmt"/>
        <line num="33" count="1" type="cond" truecount="1" falsecount="1"/>
        <line num="38" count="55" type="stmt"/>
        <line num="39" count="24" type="cond" truecount="2" falsecount="0"/>
        <line num="40" count="12" type="stmt"/>
        <line num="41" count="12" type="stmt"/>
        <line num="42" count="12" type="stmt"/>
        <line num="45" count="12" type="stmt"/>
        <line num="46" count="12" type="stmt"/>
        <line num="48" count="12" type="stmt"/>
        <line num="49" count="12" type="cond" truecount="2" falsecount="0"/>
        <line num="50" count="11" type="stmt"/>
        <line num="51" count="11" type="stmt"/>
        <line num="52" count="11" type="stmt"/>
        <line num="53" count="11" type="stmt"/>
        <line num="57" count="12" type="stmt"/>
        <line num="61" count="55" type="stmt"/>
        <line num="63" count="0" type="cond" truecount="0" falsecount="4"/>
        <line num="64" count="0" type="stmt"/>
        <line num="67" count="12" type="stmt"/>
        <line num="68" count="12" type="stmt"/>
        <line num="72" count="9" type="stmt"/>
        <line num="73" count="9" type="stmt"/>
        <line num="74" count="9" type="stmt"/>
        <line num="75" count="9" type="cond" truecount="2" falsecount="0"/>
        <line num="76" count="1" type="stmt"/>
        <line num="81" count="2" type="stmt"/>
        <line num="82" count="2" type="stmt"/>
        <line num="83" count="2" type="stmt"/>
        <line num="84" count="2" type="stmt"/>
        <line num="88" count="6" type="cond" truecount="1" falsecount="1"/>
        <line num="90" count="6" type="cond" truecount="2" falsecount="0"/>
        <line num="91" count="3" type="stmt"/>
        <line num="92" count="3" type="stmt"/>
        <line num="93" count="3" type="cond" truecount="2" falsecount="0"/>
        <line num="94" count="1" type="stmt"/>
        <line num="95" count="1" type="stmt"/>
        <line num="96" count="2" type="cond" truecount="4" falsecount="0"/>
        <line num="97" count="1" type="stmt"/>
        <line num="98" count="1" type="stmt"/>
        <line num="99" count="1" type="cond" truecount="1" falsecount="1"/>
        <line num="100" count="1" type="stmt"/>
        <line num="104" count="55" type="stmt"/>
        <line num="112" count="0" type="cond" truecount="0" falsecount="2"/>
        <line num="127" count="33" type="stmt"/>
        <line num="128" count="33" type="stmt"/>
        <line num="129" count="33" type="stmt"/>
        <line num="135" count="1" type="stmt"/>
        <line num="136" count="0" type="stmt"/>
      </file>
      <file name="MealBuilder.jsx" path="/Users/rgupt359/IdeaProjects/meal-balancer/src/components/dashboard/MealBuilder.jsx">
        <metrics statements="55" coveredstatements="45" conditionals="84" coveredconditionals="66" methods="28" coveredmethods="22"/>
        <line num="10" count="154" type="stmt"/>
        <line num="28" count="34" type="stmt"/>
        <line num="29" count="34" type="stmt"/>
        <line num="30" count="34" type="stmt"/>
        <line num="32" count="34" type="stmt"/>
        <line num="33" count="22" type="stmt"/>
        <line num="34" count="154" type="stmt"/>
        <line num="35" count="22" type="stmt"/>
        <line num="38" count="34" type="stmt"/>
        <line num="39" count="4" type="stmt"/>
        <line num="42" count="34" type="stmt"/>
        <line num="43" count="2" type="stmt"/>
        <line num="46" count="34" type="stmt"/>
        <line num="47" count="0" type="stmt"/>
        <line num="50" count="34" type="stmt"/>
        <line num="51" count="0" type="stmt"/>
        <line num="52" count="0" type="cond" truecount="0" falsecount="6"/>
        <line num="53" count="0" type="stmt"/>
        <line num="54" count="0" type="stmt"/>
        <line num="57" count="34" type="stmt"/>
        <line num="73" count="231" type="cond" truecount="2" falsecount="2"/>
        <line num="74" count="65" type="cond" truecount="1" falsecount="1"/>
        <line num="76" count="231" type="cond" truecount="2" falsecount="0"/>
        <line num="77" count="231" type="cond" truecount="2" falsecount="0"/>
        <line num="78" count="231" type="cond" truecount="2" falsecount="0"/>
        <line num="79" count="231" type="stmt"/>
        <line num="81" count="231" type="stmt"/>
        <line num="85" count="2" type="stmt"/>
        <line num="90" count="3" type="cond" truecount="4" falsecount="0"/>
        <line num="120" count="61" type="stmt"/>
        <line num="121" count="61" type="cond" truecount="2" falsecount="1"/>
        <line num="122" count="61" type="cond" truecount="3" falsecount="0"/>
        <line num="123" count="61" type="stmt"/>
        <line num="124" count="61" type="cond" truecount="2" falsecount="0"/>
        <line num="125" count="61" type="cond" truecount="2" falsecount="0"/>
        <line num="128" count="61" type="cond" truecount="1" falsecount="1"/>
        <line num="130" count="61" type="stmt"/>
        <line num="131" count="2" type="stmt"/>
        <line num="132" count="2" type="cond" truecount="1" falsecount="1"/>
        <line num="135" count="61" type="stmt"/>
        <line num="136" count="2" type="stmt"/>
        <line num="140" count="2" type="stmt"/>
        <line num="143" count="61" type="stmt"/>
        <line num="150" count="1" type="stmt"/>
        <line num="165" count="1" type="stmt"/>
        <line num="187" count="1" type="stmt"/>
        <line num="209" count="1" type="stmt"/>
        <line num="217" count="0" type="stmt"/>
        <line num="218" count="0" type="cond" truecount="0" falsecount="2"/>
        <line num="219" count="0" type="stmt"/>
        <line num="223" count="0" type="stmt"/>
        <line num="239" count="2" type="stmt"/>
        <line num="240" count="2" type="cond" truecount="4" falsecount="0"/>
        <line num="249" count="0" type="stmt"/>
        <line num="264" count="31" type="stmt"/>
      </file>
    </package>
    <package name="components.pages">
      <metrics statements="6" coveredstatements="5" conditionals="14" coveredconditionals="14" methods="4" coveredmethods="2"/>
      <file name="DashboardPage.jsx" path="/Users/rgupt359/IdeaProjects/meal-balancer/src/components/pages/DashboardPage.jsx">
        <metrics statements="6" coveredstatements="5" conditionals="14" coveredconditionals="14" methods="4" coveredmethods="2"/>
        <line num="65" count="8" type="stmt"/>
        <line num="69" count="8" type="cond" truecount="4" falsecount="0"/>
        <line num="70" count="1" type="stmt"/>
        <line num="73" count="7" type="stmt"/>
        <line num="83" count="1" type="stmt"/>
        <line num="139" count="0" type="stmt"/>
      </file>
    </package>
    <package name="components.ui">
      <metrics statements="17" coveredstatements="17" conditionals="20" coveredconditionals="15" methods="15" coveredmethods="15"/>
      <file name="EmptyState.jsx" path="/Users/rgupt359/IdeaProjects/meal-balancer/src/components/ui/EmptyState.jsx">
        <metrics statements="1" coveredstatements="1" conditionals="11" coveredconditionals="6" methods="1" coveredmethods="1"/>
        <line num="8" count="27" type="stmt"/>
      </file>
      <file name="Kpi.jsx" path="/Users/rgupt359/IdeaProjects/meal-balancer/src/components/ui/Kpi.jsx">
        <metrics statements="1" coveredstatements="1" conditionals="1" coveredconditionals="1" methods="1" coveredmethods="1"/>
        <line num="2" count="28" type="stmt"/>
      </file>
      <file name="Section.jsx" path="/Users/rgupt359/IdeaProjects/meal-balancer/src/components/ui/Section.jsx">
        <metrics statements="1" coveredstatements="1" conditionals="0" coveredconditionals="0" methods="1" coveredmethods="1"/>
        <line num="2" count="34" type="stmt"/>
      </file>
      <file name="Skeleton.jsx" path="/Users/rgupt359/IdeaProjects/meal-balancer/src/components/ui/Skeleton.jsx">
        <metrics statements="8" coveredstatements="8" conditionals="4" coveredconditionals="4" methods="8" coveredmethods="8"/>
        <line num="7" count="129" type="stmt"/>
        <line num="18" count="13" type="stmt"/>
        <line num="29" count="7" type="stmt"/>
        <line num="44" count="9" type="stmt"/>
        <line num="57" count="1" type="stmt"/>
        <line num="70" count="3" type="stmt"/>
        <line num="76" count="21" type="stmt"/>
        <line num="100" count="2" type="stmt"/>
      </file>
      <file name="VirtualizedList.jsx" path="/Users/rgupt359/IdeaProjects/meal-balancer/src/components/ui/VirtualizedList.jsx">
        <metrics statements="6" coveredstatements="6" conditionals="4" coveredconditionals="4" methods="4" coveredmethods="4"/>
        <line num="24" count="11" type="stmt"/>
        <line num="26" count="11" type="stmt"/>
        <line num="28" count="6" type="stmt"/>
        <line num="29" count="37" type="stmt"/>
        <line num="33" count="11" type="stmt"/>
        <line num="52" count="10" type="stmt"/>
      </file>
    </package>
    <package name="context">
      <metrics statements="145" coveredstatements="140" conditionals="76" coveredconditionals="56" methods="31" coveredmethods="30"/>
      <file name="AuthContext.jsx" path="/Users/rgupt359/IdeaProjects/meal-balancer/src/context/AuthContext.jsx">
        <metrics statements="62" coveredstatements="62" conditionals="12" coveredconditionals="10" methods="11" coveredmethods="11"/>
        <line num="14" count="1" type="stmt"/>
        <line num="17" count="37" type="stmt"/>
        <line num="18" count="37" type="stmt"/>
        <line num="19" count="37" type="stmt"/>
        <line num="20" count="37" type="stmt"/>
        <line num="23" count="37" type="stmt"/>
        <line num="27" count="15" type="stmt"/>
        <line num="28" count="15" type="stmt"/>
        <line num="29" count="12" type="stmt"/>
        <line num="31" count="12" type="cond" truecount="2" falsecount="0"/>
        <line num="32" count="5" type="stmt"/>
        <line num="33" count="5" type="stmt"/>
        <line num="34" count="5" type="stmt"/>
        <line num="37" count="1" type="stmt"/>
        <line num="39" count="13" type="stmt"/>
        <line num="40" count="13" type="stmt"/>
        <line num="45" count="15" type="stmt"/>
        <line num="46" count="1" type="stmt"/>
        <line num="49" count="15" type="stmt"/>
        <line num="51" count="15" type="stmt"/>
        <line num="52" count="3" type="stmt"/>
        <line num="54" count="3" type="cond" truecount="2" falsecount="0"/>
        <line num="55" count="2" type="stmt"/>
        <line num="56" count="2" type="stmt"/>
        <line num="57" count="2" type="stmt"/>
        <line num="58" count="1" type="stmt"/>
        <line num="60" count="1" type="stmt"/>
        <line num="63" count="1" type="stmt"/>
        <line num="64" count="1" type="stmt"/>
        <line num="68" count="15" type="stmt"/>
        <line num="69" count="15" type="stmt"/>
        <line num="70" count="15" type="stmt"/>
        <line num="75" count="1" type="stmt"/>
        <line num="77" count="1" type="cond" truecount="1" falsecount="1"/>
        <line num="79" count="1" type="stmt"/>
        <line num="81" count="1" type="stmt"/>
        <line num="82" count="1" type="stmt"/>
        <line num="83" count="1" type="stmt"/>
        <line num="84" count="1" type="stmt"/>
        <line num="85" count="1" type="stmt"/>
        <line num="88" count="1" type="stmt"/>
        <line num="92" count="1" type="stmt"/>
        <line num="94" count="1" type="cond" truecount="1" falsecount="1"/>
        <line num="95" count="1" type="stmt"/>
        <line num="96" count="1" type="stmt"/>
        <line num="97" count="1" type="stmt"/>
        <line num="98" count="1" type="stmt"/>
        <line num="101" count="1" type="stmt"/>
        <line num="105" count="1" type="stmt"/>
        <line num="106" count="1" type="stmt"/>
        <line num="107" count="1" type="stmt"/>
        <line num="108" count="1" type="stmt"/>
        <line num="112" count="2" type="cond" truecount="2" falsecount="0"/>
        <line num="113" count="1" type="stmt"/>
        <line num="114" count="1" type="stmt"/>
        <line num="115" count="1" type="stmt"/>
        <line num="119" count="2" type="cond" truecount="2" falsecount="0"/>
        <line num="120" count="1" type="stmt"/>
        <line num="121" count="1" type="stmt"/>
        <line num="122" count="1" type="stmt"/>
        <line num="125" count="37" type="stmt"/>
        <line num="138" count="37" type="stmt"/>
      </file>
      <file name="ProfileContext.jsx" path="/Users/rgupt359/IdeaProjects/meal-balancer/src/context/ProfileContext.jsx">
        <metrics statements="83" coveredstatements="78" conditionals="64" coveredconditionals="46" methods="20" coveredmethods="19"/>
        <line num="6" count="1" type="stmt"/>
        <line num="8" count="1" type="stmt"/>
        <line num="19" count="1" type="stmt"/>
        <line num="28" count="2" type="cond" truecount="1" falsecount="1"/>
        <line num="29" count="2" type="stmt"/>
        <line num="41" count="32" type="stmt"/>
        <line num="42" count="15" type="stmt"/>
        <line num="43" count="15" type="stmt"/>
        <line num="44" count="15" type="cond" truecount="2" falsecount="0"/>
        <line num="46" count="1" type="stmt"/>
        <line num="47" count="1" type="stmt"/>
        <line num="51" count="32" type="stmt"/>
        <line num="52" count="15" type="stmt"/>
        <line num="55" count="32" type="stmt"/>
        <line num="56" count="32" type="stmt"/>
        <line num="57" count="32" type="stmt"/>
        <line num="59" count="32" type="stmt"/>
        <line num="61" count="32" type="stmt"/>
        <line num="62" count="15" type="stmt"/>
        <line num="63" count="15" type="stmt"/>
        <line num="64" count="15" type="cond" truecount="2" falsecount="0"/>
        <line num="69" count="32" type="stmt"/>
        <line num="70" count="19" type="stmt"/>
        <line num="71" count="19" type="stmt"/>
        <line num="73" count="0" type="stmt"/>
        <line num="77" count="32" type="stmt"/>
        <line num="78" count="16" type="stmt"/>
        <line num="79" count="16" type="stmt"/>
        <line num="83" count="32" type="stmt"/>
        <line num="84" count="15" type="cond" truecount="4" falsecount="0"/>
        <line num="87" count="7" type="stmt"/>
        <line num="88" count="7" type="stmt"/>
        <line num="89" count="7" type="stmt"/>
        <line num="95" count="6" type="cond" truecount="4" falsecount="0"/>
        <line num="96" count="2" type="stmt"/>
        <line num="97" count="2" type="cond" truecount="1" falsecount="1"/>
        <line num="98" count="2" type="stmt"/>
        <line num="101" count="4" type="cond" truecount="4" falsecount="0"/>
        <line num="102" count="2" type="stmt"/>
        <line num="103" count="2" type="cond" truecount="1" falsecount="1"/>
        <line num="104" count="2" type="stmt"/>
        <line num="112" count="2" type="stmt"/>
        <line num="115" count="1" type="stmt"/>
        <line num="116" count="1" type="cond" truecount="1" falsecount="1"/>
        <line num="120" count="7" type="stmt"/>
        <line num="124" count="32" type="stmt"/>
        <line num="125" count="32" type="stmt"/>
        <line num="128" count="2" type="cond" truecount="3" falsecount="1"/>
        <line num="131" count="2" type="stmt"/>
        <line num="132" count="2" type="stmt"/>
        <line num="133" count="10" type="cond" truecount="1" falsecount="1"/>
        <line num="134" count="10" type="stmt"/>
        <line num="138" count="2" type="stmt"/>
        <line num="139" count="2" type="cond" truecount="1" falsecount="1"/>
        <line num="141" count="2" type="stmt"/>
        <line num="143" count="2" type="stmt"/>
        <line num="147" count="2" type="cond" truecount="1" falsecount="1"/>
        <line num="148" count="2" type="cond" truecount="1" falsecount="1"/>
        <line num="149" count="0" type="stmt"/>
        <line num="150" count="0" type="stmt"/>
        <line num="152" count="2" type="stmt"/>
        <line num="153" count="2" type="stmt"/>
        <line num="155" count="2" type="stmt"/>
        <line num="159" count="0" type="stmt"/>
        <line num="160" count="0" type="cond" truecount="0" falsecount="2"/>
        <line num="165" count="32" type="stmt"/>
        <line num="166" count="32" type="stmt"/>
        <line num="168" count="32" type="stmt"/>
        <line num="169" count="2" type="cond" truecount="2" falsecount="0"/>
        <line num="170" count="1" type="stmt"/>
        <line num="171" count="1" type="stmt"/>
        <line num="176" count="2" type="stmt"/>
        <line num="177" count="2" type="cond" truecount="1" falsecount="1"/>
        <line num="180" count="2" type="cond" truecount="1" falsecount="1"/>
        <line num="181" count="2" type="stmt"/>
        <line num="182" count="1" type="stmt"/>
        <line num="185" count="2" type="stmt"/>
        <line num="189" count="32" type="stmt"/>
        <line num="198" count="32" type="stmt"/>
        <line num="203" count="35" type="stmt"/>
        <line num="204" count="35" type="cond" truecount="2" falsecount="0"/>
        <line num="205" count="2" type="stmt"/>
        <line num="207" count="32" type="stmt"/>
      </file>
    </package>
    <package name="data">
      <metrics statements="12" coveredstatements="12" conditionals="2" coveredconditionals="1" methods="1" coveredmethods="1"/>
      <file name="config.ts" path="/Users/rgupt359/IdeaProjects/meal-balancer/src/data/config.ts">
        <metrics statements="1" coveredstatements="1" conditionals="0" coveredconditionals="0" methods="0" coveredmethods="0"/>
        <line num="96" count="4" type="stmt"/>
      </file>
      <file name="foods.js" path="/Users/rgupt359/IdeaProjects/meal-balancer/src/data/foods.js">
        <metrics statements="1" coveredstatements="1" conditionals="0" coveredconditionals="0" methods="0" coveredmethods="0"/>
        <line num="1" count="6" type="stmt"/>
      </file>
      <file name="presetPlans.js" path="/Users/rgupt359/IdeaProjects/meal-balancer/src/data/presetPlans.js">
        <metrics statements="10" coveredstatements="10" conditionals="2" coveredconditionals="1" methods="1" coveredmethods="1"/>
        <line num="1" count="4" type="stmt"/>
        <line num="2" count="4" type="stmt"/>
        <line num="5" count="20" type="stmt"/>
        <line num="6" count="20" type="stmt"/>
        <line num="7" count="140" type="stmt"/>
        <line num="8" count="140" type="stmt"/>
        <line num="9" count="980" type="cond" truecount="1" falsecount="1"/>
        <line num="10" count="1232" type="stmt"/>
        <line num="19" count="20" type="stmt"/>
        <line num="22" count="4" type="stmt"/>
      </file>
    </package>
    <package name="engines">
      <metrics statements="81" coveredstatements="81" conditionals="68" coveredconditionals="61" methods="11" coveredmethods="11"/>
      <file name="nutrientEngine.ts" path="/Users/rgupt359/IdeaProjects/meal-balancer/src/engines/nutrientEngine.ts">
        <metrics statements="60" coveredstatements="60" conditionals="48" coveredconditionals="42" methods="8" coveredmethods="8"/>
        <line num="12" count="9" type="cond" truecount="1" falsecount="1"/>
        <line num="14" count="9" type="stmt"/>
        <line num="32" count="6" type="stmt"/>
        <line num="34" count="6" type="stmt"/>
        <line num="35" count="6" type="stmt"/>
        <line num="36" count="6" type="stmt"/>
        <line num="37" count="6" type="stmt"/>
        <line num="38" count="6" type="stmt"/>
        <line num="39" count="6" type="stmt"/>
        <line num="40" count="6" type="stmt"/>
        <line num="41" count="6" type="stmt"/>
        <line num="62" count="202" type="stmt"/>
        <line num="78" count="51" type="cond" truecount="1" falsecount="1"/>
        <line num="79" count="51" type="stmt"/>
        <line num="80" count="51" type="cond" truecount="2" falsecount="0"/>
        <line num="81" count="51" type="cond" truecount="2" falsecount="0"/>
        <line num="82" count="51" type="cond" truecount="2" falsecount="0"/>
        <line num="83" count="51" type="cond" truecount="2" falsecount="0"/>
        <line num="84" count="51" type="cond" truecount="2" falsecount="0"/>
        <line num="85" count="51" type="cond" truecount="2" falsecount="0"/>
        <line num="86" count="51" type="stmt"/>
        <line num="109" count="33" type="stmt"/>
        <line num="115" count="33" type="stmt"/>
        <line num="116" count="53" type="cond" truecount="2" falsecount="0"/>
        <line num="118" count="10" type="stmt"/>
        <line num="119" count="10" type="stmt"/>
        <line num="121" count="10" type="cond" truecount="1" falsecount="1"/>
        <line num="122" count="10" type="cond" truecount="2" falsecount="0"/>
        <line num="123" count="10" type="cond" truecount="2" falsecount="0"/>
        <line num="124" count="10" type="cond" truecount="2" falsecount="0"/>
        <line num="125" count="10" type="cond" truecount="1" falsecount="1"/>
        <line num="126" count="10" type="cond" truecount="2" falsecount="0"/>
        <line num="130" count="43" type="stmt"/>
        <line num="131" count="43" type="cond" truecount="2" falsecount="0"/>
        <line num="132" count="41" type="cond" truecount="1" falsecount="1"/>
        <line num="133" count="43" type="stmt"/>
        <line num="134" count="43" type="stmt"/>
        <line num="136" count="43" type="cond" truecount="1" falsecount="1"/>
        <line num="137" count="43" type="cond" truecount="2" falsecount="0"/>
        <line num="138" count="43" type="cond" truecount="2" falsecount="0"/>
        <line num="139" count="43" type="cond" truecount="2" falsecount="0"/>
        <line num="143" count="33" type="cond" truecount="2" falsecount="0"/>
        <line num="144" count="33" type="stmt"/>
        <line num="163" count="10" type="stmt"/>
        <line num="169" count="10" type="stmt"/>
        <line num="170" count="19" type="stmt"/>
        <line num="171" count="19" type="stmt"/>
        <line num="172" count="19" type="stmt"/>
        <line num="173" count="19" type="stmt"/>
        <line num="174" count="19" type="stmt"/>
        <line num="175" count="19" type="stmt"/>
        <line num="176" count="19" type="stmt"/>
        <line num="177" count="19" type="stmt"/>
        <line num="178" count="19" type="stmt"/>
        <line num="179" count="19" type="stmt"/>
        <line num="180" count="19" type="stmt"/>
        <line num="182" count="19" type="stmt"/>
        <line num="183" count="28" type="cond" truecount="2" falsecount="0"/>
        <line num="187" count="10" type="cond" truecount="2" falsecount="0"/>
        <line num="188" count="10" type="stmt"/>
      </file>
      <file name="scoringEngine.ts" path="/Users/rgupt359/IdeaProjects/meal-balancer/src/engines/scoringEngine.ts">
        <metrics statements="21" coveredstatements="21" conditionals="20" coveredconditionals="19" methods="3" coveredmethods="3"/>
        <line num="8" count="3" type="stmt"/>
        <line num="57" count="3" type="stmt"/>
        <line num="113" count="39" type="cond" truecount="6" falsecount="0"/>
        <line num="114" count="39" type="cond" truecount="2" falsecount="0"/>
        <line num="115" count="4" type="stmt"/>
        <line num="118" count="35" type="stmt"/>
        <line num="119" count="35" type="stmt"/>
        <line num="121" count="35" type="stmt"/>
        <line num="122" count="210" type="cond" truecount="2" falsecount="0"/>
        <line num="124" count="210" type="cond" truecount="2" falsecount="0"/>
        <line num="126" count="210" type="cond" truecount="2" falsecount="0"/>
        <line num="127" count="60" type="stmt"/>
        <line num="128" count="60" type="stmt"/>
        <line num="132" count="35" type="stmt"/>
        <line num="134" count="35" type="stmt"/>
        <line num="135" count="35" type="cond" truecount="2" falsecount="0"/>
        <line num="136" count="8" type="cond" truecount="1" falsecount="1"/>
        <line num="137" count="8" type="cond" truecount="2" falsecount="0"/>
        <line num="139" count="35" type="stmt"/>
        <line num="160" count="23" type="stmt"/>
        <line num="181" count="16" type="stmt"/>
      </file>
    </package>
    <package name="hooks">
      <metrics statements="417" coveredstatements="393" conditionals="251" coveredconditionals="211" methods="111" coveredmethods="106"/>
      <file name="useDebounce.js" path="/Users/rgupt359/IdeaProjects/meal-balancer/src/hooks/useDebounce.js">
        <metrics statements="5" coveredstatements="5" conditionals="0" coveredconditionals="0" methods="4" coveredmethods="4"/>
        <line num="10" count="16" type="stmt"/>
        <line num="12" count="16" type="stmt"/>
        <line num="13" count="12" type="stmt"/>
        <line num="14" count="12" type="stmt"/>
        <line num="17" count="16" type="stmt"/>
      </file>
      <file name="useFocusTrap.js" path="/Users/rgupt359/IdeaProjects/meal-balancer/src/hooks/useFocusTrap.js">
        <metrics statements="31" coveredstatements="31" conditionals="20" coveredconditionals="15" methods="5" coveredmethods="5"/>
        <line num="9" count="13" type="stmt"/>
        <line num="10" count="13" type="stmt"/>
        <line num="12" count="13" type="stmt"/>
        <line num="13" count="13" type="cond" truecount="2" falsecount="0"/>
        <line num="16" count="6" type="stmt"/>
        <line num="18" count="6" type="stmt"/>
        <line num="19" count="6" type="cond" truecount="2" falsecount="0"/>
        <line num="23" count="4" type="stmt"/>
        <line num="25" count="4" type="stmt"/>
        <line num="26" count="4" type="stmt"/>
        <line num="27" count="4" type="cond" truecount="1" falsecount="1"/>
        <line num="31" count="4" type="stmt"/>
        <line num="34" count="3" type="cond" truecount="2" falsecount="0"/>
        <line num="36" count="2" type="stmt"/>
        <line num="37" count="2" type="cond" truecount="1" falsecount="1"/>
        <line num="39" count="2" type="stmt"/>
        <line num="40" count="2" type="stmt"/>
        <line num="42" count="2" type="cond" truecount="2" falsecount="0"/>
        <line num="43" count="1" type="cond" truecount="1" falsecount="1"/>
        <line num="44" count="1" type="stmt"/>
        <line num="45" count="1" type="stmt"/>
        <line num="48" count="1" type="cond" truecount="1" falsecount="1"/>
        <line num="49" count="1" type="stmt"/>
        <line num="50" count="1" type="stmt"/>
        <line num="55" count="4" type="stmt"/>
        <line num="57" count="4" type="stmt"/>
        <line num="58" count="4" type="stmt"/>
        <line num="59" count="4" type="stmt"/>
        <line num="61" count="4" type="cond" truecount="3" falsecount="1"/>
        <line num="62" count="4" type="stmt"/>
        <line num="67" count="13" type="stmt"/>
      </file>
      <file name="useHotkeys.js" path="/Users/rgupt359/IdeaProjects/meal-balancer/src/hooks/useHotkeys.js">
        <metrics statements="26" coveredstatements="23" conditionals="33" coveredconditionals="32" methods="5" coveredmethods="5"/>
        <line num="10" count="11" type="stmt"/>
        <line num="12" count="10" type="cond" truecount="2" falsecount="0"/>
        <line num="15" count="9" type="stmt"/>
        <line num="16" count="9" type="cond" truecount="4" falsecount="0"/>
        <line num="18" count="10" type="stmt"/>
        <line num="19" count="21" type="stmt"/>
        <line num="20" count="21" type="cond" truecount="2" falsecount="0"/>
        <line num="21" count="21" type="stmt"/>
        <line num="22" count="21" type="stmt"/>
        <line num="23" count="39" type="stmt"/>
        <line num="25" count="21" type="cond" truecount="4" falsecount="0"/>
        <line num="26" count="21" type="cond" truecount="2" falsecount="0"/>
        <line num="27" count="21" type="cond" truecount="2" falsecount="0"/>
        <line num="28" count="21" type="cond" truecount="2" falsecount="0"/>
        <line num="30" count="21" type="cond" truecount="6" falsecount="0"/>
        <line num="32" count="8" type="cond" truecount="6" falsecount="0"/>
        <line num="33" count="7" type="stmt"/>
        <line num="34" count="7" type="stmt"/>
        <line num="35" count="7" type="stmt"/>
        <line num="38" count="1" type="cond" truecount="1" falsecount="1"/>
        <line num="39" count="0" type="stmt"/>
        <line num="40" count="0" type="stmt"/>
        <line num="41" count="0" type="stmt"/>
        <line num="49" count="11" type="stmt"/>
        <line num="50" count="11" type="stmt"/>
        <line num="51" count="11" type="stmt"/>
      </file>
      <file name="useLocalStorage.js" path="/Users/rgupt359/IdeaProjects/meal-balancer/src/hooks/useLocalStorage.js">
        <metrics statements="10" coveredstatements="10" conditionals="2" coveredconditionals="2" methods="3" coveredmethods="3"/>
        <line num="9" count="21" type="stmt"/>
        <line num="10" count="12" type="stmt"/>
        <line num="11" count="12" type="stmt"/>
        <line num="12" count="12" type="cond" truecount="2" falsecount="0"/>
        <line num="14" count="1" type="stmt"/>
        <line num="18" count="21" type="stmt"/>
        <line num="19" count="21" type="stmt"/>
        <line num="20" count="21" type="stmt"/>
        <line num="22" count="2" type="stmt"/>
        <line num="26" count="21" type="stmt"/>
      </file>
      <file name="useMealHistory.js" path="/Users/rgupt359/IdeaProjects/meal-balancer/src/hooks/useMealHistory.js">
        <metrics statements="68" coveredstatements="68" conditionals="56" coveredconditionals="50" methods="22" coveredmethods="22"/>
        <line num="11" count="2" type="stmt"/>
        <line num="14" count="32" type="stmt"/>
        <line num="15" count="32" type="stmt"/>
        <line num="16" count="32" type="cond" truecount="2" falsecount="0"/>
        <line num="18" count="1" type="stmt"/>
        <line num="23" count="44" type="stmt"/>
        <line num="24" count="44" type="stmt"/>
        <line num="26" count="2" type="stmt"/>
        <line num="37" count="58" type="stmt"/>
        <line num="38" count="58" type="stmt"/>
        <line num="39" count="58" type="stmt"/>
        <line num="40" count="58" type="stmt"/>
        <line num="41" count="58" type="stmt"/>
        <line num="43" count="58" type="stmt"/>
        <line num="44" count="23" type="stmt"/>
        <line num="47" count="58" type="stmt"/>
        <line num="48" count="23" type="stmt"/>
        <line num="52" count="58" type="stmt"/>
        <line num="53" count="44" type="stmt"/>
        <line num="57" count="58" type="stmt"/>
        <line num="58" count="23" type="cond" truecount="4" falsecount="0"/>
        <line num="61" count="10" type="stmt"/>
        <line num="62" count="10" type="stmt"/>
        <line num="63" count="10" type="stmt"/>
        <line num="64" count="9" type="stmt"/>
        <line num="66" count="9" type="cond" truecount="1" falsecount="1"/>
        <line num="68" count="9" type="stmt"/>
        <line num="69" count="9" type="stmt"/>
        <line num="70" count="9" type="stmt"/>
        <line num="73" count="9" type="stmt"/>
        <line num="74" count="9" type="stmt"/>
        <line num="75" count="5" type="cond" truecount="2" falsecount="0"/>
        <line num="76" count="4" type="stmt"/>
        <line num="77" count="4" type="stmt"/>
        <line num="81" count="9" type="stmt"/>
        <line num="82" count="9" type="stmt"/>
        <line num="85" count="9" type="cond" truecount="2" falsecount="0"/>
        <line num="86" count="4" type="stmt"/>
        <line num="87" count="4" type="stmt"/>
        <line num="88" count="1" type="stmt"/>
        <line num="94" count="1" type="stmt"/>
        <line num="95" count="1" type="cond" truecount="1" falsecount="1"/>
        <line num="99" count="10" type="stmt"/>
        <line num="107" count="7" type="stmt"/>
        <line num="109" count="7" type="stmt"/>
        <line num="110" count="7" type="stmt"/>
        <line num="111" count="7" type="stmt"/>
        <line num="128" count="7" type="stmt"/>
        <line num="129" count="7" type="cond" truecount="4" falsecount="0"/>
        <line num="130" count="2" type="stmt"/>
        <line num="131" count="1" type="stmt"/>
        <line num="132" count="1" type="cond" truecount="1" falsecount="1"/>
        <line num="136" count="7" type="cond" truecount="2" falsecount="0"/>
        <line num="137" count="1" type="cond" truecount="1" falsecount="1"/>
        <line num="139" count="6" type="stmt"/>
        <line num="145" count="5" type="stmt"/>
        <line num="148" count="4" type="stmt"/>
        <line num="149" count="4" type="cond" truecount="4" falsecount="0"/>
        <line num="150" count="2" type="stmt"/>
        <line num="151" count="1" type="stmt"/>
        <line num="152" count="1" type="cond" truecount="1" falsecount="1"/>
        <line num="159" count="4" type="stmt"/>
        <line num="162" count="4" type="stmt"/>
        <line num="163" count="4" type="cond" truecount="4" falsecount="0"/>
        <line num="164" count="2" type="stmt"/>
        <line num="165" count="1" type="stmt"/>
        <line num="166" count="1" type="cond" truecount="1" falsecount="1"/>
        <line num="171" count="58" type="stmt"/>
      </file>
      <file name="usePresetPlanAdmin.js" path="/Users/rgupt359/IdeaProjects/meal-balancer/src/hooks/usePresetPlanAdmin.js">
        <metrics statements="159" coveredstatements="138" conditionals="86" coveredconditionals="67" methods="49" coveredmethods="44"/>
        <line num="12" count="76" type="stmt"/>
        <line num="13" count="76" type="stmt"/>
        <line num="14" count="76" type="stmt"/>
        <line num="15" count="76" type="stmt"/>
        <line num="16" count="76" type="stmt"/>
        <line num="17" count="76" type="stmt"/>
        <line num="18" count="76" type="stmt"/>
        <line num="19" count="76" type="stmt"/>
        <line num="22" count="76" type="stmt"/>
        <line num="23" count="76" type="stmt"/>
        <line num="24" count="76" type="stmt"/>
        <line num="27" count="76" type="stmt"/>
        <line num="28" count="28" type="stmt"/>
        <line num="30" count="28" type="stmt"/>
        <line num="31" count="28" type="stmt"/>
        <line num="32" count="26" type="cond" truecount="1" falsecount="1"/>
        <line num="33" count="26" type="stmt"/>
        <line num="34" count="26" type="cond" truecount="4" falsecount="0"/>
        <line num="35" count="22" type="stmt"/>
        <line num="39" count="1" type="stmt"/>
        <line num="40" count="1" type="cond" truecount="1" falsecount="1"/>
        <line num="42" count="27" type="cond" truecount="1" falsecount="1"/>
        <line num="45" count="28" type="stmt"/>
        <line num="46" count="28" type="stmt"/>
        <line num="49" count="76" type="cond" truecount="2" falsecount="0"/>
        <line num="52" count="76" type="stmt"/>
        <line num="55" count="76" type="stmt"/>
        <line num="56" count="63" type="cond" truecount="4" falsecount="0"/>
        <line num="59" count="6" type="cond" truecount="1" falsecount="1"/>
        <line num="60" count="0" type="stmt"/>
        <line num="63" count="6" type="stmt"/>
        <line num="64" count="0" type="stmt"/>
        <line num="65" count="0" type="stmt"/>
        <line num="66" count="0" type="stmt"/>
        <line num="67" count="0" type="cond" truecount="0" falsecount="2"/>
        <line num="68" count="0" type="stmt"/>
        <line num="69" count="0" type="stmt"/>
        <line num="71" count="0" type="stmt"/>
        <line num="72" count="0" type="stmt"/>
        <line num="74" count="0" type="stmt"/>
        <line num="78" count="6" type="stmt"/>
        <line num="79" count="6" type="cond" truecount="1" falsecount="1"/>
        <line num="80" count="6" type="stmt"/>
        <line num="86" count="76" type="stmt"/>
        <line num="87" count="34" type="stmt"/>
        <line num="88" count="0" type="cond" truecount="0" falsecount="2"/>
        <line num="89" count="0" type="stmt"/>
        <line num="90" count="0" type="stmt"/>
        <line num="93" count="34" type="stmt"/>
        <line num="94" count="34" type="stmt"/>
        <line num="98" count="76" type="stmt"/>
        <line num="99" count="63" type="cond" truecount="4" falsecount="0"/>
        <line num="100" count="22" type="stmt"/>
        <line num="105" count="76" type="stmt"/>
        <line num="106" count="32" type="cond" truecount="2" falsecount="0"/>
        <line num="107" count="3" type="stmt"/>
        <line num="108" count="0" type="stmt"/>
        <line num="109" count="0" type="stmt"/>
        <line num="111" count="0" type="stmt"/>
        <line num="112" count="0" type="stmt"/>
        <line num="114" count="0" type="stmt"/>
        <line num="116" count="3" type="stmt"/>
        <line num="117" count="3" type="cond" truecount="1" falsecount="1"/>
        <line num="123" count="76" type="stmt"/>
        <line num="124" count="3" type="cond" truecount="4" falsecount="0"/>
        <line num="125" count="1" type="stmt"/>
        <line num="126" count="1" type="stmt"/>
        <line num="128" count="2" type="stmt"/>
        <line num="129" count="2" type="stmt"/>
        <line num="130" count="2" type="stmt"/>
        <line num="131" count="2" type="stmt"/>
        <line num="132" count="14" type="stmt"/>
        <line num="134" count="2" type="stmt"/>
        <line num="141" count="1" type="stmt"/>
        <line num="142" count="1" type="stmt"/>
        <line num="143" count="1" type="stmt"/>
        <line num="145" count="1" type="stmt"/>
        <line num="147" count="2" type="stmt"/>
        <line num="152" count="76" type="stmt"/>
        <line num="154" count="2" type="cond" truecount="1" falsecount="1"/>
        <line num="155" count="0" type="stmt"/>
        <line num="157" count="2" type="stmt"/>
        <line num="158" count="2" type="stmt"/>
        <line num="159" count="2" type="stmt"/>
        <line num="160" count="2" type="cond" truecount="2" falsecount="0"/>
        <line num="161" count="1" type="stmt"/>
        <line num="162" count="1" type="stmt"/>
        <line num="163" count="1" type="stmt"/>
        <line num="165" count="1" type="stmt"/>
        <line num="167" count="2" type="stmt"/>
        <line num="172" count="76" type="stmt"/>
        <line num="173" count="5" type="stmt"/>
        <line num="174" count="3" type="cond" truecount="1" falsecount="1"/>
        <line num="177" count="6" type="stmt"/>
        <line num="178" count="3" type="cond" truecount="2" falsecount="0"/>
        <line num="179" count="2" type="stmt"/>
        <line num="180" count="1" type="cond" truecount="1" falsecount="1"/>
        <line num="184" count="3" type="cond" truecount="1" falsecount="1"/>
        <line num="185" count="0" type="stmt"/>
        <line num="189" count="3" type="stmt"/>
        <line num="193" count="1" type="stmt"/>
        <line num="194" count="1" type="stmt"/>
        <line num="195" count="1" type="stmt"/>
        <line num="196" count="1" type="cond" truecount="1" falsecount="1"/>
        <line num="202" count="76" type="stmt"/>
        <line num="203" count="3" type="stmt"/>
        <line num="204" count="2" type="cond" truecount="1" falsecount="1"/>
        <line num="205" count="2" type="stmt"/>
        <line num="206" count="2" type="stmt"/>
        <line num="207" count="2" type="stmt"/>
        <line num="208" count="2" type="stmt"/>
        <line num="209" count="4" type="cond" truecount="2" falsecount="0"/>
        <line num="210" count="2" type="cond" truecount="2" falsecount="0"/>
        <line num="212" count="0" type="stmt"/>
        <line num="214" count="2" type="stmt"/>
        <line num="219" count="76" type="stmt"/>
        <line num="220" count="3" type="cond" truecount="2" falsecount="0"/>
        <line num="221" count="2" type="stmt"/>
        <line num="222" count="4" type="cond" truecount="2" falsecount="0"/>
        <line num="224" count="2" type="stmt"/>
        <line num="228" count="76" type="stmt"/>
        <line num="229" count="3" type="cond" truecount="2" falsecount="0"/>
        <line num="230" count="2" type="stmt"/>
        <line num="240" count="3" type="stmt"/>
        <line num="241" count="2" type="stmt"/>
        <line num="242" count="4" type="cond" truecount="2" falsecount="0"/>
        <line num="243" count="2" type="stmt"/>
        <line num="244" count="2" type="cond" truecount="2" falsecount="0"/>
        <line num="245" count="4" type="stmt"/>
        <line num="248" count="3" type="stmt"/>
        <line num="249" count="3" type="stmt"/>
        <line num="253" count="76" type="stmt"/>
        <line num="254" count="2" type="cond" truecount="2" falsecount="0"/>
        <line num="255" count="1" type="stmt"/>
        <line num="256" count="1" type="stmt"/>
        <line num="257" count="2" type="cond" truecount="2" falsecount="0"/>
        <line num="258" count="1" type="stmt"/>
        <line num="259" count="1" type="cond" truecount="1" falsecount="1"/>
        <line num="260" count="1" type="cond" truecount="1" falsecount="1"/>
        <line num="262" count="2" type="stmt"/>
        <line num="265" count="1" type="stmt"/>
        <line num="269" count="76" type="stmt"/>
        <line num="270" count="2" type="cond" truecount="2" falsecount="0"/>
        <line num="271" count="1" type="stmt"/>
        <line num="272" count="1" type="stmt"/>
        <line num="273" count="2" type="cond" truecount="2" falsecount="0"/>
        <line num="274" count="1" type="stmt"/>
        <line num="275" count="1" type="cond" truecount="1" falsecount="1"/>
        <line num="276" count="2" type="stmt"/>
        <line num="279" count="1" type="stmt"/>
        <line num="283" count="76" type="stmt"/>
        <line num="284" count="2" type="stmt"/>
        <line num="285" count="2" type="stmt"/>
        <line num="286" count="2" type="stmt"/>
        <line num="287" count="1" type="stmt"/>
        <line num="288" count="1" type="stmt"/>
        <line num="290" count="1" type="stmt"/>
        <line num="292" count="2" type="stmt"/>
        <line num="296" count="76" type="stmt"/>
      </file>
      <file name="usePresetPlans.js" path="/Users/rgupt359/IdeaProjects/meal-balancer/src/hooks/usePresetPlans.js">
        <metrics statements="17" coveredstatements="17" conditionals="8" coveredconditionals="7" methods="4" coveredmethods="4"/>
        <line num="11" count="8" type="stmt"/>
        <line num="12" count="8" type="stmt"/>
        <line num="13" count="8" type="stmt"/>
        <line num="15" count="8" type="stmt"/>
        <line num="16" count="5" type="stmt"/>
        <line num="19" count="5" type="stmt"/>
        <line num="20" count="5" type="stmt"/>
        <line num="21" count="3" type="cond" truecount="2" falsecount="0"/>
        <line num="22" count="2" type="cond" truecount="2" falsecount="0"/>
        <line num="25" count="1" type="stmt"/>
        <line num="26" count="1" type="cond" truecount="1" falsecount="1"/>
        <line num="27" count="1" type="stmt"/>
        <line num="30" count="4" type="cond" truecount="2" falsecount="0"/>
        <line num="31" count="3" type="stmt"/>
        <line num="36" count="5" type="stmt"/>
        <line num="37" count="5" type="stmt"/>
        <line num="40" count="8" type="stmt"/>
      </file>
      <file name="useSyncedPlans.js" path="/Users/rgupt359/IdeaProjects/meal-balancer/src/hooks/useSyncedPlans.js">
        <metrics statements="101" coveredstatements="101" conditionals="46" coveredconditionals="38" methods="19" coveredmethods="19"/>
        <line num="5" count="2" type="stmt"/>
        <line num="11" count="26" type="stmt"/>
        <line num="12" count="26" type="stmt"/>
        <line num="13" count="26" type="cond" truecount="2" falsecount="0"/>
        <line num="15" count="1" type="stmt"/>
        <line num="16" count="1" type="stmt"/>
        <line num="24" count="34" type="stmt"/>
        <line num="25" count="34" type="stmt"/>
        <line num="27" count="2" type="stmt"/>
        <line num="38" count="7" type="stmt"/>
        <line num="40" count="7" type="stmt"/>
        <line num="41" count="7" type="stmt"/>
        <line num="44" count="7" type="stmt"/>
        <line num="45" count="6" type="stmt"/>
        <line num="54" count="7" type="stmt"/>
        <line num="55" count="1" type="cond" truecount="1" falsecount="1"/>
        <line num="56" count="1" type="stmt"/>
        <line num="57" count="1" type="stmt"/>
        <line num="61" count="7" type="stmt"/>
        <line num="75" count="56" type="stmt"/>
        <line num="76" count="56" type="stmt"/>
        <line num="77" count="56" type="stmt"/>
        <line num="78" count="56" type="stmt"/>
        <line num="79" count="56" type="stmt"/>
        <line num="80" count="56" type="stmt"/>
        <line num="81" count="56" type="stmt"/>
        <line num="83" count="56" type="stmt"/>
        <line num="84" count="19" type="stmt"/>
        <line num="88" count="56" type="stmt"/>
        <line num="89" count="34" type="stmt"/>
        <line num="93" count="56" type="stmt"/>
        <line num="94" count="34" type="stmt"/>
        <line num="98" count="56" type="stmt"/>
        <line num="99" count="19" type="cond" truecount="4" falsecount="0"/>
        <line num="100" count="9" type="cond" truecount="1" falsecount="1"/>
        <line num="103" count="9" type="stmt"/>
        <line num="104" count="9" type="stmt"/>
        <line num="105" count="9" type="stmt"/>
        <line num="107" count="9" type="stmt"/>
        <line num="108" count="9" type="stmt"/>
        <line num="109" count="7" type="stmt"/>
        <line num="110" count="7" type="stmt"/>
        <line num="113" count="7" type="cond" truecount="2" falsecount="0"/>
        <line num="114" count="1" type="stmt"/>
        <line num="117" count="7" type="cond" truecount="1" falsecount="1"/>
        <line num="118" count="7" type="stmt"/>
        <line num="119" count="7" type="stmt"/>
        <line num="122" count="2" type="stmt"/>
        <line num="123" count="2" type="cond" truecount="1" falsecount="1"/>
        <line num="124" count="2" type="stmt"/>
        <line num="125" count="2" type="stmt"/>
        <line num="128" count="9" type="stmt"/>
        <line num="132" count="9" type="stmt"/>
        <line num="136" count="56" type="stmt"/>
        <line num="137" count="56" type="stmt"/>
        <line num="138" count="19" type="stmt"/>
        <line num="142" count="56" type="stmt"/>
        <line num="143" count="56" type="stmt"/>
        <line num="144" count="56" type="stmt"/>
        <line num="145" count="19" type="stmt"/>
        <line num="146" count="19" type="stmt"/>
        <line num="153" count="2" type="cond" truecount="4" falsecount="0"/>
        <line num="154" count="1" type="stmt"/>
        <line num="155" count="1" type="stmt"/>
        <line num="156" count="1" type="stmt"/>
        <line num="157" count="1" type="stmt"/>
        <line num="165" count="9" type="stmt"/>
        <line num="166" count="9" type="cond" truecount="2" falsecount="0"/>
        <line num="167" count="9" type="stmt"/>
        <line num="170" count="9" type="cond" truecount="4" falsecount="0"/>
        <line num="171" count="5" type="stmt"/>
        <line num="174" count="9" type="stmt"/>
        <line num="178" count="56" type="stmt"/>
        <line num="190" count="6" type="stmt"/>
        <line num="191" count="6" type="cond" truecount="1" falsecount="1"/>
        <line num="192" count="6" type="stmt"/>
        <line num="193" count="6" type="stmt"/>
        <line num="196" count="6" type="stmt"/>
        <line num="197" count="6" type="stmt"/>
        <line num="200" count="6" type="stmt"/>
        <line num="201" count="6" type="stmt"/>
        <line num="202" count="4" type="stmt"/>
        <line num="203" count="4" type="cond" truecount="4" falsecount="0"/>
        <line num="204" count="2" type="stmt"/>
        <line num="209" count="6" type="stmt"/>
        <line num="210" count="6" type="stmt"/>
        <line num="211" count="5" type="cond" truecount="2" falsecount="0"/>
        <line num="212" count="2" type="stmt"/>
        <line num="217" count="6" type="stmt"/>
        <line num="218" count="6" type="cond" truecount="2" falsecount="0"/>
        <line num="219" count="2" type="stmt"/>
        <line num="221" count="6" type="stmt"/>
        <line num="222" count="2" type="stmt"/>
        <line num="225" count="6" type="cond" truecount="2" falsecount="0"/>
        <line num="226" count="4" type="stmt"/>
        <line num="229" count="4" type="cond" truecount="1" falsecount="1"/>
        <line num="230" count="4" type="stmt"/>
        <line num="233" count="2" type="stmt"/>
        <line num="234" count="2" type="cond" truecount="1" falsecount="1"/>
        <line num="235" count="2" type="stmt"/>
        <line num="236" count="2" type="stmt"/>
      </file>
    </package>
    <package name="lib">
      <metrics statements="5" coveredstatements="4" conditionals="4" coveredconditionals="3" methods="0" coveredmethods="0"/>
      <file name="supabaseClient.js" path="/Users/rgupt359/IdeaProjects/meal-balancer/src/lib/supabaseClient.js">
        <metrics statements="5" coveredstatements="4" conditionals="4" coveredconditionals="3" methods="0" coveredmethods="0"/>
        <line num="3" count="1" type="stmt"/>
        <line num="4" count="1" type="stmt"/>
        <line num="6" count="1" type="cond" truecount="3" falsecount="1"/>
        <line num="7" count="0" type="stmt"/>
        <line num="13" count="1" type="stmt"/>
      </file>
    </package>
    <package name="services">
      <metrics statements="186" coveredstatements="186" conditionals="142" coveredconditionals="142" methods="67" coveredmethods="66"/>
      <file name="authService.js" path="/Users/rgupt359/IdeaProjects/meal-balancer/src/services/authService.js">
        <metrics statements="41" coveredstatements="41" conditionals="22" coveredconditionals="22" methods="9" coveredmethods="9"/>
        <line num="10" count="5" type="stmt"/>
        <line num="12" count="5" type="cond" truecount="2" falsecount="0"/>
        <line num="13" count="3" type="stmt"/>
        <line num="16" count="2" type="stmt"/>
        <line num="26" count="5" type="stmt"/>
        <line num="28" count="5" type="cond" truecount="2" falsecount="0"/>
        <line num="29" count="3" type="stmt"/>
        <line num="32" count="2" type="stmt"/>
        <line num="39" count="3" type="stmt"/>
        <line num="41" count="3" type="cond" truecount="2" falsecount="0"/>
        <line num="42" count="2" type="stmt"/>
        <line num="51" count="2" type="stmt"/>
        <line num="53" count="2" type="cond" truecount="2" falsecount="0"/>
        <line num="54" count="1" type="stmt"/>
        <line num="57" count="1" type="stmt"/>
        <line num="65" count="2" type="stmt"/>
        <line num="67" count="2" type="cond" truecount="2" falsecount="0"/>
        <line num="68" count="1" type="stmt"/>
        <line num="71" count="1" type="stmt"/>
        <line num="80" count="11" type="stmt"/>
        <line num="86" count="11" type="cond" truecount="2" falsecount="0"/>
        <line num="87" count="7" type="cond" truecount="2" falsecount="0"/>
        <line num="89" count="6" type="stmt"/>
        <line num="91" count="1" type="stmt"/>
        <line num="94" count="4" type="stmt"/>
        <line num="104" count="2" type="stmt"/>
        <line num="111" count="2" type="cond" truecount="2" falsecount="0"/>
        <line num="112" count="1" type="stmt"/>
        <line num="115" count="1" type="stmt"/>
        <line num="127" count="5" type="stmt"/>
        <line num="129" count="5" type="cond" truecount="2" falsecount="0"/>
        <line num="130" count="2" type="stmt"/>
        <line num="133" count="3" type="stmt"/>
        <line num="139" count="3" type="cond" truecount="2" falsecount="0"/>
        <line num="140" count="1" type="stmt"/>
        <line num="143" count="3" type="stmt"/>
        <line num="149" count="3" type="cond" truecount="2" falsecount="0"/>
        <line num="150" count="1" type="stmt"/>
        <line num="153" count="2" type="stmt"/>
        <line num="162" count="1" type="stmt"/>
        <line num="163" count="1" type="stmt"/>
      </file>
      <file name="dailyHealthService.js" path="/Users/rgupt359/IdeaProjects/meal-balancer/src/services/dailyHealthService.js">
        <metrics statements="27" coveredstatements="27" conditionals="19" coveredconditionals="19" methods="8" coveredmethods="8"/>
        <line num="16" count="4" type="stmt"/>
        <line num="17" count="4" type="stmt"/>
        <line num="24" count="4" type="cond" truecount="2" falsecount="0"/>
        <line num="25" count="3" type="cond" truecount="2" falsecount="0"/>
        <line num="36" count="3" type="stmt"/>
        <line num="37" count="3" type="stmt"/>
        <line num="44" count="3" type="cond" truecount="2" falsecount="0"/>
        <line num="45" count="2" type="cond" truecount="2" falsecount="0"/>
        <line num="46" count="1" type="stmt"/>
        <line num="48" count="1" type="stmt"/>
        <line num="61" count="5" type="stmt"/>
        <line num="62" count="5" type="stmt"/>
        <line num="68" count="5" type="stmt"/>
        <line num="74" count="5" type="cond" truecount="2" falsecount="0"/>
        <line num="75" count="4" type="stmt"/>
        <line num="85" count="10" type="stmt"/>
        <line num="86" count="10" type="cond" truecount="2" falsecount="0"/>
        <line num="87" count="8" type="stmt"/>
        <line num="88" count="15" type="cond" truecount="2" falsecount="0"/>
        <line num="89" count="11" type="stmt"/>
        <line num="92" count="8" type="stmt"/>
        <line num="101" count="11" type="stmt"/>
        <line num="102" count="11" type="cond" truecount="2" falsecount="0"/>
        <line num="103" count="9" type="stmt"/>
        <line num="104" count="16" type="cond" truecount="2" falsecount="0"/>
        <line num="105" count="12" type="stmt"/>
        <line num="108" count="9" type="stmt"/>
      </file>
      <file name="databaseService.js" path="/Users/rgupt359/IdeaProjects/meal-balancer/src/services/databaseService.js">
        <metrics statements="38" coveredstatements="38" conditionals="22" coveredconditionals="22" methods="18" coveredmethods="18"/>
        <line num="7" count="6" type="stmt"/>
        <line num="8" count="5" type="stmt"/>
        <line num="13" count="5" type="cond" truecount="2" falsecount="0"/>
        <line num="14" count="3" type="stmt"/>
        <line num="19" count="11" type="stmt"/>
        <line num="23" count="11" type="cond" truecount="2" falsecount="0"/>
        <line num="24" count="10" type="stmt"/>
        <line num="28" count="8" type="stmt"/>
        <line num="29" count="8" type="stmt"/>
        <line num="30" count="8" type="stmt"/>
        <line num="31" count="8" type="stmt"/>
        <line num="33" count="8" type="cond" truecount="2" falsecount="0"/>
        <line num="34" count="4" type="stmt"/>
        <line num="39" count="4" type="cond" truecount="2" falsecount="0"/>
        <line num="42" count="7" type="cond" truecount="2" falsecount="0"/>
        <line num="43" count="4" type="stmt"/>
        <line num="44" count="3" type="stmt"/>
        <line num="47" count="3" type="cond" truecount="2" falsecount="0"/>
        <line num="54" count="3" type="stmt"/>
        <line num="55" count="3" type="stmt"/>
        <line num="59" count="3" type="cond" truecount="2" falsecount="0"/>
        <line num="60" count="2" type="stmt"/>
        <line num="65" count="4" type="stmt"/>
        <line num="66" count="4" type="stmt"/>
        <line num="71" count="4" type="cond" truecount="2" falsecount="0"/>
        <line num="72" count="3" type="stmt"/>
        <line num="77" count="2" type="stmt"/>
        <line num="78" count="2" type="stmt"/>
        <line num="82" count="2" type="cond" truecount="2" falsecount="0"/>
        <line num="83" count="1" type="stmt"/>
        <line num="88" count="2" type="stmt"/>
        <line num="89" count="2" type="stmt"/>
        <line num="93" count="2" type="cond" truecount="2" falsecount="0"/>
        <line num="94" count="1" type="stmt"/>
        <line num="99" count="2" type="stmt"/>
        <line num="100" count="2" type="stmt"/>
        <line num="115" count="2" type="cond" truecount="2" falsecount="0"/>
        <line num="116" count="1" type="stmt"/>
      </file>
      <file name="foodSearchService.js" path="/Users/rgupt359/IdeaProjects/meal-balancer/src/services/foodSearchService.js">
        <metrics statements="29" coveredstatements="29" conditionals="19" coveredconditionals="19" methods="7" coveredmethods="6"/>
        <line num="12" count="11" type="stmt"/>
        <line num="22" count="9" type="cond" truecount="4" falsecount="0"/>
        <line num="24" count="5" type="stmt"/>
        <line num="25" count="5" type="stmt"/>
        <line num="27" count="5" type="stmt"/>
        <line num="28" count="5" type="stmt"/>
        <line num="34" count="5" type="cond" truecount="2" falsecount="0"/>
        <line num="35" count="2" type="stmt"/>
        <line num="36" count="2" type="stmt"/>
        <line num="39" count="3" type="cond" truecount="2" falsecount="0"/>
        <line num="50" count="9" type="stmt"/>
        <line num="52" count="9" type="stmt"/>
        <line num="53" count="9" type="stmt"/>
        <line num="65" count="9" type="cond" truecount="2" falsecount="0"/>
        <line num="66" count="1" type="stmt"/>
        <line num="67" count="1" type="stmt"/>
        <line num="70" count="8" type="cond" truecount="4" falsecount="0"/>
        <line num="72" count="6" type="stmt"/>
        <line num="75" count="6" type="stmt"/>
        <line num="76" count="6" type="stmt"/>
        <line num="77" count="21" type="stmt"/>
        <line num="78" count="21" type="cond" truecount="2" falsecount="0"/>
        <line num="79" count="20" type="stmt"/>
        <line num="88" count="6" type="stmt"/>
        <line num="98" count="6" type="stmt"/>
        <line num="106" count="42" type="stmt"/>
        <line num="107" count="94" type="cond" truecount="2" falsecount="0"/>
        <line num="108" count="20" type="stmt"/>
        <line num="111" count="22" type="stmt"/>
      </file>
      <file name="mealHistoryService.js" path="/Users/rgupt359/IdeaProjects/meal-balancer/src/services/mealHistoryService.js">
        <metrics statements="16" coveredstatements="16" conditionals="10" coveredconditionals="10" methods="9" coveredmethods="9"/>
        <line num="14" count="4" type="stmt"/>
        <line num="15" count="4" type="stmt"/>
        <line num="21" count="4" type="cond" truecount="2" falsecount="0"/>
        <line num="22" count="3" type="cond" truecount="2" falsecount="0"/>
        <line num="33" count="4" type="stmt"/>
        <line num="34" count="4" type="stmt"/>
        <line num="51" count="4" type="stmt"/>
        <line num="57" count="4" type="cond" truecount="2" falsecount="0"/>
        <line num="58" count="3" type="stmt"/>
        <line num="68" count="2" type="stmt"/>
        <line num="69" count="2" type="stmt"/>
        <line num="75" count="2" type="cond" truecount="2" falsecount="0"/>
        <line num="84" count="2" type="stmt"/>
        <line num="85" count="2" type="stmt"/>
        <line num="90" count="2" type="cond" truecount="2" falsecount="0"/>
        <line num="100" count="3" type="stmt"/>
      </file>
      <file name="planSyncService.js" path="/Users/rgupt359/IdeaProjects/meal-balancer/src/services/planSyncService.js">
        <metrics statements="18" coveredstatements="18" conditionals="18" coveredconditionals="18" methods="9" coveredmethods="9"/>
        <line num="15" count="4" type="stmt"/>
        <line num="16" count="4" type="stmt"/>
        <line num="22" count="4" type="cond" truecount="2" falsecount="0"/>
        <line num="23" count="3" type="cond" truecount="2" falsecount="0"/>
        <line num="34" count="5" type="stmt"/>
        <line num="35" count="5" type="stmt"/>
        <line num="43" count="5" type="stmt"/>
        <line num="49" count="5" type="cond" truecount="2" falsecount="0"/>
        <line num="50" count="3" type="stmt"/>
        <line num="61" count="4" type="cond" truecount="2" falsecount="0"/>
        <line num="63" count="3" type="stmt"/>
        <line num="64" count="4" type="stmt"/>
        <line num="72" count="3" type="stmt"/>
        <line num="77" count="3" type="cond" truecount="2" falsecount="0"/>
        <line num="78" count="2" type="cond" truecount="2" falsecount="0"/>
        <line num="88" count="3" type="stmt"/>
        <line num="89" count="3" type="stmt"/>
        <line num="95" count="3" type="cond" truecount="2" falsecount="0"/>
      </file>
      <file name="presetPlanService.js" path="/Users/rgupt359/IdeaProjects/meal-balancer/src/services/presetPlanService.js">
        <metrics statements="17" coveredstatements="17" conditionals="32" coveredconditionals="32" methods="7" coveredmethods="7"/>
        <line num="14" count="12" type="stmt"/>
        <line num="15" count="11" type="stmt"/>
        <line num="21" count="11" type="cond" truecount="2" falsecount="0"/>
        <line num="22" count="11" type="cond" truecount="2" falsecount="0"/>
        <line num="39" count="5" type="stmt"/>
        <line num="44" count="5" type="cond" truecount="2" falsecount="0"/>
        <line num="45" count="4" type="cond" truecount="2" falsecount="0"/>
        <line num="63" count="7" type="stmt"/>
        <line num="71" count="7" type="cond" truecount="2" falsecount="0"/>
        <line num="72" count="1" type="stmt"/>
        <line num="75" count="7" type="stmt"/>
        <line num="81" count="7" type="cond" truecount="2" falsecount="0"/>
        <line num="84" count="6" type="stmt"/>
        <line num="86" count="6" type="stmt"/>
        <line num="103" count="3" type="stmt"/>
        <line num="108" count="3" type="cond" truecount="2" falsecount="0"/>
        <line num="111" count="2" type="stmt"/>
      </file>
    </package>
    <package name="stores">
      <metrics statements="12" coveredstatements="12" conditionals="2" coveredconditionals="2" methods="12" coveredmethods="12"/>
      <file name="planStore.js" path="/Users/rgupt359/IdeaProjects/meal-balancer/src/stores/planStore.js">
        <metrics statements="12" coveredstatements="12" conditionals="2" coveredconditionals="2" methods="12" coveredmethods="12"/>
        <line num="8" count="1" type="stmt"/>
        <line num="29" count="1" type="stmt"/>
        <line num="30" count="1" type="stmt"/>
        <line num="31" count="1" type="stmt"/>
        <line num="32" count="2" type="cond" truecount="2" falsecount="0"/>
        <line num="33" count="1" type="stmt"/>
        <line num="34" count="1" type="stmt"/>
        <line num="35" count="1" type="stmt"/>
        <line num="36" count="1" type="stmt"/>
        <line num="37" count="1" type="stmt"/>
        <line num="38" count="1" type="stmt"/>
        <line num="41" count="1" type="stmt"/>
      </file>
    </package>
    <package name="utils">
      <metrics statements="416" coveredstatements="406" conditionals="203" coveredconditionals="185" methods="35" coveredmethods="34"/>
      <file name="generatePlanPdf.js" path="/Users/rgupt359/IdeaProjects/meal-balancer/src/utils/generatePlanPdf.js">
        <metrics statements="331" coveredstatements="321" conditionals="145" coveredconditionals="128" methods="21" coveredmethods="20"/>
        <line num="15" count="10" type="stmt"/>
        <line num="16" count="50" type="stmt"/>
        <line num="17" count="50" type="cond" truecount="8" falsecount="0"/>
        <line num="19" count="10" type="cond" truecount="2" falsecount="0"/>
        <line num="20" count="10" type="cond" truecount="1" falsecount="1"/>
        <line num="21" count="10" type="cond" truecount="1" falsecount="1"/>
        <line num="22" count="10" type="cond" truecount="1" falsecount="1"/>
[...]
        <line num="139" count="29" type="stmt"/>
        <line num="140" count="29" type="cond" truecount="2" falsecount="0"/>
        <line num="141" count="29" type="stmt"/>
        <line num="142" count="29" type="stmt"/>
        <line num="143" count="29" type="cond" truecount="2" falsecount="0"/>
        <line num="146" count="29" type="cond" truecount="2" falsecount="0"/>
        <line num="147" count="29" type="stmt"/>
        <line num="148" count="29" type="stmt"/>
        <line num="149" count="29" type="cond" truecount="2" falsecount="0"/>
        <line num="152" count="29" type="stmt"/>
        <line num="160" count="11" type="stmt"/>
        <line num="163" count="11" type="stmt"/>
        <line num="164" count="11" type="stmt"/>
        <line num="165" count="11" type="stmt"/>
        <line num="166" count="11" type="stmt"/>
        <line num="169" count="11" type="stmt"/>
        <line num="170" count="11" type="stmt"/>
        <line num="171" count="11" type="stmt"/>
        <line num="172" count="11" type="stmt"/>
        <line num="173" count="11" type="stmt"/>
        <line num="175" count="11" type="stmt"/>
        <line num="182" count="36" type="stmt"/>
        <line num="185" count="36" type="stmt"/>
        <line num="186" count="36" type="stmt"/>
        <line num="187" count="36" type="stmt"/>
        <line num="188" count="36" type="stmt"/>
        <line num="191" count="36" type="stmt"/>
        <line num="192" count="36" type="stmt"/>
        <line num="193" count="36" type="stmt"/>
        <line num="194" count="36" type="stmt"/>
        <line num="197" count="36" type="stmt"/>
        <line num="199" count="36" type="stmt"/>
        <line num="206" count="2" type="stmt"/>
        <line num="207" count="2" type="stmt"/>
        <line num="210" count="2" type="stmt"/>
        <line num="211" count="2" type="stmt"/>
        <line num="212" count="2" type="stmt"/>
        <line num="213" count="2" type="stmt"/>
        <line num="214" count="2" type="stmt"/>
        <line num="215" count="2" type="stmt"/>
        <line num="216" count="2" type="stmt"/>
        <line num="219" count="2" type="stmt"/>
        <line num="220" count="2" type="stmt"/>
        <line num="221" count="2" type="stmt"/>
        <line num="222" count="2" type="stmt"/>
        <line num="223" count="2" type="stmt"/>
        <line num="224" count="2" type="stmt"/>
        <line num="225" count="2" type="stmt"/>
        <line num="228" count="2" type="stmt"/>
        <line num="229" count="2" type="stmt"/>
        <line num="230" count="2" type="stmt"/>
        <line num="232" count="2" type="stmt"/>
        <line num="235" count="2" type="cond" truecount="1" falsecount="1"/>
        <line num="236" count="2" type="cond" truecount="1" falsecount="1"/>
        <line num="237" count="2" type="stmt"/>
        <line num="240" count="2" type="cond" truecount="2" falsecount="0"/>
        <line num="241" count="2" type="cond" truecount="1" falsecount="1"/>
        <line num="242" count="2" type="stmt"/>
        <line num="245" count="2" type="cond" truecount="2" falsecount="0"/>
        <line num="246" count="2" type="cond" truecount="2" falsecount="0"/>
        <line num="247" count="2" type="stmt"/>
        <line num="250" count="2" type="cond" truecount="2" falsecount="0"/>
        <line num="251" count="2" type="cond" truecount="2" falsecount="0"/>
        <line num="252" count="1" type="stmt"/>
        <line num="255" count="2" type="stmt"/>
        <line num="256" count="2" type="stmt"/>
        <line num="257" count="2" type="stmt"/>
        <line num="264" count="18" type="stmt"/>
        <line num="265" count="18" type="stmt"/>
        <line num="268" count="18" type="stmt"/>
        <line num="269" count="18" type="stmt"/>
        <line num="270" count="18" type="stmt"/>
        <line num="271" count="18" type="stmt"/>
        <line num="272" count="18" type="stmt"/>
        <line num="273" count="18" type="stmt"/>
        <line num="274" count="18" type="stmt"/>
        <line num="277" count="18" type="stmt"/>
        <line num="278" count="18" type="stmt"/>
        <line num="279" count="18" type="stmt"/>
        <line num="280" count="18" type="stmt"/>
        <line num="281" count="18" type="stmt"/>
        <line num="282" count="18" type="stmt"/>
        <line num="283" count="18" type="stmt"/>
        <line num="285" count="18" type="stmt"/>
        <line num="286" count="18" type="stmt"/>
        <line num="287" count="18" type="stmt"/>
        <line num="289" count="18" type="stmt"/>
        <line num="292" count="18" type="cond" truecount="2" falsecount="0"/>
        <line num="293" count="18" type="cond" truecount="2" falsecount="0"/>
        <line num="294" count="18" type="stmt"/>
        <line num="297" count="18" type="cond" truecount="2" falsecount="0"/>
        <line num="298" count="18" type="cond" truecount="2" falsecount="0"/>
        <line num="300" count="18" type="stmt"/>
        <line num="302" count="18" type="stmt"/>
        <line num="303" count="18" type="stmt"/>
        <line num="310" count="87" type="stmt"/>
        <line num="311" count="87" type="stmt"/>
        <line num="312" count="87" type="stmt"/>
        <line num="313" count="87" type="stmt"/>
        <line num="314" count="87" type="stmt"/>
        <line num="315" count="87" type="stmt"/>
        <line num="316" count="87" type="stmt"/>
        <line num="325" count="63" type="cond" truecount="4" falsecount="0"/>
        <line num="326" count="8" type="stmt"/>
        <line num="339" count="18" type="stmt"/>
        <line num="340" count="18" type="stmt"/>
        <line num="341" count="18" type="stmt"/>
        <line num="345" count="18" type="stmt"/>
        <line num="348" count="18" type="stmt"/>
        <line num="349" count="18" type="stmt"/>
        <line num="350" count="18" type="stmt"/>
        <line num="351" count="18" type="stmt"/>
        <line num="357" count="18" type="stmt"/>
        <line num="358" count="18" type="stmt"/>
        <line num="359" count="18" type="stmt"/>
        <line num="360" count="18" type="stmt"/>
        <line num="362" count="18" type="stmt"/>
        <line num="364" count="18" type="stmt"/>
        <line num="367" count="18" type="cond" truecount="4" falsecount="0"/>
        <line num="368" count="2" type="stmt"/>
        <line num="371" count="18" type="stmt"/>
        <line num="374" count="18" type="stmt"/>
        <line num="376" count="18" type="stmt"/>
        <line num="379" count="18" type="cond" truecount="2" falsecount="0"/>
        <line num="381" count="1" type="stmt"/>
        <line num="382" count="1" type="stmt"/>
        <line num="383" count="1" type="stmt"/>
        <line num="384" count="1" type="stmt"/>
        <line num="385" count="1" type="stmt"/>
        <line num="386" count="1" type="stmt"/>
        <line num="387" count="1" type="stmt"/>
        <line num="388" count="1" type="stmt"/>
        <line num="391" count="1" type="stmt"/>
        <line num="392" count="1" type="stmt"/>
        <line num="393" count="1" type="stmt"/>
        <line num="394" count="1" type="stmt"/>
        <line num="395" count="1" type="stmt"/>
        <line num="396" count="1" type="cond" truecount="1" falsecount="1"/>
        <line num="397" count="0" type="stmt"/>
        <line num="398" count="0" type="stmt"/>
        <line num="400" count="1" type="stmt"/>
        <line num="401" count="1" type="stmt"/>
        <line num="403" count="1" type="stmt"/>
        <line num="404" count="1" type="stmt"/>
        <line num="407" count="18" type="stmt"/>
        <line num="410" count="18" type="cond" truecount="2" falsecount="0"/>
        <line num="412" count="6" type="stmt"/>
        <line num="415" count="6" type="cond" truecount="1" falsecount="1"/>
        <line num="416" count="0" type="stmt"/>
        <line num="417" count="0" type="stmt"/>
        <line num="421" count="6" type="stmt"/>
        <line num="422" count="6" type="stmt"/>
        <line num="423" count="6" type="stmt"/>
        <line num="424" count="6" type="stmt"/>
        <line num="425" count="6" type="stmt"/>
        <line num="426" count="6" type="stmt"/>
        <line num="427" count="6" type="stmt"/>
        <line num="428" count="6" type="stmt"/>
        <line num="431" count="6" type="stmt"/>
        <line num="432" count="6" type="stmt"/>
        <line num="433" count="6" type="stmt"/>
        <line num="434" count="6" type="stmt"/>
        <line num="435" count="6" type="stmt"/>
        <line num="436" count="6" type="stmt"/>
        <line num="437" count="6" type="stmt"/>
        <line num="440" count="6" type="stmt"/>
        <line num="449" count="6" type="stmt"/>
        <line num="450" count="6" type="stmt"/>
        <line num="451" count="36" type="stmt"/>
        <line num="453" count="36" type="stmt"/>
        <line num="454" count="36" type="stmt"/>
        <line num="455" count="36" type="stmt"/>
        <line num="456" count="36" type="stmt"/>
        <line num="458" count="36" type="stmt"/>
        <line num="459" count="36" type="stmt"/>
        <line num="460" count="36" type="stmt"/>
        <line num="461" count="36" type="stmt"/>
        <line num="463" count="6" type="stmt"/>
        <line num="465" count="6" type="stmt"/>
        <line num="470" count="18" type="cond" truecount="2" falsecount="0"/>
        <line num="471" count="6" type="stmt"/>
        <line num="472" count="42" type="stmt"/>
        <line num="473" count="42" type="stmt"/>
        <line num="474" count="42" type="cond" truecount="8" falsecount="0"/>
        <line num="476" count="42" type="cond" truecount="2" falsecount="0"/>
        <line num="479" count="6" type="stmt"/>
        <line num="480" count="6" type="stmt"/>
        <line num="483" count="6" type="stmt"/>
        <line num="484" count="6" type="stmt"/>
        <line num="485" count="6" type="stmt"/>
        <line num="486" count="6" type="stmt"/>
        <line num="487" count="6" type="stmt"/>
        <line num="488" count="6" type="stmt"/>
        <line num="489" count="6" type="stmt"/>
        <line num="490" count="6" type="stmt"/>
        <line num="493" count="6" type="stmt"/>
        <line num="494" count="18" type="cond" truecount="1" falsecount="1"/>
        <line num="495" count="10" type="cond" truecount="2" falsecount="0"/>
        <line num="497" count="18" type="cond" truecount="2" falsecount="0"/>
        <line num="500" count="8" type="cond" truecount="2" falsecount="0"/>
        <line num="501" count="2" type="stmt"/>
        <line num="502" count="2" type="stmt"/>
        <line num="506" count="8" type="stmt"/>
        <line num="507" count="8" type="stmt"/>
        <line num="508" count="8" type="stmt"/>
        <line num="509" count="8" type="stmt"/>
        <line num="510" count="8" type="stmt"/>
        <line num="513" count="8" type="stmt"/>
        <line num="514" count="8" type="stmt"/>
        <line num="516" count="8" type="stmt"/>
        <line num="517" count="8" type="stmt"/>
        <line num="518" count="8" type="stmt"/>
        <line num="519" count="8" type="stmt"/>
        <line num="520" count="8" type="stmt"/>
        <line num="521" count="8" type="stmt"/>
        <line num="524" count="8" type="stmt"/>
        <line num="526" count="8" type="stmt"/>
        <line num="563" count="8" type="stmt"/>
        <line num="567" count="6" type="cond" truecount="1" falsecount="1"/>
        <line num="568" count="6" type="cond" truecount="1" falsecount="1"/>
        <line num="569" count="0" type="stmt"/>
        <line num="570" count="0" type="stmt"/>
        <line num="572" count="6" type="stmt"/>
        <line num="573" count="6" type="stmt"/>
        <line num="574" count="6" type="stmt"/>
        <line num="575" count="6" type="stmt"/>
        <line num="576" count="6" type="stmt"/>
        <line num="577" count="6" type="stmt"/>
        <line num="579" count="6" type="stmt"/>
        <line num="580" count="6" type="stmt"/>
        <line num="581" count="6" type="stmt"/>
        <line num="582" count="6" type="stmt"/>
        <line num="583" count="6" type="stmt"/>
        <line num="584" count="6" type="stmt"/>
        <line num="585" count="6" type="stmt"/>
        <line num="591" count="12" type="stmt"/>
        <line num="592" count="36" type="cond" truecount="2" falsecount="0"/>
        <line num="593" count="36" type="cond" truecount="2" falsecount="0"/>
        <line num="595" count="7" type="cond" truecount="2" falsecount="0"/>
        <line num="596" count="2" type="stmt"/>
        <line num="597" count="2" type="stmt"/>
        <line num="600" count="7" type="stmt"/>
        <line num="601" count="7" type="stmt"/>
        <line num="602" count="7" type="stmt"/>
        <line num="603" count="7" type="stmt"/>
        <line num="604" count="7" type="stmt"/>
        <line num="605" count="7" type="stmt"/>
        <line num="606" count="7" type="stmt"/>
        <line num="607" count="7" type="stmt"/>
        <line num="609" count="8" type="stmt"/>
        <line num="611" count="7" type="stmt"/>
        <line num="612" count="36" type="cond" truecount="2" falsecount="0"/>
        <line num="613" count="3" type="stmt"/>
        <line num="625" count="7" type="stmt"/>
        <line num="661" count="0" type="cond" truecount="0" falsecount="4"/>
        <line num="662" count="0" type="stmt"/>
        <line num="663" count="0" type="stmt"/>
        <line num="664" count="0" type="stmt"/>
        <line num="670" count="7" type="stmt"/>
        <line num="675" count="18" type="stmt"/>
        <line num="676" count="18" type="cond" truecount="4" falsecount="0"/>
        <line num="677" count="3" type="cond" truecount="2" falsecount="0"/>
        <line num="678" count="1" type="stmt"/>
        <line num="679" count="1" type="stmt"/>
        <line num="683" count="3" type="stmt"/>
        <line num="684" count="3" type="stmt"/>
        <line num="685" count="3" type="stmt"/>
        <line num="686" count="3" type="stmt"/>
        <line num="687" count="3" type="stmt"/>
        <line num="688" count="3" type="stmt"/>
        <line num="689" count="3" type="stmt"/>
        <line num="690" count="3" type="stmt"/>
        <line num="692" count="3" type="stmt"/>
        <line num="725" count="18" type="stmt"/>
        <line num="726" count="18" type="stmt"/>
        <line num="727" count="36" type="stmt"/>
        <line num="728" count="36" type="stmt"/>
        <line num="732" count="18" type="cond" truecount="2" falsecount="0"/>
        <line num="733" count="18" type="stmt"/>
      </file>
      <file name="queryCache.js" path="/Users/rgupt359/IdeaProjects/meal-balancer/src/utils/queryCache.js">
        <metrics statements="47" coveredstatements="47" conditionals="26" coveredconditionals="25" methods="10" coveredmethods="10"/>
        <line num="6" count="8" type="stmt"/>
        <line num="7" count="8" type="stmt"/>
        <line num="9" count="8" type="stmt"/>
        <line num="10" count="8" type="stmt"/>
        <line num="11" count="8" type="stmt"/>
        <line num="17" count="279" type="cond" truecount="2" falsecount="0"/>
        <line num="19" count="3" type="stmt"/>
        <line num="21" count="3" type="stmt"/>
        <line num="22" count="303" type="cond" truecount="2" falsecount="0"/>
        <line num="23" count="50" type="stmt"/>
        <line num="27" count="3" type="cond" truecount="2" falsecount="0"/>
        <line num="28" count="200" type="stmt"/>
        <line num="29" count="2" type="stmt"/>
        <line num="30" count="2" type="stmt"/>
        <line num="31" count="2" type="stmt"/>
        <line num="44" count="299" type="stmt"/>
        <line num="45" count="299" type="stmt"/>
        <line num="47" count="299" type="cond" truecount="4" falsecount="0"/>
        <line num="48" count="9" type="stmt"/>
        <line num="52" count="290" type="cond" truecount="2" falsecount="0"/>
        <line num="53" count="1" type="stmt"/>
        <line num="56" count="289" type="stmt"/>
        <line num="57" count="279" type="stmt"/>
        <line num="58" count="279" type="stmt"/>
        <line num="59" count="279" type="stmt"/>
        <line num="60" count="279" type="stmt"/>
        <line num="62" count="10" type="stmt"/>
        <line num="63" count="10" type="stmt"/>
        <line num="66" count="289" type="stmt"/>
        <line num="67" count="289" type="stmt"/>
        <line num="80" count="20" type="stmt"/>
        <line num="81" count="20" type="stmt"/>
        <line num="84" count="20" type="cond" truecount="4" falsecount="0"/>
        <line num="85" count="2" type="stmt"/>
        <line num="89" count="18" type="cond" truecount="4" falsecount="0"/>
        <line num="91" count="5" type="cond" truecount="2" falsecount="0"/>
        <line num="92" count="4" type="stmt"/>
        <line num="93" count="2" type="stmt"/>
        <line num="94" count="2" type="stmt"/>
        <line num="95" count="2" type="stmt"/>
        <line num="97" count="1" type="stmt"/>
        <line num="98" count="1" type="cond" truecount="1" falsecount="1"/>
        <line num="100" count="4" type="stmt"/>
        <line num="102" count="5" type="stmt"/>
        <line num="106" count="13" type="stmt"/>
        <line num="114" count="12" type="stmt"/>
        <line num="121" count="96" type="stmt"/>
      </file>
      <file name="schemas.js" path="/Users/rgupt359/IdeaProjects/meal-balancer/src/utils/schemas.js">
        <metrics statements="15" coveredstatements="15" conditionals="3" coveredconditionals="3" methods="1" coveredmethods="1"/>
        <line num="7" count="7" type="stmt"/>
        <line num="14" count="7" type="stmt"/>
        <line num="17" count="7" type="stmt"/>
        <line num="29" count="7" type="stmt"/>
        <line num="32" count="7" type="stmt"/>
        <line num="42" count="7" type="stmt"/>
        <line num="45" count="7" type="stmt"/>
        <line num="55" count="7" type="stmt"/>
        <line num="58" count="7" type="stmt"/>
        <line num="75" count="7" type="stmt"/>
        <line num="87" count="19" type="stmt"/>
        <line num="88" count="19" type="cond" truecount="2" falsecount="0"/>
        <line num="89" count="2" type="stmt"/>
        <line num="93" count="2" type="stmt"/>
        <line num="95" count="17" type="stmt"/>
      </file>
      <file name="withRetry.js" path="/Users/rgupt359/IdeaProjects/meal-balancer/src/utils/withRetry.js">
        <metrics statements="23" coveredstatements="23" conditionals="29" coveredconditionals="29" methods="3" coveredmethods="3"/>
        <line num="7" count="6" type="stmt"/>
        <line num="8" count="6" type="stmt"/>
        <line num="18" count="25" type="cond" truecount="2" falsecount="0"/>
        <line num="22" count="25" type="cond" truecount="2" falsecount="0"/>
        <line num="23" count="14" type="stmt"/>
        <line num="27" count="11" type="cond" truecount="5" falsecount="0"/>
        <line num="28" count="6" type="stmt"/>
        <line num="32" count="5" type="cond" truecount="6" falsecount="0"/>
        <line num="33" count="1" type="stmt"/>
        <line num="37" count="4" type="cond" truecount="4" falsecount="0"/>
        <line num="38" count="1" type="stmt"/>
        <line num="41" count="3" type="stmt"/>
        <line num="58" count="51" type="stmt"/>
        <line num="62" count="51" type="stmt"/>
        <line num="63" count="59" type="stmt"/>
        <line num="64" count="59" type="stmt"/>
        <line num="66" count="26" type="stmt"/>
        <line num="69" count="26" type="cond" truecount="4" falsecount="0"/>
        <line num="70" count="18" type="stmt"/>
        <line num="73" count="8" type="stmt"/>
        <line num="74" count="8" type="stmt"/>
        <line num="79" count="26" type="stmt"/>
        <line num="83" count="8" type="stmt"/>
      </file>
    </package>
  </project>
</coverage>
