<?xml version="1.0" encoding="UTF-8"?>
<coverage generated="1787075612555" clover="3.2.0">
  <project timestamp="1787075612555" name="All files">
    <metrics statements="2253" coveredstatements="2037" conditionals="1787" coveredconditionals="1416" methods="559" coveredmethods="469" elements="4599" coveredelements="3922" complexity="0" loc="2253" ncloc="2253" packages="13" files="54" classes="54"/>
    <package name="components">
      <metrics statements="252" coveredstatements="185" conditionals="228" coveredconditionals="127" methods="53" coveredmethods="41"/>
      <file name="AuthPage.jsx" path="/Users/rgupt359/IdeaProjects/meal-balancer/src/components/AuthPage.jsx">
        <metrics statements="84" coveredstatements="68" conditionals="56" coveredconditionals="44" methods="22" coveredmethods="19"/>
        <line num="8" count="18" type="stmt"/>
        <line num="9" count="18" type="stmt"/>
        <line num="12" count="18" type="stmt"/>
        <line num="13" count="18" type="stmt"/>
        <line num="14" count="10" type="stmt"/>
        <line num="17" count="18" type="stmt"/>
        <line num="18" count="12" type="stmt"/>
        <line num="19" count="12" type="stmt"/>
        <line num="24" count="18" type="stmt"/>
        <line num="25" count="10" type="cond" truecount="1" falsecount="1"/>
        <line num="26" count="0" type="stmt"/>
        <line num="27" count="0" type="cond" truecount="0" falsecount="2"/>
        <line num="28" count="0" type="stmt"/>
        <line num="33" count="18" type="stmt"/>
        <line num="45" count="2" type="stmt"/>
        <line num="100" count="5" type="stmt"/>
        <line num="107" count="1" type="stmt"/>
        <line num="119" count="1" type="stmt"/>
        <line num="120" count="1" type="stmt"/>
        <line num="123" count="21" type="stmt"/>
        <line num="124" count="21" type="stmt"/>
        <line num="125" count="21" type="stmt"/>
        <line num="126" count="21" type="stmt"/>
        <line num="127" count="21" type="stmt"/>
        <line num="128" count="21" type="stmt"/>
        <line num="129" count="21" type="stmt"/>
        <line num="130" count="21" type="stmt"/>
        <line num="133" count="21" type="stmt"/>
        <line num="134" count="11" type="cond" truecount="1" falsecount="1"/>
        <line num="135" count="0" type="stmt"/>
        <line num="136" count="0" type="stmt"/>
        <line num="137" count="0" type="cond" truecount="0" falsecount="2"/>
        <line num="138" count="0" type="stmt"/>
        <line num="139" count="0" type="stmt"/>
        <line num="140" count="0" type="stmt"/>
        <line num="142" count="0" type="stmt"/>
        <line num="145" count="0" type="stmt"/>
        <line num="146" count="0" type="stmt"/>
        <line num="147" count="0" type="stmt"/>
        <line num="150" count="21" type="stmt"/>
        <line num="153" count="2" type="stmt"/>
        <line num="154" count="2" type="cond" truecount="1" falsecount="1"/>
        <line num="155" count="2" type="stmt"/>
        <line num="156" count="2" type="stmt"/>
        <line num="158" count="2" type="stmt"/>
        <line num="159" count="2" type="stmt"/>
        <line num="160" count="1" type="stmt"/>
        <line num="162" count="1" type="stmt"/>
        <line num="163" count="1" type="stmt"/>
        <line num="164" count="1" type="cond" truecount="1" falsecount="1"/>
        <line num="165" count="0" type="stmt"/>
        <line num="166" count="0" type="stmt"/>
        <line num="168" count="1" type="cond" truecount="1" falsecount="1"/>
        <line num="171" count="2" type="stmt"/>
        <line num="175" count="21" type="stmt"/>
        <line num="188" count="2" type="stmt"/>
        <line num="201" count="2" type="stmt"/>
        <line num="227" count="21" type="stmt"/>
        <line num="228" count="21" type="stmt"/>
        <line num="229" count="21" type="stmt"/>
        <line num="230" count="21" type="stmt"/>
        <line num="231" count="21" type="stmt"/>
        <line num="232" count="21" type="stmt"/>
        <line num="233" count="21" type="stmt"/>
        <line num="234" count="21" type="stmt"/>
        <line num="235" count="21" type="stmt"/>
        <line num="238" count="3" type="stmt"/>
        <line num="239" count="3" type="stmt"/>
        <line num="240" count="3" type="stmt"/>
        <line num="241" count="3" type="stmt"/>
        <line num="243" count="3" type="stmt"/>
        <line num="244" count="3" type="stmt"/>
        <line num="247" count="2" type="cond" truecount="4" falsecount="0"/>
        <line num="248" count="1" type="stmt"/>
        <line num="251" count="1" type="cond" truecount="1" falsecount="1"/>
        <line num="253" count="3" type="stmt"/>
        <line num="257" count="21" type="cond" truecount="2" falsecount="0"/>
        <line num="258" count="1" type="stmt"/>
        <line num="271" count="20" type="stmt"/>
        <line num="284" count="3" type="stmt"/>
        <line num="297" count="1" type="stmt"/>
        <line num="307" count="3" type="stmt"/>
        <line num="320" count="0" type="stmt"/>
        <line num="331" count="3" type="stmt"/>
      </file>
      <file name="FoodSearchPage.css" path="/Users/rgupt359/IdeaProjects/meal-balancer/src/components/FoodSearchPage.css">
        <metrics statements="0" coveredstatements="0" conditionals="0" coveredconditionals="0" methods="0" coveredmethods="0"/>
      </file>
      <file name="FoodSearchPage.jsx" path="/Users/rgupt359/IdeaProjects/meal-balancer/src/components/FoodSearchPage.jsx">
        <metrics statements="168" coveredstatements="117" conditionals="172" coveredconditionals="83" methods="31" coveredmethods="22"/>
        <line num="11" count="1" type="stmt"/>
        <line num="13" count="1" type="stmt"/>
        <line num="14" count="12" type="cond" truecount="1" falsecount="1"/>
        <line num="15" count="12" type="cond" truecount="3" falsecount="1"/>
        <line num="16" count="12" type="stmt"/>
        <line num="17" count="12" type="stmt"/>
        <line num="18" count="12" type="stmt"/>
        <line num="19" count="12" type="stmt"/>
        <line num="22" count="20" type="cond" truecount="2" falsecount="0"/>
        <line num="35" count="34" type="stmt"/>
        <line num="36" count="34" type="stmt"/>
        <line num="37" count="34" type="stmt"/>
        <line num="38" count="34" type="stmt"/>
        <line num="39" count="34" type="stmt"/>
        <line num="40" count="34" type="stmt"/>
        <line num="41" count="34" type="stmt"/>
        <line num="42" count="34" type="stmt"/>
        <line num="43" count="34" type="stmt"/>
        <line num="44" count="34" type="stmt"/>
        <line num="45" count="34" type="stmt"/>
        <line num="46" count="34" type="stmt"/>
        <line num="48" count="34" type="stmt"/>
        <line num="49" count="34" type="stmt"/>
        <line num="50" count="34" type="stmt"/>
        <line num="53" count="34" type="stmt"/>
        <line num="54" count="16" type="stmt"/>
        <line num="56" count="16" type="cond" truecount="2" falsecount="0"/>
        <line num="58" count="10" type="stmt"/>
        <line num="59" count="10" type="cond" truecount="1" falsecount="1"/>
        <line num="60" count="10" type="stmt"/>
        <line num="61" count="10" type="stmt"/>
        <line num="62" count="10" type="stmt"/>
        <line num="63" count="10" type="stmt"/>
        <line num="64" count="10" type="stmt"/>
        <line num="66" count="10" type="stmt"/>
        <line num="67" count="10" type="stmt"/>
        <line num="72" count="6" type="stmt"/>
        <line num="73" count="6" type="stmt"/>
        <line num="74" count="6" type="stmt"/>
        <line num="76" count="6" type="stmt"/>
        <line num="82" count="6" type="cond" truecount="2" falsecount="0"/>
        <line num="83" count="1" type="cond" truecount="1" falsecount="1"/>
        <line num="84" count="1" type="cond" truecount="1" falsecount="1"/>
        <line num="85" count="1" type="stmt"/>
        <line num="89" count="1" type="stmt"/>
        <line num="90" count="1" type="stmt"/>
        <line num="91" count="1" type="stmt"/>
        <line num="92" count="1" type="stmt"/>
        <line num="94" count="1" type="stmt"/>
        <line num="97" count="5" type="cond" truecount="5" falsecount="0"/>
        <line num="99" count="1" type="stmt"/>
        <line num="100" count="1" type="stmt"/>
        <line num="105" count="1" type="cond" truecount="1" falsecount="1"/>
        <line num="106" count="0" type="cond" truecount="0" falsecount="2"/>
        <line num="107" count="0" type="cond" truecount="0" falsecount="2"/>
        <line num="108" count="0" type="stmt"/>
        <line num="111" count="0" type="stmt"/>
        <line num="112" count="0" type="stmt"/>
        <line num="113" count="0" type="stmt"/>
        <line num="114" count="0" type="stmt"/>
        <line num="116" count="0" type="stmt"/>
        <line num="119" count="1" type="cond" truecount="1" falsecount="1"/>
        <line num="120" count="1" type="stmt"/>
        <line num="121" count="1" type="stmt"/>
        <line num="123" count="2" type="cond" truecount="1" falsecount="1"/>
        <line num="127" count="1" type="stmt"/>
        <line num="128" count="1" type="stmt"/>
        <line num="132" count="4" type="stmt"/>
        <line num="138" count="4" type="cond" truecount="2" falsecount="0"/>
        <line num="139" count="1" type="cond" truecount="1" falsecount="1"/>
        <line num="140" count="1" type="cond" truecount="1" falsecount="1"/>
        <line num="141" count="1" type="stmt"/>
        <line num="144" count="1" type="stmt"/>
        <line num="145" count="1" type="stmt"/>
        <line num="146" count="1" type="stmt"/>
        <line num="147" count="1" type="stmt"/>
        <line num="148" count="1" type="stmt"/>
        <line num="150" count="1" type="stmt"/>
        <line num="153" count="3" type="cond" truecount="1" falsecount="1"/>
        <line num="154" count="3" type="stmt"/>
        <line num="155" count="3" type="stmt"/>
        <line num="156" count="3" type="cond" truecount="1" falsecount="1"/>
        <line num="157" count="3" type="cond" truecount="1" falsecount="1"/>
        <line num="158" count="3" type="stmt"/>
        <line num="162" count="0" type="cond" truecount="0" falsecount="2"/>
        <line num="163" count="0" type="cond" truecount="0" falsecount="2"/>
        <line num="164" count="0" type="stmt"/>
        <line num="165" count="0" type="stmt"/>
        <line num="166" count="0" type="stmt"/>
        <line num="167" count="0" type="stmt"/>
        <line num="170" count="6" type="cond" truecount="1" falsecount="1"/>
        <line num="174" count="6" type="stmt"/>
        <line num="175" count="6" type="stmt"/>
        <line num="176" count="6" type="stmt"/>
        <line num="181" count="34" type="stmt"/>
        <line num="182" count="11" type="stmt"/>
        <line num="184" count="11" type="cond" truecount="2" falsecount="0"/>
        <line num="185" count="10" type="stmt"/>
        <line num="186" count="10" type="cond" truecount="1" falsecount="1"/>
        <line num="187" count="10" type="stmt"/>
        <line num="189" count="10" type="stmt"/>
        <line num="190" count="10" type="stmt"/>
        <line num="195" count="1" type="stmt"/>
        <line num="196" count="1" type="stmt"/>
        <line num="197" count="1" type="stmt"/>
        <line num="200" count="1" type="cond" truecount="1" falsecount="1"/>
        <line num="201" count="0" type="cond" truecount="0" falsecount="2"/>
        <line num="202" count="0" type="cond" truecount="0" falsecount="2"/>
        <line num="203" count="0" type="stmt"/>
        <line num="205" count="1" type="cond" truecount="2" falsecount="2"/>
        <line num="207" count="0" type="cond" truecount="0" falsecount="2"/>
        <line num="208" count="0" type="cond" truecount="0" falsecount="2"/>
        <line num="210" count="1" type="cond" truecount="1" falsecount="1"/>
        <line num="214" count="1" type="stmt"/>
        <line num="215" count="1" type="stmt"/>
        <line num="216" count="1" type="stmt"/>
        <line num="221" count="34" type="stmt"/>
        <line num="222" count="21" type="stmt"/>
        <line num="223" count="21" type="stmt"/>
        <line num="224" count="3" type="cond" truecount="1" falsecount="1"/>
        <line num="225" count="3" type="cond" truecount="2" falsecount="0"/>
        <line num="226" count="3" type="stmt"/>
        <line num="228" count="21" type="stmt"/>
        <line num="232" count="34" type="stmt"/>
        <line num="234" count="0" type="cond" truecount="0" falsecount="2"/>
        <line num="236" count="0" type="cond" truecount="0" falsecount="2"/>
        <line num="237" count="0" type="stmt"/>
        <line num="238" count="0" type="cond" truecount="0" falsecount="2"/>
        <line num="239" count="0" type="cond" truecount="0" falsecount="2"/>
        <line num="240" count="0" type="stmt"/>
        <line num="241" count="0" type="cond" truecount="0" falsecount="2"/>
        <line num="242" count="0" type="cond" truecount="0" falsecount="5"/>
        <line num="243" count="0" type="stmt"/>
        <line num="244" count="0" type="stmt"/>
        <line num="251" count="34" type="stmt"/>
        <line num="252" count="0" type="cond" truecount="0" falsecount="4"/>
        <line num="253" count="0" type="stmt"/>
        <line num="254" count="0" type="stmt"/>
        <line num="255" count="0" type="stmt"/>
        <line num="260" count="0" type="cond" truecount="0" falsecount="2"/>
        <line num="261" count="0" type="cond" truecount="0" falsecount="2"/>
        <line num="262" count="0" type="stmt"/>
        <line num="264" count="0" type="cond" truecount="0" falsecount="2"/>
        <line num="265" count="0" type="stmt"/>
        <line num="266" count="0" type="stmt"/>
        <line num="268" count="0" type="cond" truecount="0" falsecount="2"/>
        <line num="270" count="0" type="stmt"/>
        <line num="275" count="34" type="stmt"/>
        <line num="276" count="10" type="cond" truecount="1" falsecount="1"/>
        <line num="277" count="0" type="stmt"/>
        <line num="278" count="0" type="cond" truecount="0" falsecount="2"/>
        <line num="282" count="34" type="stmt"/>
        <line num="295" count="6" type="stmt"/>
        <line num="311" count="0" type="stmt"/>
        <line num="312" count="0" type="stmt"/>
        <line num="313" count="0" type="stmt"/>
        <line num="369" count="0" type="stmt"/>
        <line num="398" count="10" type="stmt"/>
        <line num="403" count="1" type="stmt"/>
        <line num="405" count="0" type="cond" truecount="0" falsecount="4"/>
        <line num="406" count="0" type="stmt"/>
        <line num="407" count="0" type="stmt"/>
        <line num="497" count="1" type="stmt"/>
        <line num="512" count="1" type="stmt"/>
        <line num="513" count="1" type="stmt"/>
        <line num="515" count="1" type="stmt"/>
        <line num="520" count="0" type="stmt"/>
        <line num="550" count="3" type="stmt"/>
      </file>
    </package>
    <package name="components.auth">
      <metrics statements="14" coveredstatements="4" conditionals="8" coveredconditionals="2" methods="3" coveredmethods="2"/>
      <file name="GoogleSignInButton.css" path="/Users/rgupt359/IdeaProjects/meal-balancer/src/components/auth/GoogleSignInButton.css">
        <metrics statements="0" coveredstatements="0" conditionals="0" coveredconditionals="0" methods="0" coveredmethods="0"/>
      </file>
      <file name="GoogleSignInButton.jsx" path="/Users/rgupt359/IdeaProjects/meal-balancer/src/components/auth/GoogleSignInButton.jsx">
        <metrics statements="14" coveredstatements="4" conditionals="8" coveredconditionals="2" methods="3" coveredmethods="2"/>
        <line num="15" count="18" type="stmt"/>
        <line num="16" count="18" type="stmt"/>
        <line num="19" count="0" type="cond" truecount="0" falsecount="2"/>
        <line num="20" count="0" type="stmt"/>
        <line num="21" count="0" type="stmt"/>
        <line num="22" count="0" type="stmt"/>
        <line num="23" count="0" type="stmt"/>
        <line num="24" count="0" type="cond" truecount="0" falsecount="2"/>
        <line num="25" count="0" type="stmt"/>
        <line num="26" count="0" type="stmt"/>
        <line num="31" count="0" type="stmt"/>
        <line num="32" count="0" type="stmt"/>
        <line num="36" count="18" type="stmt"/>
        <line num="62" count="18" type="stmt"/>
      </file>
    </package>
    <package name="components.dashboard">
      <metrics statements="234" coveredstatements="186" conditionals="287" coveredconditionals="204" methods="109" coveredmethods="66"/>
      <file name="FoodAutocomplete.jsx" path="/Users/rgupt359/IdeaProjects/meal-balancer/src/components/dashboard/FoodAutocomplete.jsx">
        <metrics statements="71" coveredstatements="61" conditionals="44" coveredconditionals="33" methods="20" coveredmethods="14"/>
        <line num="11" count="92" type="cond" truecount="2" falsecount="0"/>
        <line num="12" count="92" type="stmt"/>
        <line num="13" count="92" type="stmt"/>
        <line num="14" count="92" type="stmt"/>
        <line num="15" count="92" type="stmt"/>
        <line num="16" count="92" type="stmt"/>
        <line num="17" count="92" type="stmt"/>
        <line num="18" count="92" type="stmt"/>
        <line num="19" count="92" type="stmt"/>
        <line num="23" count="92" type="stmt"/>
        <line num="25" count="0" type="stmt"/>
        <line num="26" count="0" type="stmt"/>
        <line num="30" count="92" type="stmt"/>
        <line num="31" count="92" type="stmt"/>
        <line num="32" count="22" type="cond" truecount="2" falsecount="0"/>
        <line num="33" count="2" type="stmt"/>
        <line num="34" count="2" type="cond" truecount="1" falsecount="1"/>
        <line num="39" count="92" type="stmt"/>
        <line num="40" count="40" type="cond" truecount="2" falsecount="0"/>
        <line num="41" count="21" type="stmt"/>
        <line num="42" count="21" type="stmt"/>
        <line num="43" count="21" type="stmt"/>
        <line num="46" count="19" type="stmt"/>
        <line num="47" count="19" type="stmt"/>
        <line num="49" count="19" type="stmt"/>
        <line num="51" count="19" type="cond" truecount="2" falsecount="0"/>
        <line num="52" count="18" type="stmt"/>
        <line num="53" count="18" type="stmt"/>
        <line num="54" count="18" type="stmt"/>
        <line num="55" count="18" type="stmt"/>
        <line num="59" count="0" type="cond" truecount="0" falsecount="2"/>
        <line num="60" count="0" type="stmt"/>
        <line num="61" count="0" type="stmt"/>
        <line num="62" count="0" type="stmt"/>
        <line num="66" count="19" type="stmt"/>
        <line num="67" count="19" type="stmt"/>
        <line num="72" count="92" type="stmt"/>
        <line num="74" count="0" type="cond" truecount="0" falsecount="4"/>
        <line num="75" count="0" type="stmt"/>
        <line num="78" count="20" type="stmt"/>
        <line num="79" count="20" type="stmt"/>
        <line num="83" count="15" type="stmt"/>
        <line num="84" count="15" type="stmt"/>
        <line num="85" count="15" type="stmt"/>
        <line num="86" count="15" type="cond" truecount="2" falsecount="0"/>
        <line num="87" count="2" type="stmt"/>
        <line num="92" count="3" type="stmt"/>
        <line num="93" count="3" type="stmt"/>
        <line num="94" count="3" type="stmt"/>
        <line num="95" count="3" type="stmt"/>
        <line num="99" count="10" type="cond" truecount="1" falsecount="1"/>
        <line num="101" count="10" type="cond" truecount="2" falsecount="0"/>
        <line num="102" count="5" type="stmt"/>
        <line num="103" count="5" type="stmt"/>
        <line num="104" count="5" type="cond" truecount="2" falsecount="0"/>
        <line num="105" count="2" type="stmt"/>
        <line num="106" count="2" type="stmt"/>
        <line num="107" count="3" type="cond" truecount="4" falsecount="0"/>
        <line num="108" count="1" type="stmt"/>
        <line num="109" count="1" type="stmt"/>
        <line num="110" count="2" type="cond" truecount="1" falsecount="1"/>
        <line num="111" count="2" type="stmt"/>
        <line num="115" count="92" type="stmt"/>
        <line num="116" count="92" type="stmt"/>
        <line num="118" count="92" type="stmt"/>
        <line num="127" count="0" type="cond" truecount="0" falsecount="2"/>
        <line num="158" count="45" type="stmt"/>
        <line num="159" count="45" type="stmt"/>
        <line num="160" count="45" type="stmt"/>
        <line num="167" count="2" type="stmt"/>
        <line num="168" count="0" type="stmt"/>
      </file>
      <file name="IngredientAddForm.jsx" path="/Users/rgupt359/IdeaProjects/meal-balancer/src/components/dashboard/IngredientAddForm.jsx">
        <metrics statements="45" coveredstatements="40" conditionals="55" coveredconditionals="46" methods="29" coveredmethods="20"/>
        <line num="28" count="43" type="stmt"/>
        <line num="29" count="43" type="stmt"/>
        <line num="30" count="43" type="stmt"/>
        <line num="32" count="43" type="stmt"/>
        <line num="34" count="43" type="stmt"/>
        <line num="41" count="43" type="stmt"/>
        <line num="49" count="43" type="stmt"/>
        <line num="50" count="3" type="cond" truecount="5" falsecount="1"/>
        <line num="51" count="3" type="stmt"/>
        <line num="60" count="3" type="stmt"/>
        <line num="63" count="43" type="stmt"/>
        <line num="64" count="3" type="stmt"/>
        <line num="65" count="3" type="cond" truecount="5" falsecount="1"/>
        <line num="66" count="3" type="stmt"/>
        <line num="79" count="3" type="stmt"/>
        <line num="88" count="43" type="stmt"/>
        <line num="89" count="0" type="stmt"/>
        <line num="92" count="43" type="stmt"/>
        <line num="93" count="5" type="cond" truecount="1" falsecount="1"/>
        <line num="94" count="5" type="stmt"/>
        <line num="95" count="5" type="stmt"/>
        <line num="96" count="5" type="stmt"/>
        <line num="97" count="5" type="stmt"/>
        <line num="98" count="5" type="stmt"/>
        <line num="99" count="5" type="stmt"/>
        <line num="109" count="43" type="cond" truecount="4" falsecount="0"/>
        <line num="112" count="43" type="cond" truecount="4" falsecount="0"/>
        <line num="117" count="43" type="stmt"/>
        <line num="127" count="1" type="stmt"/>
        <line num="135" count="1" type="stmt"/>
        <line num="145" count="11" type="stmt"/>
        <line num="158" count="0" type="stmt"/>
        <line num="178" count="0" type="stmt"/>
        <line num="186" count="4" type="stmt"/>
        <line num="202" count="4" type="stmt"/>
        <line num="210" count="0" type="stmt"/>
        <line num="217" count="4" type="stmt"/>
        <line num="232" count="4" type="stmt"/>
        <line num="233" count="4" type="cond" truecount="3" falsecount="1"/>
        <line num="234" count="4" type="stmt"/>
        <line num="255" count="0" type="stmt"/>
        <line num="262" count="3" type="stmt"/>
        <line num="277" count="3" type="stmt"/>
        <line num="278" count="3" type="cond" truecount="3" falsecount="1"/>
        <line num="279" count="3" type="stmt"/>
      </file>
      <file name="MealBuilder.jsx" path="/Users/rgupt359/IdeaProjects/meal-balancer/src/components/dashboard/MealBuilder.jsx">
        <metrics statements="91" coveredstatements="59" conditionals="138" coveredconditionals="86" methods="52" coveredmethods="25"/>
        <line num="27" count="43" type="stmt"/>
        <line num="28" count="43" type="stmt"/>
        <line num="29" count="43" type="stmt"/>
        <line num="38" count="43" type="stmt"/>
        <line num="45" count="43" type="stmt"/>
        <line num="46" count="4" type="stmt"/>
        <line num="50" count="43" type="stmt"/>
        <line num="51" count="1" type="cond" truecount="3" falsecount="1"/>
        <line num="52" count="1" type="stmt"/>
        <line num="55" count="43" type="stmt"/>
        <line num="75" count="294" type="cond" truecount="2" falsecount="2"/>
        <line num="76" count="81" type="cond" truecount="1" falsecount="1"/>
        <line num="78" count="294" type="cond" truecount="2" falsecount="0"/>
        <line num="80" count="294" type="cond" truecount="2" falsecount="0"/>
        <line num="81" count="294" type="cond" truecount="2" falsecount="0"/>
        <line num="83" count="294" type="stmt"/>
        <line num="90" count="2" type="stmt"/>
        <line num="96" count="3" type="cond" truecount="4" falsecount="0"/>
        <line num="97" count="2" type="stmt"/>
        <line num="98" count="2" type="stmt"/>
        <line num="118" count="1" type="stmt"/>
        <line num="148" count="77" type="cond" truecount="1" falsecount="1"/>
        <line num="150" count="77" type="cond" truecount="1" falsecount="1"/>
        <line num="153" count="77" type="cond" truecount="1" falsecount="1"/>
        <line num="155" count="0" type="stmt"/>
        <line num="158" count="77" type="stmt"/>
        <line num="160" count="77" type="stmt"/>
        <line num="161" count="3" type="stmt"/>
        <line num="163" count="3" type="cond" truecount="1" falsecount="1"/>
        <line num="171" count="3" type="stmt"/>
        <line num="180" count="3" type="stmt"/>
        <line num="183" count="77" type="stmt"/>
        <line num="184" count="3" type="cond" truecount="1" falsecount="1"/>
        <line num="185" count="0" type="stmt"/>
        <line num="186" count="0" type="stmt"/>
        <line num="188" count="3" type="stmt"/>
        <line num="189" count="3" type="cond" truecount="1" falsecount="1"/>
        <line num="191" count="0" type="stmt"/>
        <line num="192" count="0" type="stmt"/>
        <line num="193" count="0" type="stmt"/>
        <line num="196" count="0" type="cond" truecount="0" falsecount="2"/>
        <line num="199" count="3" type="stmt"/>
        <line num="200" count="3" type="stmt"/>
        <line num="201" count="3" type="stmt"/>
        <line num="202" count="3" type="stmt"/>
        <line num="203" count="3" type="stmt"/>
        <line num="204" count="3" type="stmt"/>
        <line num="206" count="3" type="stmt"/>
        <line num="207" count="3" type="stmt"/>
        <line num="208" count="3" type="stmt"/>
        <line num="211" count="77" type="stmt"/>
        <line num="212" count="0" type="stmt"/>
        <line num="213" count="0" type="stmt"/>
        <line num="216" count="77" type="stmt"/>
        <line num="217" count="1" type="stmt"/>
        <line num="220" count="1" type="cond" truecount="1" falsecount="1"/>
        <line num="225" count="77" type="stmt"/>
        <line num="226" count="0" type="stmt"/>
        <line num="227" count="0" type="stmt"/>
        <line num="229" count="0" type="stmt"/>
        <line num="231" count="0" type="cond" truecount="0" falsecount="2"/>
        <line num="232" count="0" type="stmt"/>
        <line num="233" count="0" type="stmt"/>
        <line num="237" count="0" type="stmt"/>
        <line num="245" count="0" type="stmt"/>
        <line num="265" count="77" type="stmt"/>
        <line num="266" count="0" type="stmt"/>
        <line num="269" count="0" type="cond" truecount="0" falsecount="2"/>
        <line num="276" count="77" type="stmt"/>
        <line num="277" count="0" type="cond" truecount="0" falsecount="5"/>
        <line num="278" count="0" type="stmt"/>
        <line num="279" count="0" type="stmt"/>
        <line num="291" count="0" type="stmt"/>
        <line num="292" count="0" type="stmt"/>
        <line num="295" count="77" type="stmt"/>
        <line num="302" count="1" type="stmt"/>
        <line num="315" count="1" type="stmt"/>
        <line num="328" count="6" type="stmt"/>
        <line num="333" count="0" type="stmt"/>
        <line num="336" count="0" type="cond" truecount="0" falsecount="4"/>
        <line num="340" count="0" type="stmt"/>
        <line num="348" count="1" type="stmt"/>
        <line num="356" count="0" type="stmt"/>
        <line num="367" count="0" type="cond" truecount="0" falsecount="2"/>
        <line num="368" count="0" type="stmt"/>
        <line num="376" count="0" type="stmt"/>
        <line num="394" count="0" type="stmt"/>
        <line num="425" count="6" type="cond" truecount="1" falsecount="1"/>
        <line num="452" count="1" type="stmt"/>
        <line num="455" count="1" type="stmt"/>
        <line num="491" count="40" type="stmt"/>
      </file>
      <file name="NutrientLimits.jsx" path="/Users/rgupt359/IdeaProjects/meal-balancer/src/components/dashboard/NutrientLimits.jsx">
        <metrics statements="27" coveredstatements="26" conditionals="50" coveredconditionals="39" methods="8" coveredmethods="7"/>
        <line num="4" count="1" type="stmt"/>
        <line num="13" count="1" type="stmt"/>
        <line num="22" count="55" type="cond" truecount="2" falsecount="0"/>
        <line num="23" count="40" type="cond" truecount="1" falsecount="1"/>
        <line num="30" count="17" type="stmt"/>
        <line num="33" count="17" type="stmt"/>
        <line num="34" count="10" type="stmt"/>
        <line num="35" count="10" type="cond" truecount="2" falsecount="0"/>
        <line num="36" count="5" type="stmt"/>
        <line num="37" count="25" type="stmt"/>
        <line num="38" count="25" type="cond" truecount="3" falsecount="1"/>
        <line num="40" count="25" type="stmt"/>
        <line num="42" count="25" type="cond" truecount="2" falsecount="0"/>
        <line num="43" count="2" type="stmt"/>
        <line num="52" count="10" type="stmt"/>
        <line num="55" count="17" type="stmt"/>
        <line num="59" count="6" type="stmt"/>
        <line num="61" count="1" type="cond" truecount="2" falsecount="2"/>
        <line num="62" count="1" type="stmt"/>
        <line num="63" count="1" type="stmt"/>
        <line num="99" count="30" type="stmt"/>
        <line num="100" count="30" type="cond" truecount="1" falsecount="1"/>
        <line num="101" count="30" type="cond" truecount="2" falsecount="0"/>
        <line num="103" count="30" type="stmt"/>
        <line num="140" count="2" type="stmt"/>
        <line num="141" count="2" type="stmt"/>
        <line num="179" count="0" type="stmt"/>
      </file>
    </package>
    <package name="components.pages">
      <metrics statements="8" coveredstatements="6" conditionals="16" coveredconditionals="15" methods="5" coveredmethods="2"/>
      <file name="DashboardPage.jsx" path="/Users/rgupt359/IdeaProjects/meal-balancer/src/components/pages/DashboardPage.jsx">
        <metrics statements="8" coveredstatements="6" conditionals="16" coveredconditionals="15" methods="5" coveredmethods="2"/>
        <line num="70" count="8" type="stmt"/>
        <line num="73" count="8" type="stmt"/>
        <line num="75" count="0" type="stmt"/>
        <line num="81" count="8" type="cond" truecount="4" falsecount="0"/>
        <line num="82" count="1" type="stmt"/>
        <line num="85" count="7" type="stmt"/>
        <line num="99" count="1" type="stmt"/>
        <line num="118" count="0" type="stmt"/>
      </file>
    </package>
    <package name="components.ui">
      <metrics statements="91" coveredstatements="89" conditionals="96" coveredconditionals="75" methods="46" coveredmethods="43"/>
      <file name="CopyToDaysMenu.jsx" path="/Users/rgupt359/IdeaProjects/meal-balancer/src/components/ui/CopyToDaysMenu.jsx">
        <metrics statements="43" coveredstatements="42" conditionals="39" coveredconditionals="31" methods="18" coveredmethods="16"/>
        <line num="22" count="100" type="stmt"/>
        <line num="23" count="100" type="stmt"/>
        <line num="24" count="100" type="stmt"/>
        <line num="25" count="100" type="stmt"/>
        <line num="27" count="700" type="stmt"/>
        <line num="28" count="100" type="cond" truecount="2" falsecount="0"/>
        <line num="31" count="100" type="stmt"/>
        <line num="32" count="82" type="cond" truecount="2" falsecount="0"/>
        <line num="33" count="12" type="stmt"/>
        <line num="34" count="1" type="cond" truecount="3" falsecount="1"/>
        <line num="35" count="1" type="stmt"/>
        <line num="38" count="12" type="stmt"/>
        <line num="39" count="1" type="cond" truecount="1" falsecount="1"/>
        <line num="40" count="1" type="stmt"/>
        <line num="41" count="1" type="stmt"/>
        <line num="44" count="12" type="stmt"/>
        <line num="45" count="12" type="stmt"/>
        <line num="46" count="12" type="stmt"/>
        <line num="47" count="12" type="stmt"/>
        <line num="48" count="12" type="stmt"/>
        <line num="52" count="100" type="stmt"/>
        <line num="53" count="12" type="stmt"/>
        <line num="54" count="12" type="stmt"/>
        <line num="55" count="12" type="cond" truecount="1" falsecount="1"/>
        <line num="56" count="12" type="stmt"/>
        <line num="60" count="100" type="stmt"/>
        <line num="61" count="7" type="stmt"/>
        <line num="62" count="7" type="cond" truecount="1" falsecount="1"/>
        <line num="66" count="100" type="stmt"/>
        <line num="67" count="1" type="cond" truecount="1" falsecount="1"/>
        <line num="70" count="100" type="stmt"/>
        <line num="71" count="3" type="cond" truecount="1" falsecount="1"/>
        <line num="72" count="3" type="stmt"/>
        <line num="73" count="3" type="stmt"/>
        <line num="74" count="3" type="stmt"/>
        <line num="77" count="100" type="cond" truecount="1" falsecount="1"/>
        <line num="79" count="100" type="stmt"/>
        <line num="83" count="25" type="stmt"/>
        <line num="84" count="0" type="stmt"/>
        <line num="118" count="147" type="stmt"/>
        <line num="119" count="147" type="stmt"/>
        <line num="127" count="7" type="stmt"/>
        <line num="146" count="2" type="stmt"/>
      </file>
      <file name="EmptyState.jsx" path="/Users/rgupt359/IdeaProjects/meal-balancer/src/components/ui/EmptyState.jsx">
        <metrics statements="1" coveredstatements="1" conditionals="11" coveredconditionals="6" methods="1" coveredmethods="1"/>
        <line num="9" count="27" type="stmt"/>
      </file>
      <file name="Kpi.jsx" path="/Users/rgupt359/IdeaProjects/meal-balancer/src/components/ui/Kpi.jsx">
        <metrics statements="1" coveredstatements="1" conditionals="3" coveredconditionals="2" methods="1" coveredmethods="1"/>
        <line num="4" count="28" type="stmt"/>
      </file>
      <file name="MealTimeRange.jsx" path="/Users/rgupt359/IdeaProjects/meal-balancer/src/components/ui/MealTimeRange.jsx">
        <metrics statements="31" coveredstatements="30" conditionals="33" coveredconditionals="26" methods="13" coveredmethods="12"/>
        <line num="18" count="315" type="stmt"/>
        <line num="19" count="315" type="stmt"/>
        <line num="20" count="315" type="stmt"/>
        <line num="22" count="315" type="cond" truecount="2" falsecount="0"/>
        <line num="23" count="315" type="cond" truecount="2" falsecount="0"/>
        <line num="24" count="315" type="stmt"/>
        <line num="27" count="315" type="stmt"/>
        <line num="28" count="224" type="cond" truecount="2" falsecount="0"/>
        <line num="29" count="8" type="stmt"/>
        <line num="30" count="1" type="cond" truecount="3" falsecount="1"/>
        <line num="31" count="1" type="stmt"/>
        <line num="34" count="8" type="stmt"/>
        <line num="35" count="1" type="cond" truecount="1" falsecount="1"/>
        <line num="36" count="1" type="stmt"/>
        <line num="37" count="1" type="stmt"/>
        <line num="40" count="8" type="stmt"/>
        <line num="41" count="8" type="stmt"/>
        <line num="42" count="8" type="stmt"/>
        <line num="43" count="8" type="stmt"/>
        <line num="44" count="8" type="stmt"/>
        <line num="48" count="315" type="cond" truecount="2" falsecount="0"/>
        <line num="49" count="29" type="cond" truecount="1" falsecount="1"/>
        <line num="52" count="286" type="stmt"/>
        <line num="53" count="3" type="cond" truecount="2" falsecount="2"/>
        <line num="55" count="286" type="stmt"/>
        <line num="59" count="9" type="stmt"/>
        <line num="60" count="0" type="stmt"/>
        <line num="65" count="8" type="stmt"/>
        <line num="95" count="2" type="stmt"/>
        <line num="106" count="1" type="stmt"/>
        <line num="115" count="1" type="stmt"/>
      </file>
      <file name="Section.jsx" path="/Users/rgupt359/IdeaProjects/meal-balancer/src/components/ui/Section.jsx">
        <metrics statements="1" coveredstatements="1" conditionals="2" coveredconditionals="2" methods="1" coveredmethods="1"/>
        <line num="4" count="43" type="stmt"/>
      </file>
      <file name="Skeleton.jsx" path="/Users/rgupt359/IdeaProjects/meal-balancer/src/components/ui/Skeleton.jsx">
        <metrics statements="8" coveredstatements="8" conditionals="4" coveredconditionals="4" methods="8" coveredmethods="8"/>
        <line num="7" count="129" type="stmt"/>
        <line num="18" count="13" type="stmt"/>
        <line num="29" count="7" type="stmt"/>
        <line num="44" count="9" type="stmt"/>
        <line num="57" count="1" type="stmt"/>
        <line num="74" count="3" type="stmt"/>
        <line num="80" count="21" type="stmt"/>
        <line num="104" count="2" type="stmt"/>
      </file>
      <file name="VirtualizedList.jsx" path="/Users/rgupt359/IdeaProjects/meal-balancer/src/components/ui/VirtualizedList.jsx">
        <metrics statements="6" coveredstatements="6" conditionals="4" coveredconditionals="4" methods="4" coveredmethods="4"/>
        <line num="24" count="11" type="stmt"/>
        <line num="27" count="11" type="stmt"/>
        <line num="29" count="6" type="stmt"/>
        <line num="30" count="37" type="stmt"/>
        <line num="34" count="11" type="stmt"/>
        <line num="53" count="10" type="stmt"/>
      </file>
    </package>
    <package name="context">
      <metrics statements="181" coveredstatements="173" conditionals="92" coveredconditionals="68" methods="36" coveredmethods="35"/>
      <file name="AuthContext.jsx" path="/Users/rgupt359/IdeaProjects/meal-balancer/src/context/AuthContext.jsx">
        <metrics statements="87" coveredstatements="84" conditionals="24" coveredconditionals="19" methods="13" coveredmethods="13"/>
        <line num="15" count="5" type="stmt"/>
        <line num="18" count="51" type="stmt"/>
        <line num="19" count="51" type="stmt"/>
        <line num="20" count="51" type="stmt"/>
        <line num="21" count="51" type="stmt"/>
        <line num="24" count="51" type="stmt"/>
        <line num="26" count="21" type="stmt"/>
        <line num="29" count="21" type="stmt"/>
        <line num="30" count="21" type="stmt"/>
        <line num="31" count="18" type="stmt"/>
        <line num="33" count="18" type="cond" truecount="2" falsecount="0"/>
        <line num="34" count="5" type="stmt"/>
        <line num="35" count="5" type="stmt"/>
        <line num="36" count="5" type="stmt"/>
        <line num="37" count="5" type="stmt"/>
        <line num="40" count="0" type="stmt"/>
        <line num="44" count="1" type="stmt"/>
        <line num="46" count="19" type="stmt"/>
        <line num="47" count="19" type="stmt"/>
        <line num="48" count="19" type="stmt"/>
        <line num="53" count="21" type="stmt"/>
        <line num="54" count="1" type="stmt"/>
        <line num="57" count="21" type="stmt"/>
        <line num="59" count="21" type="stmt"/>
        <line num="62" count="3" type="cond" truecount="1" falsecount="1"/>
        <line num="64" count="3" type="stmt"/>
        <line num="66" count="3" type="cond" truecount="2" falsecount="0"/>
        <line num="67" count="2" type="stmt"/>
        <line num="68" count="2" type="stmt"/>
        <line num="69" count="2" type="stmt"/>
        <line num="70" count="1" type="stmt"/>
        <line num="72" count="1" type="stmt"/>
        <line num="75" count="1" type="stmt"/>
        <line num="76" count="1" type="stmt"/>
        <line num="80" count="21" type="stmt"/>
        <line num="81" count="21" type="stmt"/>
        <line num="82" count="21" type="stmt"/>
        <line num="86" count="51" type="stmt"/>
        <line num="90" count="3" type="stmt"/>
        <line num="101" count="3" type="cond" truecount="4" falsecount="0"/>
        <line num="103" count="1" type="stmt"/>
        <line num="105" count="1" type="stmt"/>
        <line num="106" count="1" type="stmt"/>
        <line num="107" count="1" type="stmt"/>
        <line num="108" count="1" type="stmt"/>
        <line num="109" count="1" type="stmt"/>
        <line num="115" count="1" type="stmt"/>
        <line num="119" count="0" type="stmt"/>
        <line num="123" count="3" type="stmt"/>
        <line num="126" count="51" type="stmt"/>
        <line num="127" count="3" type="stmt"/>
        <line num="129" count="3" type="cond" truecount="1" falsecount="1"/>
        <line num="130" count="3" type="stmt"/>
        <line num="131" count="3" type="stmt"/>
        <line num="132" count="3" type="stmt"/>
        <line num="133" count="3" type="stmt"/>
        <line num="137" count="3" type="cond" truecount="2" falsecount="0"/>
        <line num="138" count="1" type="cond" truecount="1" falsecount="1"/>
        <line num="139" count="1" type="cond" truecount="1" falsecount="1"/>
        <line num="140" count="1" type="stmt"/>
        <line num="148" count="3" type="stmt"/>
        <line num="151" count="0" type="stmt"/>
        <line num="155" count="3" type="stmt"/>
        <line num="158" count="51" type="stmt"/>
        <line num="159" count="1" type="stmt"/>
        <line num="160" count="1" type="stmt"/>
        <line num="161" count="1" type="stmt"/>
        <line num="162" count="1" type="stmt"/>
        <line num="168" count="51" type="stmt"/>
        <line num="169" count="2" type="stmt"/>
        <line num="170" count="2" type="stmt"/>
        <line num="171" count="1" type="stmt"/>
        <line num="173" count="1" type="cond" truecount="1" falsecount="1"/>
        <line num="177" count="51" type="stmt"/>
        <line num="179" count="2" type="cond" truecount="2" falsecount="0"/>
        <line num="180" count="1" type="stmt"/>
        <line num="181" count="1" type="stmt"/>
        <line num="182" count="1" type="stmt"/>
        <line num="187" count="51" type="stmt"/>
        <line num="188" count="2" type="cond" truecount="2" falsecount="0"/>
        <line num="189" count="1" type="stmt"/>
        <line num="190" count="1" type="stmt"/>
        <line num="191" count="1" type="stmt"/>
        <line num="194" count="51" type="stmt"/>
        <line num="196" count="51" type="stmt"/>
        <line num="197" count="51" type="stmt"/>
        <line num="225" count="51" type="stmt"/>
      </file>
      <file name="ProfileContext.jsx" path="/Users/rgupt359/IdeaProjects/meal-balancer/src/context/ProfileContext.jsx">
        <metrics statements="94" coveredstatements="89" conditionals="68" coveredconditionals="49" methods="23" coveredmethods="22"/>
        <line num="14" count="2" type="stmt"/>
        <line num="16" count="2" type="stmt"/>
        <line num="27" count="2" type="stmt"/>
        <line num="36" count="2" type="cond" truecount="1" falsecount="1"/>
        <line num="37" count="2" type="stmt"/>
        <line num="49" count="45" type="stmt"/>
        <line num="50" count="21" type="stmt"/>
        <line num="51" count="21" type="stmt"/>
        <line num="52" count="21" type="cond" truecount="2" falsecount="0"/>
        <line num="54" count="2" type="stmt"/>
        <line num="55" count="2" type="stmt"/>
        <line num="59" count="45" type="stmt"/>
        <line num="60" count="21" type="stmt"/>
        <line num="63" count="45" type="stmt"/>
        <line num="64" count="45" type="stmt"/>
        <line num="65" count="45" type="stmt"/>
        <line num="67" count="45" type="stmt"/>
        <line num="69" count="45" type="stmt"/>
        <line num="70" count="21" type="stmt"/>
        <line num="71" count="21" type="stmt"/>
        <line num="72" count="21" type="cond" truecount="2" falsecount="0"/>
        <line num="77" count="45" type="stmt"/>
        <line num="78" count="27" type="stmt"/>
        <line num="79" count="27" type="stmt"/>
        <line num="81" count="0" type="stmt"/>
        <line num="85" count="45" type="stmt"/>
        <line num="86" count="23" type="stmt"/>
        <line num="87" count="23" type="stmt"/>
        <line num="91" count="45" type="stmt"/>
        <line num="92" count="21" type="cond" truecount="4" falsecount="0"/>
        <line num="94" count="10" type="stmt"/>
        <line num="97" count="10" type="stmt"/>
        <line num="98" count="10" type="stmt"/>
        <line num="99" count="10" type="stmt"/>
        <line num="105" count="9" type="cond" truecount="1" falsecount="1"/>
        <line num="107" count="9" type="cond" truecount="4" falsecount="0"/>
        <line num="108" count="2" type="stmt"/>
        <line num="109" count="2" type="cond" truecount="1" falsecount="1"/>
        <line num="110" count="2" type="stmt"/>
        <line num="113" count="7" type="cond" truecount="4" falsecount="0"/>
        <line num="114" count="2" type="stmt"/>
        <line num="115" count="2" type="cond" truecount="1" falsecount="1"/>
        <line num="116" count="2" type="stmt"/>
        <line num="124" count="2" type="stmt"/>
        <line num="127" count="1" type="cond" truecount="1" falsecount="1"/>
        <line num="128" count="1" type="stmt"/>
        <line num="129" count="1" type="cond" truecount="1" falsecount="1"/>
        <line num="133" count="10" type="stmt"/>
        <line num="135" count="10" type="stmt"/>
        <line num="136" count="10" type="stmt"/>
        <line num="141" count="45" type="stmt"/>
        <line num="142" count="45" type="stmt"/>
        <line num="143" count="45" type="stmt"/>
        <line num="146" count="45" type="stmt"/>
        <line num="147" count="21" type="stmt"/>
        <line num="151" count="3" type="stmt"/>
        <line num="152" count="3" type="cond" truecount="3" falsecount="1"/>
        <line num="155" count="3" type="stmt"/>
        <line num="156" count="3" type="stmt"/>
        <line num="157" count="15" type="cond" truecount="1" falsecount="1"/>
        <line num="158" count="15" type="stmt"/>
        <line num="162" count="3" type="stmt"/>
        <line num="163" count="3" type="cond" truecount="1" falsecount="1"/>
        <line num="165" count="3" type="stmt"/>
        <line num="167" count="3" type="stmt"/>
        <line num="171" count="3" type="cond" truecount="1" falsecount="1"/>
        <line num="172" count="3" type="cond" truecount="1" falsecount="1"/>
        <line num="173" count="0" type="stmt"/>
        <line num="174" count="0" type="stmt"/>
        <line num="176" count="3" type="stmt"/>
        <line num="177" count="3" type="stmt"/>
        <line num="179" count="3" type="stmt"/>
        <line num="183" count="0" type="stmt"/>
        <line num="184" count="0" type="cond" truecount="0" falsecount="2"/>
        <line num="189" count="45" type="stmt"/>
        <line num="190" count="45" type="stmt"/>
        <line num="192" count="45" type="stmt"/>
        <line num="193" count="3" type="cond" truecount="2" falsecount="0"/>
        <line num="194" count="1" type="stmt"/>
        <line num="195" count="1" type="stmt"/>
        <line num="199" count="45" type="stmt"/>
        <line num="200" count="4" type="stmt"/>
        <line num="201" count="4" type="cond" truecount="2" falsecount="0"/>
        <line num="204" count="4" type="cond" truecount="1" falsecount="1"/>
        <line num="205" count="4" type="stmt"/>
        <line num="207" count="2" type="stmt"/>
        <line num="210" count="4" type="stmt"/>
        <line num="214" count="45" type="stmt"/>
        <line num="215" count="45" type="stmt"/>
        <line num="226" count="45" type="stmt"/>
        <line num="231" count="48" type="stmt"/>
        <line num="232" count="48" type="cond" truecount="2" falsecount="0"/>
        <line num="233" count="2" type="stmt"/>
        <line num="235" count="45" type="stmt"/>
      </file>
    </package>
    <package name="data">
      <metrics statements="14" coveredstatements="14" conditionals="4" coveredconditionals="3" methods="2" coveredmethods="2"/>
      <file name="config.ts" path="/Users/rgupt359/IdeaProjects/meal-balancer/src/data/config.ts">
        <metrics statements="1" coveredstatements="1" conditionals="0" coveredconditionals="0" methods="0" coveredmethods="0"/>
        <line num="117" count="8" type="stmt"/>
      </file>
      <file name="foods.js" path="/Users/rgupt359/IdeaProjects/meal-balancer/src/data/foods.js">
        <metrics statements="1" coveredstatements="1" conditionals="0" coveredconditionals="0" methods="0" coveredmethods="0"/>
        <line num="1" count="14" type="stmt"/>
      </file>
      <file name="presetPlans.js" path="/Users/rgupt359/IdeaProjects/meal-balancer/src/data/presetPlans.js">
        <metrics statements="12" coveredstatements="12" conditionals="4" coveredconditionals="3" methods="2" coveredmethods="2"/>
        <line num="1" count="9" type="stmt"/>
        <line num="10" count="9" type="stmt"/>
        <line num="14" count="5" type="stmt"/>
        <line num="15" count="5" type="cond" truecount="2" falsecount="0"/>
        <line num="19" count="45" type="stmt"/>
        <line num="20" count="45" type="stmt"/>
        <line num="21" count="315" type="stmt"/>
        <line num="22" count="315" type="stmt"/>
        <line num="23" count="2205" type="cond" truecount="1" falsecount="1"/>
        <line num="24" count="2772" type="stmt"/>
        <line num="33" count="45" type="stmt"/>
        <line num="36" count="9" type="stmt"/>
      </file>
    </package>
    <package name="engines">
      <metrics statements="100" coveredstatements="100" conditionals="94" coveredconditionals="89" methods="12" coveredmethods="12"/>
      <file name="nutrientEngine.ts" path="/Users/rgupt359/IdeaProjects/meal-balancer/src/engines/nutrientEngine.ts">
        <metrics statements="79" coveredstatements="79" conditionals="74" coveredconditionals="70" methods="9" coveredmethods="9"/>
        <line num="12" count="10" type="cond" truecount="1" falsecount="1"/>
        <line num="14" count="10" type="stmt"/>
        <line num="42" count="6" type="stmt"/>
        <line num="44" count="6" type="stmt"/>
        <line num="45" count="6" type="stmt"/>
        <line num="46" count="6" type="stmt"/>
        <line num="47" count="6" type="stmt"/>
        <line num="48" count="6" type="stmt"/>
        <line num="49" count="6" type="stmt"/>
        <line num="50" count="6" type="stmt"/>
        <line num="51" count="6" type="stmt"/>
        <line num="72" count="591" type="stmt"/>
        <line num="92" count="13" type="stmt"/>
        <line num="110" count="13" type="stmt"/>
        <line num="134" count="13" type="stmt"/>
        <line num="167" count="161" type="cond" truecount="2" falsecount="0"/>
        <line num="168" count="161" type="cond" truecount="2" falsecount="0"/>
        <line num="169" count="41" type="cond" truecount="4" falsecount="0"/>
        <line num="170" count="21" type="cond" truecount="4" falsecount="0"/>
        <line num="171" count="16" type="stmt"/>
        <line num="195" count="136" type="cond" truecount="2" falsecount="0"/>
        <line num="196" count="136" type="stmt"/>
        <line num="197" count="136" type="cond" truecount="2" falsecount="0"/>
        <line num="198" count="136" type="cond" truecount="2" falsecount="0"/>
        <line num="199" count="136" type="cond" truecount="2" falsecount="0"/>
        <line num="200" count="136" type="cond" truecount="2" falsecount="0"/>
        <line num="201" count="136" type="cond" truecount="2" falsecount="0"/>
        <line num="202" count="136" type="cond" truecount="2" falsecount="0"/>
        <line num="203" count="136" type="stmt"/>
        <line num="233" count="466" type="stmt"/>
        <line num="234" count="466" type="stmt"/>
        <line num="235" count="140" type="cond" truecount="4" falsecount="0"/>
        <line num="236" count="2" type="stmt"/>
        <line num="237" count="4" type="stmt"/>
        <line num="247" count="138" type="stmt"/>
        <line num="251" count="466" type="stmt"/>
        <line num="267" count="466" type="stmt"/>
        <line num="269" count="142" type="cond" truecount="2" falsecount="0"/>
        <line num="273" count="142" type="cond" truecount="2" falsecount="0"/>
        <line num="276" count="142" type="cond" truecount="2" falsecount="0"/>
        <line num="278" count="45" type="stmt"/>
        <line num="279" count="45" type="stmt"/>
        <line num="281" count="45" type="stmt"/>
        <line num="282" count="45" type="cond" truecount="2" falsecount="0"/>
        <line num="283" count="45" type="cond" truecount="2" falsecount="0"/>
        <line num="284" count="45" type="cond" truecount="2" falsecount="0"/>
        <line num="285" count="45" type="cond" truecount="2" falsecount="0"/>
        <line num="286" count="45" type="cond" truecount="2" falsecount="0"/>
        <line num="287" count="36" type="cond" truecount="2" falsecount="0"/>
        <line num="291" count="97" type="stmt"/>
        <line num="292" count="97" type="cond" truecount="2" falsecount="0"/>
        <line num="293" count="88" type="cond" truecount="1" falsecount="1"/>
        <line num="294" count="97" type="stmt"/>
        <line num="295" count="97" type="stmt"/>
        <line num="297" count="97" type="stmt"/>
        <line num="298" count="97" type="cond" truecount="1" falsecount="1"/>
        <line num="299" count="97" type="cond" truecount="2" falsecount="0"/>
        <line num="300" count="97" type="cond" truecount="1" falsecount="1"/>
        <line num="301" count="97" type="cond" truecount="2" falsecount="0"/>
        <line num="302" count="97" type="cond" truecount="2" falsecount="0"/>
        <line num="306" count="466" type="cond" truecount="2" falsecount="0"/>
        <line num="307" count="466" type="stmt"/>
        <line num="326" count="75" type="stmt"/>
        <line num="342" count="75" type="stmt"/>
        <line num="343" count="427" type="stmt"/>
        <line num="344" count="427" type="stmt"/>
        <line num="345" count="427" type="stmt"/>
        <line num="346" count="427" type="stmt"/>
        <line num="347" count="427" type="stmt"/>
        <line num="348" count="427" type="stmt"/>
        <line num="349" count="427" type="stmt"/>
        <line num="350" count="427" type="stmt"/>
        <line num="351" count="427" type="stmt"/>
        <line num="352" count="427" type="stmt"/>
        <line num="353" count="427" type="stmt"/>
        <line num="355" count="427" type="stmt"/>
        <line num="356" count="81" type="cond" truecount="2" falsecount="0"/>
        <line num="360" count="75" type="cond" truecount="2" falsecount="0"/>
        <line num="361" count="75" type="stmt"/>
      </file>
      <file name="scoringEngine.ts" path="/Users/rgupt359/IdeaProjects/meal-balancer/src/engines/scoringEngine.ts">
        <metrics statements="21" coveredstatements="21" conditionals="20" coveredconditionals="19" methods="3" coveredmethods="3"/>
        <line num="8" count="7" type="stmt"/>
        <line num="57" count="7" type="stmt"/>
        <line num="113" count="109" type="cond" truecount="6" falsecount="0"/>
        <line num="114" count="109" type="cond" truecount="2" falsecount="0"/>
        <line num="115" count="50" type="stmt"/>
        <line num="118" count="59" type="stmt"/>
        <line num="119" count="59" type="stmt"/>
        <line num="121" count="59" type="stmt"/>
        <line num="122" count="348" type="cond" truecount="2" falsecount="0"/>
        <line num="123" count="348" type="cond" truecount="2" falsecount="0"/>
        <line num="125" count="348" type="cond" truecount="2" falsecount="0"/>
        <line num="126" count="117" type="stmt"/>
        <line num="127" count="117" type="stmt"/>
        <line num="131" count="59" type="stmt"/>
        <line num="133" count="59" type="stmt"/>
        <line num="134" count="59" type="cond" truecount="2" falsecount="0"/>
        <line num="135" count="22" type="cond" truecount="1" falsecount="1"/>
        <line num="136" count="22" type="cond" truecount="2" falsecount="0"/>
        <line num="138" count="59" type="stmt"/>
        <line num="159" count="29" type="stmt"/>
        <line num="180" count="79" type="stmt"/>
      </file>
    </package>
    <package name="hooks">
      <metrics statements="574" coveredstatements="509" conditionals="399" coveredconditionals="316" methods="155" coveredmethods="131"/>
      <file name="useAuth.js" path="/Users/rgupt359/IdeaProjects/meal-balancer/src/hooks/useAuth.js">
        <metrics statements="6" coveredstatements="6" conditionals="4" coveredconditionals="4" methods="2" coveredmethods="2"/>
        <line num="5" count="40" type="stmt"/>
        <line num="7" count="40" type="cond" truecount="2" falsecount="0"/>
        <line num="8" count="2" type="stmt"/>
        <line num="11" count="38" type="stmt"/>
        <line num="19" count="2" type="stmt"/>
        <line num="20" count="2" type="cond" truecount="2" falsecount="0"/>
      </file>
      <file name="useDebounce.js" path="/Users/rgupt359/IdeaProjects/meal-balancer/src/hooks/useDebounce.js">
        <metrics statements="5" coveredstatements="5" conditionals="0" coveredconditionals="0" methods="4" coveredmethods="4"/>
        <line num="10" count="16" type="stmt"/>
        <line num="12" count="16" type="stmt"/>
        <line num="13" count="12" type="stmt"/>
        <line num="14" count="12" type="stmt"/>
        <line num="17" count="16" type="stmt"/>
      </file>
      <file name="useFocusTrap.js" path="/Users/rgupt359/IdeaProjects/meal-balancer/src/hooks/useFocusTrap.js">
        <metrics statements="31" coveredstatements="31" conditionals="20" coveredconditionals="15" methods="5" coveredmethods="5"/>
        <line num="9" count="13" type="stmt"/>
        <line num="10" count="13" type="stmt"/>
        <line num="12" count="13" type="stmt"/>
        <line num="13" count="13" type="cond" truecount="2" falsecount="0"/>
        <line num="16" count="6" type="stmt"/>
        <line num="18" count="6" type="stmt"/>
        <line num="19" count="6" type="cond" truecount="2" falsecount="0"/>
        <line num="23" count="4" type="stmt"/>
        <line num="25" count="4" type="stmt"/>
        <line num="26" count="4" type="stmt"/>
        <line num="27" count="4" type="cond" truecount="1" falsecount="1"/>
        <line num="31" count="4" type="stmt"/>
        <line num="34" count="3" type="cond" truecount="2" falsecount="0"/>
        <line num="36" count="2" type="stmt"/>
        <line num="37" count="2" type="cond" truecount="1" falsecount="1"/>
        <line num="39" count="2" type="stmt"/>
        <line num="40" count="2" type="stmt"/>
        <line num="42" count="2" type="cond" truecount="2" falsecount="0"/>
        <line num="43" count="1" type="cond" truecount="1" falsecount="1"/>
        <line num="44" count="1" type="stmt"/>
        <line num="45" count="1" type="stmt"/>
        <line num="48" count="1" type="cond" truecount="1" falsecount="1"/>
        <line num="49" count="1" type="stmt"/>
        <line num="50" count="1" type="stmt"/>
        <line num="55" count="4" type="stmt"/>
        <line num="57" count="4" type="stmt"/>
        <line num="58" count="4" type="stmt"/>
        <line num="59" count="4" type="stmt"/>
        <line num="61" count="4" type="cond" truecount="3" falsecount="1"/>
        <line num="62" count="4" type="stmt"/>
        <line num="67" count="13" type="stmt"/>
      </file>
      <file name="useHotkeys.js" path="/Users/rgupt359/IdeaProjects/meal-balancer/src/hooks/useHotkeys.js">
        <metrics statements="26" coveredstatements="26" conditionals="33" coveredconditionals="33" methods="5" coveredmethods="5"/>
        <line num="10" count="13" type="stmt"/>
        <line num="12" count="12" type="cond" truecount="2" falsecount="0"/>
        <line num="15" count="11" type="stmt"/>
        <line num="17" count="11" type="cond" truecount="4" falsecount="0"/>
        <line num="22" count="12" type="stmt"/>
        <line num="23" count="27" type="stmt"/>
        <line num="24" count="27" type="cond" truecount="2" falsecount="0"/>
        <line num="25" count="27" type="stmt"/>
        <line num="26" count="27" type="stmt"/>
        <line num="27" count="50" type="stmt"/>
        <line num="29" count="27" type="cond" truecount="4" falsecount="0"/>
        <line num="30" count="27" type="cond" truecount="2" falsecount="0"/>
        <line num="31" count="27" type="cond" truecount="2" falsecount="0"/>
        <line num="32" count="27" type="cond" truecount="2" falsecount="0"/>
        <line num="34" count="27" type="cond" truecount="6" falsecount="0"/>
        <line num="36" count="10" type="cond" truecount="6" falsecount="0"/>
        <line num="37" count="7" type="stmt"/>
        <line num="38" count="7" type="stmt"/>
        <line num="39" count="7" type="stmt"/>
        <line num="42" count="3" type="cond" truecount="2" falsecount="0"/>
        <line num="43" count="2" type="stmt"/>
        <line num="44" count="2" type="stmt"/>
        <line num="45" count="2" type="stmt"/>
        <line num="53" count="13" type="stmt"/>
        <line num="54" count="13" type="stmt"/>
        <line num="55" count="13" type="stmt"/>
      </file>
      <file name="useLocalStorage.js" path="/Users/rgupt359/IdeaProjects/meal-balancer/src/hooks/useLocalStorage.js">
        <metrics statements="10" coveredstatements="10" conditionals="2" coveredconditionals="2" methods="3" coveredmethods="3"/>
        <line num="9" count="28" type="stmt"/>
        <line num="10" count="16" type="stmt"/>
        <line num="11" count="16" type="stmt"/>
        <line num="12" count="16" type="cond" truecount="2" falsecount="0"/>
        <line num="14" count="2" type="stmt"/>
        <line num="18" count="28" type="stmt"/>
        <line num="19" count="28" type="stmt"/>
        <line num="20" count="28" type="stmt"/>
        <line num="22" count="4" type="stmt"/>
        <line num="26" count="28" type="stmt"/>
      </file>
      <file name="useMealHistory.js" path="/Users/rgupt359/IdeaProjects/meal-balancer/src/hooks/useMealHistory.js">
        <metrics statements="74" coveredstatements="74" conditionals="62" coveredconditionals="55" methods="23" coveredmethods="23"/>
        <line num="12" count="3" type="stmt"/>
        <line num="15" count="41" type="stmt"/>
        <line num="16" count="41" type="stmt"/>
        <line num="17" count="41" type="cond" truecount="2" falsecount="0"/>
        <line num="19" count="1" type="stmt"/>
        <line num="24" count="57" type="stmt"/>
        <line num="25" count="57" type="stmt"/>
        <line num="27" count="2" type="stmt"/>
        <line num="38" count="73" type="stmt"/>
        <line num="39" count="73" type="stmt"/>
        <line num="40" count="73" type="stmt"/>
        <line num="41" count="73" type="stmt"/>
        <line num="42" count="73" type="stmt"/>
        <line num="44" count="73" type="stmt"/>
        <line num="45" count="31" type="stmt"/>
        <line num="48" count="73" type="stmt"/>
        <line num="49" count="31" type="stmt"/>
        <line num="50" count="31" type="stmt"/>
        <line num="55" count="73" type="stmt"/>
        <line num="56" count="57" type="stmt"/>
        <line num="60" count="73" type="stmt"/>
        <line num="61" count="31" type="cond" truecount="4" falsecount="0"/>
        <line num="63" count="12" type="stmt"/>
        <line num="66" count="12" type="stmt"/>
        <line num="67" count="12" type="stmt"/>
        <line num="68" count="12" type="stmt"/>
        <line num="69" count="11" type="cond" truecount="2" falsecount="0"/>
        <line num="71" count="10" type="stmt"/>
        <line num="73" count="10" type="cond" truecount="3" falsecount="1"/>
        <line num="75" count="10" type="stmt"/>
        <line num="76" count="10" type="stmt"/>
        <line num="77" count="10" type="stmt"/>
        <line num="80" count="10" type="stmt"/>
        <line num="81" count="10" type="stmt"/>
        <line num="82" count="6" type="cond" truecount="2" falsecount="0"/>
        <line num="83" count="5" type="stmt"/>
        <line num="84" count="5" type="stmt"/>
        <line num="88" count="10" type="stmt"/>
        <line num="89" count="10" type="stmt"/>
        <line num="92" count="10" type="cond" truecount="2" falsecount="0"/>
        <line num="93" count="5" type="stmt"/>
        <line num="94" count="5" type="stmt"/>
        <line num="95" count="1" type="stmt"/>
        <line num="101" count="1" type="cond" truecount="1" falsecount="1"/>
        <line num="102" count="1" type="stmt"/>
        <line num="103" count="1" type="cond" truecount="1" falsecount="1"/>
        <line num="107" count="12" type="stmt"/>
        <line num="109" count="12" type="stmt"/>
        <line num="110" count="12" type="stmt"/>
        <line num="119" count="10" type="stmt"/>
        <line num="121" count="10" type="stmt"/>
        <line num="122" count="10" type="stmt"/>
        <line num="123" count="10" type="stmt"/>
        <line num="140" count="10" type="stmt"/>
        <line num="141" count="10" type="cond" truecount="4" falsecount="0"/>
        <line num="142" count="3" type="stmt"/>
        <line num="143" count="1" type="stmt"/>
        <line num="144" count="1" type="cond" truecount="1" falsecount="1"/>
        <line num="148" count="10" type="cond" truecount="2" falsecount="0"/>
        <line num="149" count="2" type="cond" truecount="1" falsecount="1"/>
        <line num="151" count="8" type="stmt"/>
        <line num="157" count="7" type="stmt"/>
        <line num="160" count="5" type="stmt"/>
        <line num="161" count="5" type="cond" truecount="4" falsecount="0"/>
        <line num="162" count="2" type="stmt"/>
        <line num="163" count="1" type="stmt"/>
        <line num="164" count="1" type="cond" truecount="1" falsecount="1"/>
        <line num="171" count="5" type="stmt"/>
        <line num="174" count="5" type="stmt"/>
        <line num="175" count="5" type="cond" truecount="4" falsecount="0"/>
        <line num="176" count="2" type="stmt"/>
        <line num="177" count="1" type="stmt"/>
        <line num="178" count="1" type="cond" truecount="1" falsecount="1"/>
        <line num="183" count="73" type="stmt"/>
      </file>
      <file name="useNutrientResolver.js" path="/Users/rgupt359/IdeaProjects/meal-balancer/src/hooks/useNutrientResolver.js">
        <metrics statements="66" coveredstatements="33" conditionals="57" coveredconditionals="34" methods="18" coveredmethods="5"/>
        <line num="23" count="0" type="stmt"/>
        <line num="24" count="0" type="stmt"/>
        <line num="25" count="0" type="stmt"/>
        <line num="26" count="0" type="stmt"/>
        <line num="29" count="0" type="stmt"/>
        <line num="30" count="0" type="stmt"/>
        <line num="31" count="0" type="cond" truecount="0" falsecount="2"/>
        <line num="33" count="0" type="stmt"/>
        <line num="34" count="0" type="stmt"/>
        <line num="35" count="0" type="stmt"/>
        <line num="37" count="0" type="stmt"/>
        <line num="38" count="0" type="stmt"/>
        <line num="39" count="0" type="cond" truecount="0" falsecount="2"/>
        <line num="41" count="0" type="stmt"/>
        <line num="45" count="0" type="cond" truecount="0" falsecount="2"/>
        <line num="46" count="0" type="stmt"/>
        <line num="47" count="0" type="stmt"/>
        <line num="49" count="0" type="stmt"/>
        <line num="50" count="0" type="stmt"/>
        <line num="54" count="0" type="stmt"/>
        <line num="55" count="0" type="stmt"/>
        <line num="59" count="0" type="cond" truecount="0" falsecount="2"/>
        <line num="75" count="0" type="stmt"/>
        <line num="76" count="0" type="cond" truecount="0" falsecount="2"/>
        <line num="78" count="0" type="stmt"/>
        <line num="80" count="0" type="stmt"/>
        <line num="81" count="0" type="stmt"/>
        <line num="82" count="0" type="cond" truecount="0" falsecount="2"/>
        <line num="84" count="0" type="stmt"/>
        <line num="89" count="0" type="stmt"/>
        <line num="90" count="0" type="stmt"/>
        <line num="91" count="0" type="cond" truecount="0" falsecount="2"/>
        <line num="93" count="0" type="cond" truecount="0" falsecount="2"/>
        <line num="103" count="6" type="stmt"/>
        <line num="105" count="6" type="stmt"/>
        <line num="106" count="9" type="cond" truecount="5" falsecount="0"/>
        <line num="107" count="6" type="stmt"/>
        <line num="108" count="6" type="cond" truecount="2" falsecount="0"/>
        <line num="109" count="5" type="cond" truecount="1" falsecount="1"/>
        <line num="110" count="5" type="stmt"/>
        <line num="113" count="6" type="cond" truecount="2" falsecount="0"/>
        <line num="114" count="4" type="cond" truecount="2" falsecount="0"/>
        <line num="115" count="4" type="stmt"/>
        <line num="116" count="3" type="cond" truecount="1" falsecount="1"/>
        <line num="117" count="8" type="cond" truecount="2" falsecount="0"/>
        <line num="118" count="2" type="stmt"/>
        <line num="119" count="7" type="cond" truecount="1" falsecount="1"/>
        <line num="120" count="7" type="stmt"/>
        <line num="126" count="6" type="stmt"/>
        <line num="142" count="4" type="cond" truecount="4" falsecount="0"/>
        <line num="144" count="3" type="stmt"/>
        <line num="145" count="3" type="cond" truecount="1" falsecount="1"/>
        <line num="146" count="3" type="stmt"/>
        <line num="147" count="3" type="cond" truecount="3" falsecount="1"/>
        <line num="148" count="3" type="stmt"/>
        <line num="150" count="3" type="cond" truecount="6" falsecount="0"/>
        <line num="151" count="2" type="stmt"/>
        <line num="152" count="2" type="cond" truecount="1" falsecount="1"/>
        <line num="154" count="3" type="stmt"/>
        <line num="157" count="3" type="stmt"/>
        <line num="158" count="3" type="stmt"/>
        <line num="159" count="3" type="cond" truecount="1" falsecount="1"/>
        <line num="160" count="3" type="cond" truecount="2" falsecount="0"/>
        <line num="161" count="1" type="stmt"/>
        <line num="163" count="2" type="stmt"/>
        <line num="167" count="3" type="stmt"/>
      </file>
      <file name="usePresetPlanAdmin.js" path="/Users/rgupt359/IdeaProjects/meal-balancer/src/hooks/usePresetPlanAdmin.js">
        <metrics statements="221" coveredstatements="189" conditionals="153" coveredconditionals="116" methods="70" coveredmethods="59"/>
        <line num="17" count="118" type="stmt"/>
        <line num="18" count="118" type="stmt"/>
        <line num="19" count="118" type="stmt"/>
        <line num="20" count="118" type="stmt"/>
        <line num="21" count="118" type="stmt"/>
        <line num="22" count="118" type="stmt"/>
        <line num="23" count="118" type="stmt"/>
        <line num="24" count="118" type="stmt"/>
        <line num="25" count="118" type="stmt"/>
        <line num="28" count="118" type="stmt"/>
        <line num="29" count="118" type="stmt"/>
        <line num="30" count="118" type="stmt"/>
        <line num="33" count="118" type="stmt"/>
        <line num="34" count="42" type="stmt"/>
        <line num="36" count="42" type="stmt"/>
        <line num="37" count="42" type="stmt"/>
        <line num="38" count="40" type="cond" truecount="1" falsecount="1"/>
        <line num="39" count="40" type="stmt"/>
        <line num="40" count="40" type="cond" truecount="4" falsecount="0"/>
        <line num="41" count="34" type="stmt"/>
        <line num="45" count="1" type="stmt"/>
        <line num="46" count="1" type="cond" truecount="1" falsecount="1"/>
        <line num="48" count="41" type="cond" truecount="1" falsecount="1"/>
        <line num="51" count="42" type="stmt"/>
        <line num="52" count="42" type="stmt"/>
        <line num="53" count="42" type="stmt"/>
        <line num="57" count="118" type="cond" truecount="2" falsecount="0"/>
        <line num="60" count="118" type="stmt"/>
        <line num="63" count="118" type="stmt"/>
        <line num="64" count="103" type="cond" truecount="4" falsecount="0"/>
        <line num="67" count="19" type="cond" truecount="2" falsecount="0"/>
        <line num="68" count="3" type="stmt"/>
        <line num="71" count="19" type="stmt"/>
        <line num="72" count="0" type="stmt"/>
        <line num="73" count="0" type="stmt"/>
        <line num="74" count="0" type="stmt"/>
        <line num="75" count="0" type="cond" truecount="0" falsecount="2"/>
        <line num="76" count="0" type="stmt"/>
        <line num="77" count="0" type="stmt"/>
        <line num="79" count="0" type="stmt"/>
        <line num="80" count="0" type="stmt"/>
        <line num="82" count="0" type="stmt"/>
        <line num="86" count="19" type="stmt"/>
        <line num="87" count="19" type="cond" truecount="1" falsecount="1"/>
        <line num="88" count="19" type="stmt"/>
        <line num="94" count="118" type="stmt"/>
        <line num="95" count="58" type="stmt"/>
        <line num="96" count="0" type="cond" truecount="0" falsecount="2"/>
        <line num="97" count="0" type="stmt"/>
        <line num="98" count="0" type="stmt"/>
        <line num="101" count="58" type="stmt"/>
        <line num="102" count="58" type="stmt"/>
        <line num="106" count="118" type="stmt"/>
        <line num="107" count="103" type="cond" truecount="4" falsecount="0"/>
        <line num="108" count="34" type="stmt"/>
        <line num="113" count="118" type="stmt"/>
        <line num="114" count="46" type="cond" truecount="2" falsecount="0"/>
        <line num="115" count="3" type="stmt"/>
        <line num="116" count="0" type="stmt"/>
        <line num="118" count="3" type="stmt"/>
        <line num="119" count="3" type="cond" truecount="1" falsecount="1"/>
        <line num="127" count="118" type="stmt"/>
        <line num="128" count="0" type="cond" truecount="0" falsecount="2"/>
        <line num="129" count="0" type="stmt"/>
        <line num="133" count="118" type="stmt"/>
        <line num="134" count="43" type="cond" truecount="2" falsecount="0"/>
        <line num="135" count="1" type="stmt"/>
        <line num="136" count="1" type="stmt"/>
        <line num="141" count="118" type="stmt"/>
        <line num="143" count="3" type="cond" truecount="4" falsecount="0"/>
        <line num="144" count="1" type="stmt"/>
        <line num="145" count="1" type="stmt"/>
        <line num="147" count="2" type="stmt"/>
        <line num="148" count="2" type="stmt"/>
        <line num="149" count="2" type="stmt"/>
        <line num="150" count="2" type="stmt"/>
        <line num="151" count="14" type="stmt"/>
        <line num="153" count="2" type="stmt"/>
        <line num="161" count="1" type="stmt"/>
        <line num="162" count="1" type="stmt"/>
        <line num="163" count="1" type="stmt"/>
        <line num="165" count="1" type="stmt"/>
        <line num="167" count="2" type="stmt"/>
        <line num="174" count="118" type="stmt"/>
        <line num="176" count="2" type="cond" truecount="1" falsecount="1"/>
        <line num="177" count="0" type="stmt"/>
        <line num="179" count="2" type="stmt"/>
        <line num="180" count="2" type="stmt"/>
        <line num="181" count="2" type="stmt"/>
        <line num="182" count="2" type="cond" truecount="2" falsecount="0"/>
        <line num="183" count="1" type="stmt"/>
        <line num="184" count="1" type="stmt"/>
        <line num="185" count="1" type="stmt"/>
        <line num="187" count="1" type="stmt"/>
        <line num="189" count="2" type="stmt"/>
        <line num="194" count="118" type="stmt"/>
        <line num="196" count="7" type="stmt"/>
        <line num="197" count="4" type="cond" truecount="1" falsecount="1"/>
        <line num="200" count="8" type="stmt"/>
        <line num="201" count="4" type="cond" truecount="2" falsecount="0"/>
        <line num="202" count="2" type="stmt"/>
        <line num="203" count="1" type="cond" truecount="1" falsecount="1"/>
        <line num="207" count="4" type="cond" truecount="1" falsecount="1"/>
        <line num="208" count="0" type="stmt"/>
        <line num="212" count="4" type="stmt"/>
        <line num="213" count="4" type="stmt"/>
        <line num="215" count="1" type="stmt"/>
        <line num="216" count="1" type="stmt"/>
        <line num="218" count="1" type="stmt"/>
        <line num="219" count="1" type="stmt"/>
        <line num="220" count="1" type="stmt"/>
        <line num="224" count="3" type="stmt"/>
        <line num="228" count="1" type="cond" truecount="1" falsecount="1"/>
        <line num="229" count="1" type="stmt"/>
        <line num="230" count="1" type="stmt"/>
        <line num="231" count="1" type="stmt"/>
        <line num="232" count="1" type="stmt"/>
        <line num="233" count="1" type="stmt"/>
        <line num="234" count="1" type="stmt"/>
        <line num="236" count="0" type="stmt"/>
        <line num="237" count="0" type="stmt"/>
        <line num="246" count="118" type="stmt"/>
        <line num="248" count="3" type="stmt"/>
        <line num="249" count="2" type="cond" truecount="1" falsecount="1"/>
        <line num="250" count="2" type="stmt"/>
        <line num="251" count="2" type="stmt"/>
        <line num="252" count="2" type="stmt"/>
        <line num="253" count="2" type="stmt"/>
        <line num="254" count="4" type="cond" truecount="2" falsecount="0"/>
        <line num="255" count="2" type="cond" truecount="2" falsecount="0"/>
        <line num="257" count="0" type="stmt"/>
        <line num="259" count="2" type="stmt"/>
        <line num="266" count="118" type="stmt"/>
        <line num="268" count="3" type="cond" truecount="2" falsecount="0"/>
        <line num="269" count="2" type="stmt"/>
        <line num="270" count="4" type="cond" truecount="2" falsecount="0"/>
        <line num="272" count="2" type="stmt"/>
        <line num="278" count="118" type="stmt"/>
        <line num="280" count="8" type="cond" truecount="5" falsecount="0"/>
        <line num="282" count="9" type="stmt"/>
        <line num="283" count="7" type="stmt"/>
        <line num="284" count="7" type="stmt"/>
        <line num="286" count="7" type="cond" truecount="2" falsecount="0"/>
        <line num="307" count="0" type="cond" truecount="1" falsecount="1"/>
        <line num="312" count="4" type="stmt"/>
        <line num="325" count="8" type="stmt"/>
        <line num="326" count="7" type="stmt"/>
        <line num="327" count="14" type="cond" truecount="2" falsecount="0"/>
        <line num="328" count="7" type="stmt"/>
        <line num="329" count="7" type="cond" truecount="2" falsecount="0"/>
        <line num="330" count="14" type="stmt"/>
        <line num="333" count="8" type="stmt"/>
        <line num="334" count="8" type="cond" truecount="2" falsecount="0"/>
        <line num="335" count="8" type="stmt"/>
        <line num="341" count="118" type="stmt"/>
[...]
        <line num="439" count="22" type="stmt"/>
        <line num="440" count="22" type="stmt"/>
        <line num="441" count="22" type="stmt"/>
        <line num="449" count="22" type="stmt"/>
        <line num="450" count="22" type="stmt"/>
        <line num="451" count="22" type="stmt"/>
        <line num="452" count="22" type="stmt"/>
        <line num="454" count="22" type="stmt"/>
        <line num="456" count="22" type="stmt"/>
        <line num="459" count="22" type="cond" truecount="4" falsecount="0"/>
        <line num="460" count="3" type="stmt"/>
        <line num="463" count="22" type="stmt"/>
        <line num="466" count="22" type="stmt"/>
        <line num="468" count="22" type="stmt"/>
        <line num="471" count="22" type="cond" truecount="2" falsecount="0"/>
        <line num="473" count="2" type="stmt"/>
        <line num="474" count="2" type="stmt"/>
        <line num="475" count="2" type="stmt"/>
        <line num="476" count="2" type="stmt"/>
        <line num="477" count="2" type="stmt"/>
        <line num="478" count="2" type="stmt"/>
        <line num="479" count="2" type="stmt"/>
        <line num="480" count="2" type="stmt"/>
        <line num="483" count="2" type="stmt"/>
        <line num="484" count="2" type="stmt"/>
        <line num="485" count="2" type="stmt"/>
        <line num="486" count="2" type="stmt"/>
        <line num="487" count="2" type="stmt"/>
        <line num="488" count="4" type="cond" truecount="1" falsecount="1"/>
        <line num="489" count="0" type="stmt"/>
        <line num="490" count="0" type="stmt"/>
        <line num="492" count="4" type="stmt"/>
        <line num="493" count="4" type="stmt"/>
        <line num="495" count="2" type="stmt"/>
        <line num="496" count="2" type="stmt"/>
        <line num="499" count="22" type="stmt"/>
        <line num="502" count="22" type="cond" truecount="2" falsecount="0"/>
        <line num="505" count="9" type="stmt"/>
        <line num="508" count="9" type="cond" truecount="1" falsecount="1"/>
        <line num="509" count="0" type="stmt"/>
        <line num="510" count="0" type="stmt"/>
        <line num="514" count="9" type="stmt"/>
        <line num="515" count="9" type="stmt"/>
        <line num="516" count="9" type="stmt"/>
        <line num="517" count="9" type="stmt"/>
        <line num="518" count="9" type="stmt"/>
        <line num="519" count="9" type="stmt"/>
        <line num="520" count="9" type="stmt"/>
        <line num="521" count="9" type="stmt"/>
        <line num="524" count="9" type="stmt"/>
        <line num="525" count="9" type="stmt"/>
        <line num="526" count="9" type="stmt"/>
        <line num="527" count="9" type="stmt"/>
        <line num="528" count="9" type="stmt"/>
        <line num="529" count="9" type="stmt"/>
        <line num="530" count="9" type="stmt"/>
        <line num="533" count="9" type="stmt"/>
        <line num="542" count="9" type="stmt"/>
        <line num="543" count="9" type="stmt"/>
        <line num="544" count="54" type="stmt"/>
        <line num="546" count="54" type="stmt"/>
        <line num="547" count="54" type="stmt"/>
        <line num="548" count="54" type="stmt"/>
        <line num="549" count="54" type="stmt"/>
        <line num="551" count="54" type="stmt"/>
        <line num="552" count="54" type="stmt"/>
        <line num="553" count="54" type="stmt"/>
        <line num="554" count="54" type="stmt"/>
        <line num="556" count="9" type="stmt"/>
        <line num="558" count="9" type="stmt"/>
        <line num="562" count="22" type="cond" truecount="2" falsecount="0"/>
        <line num="563" count="9" type="stmt"/>
        <line num="564" count="63" type="stmt"/>
        <line num="565" count="63" type="stmt"/>
        <line num="567" count="63" type="cond" truecount="2" falsecount="0"/>
        <line num="570" count="63" type="cond" truecount="2" falsecount="0"/>
        <line num="573" count="9" type="stmt"/>
        <line num="574" count="9" type="stmt"/>
        <line num="577" count="9" type="stmt"/>
        <line num="578" count="9" type="stmt"/>
        <line num="579" count="9" type="stmt"/>
        <line num="580" count="9" type="stmt"/>
        <line num="581" count="9" type="stmt"/>
        <line num="582" count="9" type="stmt"/>
        <line num="584" count="9" type="stmt"/>
        <line num="585" count="63" type="cond" truecount="2" falsecount="0"/>
        <line num="586" count="3" type="stmt"/>
        <line num="587" count="3" type="stmt"/>
        <line num="591" count="9" type="stmt"/>
        <line num="592" count="9" type="stmt"/>
        <line num="595" count="9" type="stmt"/>
        <line num="596" count="35" type="cond" truecount="4" falsecount="0"/>
        <line num="597" count="35" type="cond" truecount="2" falsecount="0"/>
        <line num="600" count="12" type="cond" truecount="2" falsecount="0"/>
        <line num="601" count="2" type="stmt"/>
        <line num="602" count="2" type="stmt"/>
        <line num="606" count="12" type="stmt"/>
        <line num="607" count="12" type="stmt"/>
        <line num="608" count="12" type="stmt"/>
        <line num="609" count="12" type="stmt"/>
        <line num="610" count="12" type="stmt"/>
        <line num="613" count="12" type="stmt"/>
        <line num="614" count="12" type="stmt"/>
        <line num="616" count="12" type="stmt"/>
        <line num="617" count="12" type="stmt"/>
        <line num="618" count="12" type="stmt"/>
        <line num="619" count="12" type="stmt"/>
        <line num="622" count="12" type="stmt"/>
        <line num="627" count="35" type="stmt"/>
        <line num="628" count="35" type="stmt"/>
        <line num="631" count="35" type="stmt"/>
        <line num="632" count="15" type="stmt"/>
        <line num="635" count="35" type="stmt"/>
        <line num="686" count="35" type="stmt"/>
        <line num="690" count="9" type="cond" truecount="1" falsecount="1"/>
        <line num="691" count="9" type="cond" truecount="1" falsecount="1"/>
        <line num="692" count="0" type="stmt"/>
        <line num="693" count="0" type="stmt"/>
        <line num="695" count="9" type="stmt"/>
        <line num="696" count="9" type="stmt"/>
        <line num="697" count="9" type="stmt"/>
        <line num="698" count="9" type="stmt"/>
        <line num="699" count="9" type="stmt"/>
        <line num="700" count="9" type="stmt"/>
        <line num="702" count="9" type="stmt"/>
        <line num="703" count="9" type="stmt"/>
        <line num="704" count="9" type="stmt"/>
        <line num="705" count="9" type="stmt"/>
        <line num="706" count="9" type="stmt"/>
        <line num="707" count="9" type="stmt"/>
        <line num="708" count="9" type="stmt"/>
        <line num="713" count="13" type="stmt"/>
        <line num="714" count="43" type="cond" truecount="2" falsecount="0"/>
        <line num="715" count="43" type="cond" truecount="2" falsecount="0"/>
        <line num="717" count="8" type="cond" truecount="2" falsecount="0"/>
        <line num="718" count="2" type="stmt"/>
        <line num="719" count="2" type="stmt"/>
        <line num="722" count="8" type="stmt"/>
        <line num="723" count="8" type="stmt"/>
        <line num="724" count="8" type="stmt"/>
        <line num="725" count="8" type="stmt"/>
        <line num="726" count="8" type="stmt"/>
        <line num="727" count="8" type="stmt"/>
        <line num="730" count="8" type="stmt"/>
        <line num="735" count="43" type="stmt"/>
        <line num="736" count="43" type="stmt"/>
        <line num="738" count="43" type="stmt"/>
        <line num="739" count="9" type="stmt"/>
        <line num="742" count="43" type="stmt"/>
        <line num="743" count="43" type="cond" truecount="2" falsecount="0"/>
        <line num="744" count="4" type="stmt"/>
        <line num="757" count="8" type="stmt"/>
        <line num="806" count="27" type="cond" truecount="4" falsecount="0"/>
        <line num="807" count="9" type="stmt"/>
        <line num="808" count="9" type="stmt"/>
        <line num="809" count="9" type="stmt"/>
        <line num="815" count="8" type="stmt"/>
        <line num="820" count="22" type="stmt"/>
        <line num="821" count="22" type="cond" truecount="4" falsecount="0"/>
        <line num="822" count="4" type="cond" truecount="2" falsecount="0"/>
        <line num="823" count="1" type="stmt"/>
        <line num="824" count="1" type="stmt"/>
        <line num="828" count="4" type="stmt"/>
        <line num="829" count="4" type="stmt"/>
        <line num="830" count="4" type="stmt"/>
        <line num="831" count="4" type="stmt"/>
        <line num="832" count="4" type="stmt"/>
        <line num="833" count="4" type="stmt"/>
        <line num="834" count="4" type="stmt"/>
        <line num="835" count="4" type="stmt"/>
        <line num="837" count="4" type="stmt"/>
        <line num="870" count="22" type="stmt"/>
        <line num="871" count="22" type="stmt"/>
        <line num="872" count="43" type="stmt"/>
        <line num="873" count="43" type="stmt"/>
        <line num="877" count="22" type="cond" truecount="2" falsecount="0"/>
        <line num="878" count="22" type="stmt"/>
      </file>
      <file name="inputSanitize.js" path="/Users/rgupt359/IdeaProjects/meal-balancer/src/utils/inputSanitize.js">
        <metrics statements="8" coveredstatements="8" conditionals="12" coveredconditionals="12" methods="2" coveredmethods="2"/>
        <line num="13" count="18" type="cond" truecount="2" falsecount="0"/>
        <line num="14" count="17" type="stmt"/>
        <line num="15" count="17" type="cond" truecount="4" falsecount="0"/>
        <line num="16" count="13" type="stmt"/>
        <line num="28" count="18" type="cond" truecount="2" falsecount="0"/>
        <line num="29" count="17" type="stmt"/>
        <line num="30" count="17" type="cond" truecount="2" falsecount="0"/>
        <line num="31" count="16" type="stmt"/>
      </file>
      <file name="mealTime.js" path="/Users/rgupt359/IdeaProjects/meal-balancer/src/utils/mealTime.js">
        <metrics statements="31" coveredstatements="31" conditionals="52" coveredconditionals="49" methods="4" coveredmethods="4"/>
        <line num="9" count="701" type="cond" truecount="4" falsecount="0"/>
        <line num="10" count="689" type="stmt"/>
        <line num="11" count="689" type="cond" truecount="2" falsecount="0"/>
        <line num="12" count="686" type="stmt"/>
        <line num="13" count="686" type="stmt"/>
        <line num="14" count="686" type="cond" truecount="6" falsecount="0"/>
        <line num="15" count="684" type="cond" truecount="2" falsecount="0"/>
        <line num="16" count="701" type="cond" truecount="2" falsecount="0"/>
        <line num="17" count="701" type="stmt"/>
        <line num="25" count="7" type="stmt"/>
        <line num="46" count="343" type="stmt"/>
        <line num="47" count="343" type="cond" truecount="5" falsecount="1"/>
        <line num="48" count="7" type="cond" truecount="3" falsecount="1"/>
        <line num="50" count="336" type="cond" truecount="4" falsecount="0"/>
        <line num="51" count="1" type="stmt"/>
        <line num="53" count="335" type="cond" truecount="2" falsecount="0"/>
        <line num="58" count="687" type="stmt"/>
        <line num="59" count="687" type="cond" truecount="2" falsecount="0"/>
        <line num="60" count="679" type="stmt"/>
        <line num="61" count="679" type="cond" truecount="2" falsecount="0"/>
        <line num="62" count="687" type="stmt"/>
        <line num="76" count="346" type="cond" truecount="2" falsecount="0"/>
        <line num="77" count="344" type="cond" truecount="2" falsecount="0"/>
        <line num="78" count="1" type="stmt"/>
        <line num="79" count="1" type="cond" truecount="1" falsecount="1"/>
        <line num="81" count="343" type="stmt"/>
        <line num="82" count="343" type="stmt"/>
        <line num="83" count="343" type="cond" truecount="4" falsecount="0"/>
        <line num="84" count="338" type="cond" truecount="2" falsecount="0"/>
        <line num="88" count="5" type="cond" truecount="2" falsecount="0"/>
        <line num="89" count="346" type="cond" truecount="2" falsecount="0"/>
      </file>
      <file name="planSummary.js" path="/Users/rgupt359/IdeaProjects/meal-balancer/src/utils/planSummary.js">
        <metrics statements="12" coveredstatements="12" conditionals="8" coveredconditionals="7" methods="2" coveredmethods="2"/>
        <line num="18" count="10" type="stmt"/>
        <line num="19" count="10" type="cond" truecount="2" falsecount="0"/>
        <line num="21" count="8" type="cond" truecount="1" falsecount="1"/>
        <line num="22" count="10" type="stmt"/>
        <line num="23" count="56" type="stmt"/>
        <line num="24" count="56" type="stmt"/>
        <line num="25" count="392" type="cond" truecount="4" falsecount="0"/>
        <line num="26" count="392" type="stmt"/>
        <line num="28" count="56" type="stmt"/>
        <line num="29" count="56" type="stmt"/>
        <line num="30" count="56" type="stmt"/>
        <line num="32" count="8" type="stmt"/>
      </file>
      <file name="progressStats.js" path="/Users/rgupt359/IdeaProjects/meal-balancer/src/utils/progressStats.js">
        <metrics statements="16" coveredstatements="16" conditionals="14" coveredconditionals="13" methods="1" coveredmethods="1"/>
        <line num="26" count="18" type="cond" truecount="4" falsecount="0"/>
        <line num="28" count="14" type="stmt"/>
        <line num="29" count="14" type="stmt"/>
        <line num="30" count="14" type="stmt"/>
        <line num="33" count="14" type="cond" truecount="2" falsecount="0"/>
        <line num="35" count="12" type="stmt"/>
        <line num="37" count="12" type="cond" truecount="2" falsecount="0"/>
        <line num="39" count="10" type="stmt"/>
        <line num="40" count="10" type="stmt"/>
        <line num="41" count="14" type="stmt"/>
        <line num="42" count="14" type="stmt"/>
        <line num="44" count="14" type="cond" truecount="3" falsecount="1"/>
        <line num="45" count="14" type="stmt"/>
        <line num="46" count="14" type="cond" truecount="2" falsecount="0"/>
        <line num="47" count="3" type="stmt"/>
        <line num="49" count="10" type="stmt"/>
      </file>
      <file name="queryCache.js" path="/Users/rgupt359/IdeaProjects/meal-balancer/src/utils/queryCache.js">
        <metrics statements="46" coveredstatements="46" conditionals="24" coveredconditionals="24" methods="10" coveredmethods="10"/>
        <line num="6" count="9" type="stmt"/>
        <line num="7" count="9" type="stmt"/>
        <line num="9" count="9" type="stmt"/>
        <line num="10" count="9" type="stmt"/>
        <line num="11" count="9" type="stmt"/>
        <line num="17" count="280" type="cond" truecount="2" falsecount="0"/>
        <line num="19" count="3" type="stmt"/>
        <line num="21" count="3" type="stmt"/>
        <line num="22" count="303" type="cond" truecount="2" falsecount="0"/>
        <line num="23" count="50" type="stmt"/>
        <line num="27" count="3" type="cond" truecount="2" falsecount="0"/>
        <line num="28" count="200" type="stmt"/>
        <line num="29" count="2" type="stmt"/>
        <line num="30" count="2" type="stmt"/>
        <line num="31" count="2" type="stmt"/>
        <line num="44" count="300" type="stmt"/>
        <line num="45" count="300" type="stmt"/>
        <line num="47" count="300" type="cond" truecount="4" falsecount="0"/>
        <line num="48" count="9" type="stmt"/>
        <line num="52" count="291" type="cond" truecount="2" falsecount="0"/>
        <line num="53" count="1" type="stmt"/>
        <line num="56" count="290" type="stmt"/>
        <line num="58" count="280" type="stmt"/>
        <line num="59" count="280" type="stmt"/>
        <line num="60" count="280" type="stmt"/>
        <line num="61" count="280" type="stmt"/>
        <line num="64" count="10" type="stmt"/>
        <line num="65" count="10" type="stmt"/>
        <line num="68" count="290" type="stmt"/>
        <line num="69" count="290" type="stmt"/>
        <line num="82" count="20" type="stmt"/>
        <line num="83" count="20" type="stmt"/>
        <line num="86" count="20" type="cond" truecount="4" falsecount="0"/>
        <line num="87" count="2" type="stmt"/>
        <line num="91" count="18" type="cond" truecount="4" falsecount="0"/>
        <line num="93" count="5" type="cond" truecount="2" falsecount="0"/>
        <line num="94" count="4" type="stmt"/>
        <line num="96" count="2" type="stmt"/>
        <line num="97" count="2" type="stmt"/>
        <line num="98" count="2" type="stmt"/>
        <line num="103" count="1" type="stmt"/>
        <line num="105" count="4" type="stmt"/>
        <line num="107" count="5" type="stmt"/>
        <line num="111" count="13" type="stmt"/>
        <line num="119" count="14" type="stmt"/>
        <line num="126" count="100" type="stmt"/>
      </file>
      <file name="schemas.js" path="/Users/rgupt359/IdeaProjects/meal-balancer/src/utils/schemas.js">
        <metrics statements="20" coveredstatements="20" conditionals="9" coveredconditionals="7" methods="1" coveredmethods="1"/>
        <line num="7" count="9" type="stmt"/>
        <line num="14" count="9" type="stmt"/>
        <line num="17" count="9" type="stmt"/>
        <line num="29" count="9" type="stmt"/>
        <line num="32" count="9" type="stmt"/>
        <line num="57" count="9" type="stmt"/>
        <line num="60" count="9" type="stmt"/>
        <line num="70" count="9" type="stmt"/>
        <line num="73" count="9" type="stmt"/>
        <line num="90" count="9" type="stmt"/>
        <line num="102" count="31" type="cond" truecount="2" falsecount="0"/>
        <line num="103" count="2" type="cond" truecount="1" falsecount="1"/>
        <line num="104" count="2" type="stmt"/>
        <line num="106" count="2" type="stmt"/>
        <line num="108" count="29" type="stmt"/>
        <line num="109" count="29" type="cond" truecount="2" falsecount="0"/>
        <line num="110" count="3" type="cond" truecount="1" falsecount="1"/>
        <line num="111" count="3" type="stmt"/>
        <line num="116" count="3" type="stmt"/>
        <line num="118" count="26" type="stmt"/>
      </file>
      <file name="withRetry.js" path="/Users/rgupt359/IdeaProjects/meal-balancer/src/utils/withRetry.js">
        <metrics statements="24" coveredstatements="24" conditionals="31" coveredconditionals="30" methods="3" coveredmethods="3"/>
        <line num="7" count="7" type="stmt"/>
        <line num="8" count="7" type="stmt"/>
        <line num="18" count="36" type="cond" truecount="2" falsecount="0"/>
        <line num="23" count="36" type="cond" truecount="4" falsecount="0"/>
        <line num="24" count="13" type="stmt"/>
        <line num="29" count="23" type="cond" truecount="2" falsecount="0"/>
        <line num="30" count="16" type="stmt"/>
        <line num="34" count="7" type="cond" truecount="2" falsecount="0"/>
        <line num="39" count="2" type="stmt"/>
        <line num="43" count="5" type="cond" truecount="2" falsecount="0"/>
        <line num="49" count="1" type="stmt"/>
        <line num="52" count="4" type="stmt"/>
        <line num="69" count="65" type="stmt"/>
        <line num="73" count="65" type="stmt"/>
        <line num="74" count="81" type="stmt"/>
        <line num="75" count="81" type="stmt"/>
        <line num="77" count="38" type="stmt"/>
        <line num="80" count="38" type="cond" truecount="4" falsecount="0"/>
        <line num="81" count="22" type="stmt"/>
        <line num="84" count="16" type="stmt"/>
        <line num="85" count="16" type="cond" truecount="1" falsecount="1"/>
        <line num="86" count="16" type="stmt"/>
        <line num="92" count="16" type="stmt"/>
        <line num="96" count="16" type="stmt"/>
      </file>
    </package>
  </project>
</coverage>
