{"/Users/rgupt359/IdeaProjects/meal-balancer/src/components/AuthPage.jsx": {"path":"/Users/rgupt359/IdeaProjects/meal-balancer/src/components/AuthPage.jsx","statementMap":{"0":{"start":{"line":6,"column":17},"end":{"line":6,"column":null}},"1":{"start":{"line":7,"column":21},"end":{"line":9,"column":null}},"2":{"start":{"line":8,"column":8},"end":{"line":8,"column":null}},"3":{"start":{"line":11,"column":4},"end":{"line":14,"column":null}},"4":{"start":{"line":12,"column":8},"end":{"line":12,"column":null}},"5":{"start":{"line":13,"column":8},"end":{"line":13,"column":null}},"6":{"start":{"line":16,"column":4},"end":{"line":79,"column":null}},"7":{"start":{"line":28,"column":35},"end":{"line":28,"column":null}},"8":{"start":{"line":64,"column":76},"end":{"line":64,"column":95}},"9":{"start":{"line":71,"column":76},"end":{"line":71,"column":95}},"10":{"start":{"line":83,"column":26},"end":{"line":83,"column":null}},"11":{"start":{"line":84,"column":28},"end":{"line":84,"column":null}},"12":{"start":{"line":87,"column":12},"end":{"line":87,"column":null}},"13":{"start":{"line":88,"column":18},"end":{"line":88,"column":null}},"14":{"start":{"line":89,"column":21},"end":{"line":89,"column":null}},"15":{"start":{"line":90,"column":18},"end":{"line":90,"column":null}},"16":{"start":{"line":91,"column":20},"end":{"line":91,"column":null}},"17":{"start":{"line":92,"column":22},"end":{"line":92,"column":null}},"18":{"start":{"line":93,"column":24},"end":{"line":93,"column":null}},"19":{"start":{"line":94,"column":26},"end":{"line":94,"column":null}},"20":{"start":{"line":97,"column":4},"end":{"line":112,"column":null}},"21":{"start":{"line":98,"column":8},"end":{"line":98,"column":null}},"22":{"start":{"line":98,"column":26},"end":{"line":98,"column":null}},"23":{"start":{"line":99,"column":14},"end":{"line":108,"column":null}},"24":{"start":{"line":100,"column":30},"end":{"line":100,"column":null}},"25":{"start":{"line":101,"column":12},"end":{"line":107,"column":null}},"26":{"start":{"line":102,"column":16},"end":{"line":102,"column":null}},"27":{"start":{"line":103,"column":16},"end":{"line":103,"column":null}},"28":{"start":{"line":104,"column":16},"end":{"line":104,"column":null}},"29":{"start":{"line":106,"column":16},"end":{"line":106,"column":null}},"30":{"start":{"line":109,"column":8},"end":{"line":109,"column":null}},"31":{"start":{"line":110,"column":19},"end":{"line":110,"column":null}},"32":{"start":{"line":111,"column":8},"end":{"line":111,"column":null}},"33":{"start":{"line":111,"column":21},"end":{"line":111,"column":null}},"34":{"start":{"line":114,"column":24},"end":{"line":114,"column":null}},"35":{"start":{"line":117,"column":8},"end":{"line":117,"column":null}},"36":{"start":{"line":118,"column":8},"end":{"line":118,"column":null}},"37":{"start":{"line":118,"column":25},"end":{"line":118,"column":null}},"38":{"start":{"line":119,"column":8},"end":{"line":119,"column":null}},"39":{"start":{"line":120,"column":8},"end":{"line":120,"column":null}},"40":{"start":{"line":122,"column":8},"end":{"line":136,"column":null}},"41":{"start":{"line":123,"column":12},"end":{"line":123,"column":null}},"42":{"start":{"line":124,"column":12},"end":{"line":124,"column":null}},"43":{"start":{"line":126,"column":29},"end":{"line":126,"column":null}},"44":{"start":{"line":127,"column":12},"end":{"line":127,"column":null}},"45":{"start":{"line":128,"column":12},"end":{"line":133,"column":null}},"46":{"start":{"line":129,"column":16},"end":{"line":129,"column":null}},"47":{"start":{"line":130,"column":16},"end":{"line":130,"column":null}},"48":{"start":{"line":132,"column":16},"end":{"line":132,"column":null}},"49":{"start":{"line":135,"column":12},"end":{"line":135,"column":null}},"50":{"start":{"line":139,"column":4},"end":{"line":173,"column":null}},"51":{"start":{"line":148,"column":37},"end":{"line":148,"column":null}},"52":{"start":{"line":159,"column":37},"end":{"line":159,"column":null}},"53":{"start":{"line":178,"column":12},"end":{"line":178,"column":null}},"54":{"start":{"line":179,"column":18},"end":{"line":179,"column":null}},"55":{"start":{"line":180,"column":21},"end":{"line":180,"column":null}},"56":{"start":{"line":181,"column":21},"end":{"line":181,"column":null}},"57":{"start":{"line":182,"column":21},"end":{"line":182,"column":null}},"58":{"start":{"line":183,"column":26},"end":{"line":183,"column":null}},"59":{"start":{"line":184,"column":18},"end":{"line":184,"column":null}},"60":{"start":{"line":185,"column":20},"end":{"line":185,"column":null}},"61":{"start":{"line":186,"column":20},"end":{"line":186,"column":null}},"62":{"start":{"line":189,"column":8},"end":{"line":189,"column":null}},"63":{"start":{"line":190,"column":8},"end":{"line":190,"column":null}},"64":{"start":{"line":191,"column":8},"end":{"line":191,"column":null}},"65":{"start":{"line":192,"column":8},"end":{"line":192,"column":null}},"66":{"start":{"line":194,"column":8},"end":{"line":205,"column":null}},"67":{"start":{"line":195,"column":25},"end":{"line":195,"column":null}},"68":{"start":{"line":198,"column":12},"end":{"line":200,"column":null}},"69":{"start":{"line":199,"column":16},"end":{"line":199,"column":null}},"70":{"start":{"line":202,"column":12},"end":{"line":202,"column":null}},"71":{"start":{"line":204,"column":12},"end":{"line":204,"column":null}},"72":{"start":{"line":208,"column":4},"end":{"line":220,"column":null}},"73":{"start":{"line":209,"column":8},"end":{"line":218,"column":null}},"74":{"start":{"line":222,"column":4},"end":{"line":284,"column":null}},"75":{"start":{"line":231,"column":37},"end":{"line":231,"column":null}},"76":{"start":{"line":242,"column":37},"end":{"line":242,"column":null}},"77":{"start":{"line":252,"column":37},"end":{"line":252,"column":null}},"78":{"start":{"line":263,"column":37},"end":{"line":263,"column":null}},"79":{"start":{"line":273,"column":37},"end":{"line":273,"column":null}}},"fnMap":{"0":{"name":"AuthPage","decl":{"start":{"line":5,"column":9},"end":{"line":5,"column":20}},"loc":{"start":{"line":5,"column":20},"end":{"line":81,"column":null}},"line":5},"1":{"name":"(anonymous_1)","decl":{"start":{"line":7,"column":36},"end":{"line":7,"column":51}},"loc":{"start":{"line":7,"column":51},"end":{"line":9,"column":5}},"line":7},"2":{"name":"(anonymous_2)","decl":{"start":{"line":11,"column":4},"end":{"line":11,"column":20}},"loc":{"start":{"line":11,"column":20},"end":{"line":14,"column":7}},"line":11},"3":{"name":"(anonymous_3)","decl":{"start":{"line":28,"column":20},"end":{"line":28,"column":35}},"loc":{"start":{"line":28,"column":35},"end":{"line":28,"column":null}},"line":28},"4":{"name":"(anonymous_4)","decl":{"start":{"line":64,"column":61},"end":{"line":64,"column":76}},"loc":{"start":{"line":64,"column":76},"end":{"line":64,"column":95}},"line":64},"5":{"name":"(anonymous_5)","decl":{"start":{"line":71,"column":61},"end":{"line":71,"column":76}},"loc":{"start":{"line":71,"column":76},"end":{"line":71,"column":95}},"line":71},"6":{"name":"SignInForm","decl":{"start":{"line":86,"column":9},"end":{"line":86,"column":22}},"loc":{"start":{"line":86,"column":22},"end":{"line":175,"column":null}},"line":86},"7":{"name":"(anonymous_7)","decl":{"start":{"line":97,"column":4},"end":{"line":97,"column":20}},"loc":{"start":{"line":97,"column":20},"end":{"line":112,"column":7}},"line":97},"8":{"name":"(anonymous_8)","decl":{"start":{"line":99,"column":14},"end":{"line":99,"column":27}},"loc":{"start":{"line":99,"column":27},"end":{"line":108,"column":null}},"line":99},"9":{"name":"(anonymous_9)","decl":{"start":{"line":111,"column":8},"end":{"line":111,"column":21}},"loc":{"start":{"line":111,"column":21},"end":{"line":111,"column":null}},"line":111},"10":{"name":"handleSubmit","decl":{"start":{"line":116,"column":19},"end":{"line":116,"column":32}},"loc":{"start":{"line":116,"column":35},"end":{"line":137,"column":null}},"line":116},"11":{"name":"(anonymous_11)","decl":{"start":{"line":148,"column":20},"end":{"line":148,"column":31}},"loc":{"start":{"line":148,"column":37},"end":{"line":148,"column":null}},"line":148},"12":{"name":"(anonymous_12)","decl":{"start":{"line":159,"column":20},"end":{"line":159,"column":31}},"loc":{"start":{"line":159,"column":37},"end":{"line":159,"column":null}},"line":159},"13":{"name":"SignUpForm","decl":{"start":{"line":177,"column":9},"end":{"line":177,"column":22}},"loc":{"start":{"line":177,"column":22},"end":{"line":286,"column":null}},"line":177},"14":{"name":"handleSubmit_2","decl":{"start":{"line":188,"column":19},"end":{"line":188,"column":32}},"loc":{"start":{"line":188,"column":35},"end":{"line":206,"column":null}},"line":188},"15":{"name":"(anonymous_15)","decl":{"start":{"line":231,"column":20},"end":{"line":231,"column":31}},"loc":{"start":{"line":231,"column":37},"end":{"line":231,"column":null}},"line":231},"16":{"name":"(anonymous_16)","decl":{"start":{"line":242,"column":20},"end":{"line":242,"column":31}},"loc":{"start":{"line":242,"column":37},"end":{"line":242,"column":null}},"line":242},"17":{"name":"(anonymous_17)","decl":{"start":{"line":252,"column":20},"end":{"line":252,"column":31}},"loc":{"start":{"line":252,"column":37},"end":{"line":252,"column":null}},"line":252},"18":{"name":"(anonymous_18)","decl":{"start":{"line":263,"column":20},"end":{"line":263,"column":31}},"loc":{"start":{"line":263,"column":37},"end":{"line":263,"column":null}},"line":263},"19":{"name":"(anonymous_19)","decl":{"start":{"line":273,"column":20},"end":{"line":273,"column":31}},"loc":{"start":{"line":273,"column":37},"end":{"line":273,"column":null}},"line":273}},"branchMap":{"0":{"loc":{"start":{"line":21,"column":29},"end":{"line":21,"column":null}},"type":"cond-expr","locations":[{"start":{"line":21,"column":40},"end":{"line":21,"column":59}},{"start":{"line":21,"column":59},"end":{"line":21,"column":null}}],"line":21},"1":{"loc":{"start":{"line":30,"column":34},"end":{"line":30,"column":null}},"type":"cond-expr","locations":[{"start":{"line":30,"column":45},"end":{"line":30,"column":60}},{"start":{"line":30,"column":60},"end":{"line":30,"column":null}}],"line":30},"2":{"loc":{"start":{"line":32,"column":21},"end":{"line":32,"column":null}},"type":"cond-expr","locations":[{"start":{"line":32,"column":32},"end":{"line":32,"column":53}},{"start":{"line":32,"column":52},"end":{"line":32,"column":null}}],"line":32},"3":{"loc":{"start":{"line":45,"column":40},"end":{"line":45,"column":null}},"type":"cond-expr","locations":[{"start":{"line":45,"column":51},"end":{"line":45,"column":63}},{"start":{"line":45,"column":63},"end":{"line":45,"column":null}}],"line":45},"4":{"loc":{"start":{"line":46,"column":35},"end":{"line":46,"column":null}},"type":"cond-expr","locations":[{"start":{"line":46,"column":46},"end":{"line":46,"column":58}},{"start":{"line":46,"column":58},"end":{"line":46,"column":null}}],"line":46},"5":{"loc":{"start":{"line":53,"column":25},"end":{"line":55,"column":null}},"type":"cond-expr","locations":[{"start":{"line":54,"column":30},"end":{"line":54,"column":null}},{"start":{"line":55,"column":30},"end":{"line":55,"column":null}}],"line":53},"6":{"loc":{"start":{"line":58,"column":21},"end":{"line":58,"column":null}},"type":"cond-expr","locations":[{"start":{"line":58,"column":41},"end":{"line":58,"column":59}},{"start":{"line":58,"column":58},"end":{"line":58,"column":null}}],"line":58},"7":{"loc":{"start":{"line":61,"column":25},"end":{"line":74,"column":null}},"type":"cond-expr","locations":[{"start":{"line":62,"column":28},"end":{"line":69,"column":29}},{"start":{"line":69,"column":28},"end":{"line":74,"column":null}}],"line":61},"8":{"loc":{"start":{"line":98,"column":8},"end":{"line":98,"column":null}},"type":"if","locations":[{"start":{"line":98,"column":8},"end":{"line":98,"column":null}},{"start":{},"end":{}}],"line":98},"9":{"loc":{"start":{"line":101,"column":12},"end":{"line":107,"column":null}},"type":"if","locations":[{"start":{"line":101,"column":12},"end":{"line":107,"column":null}},{"start":{"line":105,"column":19},"end":{"line":107,"column":null}}],"line":101},"10":{"loc":{"start":{"line":118,"column":8},"end":{"line":118,"column":null}},"type":"if","locations":[{"start":{"line":118,"column":8},"end":{"line":118,"column":null}},{"start":{},"end":{}}],"line":118},"11":{"loc":{"start":{"line":128,"column":12},"end":{"line":133,"column":null}},"type":"if","locations":[{"start":{"line":128,"column":12},"end":{"line":133,"column":null}},{"start":{"line":131,"column":19},"end":{"line":133,"column":null}}],"line":128},"12":{"loc":{"start":{"line":132,"column":25},"end":{"line":132,"column":76}},"type":"binary-expr","locations":[{"start":{"line":132,"column":25},"end":{"line":132,"column":41}},{"start":{"line":132,"column":41},"end":{"line":132,"column":76}}],"line":132},"13":{"loc":{"start":{"line":141,"column":13},"end":{"line":141,"column":null}},"type":"binary-expr","locations":[{"start":{"line":141,"column":13},"end":{"line":141,"column":22}},{"start":{"line":141,"column":22},"end":{"line":141,"column":null}}],"line":141},"14":{"loc":{"start":{"line":165,"column":65},"end":{"line":165,"column":null}},"type":"binary-expr","locations":[{"start":{"line":165,"column":65},"end":{"line":165,"column":76}},{"start":{"line":165,"column":76},"end":{"line":165,"column":null}}],"line":165},"15":{"loc":{"start":{"line":166,"column":17},"end":{"line":167,"column":null}},"type":"cond-expr","locations":[{"start":{"line":166,"column":27},"end":{"line":166,"column":69}},{"start":{"line":166,"column":68},"end":{"line":167,"column":null}}],"line":166},"16":{"loc":{"start":{"line":167,"column":17},"end":{"line":171,"column":null}},"type":"cond-expr","locations":[{"start":{"line":168,"column":22},"end":{"line":168,"column":null}},{"start":{"line":169,"column":22},"end":{"line":171,"column":null}}],"line":167},"17":{"loc":{"start":{"line":169,"column":22},"end":{"line":171,"column":null}},"type":"cond-expr","locations":[{"start":{"line":170,"column":26},"end":{"line":170,"column":null}},{"start":{"line":171,"column":26},"end":{"line":171,"column":null}}],"line":169},"18":{"loc":{"start":{"line":198,"column":12},"end":{"line":200,"column":null}},"type":"if","locations":[{"start":{"line":198,"column":12},"end":{"line":200,"column":null}},{"start":{},"end":{}}],"line":198},"19":{"loc":{"start":{"line":198,"column":16},"end":{"line":198,"column":44}},"type":"binary-expr","locations":[{"start":{"line":198,"column":16},"end":{"line":198,"column":29}},{"start":{"line":198,"column":29},"end":{"line":198,"column":44}}],"line":198},"20":{"loc":{"start":{"line":202,"column":21},"end":{"line":202,"column":72}},"type":"binary-expr","locations":[{"start":{"line":202,"column":21},"end":{"line":202,"column":37}},{"start":{"line":202,"column":37},"end":{"line":202,"column":72}}],"line":202},"21":{"loc":{"start":{"line":208,"column":4},"end":{"line":220,"column":null}},"type":"if","locations":[{"start":{"line":208,"column":4},"end":{"line":220,"column":null}},{"start":{},"end":{}}],"line":208},"22":{"loc":{"start":{"line":224,"column":13},"end":{"line":224,"column":null}},"type":"binary-expr","locations":[{"start":{"line":224,"column":13},"end":{"line":224,"column":22}},{"start":{"line":224,"column":22},"end":{"line":224,"column":null}}],"line":224},"23":{"loc":{"start":{"line":281,"column":17},"end":{"line":282,"column":27}},"type":"cond-expr","locations":[{"start":{"line":281,"column":27},"end":{"line":281,"column":69}},{"start":{"line":281,"column":68},"end":{"line":282,"column":27}}],"line":281},"24":{"loc":{"start":{"line":282,"column":17},"end":{"line":282,"column":null}},"type":"cond-expr","locations":[{"start":{"line":282,"column":27},"end":{"line":282,"column":49}},{"start":{"line":282,"column":49},"end":{"line":282,"column":null}}],"line":282}},"s":{"0":18,"1":18,"2":10,"3":18,"4":12,"5":12,"6":18,"7":2,"8":5,"9":1,"10":1,"11":1,"12":21,"13":21,"14":21,"15":21,"16":21,"17":21,"18":21,"19":21,"20":21,"21":11,"22":11,"23":0,"24":0,"25":0,"26":0,"27":0,"28":0,"29":0,"30":0,"31":0,"32":0,"33":0,"34":21,"35":2,"36":2,"37":0,"38":2,"39":2,"40":2,"41":2,"42":1,"43":1,"44":1,"45":1,"46":0,"47":0,"48":1,"49":2,"50":21,"51":2,"52":2,"53":21,"54":21,"55":21,"56":21,"57":21,"58":21,"59":21,"60":21,"61":21,"62":3,"63":3,"64":3,"65":3,"66":3,"67":3,"68":2,"69":1,"70":1,"71":3,"72":21,"73":1,"74":20,"75":3,"76":1,"77":3,"78":0,"79":3},"f":{"0":18,"1":10,"2":12,"3":2,"4":5,"5":1,"6":21,"7":11,"8":0,"9":0,"10":2,"11":2,"12":2,"13":21,"14":3,"15":3,"16":1,"17":3,"18":0,"19":3},"b":{"0":[1,17],"1":[1,17],"2":[1,17],"3":[1,17],"4":[1,17],"5":[13,5],"6":[13,5],"7":[13,5],"8":[11,0],"9":[0,0],"10":[0,2],"11":[0,1],"12":[1,0],"13":[21,1],"14":[21,19],"15":[2,19],"16":[0,21],"17":[2,19],"18":[1,1],"19":[2,2],"20":[1,0],"21":[1,20],"22":[20,1],"23":[3,17],"24":[3,17]},"meta":{"lastBranch":25,"lastFunction":20,"lastStatement":80,"seen":{"f:5:9:5:20":0,"s:6:17:6:Infinity":0,"s:7:21:9:Infinity":1,"f:7:36:7:51":1,"s:8:8:8:Infinity":2,"s:11:4:14:Infinity":3,"f:11:4:11:20":2,"s:12:8:12:Infinity":4,"s:13:8:13:Infinity":5,"s:16:4:79:Infinity":6,"b:21:40:21:59:21:59:21:Infinity":0,"f:28:20:28:35":3,"s:28:35:28:Infinity":7,"b:30:45:30:60:30:60:30:Infinity":1,"b:32:32:32:53:32:52:32:Infinity":2,"b:45:51:45:63:45:63:45:Infinity":3,"b:46:46:46:58:46:58:46:Infinity":4,"b:54:30:54:Infinity:55:30:55:Infinity":5,"b:58:41:58:59:58:58:58:Infinity":6,"b:62:28:69:29:69:28:74:Infinity":7,"f:64:61:64:76":4,"s:64:76:64:95":8,"f:71:61:71:76":5,"s:71:76:71:95":9,"s:83:26:83:Infinity":10,"s:84:28:84:Infinity":11,"f:86:9:86:22":6,"s:87:12:87:Infinity":12,"s:88:18:88:Infinity":13,"s:89:21:89:Infinity":14,"s:90:18:90:Infinity":15,"s:91:20:91:Infinity":16,"s:92:22:92:Infinity":17,"s:93:24:93:Infinity":18,"s:94:26:94:Infinity":19,"s:97:4:112:Infinity":20,"f:97:4:97:20":7,"b:98:8:98:Infinity:undefined:undefined:undefined:undefined":8,"s:98:8:98:Infinity":21,"s:98:26:98:Infinity":22,"s:99:14:108:Infinity":23,"f:99:14:99:27":8,"s:100:30:100:Infinity":24,"b:101:12:107:Infinity:105:19:107:Infinity":9,"s:101:12:107:Infinity":25,"s:102:16:102:Infinity":26,"s:103:16:103:Infinity":27,"s:104:16:104:Infinity":28,"s:106:16:106:Infinity":29,"s:109:8:109:Infinity":30,"s:110:19:110:Infinity":31,"s:111:8:111:Infinity":32,"f:111:8:111:21":9,"s:111:21:111:Infinity":33,"s:114:24:114:Infinity":34,"f:116:19:116:32":10,"s:117:8:117:Infinity":35,"b:118:8:118:Infinity:undefined:undefined:undefined:undefined":10,"s:118:8:118:Infinity":36,"s:118:25:118:Infinity":37,"s:119:8:119:Infinity":38,"s:120:8:120:Infinity":39,"s:122:8:136:Infinity":40,"s:123:12:123:Infinity":41,"s:124:12:124:Infinity":42,"s:126:29:126:Infinity":43,"s:127:12:127:Infinity":44,"b:128:12:133:Infinity:131:19:133:Infinity":11,"s:128:12:133:Infinity":45,"s:129:16:129:Infinity":46,"s:130:16:130:Infinity":47,"s:132:16:132:Infinity":48,"b:132:25:132:41:132:41:132:76":12,"s:135:12:135:Infinity":49,"s:139:4:173:Infinity":50,"b:141:13:141:22:141:22:141:Infinity":13,"f:148:20:148:31":11,"s:148:37:148:Infinity":51,"f:159:20:159:31":12,"s:159:37:159:Infinity":52,"b:165:65:165:76:165:76:165:Infinity":14,"b:166:27:166:69:166:68:167:Infinity":15,"b:168:22:168:Infinity:169:22:171:Infinity":16,"b:170:26:170:Infinity:171:26:171:Infinity":17,"f:177:9:177:22":13,"s:178:12:178:Infinity":53,"s:179:18:179:Infinity":54,"s:180:21:180:Infinity":55,"s:181:21:181:Infinity":56,"s:182:21:182:Infinity":57,"s:183:26:183:Infinity":58,"s:184:18:184:Infinity":59,"s:185:20:185:Infinity":60,"s:186:20:186:Infinity":61,"f:188:19:188:32":14,"s:189:8:189:Infinity":62,"s:190:8:190:Infinity":63,"s:191:8:191:Infinity":64,"s:192:8:192:Infinity":65,"s:194:8:205:Infinity":66,"s:195:25:195:Infinity":67,"b:198:12:200:Infinity:undefined:undefined:undefined:undefined":18,"s:198:12:200:Infinity":68,"b:198:16:198:29:198:29:198:44":19,"s:199:16:199:Infinity":69,"s:202:12:202:Infinity":70,"b:202:21:202:37:202:37:202:72":20,"s:204:12:204:Infinity":71,"b:208:4:220:Infinity:undefined:undefined:undefined:undefined":21,"s:208:4:220:Infinity":72,"s:209:8:218:Infinity":73,"s:222:4:284:Infinity":74,"b:224:13:224:22:224:22:224:Infinity":22,"f:231:20:231:31":15,"s:231:37:231:Infinity":75,"f:242:20:242:31":16,"s:242:37:242:Infinity":76,"f:252:20:252:31":17,"s:252:37:252:Infinity":77,"f:263:20:263:31":18,"s:263:37:263:Infinity":78,"f:273:20:273:31":19,"s:273:37:273:Infinity":79,"b:281:27:281:69:281:68:282:27":23,"b:282:27:282:49:282:49:282:Infinity":24},"fnNames":{}}}
,"/Users/rgupt359/IdeaProjects/meal-balancer/src/components/FoodSearchPage.css": {"path":"/Users/rgupt359/IdeaProjects/meal-balancer/src/components/FoodSearchPage.css","statementMap":{},"fnMap":{},"branchMap":{},"s":{},"f":{},"b":{},"meta":{"lastBranch":0,"lastFunction":0,"lastStatement":0,"seen":{},"fnNames":{}}}
,"/Users/rgupt359/IdeaProjects/meal-balancer/src/components/FoodSearchPage.jsx": {"path":"/Users/rgupt359/IdeaProjects/meal-balancer/src/components/FoodSearchPage.jsx","statementMap":{"0":{"start":{"line":11,"column":18},"end":{"line":11,"column":null}},"1":{"start":{"line":15,"column":4},"end":{"line":15,"column":null}},"2":{"start":{"line":15,"column":36},"end":{"line":15,"column":null}},"3":{"start":{"line":16,"column":23},"end":{"line":16,"column":null}},"4":{"start":{"line":17,"column":22},"end":{"line":17,"column":null}},"5":{"start":{"line":18,"column":18},"end":{"line":18,"column":null}},"6":{"start":{"line":19,"column":4},"end":{"line":28,"column":null}},"7":{"start":{"line":22,"column":16},"end":{"line":25,"column":null}},"8":{"start":{"line":33,"column":18},"end":{"line":33,"column":null}},"9":{"start":{"line":34,"column":20},"end":{"line":34,"column":null}},"10":{"start":{"line":35,"column":20},"end":{"line":35,"column":null}},"11":{"start":{"line":36,"column":25},"end":{"line":36,"column":null}},"12":{"start":{"line":37,"column":22},"end":{"line":37,"column":null}},"13":{"start":{"line":38,"column":29},"end":{"line":38,"column":null}},"14":{"start":{"line":39,"column":24},"end":{"line":39,"column":null}},"15":{"start":{"line":40,"column":24},"end":{"line":40,"column":null}},"16":{"start":{"line":41,"column":20},"end":{"line":41,"column":null}},"17":{"start":{"line":42,"column":24},"end":{"line":42,"column":null}},"18":{"start":{"line":43,"column":10},"end":{"line":43,"column":null}},"19":{"start":{"line":44,"column":10},"end":{"line":44,"column":null}},"20":{"start":{"line":46,"column":10},"end":{"line":46,"column":null}},"21":{"start":{"line":47,"column":29},"end":{"line":47,"column":null}},"22":{"start":{"line":48,"column":32},"end":{"line":48,"column":null}},"23":{"start":{"line":51,"column":4},"end":{"line":164,"column":null}},"24":{"start":{"line":52,"column":24},"end":{"line":52,"column":null}},"25":{"start":{"line":54,"column":8},"end":{"line":65,"column":null}},"26":{"start":{"line":56,"column":12},"end":{"line":63,"column":null}},"27":{"start":{"line":57,"column":16},"end":{"line":57,"column":null}},"28":{"start":{"line":57,"column":31},"end":{"line":57,"column":null}},"29":{"start":{"line":58,"column":16},"end":{"line":58,"column":null}},"30":{"start":{"line":59,"column":16},"end":{"line":59,"column":null}},"31":{"start":{"line":60,"column":16},"end":{"line":60,"column":null}},"32":{"start":{"line":61,"column":16},"end":{"line":61,"column":null}},"33":{"start":{"line":62,"column":16},"end":{"line":62,"column":null}},"34":{"start":{"line":64,"column":12},"end":{"line":64,"column":null}},"35":{"start":{"line":64,"column":27},"end":{"line":64,"column":45}},"36":{"start":{"line":68,"column":12},"end":{"line":68,"column":null}},"37":{"start":{"line":69,"column":12},"end":{"line":69,"column":null}},"38":{"start":{"line":70,"column":12},"end":{"line":159,"column":null}},"39":{"start":{"line":72,"column":72},"end":{"line":76,"column":null}},"40":{"start":{"line":78,"column":16},"end":{"line":88,"column":null}},"41":{"start":{"line":79,"column":20},"end":{"line":79,"column":null}},"42":{"start":{"line":80,"column":20},"end":{"line":86,"column":null}},"43":{"start":{"line":81,"column":24},"end":{"line":81,"column":null}},"44":{"start":{"line":82,"column":24},"end":{"line":82,"column":null}},"45":{"start":{"line":83,"column":24},"end":{"line":83,"column":null}},"46":{"start":{"line":84,"column":24},"end":{"line":84,"column":null}},"47":{"start":{"line":85,"column":24},"end":{"line":85,"column":null}},"48":{"start":{"line":87,"column":20},"end":{"line":87,"column":null}},"49":{"start":{"line":90,"column":16},"end":{"line":148,"column":null}},"50":{"start":{"line":92,"column":36},"end":{"line":92,"column":null}},"51":{"start":{"line":93,"column":68},"end":{"line":96,"column":null}},"52":{"start":{"line":98,"column":20},"end":{"line":108,"column":null}},"53":{"start":{"line":99,"column":24},"end":{"line":99,"column":null}},"54":{"start":{"line":100,"column":24},"end":{"line":106,"column":null}},"55":{"start":{"line":101,"column":28},"end":{"line":101,"column":null}},"56":{"start":{"line":102,"column":28},"end":{"line":102,"column":null}},"57":{"start":{"line":103,"column":28},"end":{"line":103,"column":null}},"58":{"start":{"line":104,"column":28},"end":{"line":104,"column":null}},"59":{"start":{"line":105,"column":28},"end":{"line":105,"column":null}},"60":{"start":{"line":107,"column":24},"end":{"line":107,"column":null}},"61":{"start":{"line":110,"column":20},"end":{"line":120,"column":null}},"62":{"start":{"line":111,"column":24},"end":{"line":111,"column":null}},"63":{"start":{"line":112,"column":24},"end":{"line":112,"column":null}},"64":{"start":{"line":114,"column":30},"end":{"line":117,"column":null}},"65":{"start":{"line":114,"column":73},"end":{"line":117,"column":26}},"66":{"start":{"line":118,"column":24},"end":{"line":118,"column":null}},"67":{"start":{"line":119,"column":24},"end":{"line":119,"column":null}},"68":{"start":{"line":123,"column":44},"end":{"line":126,"column":null}},"69":{"start":{"line":128,"column":20},"end":{"line":139,"column":null}},"70":{"start":{"line":129,"column":24},"end":{"line":129,"column":null}},"71":{"start":{"line":130,"column":24},"end":{"line":137,"column":null}},"72":{"start":{"line":131,"column":28},"end":{"line":131,"column":null}},"73":{"start":{"line":132,"column":28},"end":{"line":132,"column":null}},"74":{"start":{"line":133,"column":28},"end":{"line":133,"column":null}},"75":{"start":{"line":134,"column":28},"end":{"line":134,"column":null}},"76":{"start":{"line":135,"column":28},"end":{"line":135,"column":null}},"77":{"start":{"line":136,"column":28},"end":{"line":136,"column":null}},"78":{"start":{"line":138,"column":24},"end":{"line":138,"column":null}},"79":{"start":{"line":141,"column":20},"end":{"line":147,"column":null}},"80":{"start":{"line":142,"column":24},"end":{"line":142,"column":null}},"81":{"start":{"line":143,"column":24},"end":{"line":143,"column":null}},"82":{"start":{"line":144,"column":24},"end":{"line":144,"column":null}},"83":{"start":{"line":145,"column":24},"end":{"line":145,"column":null}},"84":{"start":{"line":146,"column":24},"end":{"line":146,"column":null}},"85":{"start":{"line":150,"column":16},"end":{"line":150,"column":null}},"86":{"start":{"line":151,"column":16},"end":{"line":156,"column":null}},"87":{"start":{"line":152,"column":20},"end":{"line":152,"column":null}},"88":{"start":{"line":153,"column":20},"end":{"line":153,"column":null}},"89":{"start":{"line":154,"column":20},"end":{"line":154,"column":null}},"90":{"start":{"line":155,"column":20},"end":{"line":155,"column":null}},"91":{"start":{"line":158,"column":16},"end":{"line":158,"column":null}},"92":{"start":{"line":158,"column":32},"end":{"line":158,"column":null}},"93":{"start":{"line":162,"column":8},"end":{"line":162,"column":null}},"94":{"start":{"line":163,"column":8},"end":{"line":163,"column":null}},"95":{"start":{"line":163,"column":23},"end":{"line":163,"column":41}},"96":{"start":{"line":167,"column":4},"end":{"line":201,"column":null}},"97":{"start":{"line":168,"column":24},"end":{"line":168,"column":null}},"98":{"start":{"line":170,"column":8},"end":{"line":176,"column":null}},"99":{"start":{"line":171,"column":12},"end":{"line":174,"column":null}},"100":{"start":{"line":172,"column":16},"end":{"line":172,"column":null}},"101":{"start":{"line":172,"column":31},"end":{"line":172,"column":null}},"102":{"start":{"line":173,"column":16},"end":{"line":173,"column":null}},"103":{"start":{"line":175,"column":12},"end":{"line":175,"column":null}},"104":{"start":{"line":175,"column":27},"end":{"line":175,"column":45}},"105":{"start":{"line":179,"column":12},"end":{"line":179,"column":null}},"106":{"start":{"line":180,"column":12},"end":{"line":196,"column":null}},"107":{"start":{"line":181,"column":40},"end":{"line":184,"column":null}},"108":{"start":{"line":185,"column":16},"end":{"line":189,"column":null}},"109":{"start":{"line":186,"column":20},"end":{"line":186,"column":null}},"110":{"start":{"line":187,"column":20},"end":{"line":187,"column":null}},"111":{"start":{"line":187,"column":36},"end":{"line":187,"column":null}},"112":{"start":{"line":188,"column":20},"end":{"line":188,"column":null}},"113":{"start":{"line":190,"column":16},"end":{"line":190,"column":null}},"114":{"start":{"line":190,"column":32},"end":{"line":190,"column":null}},"115":{"start":{"line":192,"column":16},"end":{"line":192,"column":null}},"116":{"start":{"line":193,"column":16},"end":{"line":193,"column":null}},"117":{"start":{"line":193,"column":32},"end":{"line":193,"column":null}},"118":{"start":{"line":195,"column":16},"end":{"line":195,"column":null}},"119":{"start":{"line":195,"column":32},"end":{"line":195,"column":null}},"120":{"start":{"line":199,"column":8},"end":{"line":199,"column":null}},"121":{"start":{"line":200,"column":8},"end":{"line":200,"column":null}},"122":{"start":{"line":200,"column":23},"end":{"line":200,"column":41}},"123":{"start":{"line":205,"column":10},"end":{"line":213,"column":null}},"124":{"start":{"line":206,"column":23},"end":{"line":206,"column":null}},"125":{"start":{"line":207,"column":8},"end":{"line":211,"column":null}},"126":{"start":{"line":208,"column":26},"end":{"line":208,"column":null}},"127":{"start":{"line":209,"column":12},"end":{"line":209,"column":null}},"128":{"start":{"line":209,"column":32},"end":{"line":209,"column":null}},"129":{"start":{"line":210,"column":12},"end":{"line":210,"column":null}},"130":{"start":{"line":212,"column":8},"end":{"line":212,"column":null}},"131":{"start":{"line":216,"column":10},"end":{"line":236,"column":null}},"132":{"start":{"line":218,"column":12},"end":{"line":218,"column":null}},"133":{"start":{"line":218,"column":38},"end":{"line":218,"column":null}},"134":{"start":{"line":220,"column":12},"end":{"line":233,"column":null}},"135":{"start":{"line":221,"column":16},"end":{"line":221,"column":null}},"136":{"start":{"line":222,"column":16},"end":{"line":224,"column":null}},"137":{"start":{"line":223,"column":20},"end":{"line":223,"column":null}},"138":{"start":{"line":225,"column":19},"end":{"line":233,"column":null}},"139":{"start":{"line":226,"column":16},"end":{"line":226,"column":null}},"140":{"start":{"line":227,"column":16},"end":{"line":229,"column":null}},"141":{"start":{"line":228,"column":20},"end":{"line":228,"column":null}},"142":{"start":{"line":230,"column":19},"end":{"line":233,"column":null}},"143":{"start":{"line":231,"column":16},"end":{"line":231,"column":null}},"144":{"start":{"line":232,"column":16},"end":{"line":232,"column":null}},"145":{"start":{"line":239,"column":10},"end":{"line":259,"column":null}},"146":{"start":{"line":240,"column":8},"end":{"line":240,"column":null}},"147":{"start":{"line":240,"column":37},"end":{"line":240,"column":null}},"148":{"start":{"line":241,"column":8},"end":{"line":241,"column":null}},"149":{"start":{"line":242,"column":8},"end":{"line":258,"column":null}},"150":{"start":{"line":243,"column":36},"end":{"line":246,"column":null}},"151":{"start":{"line":247,"column":12},"end":{"line":250,"column":null}},"152":{"start":{"line":248,"column":16},"end":{"line":248,"column":null}},"153":{"start":{"line":249,"column":16},"end":{"line":249,"column":null}},"154":{"start":{"line":251,"column":31},"end":{"line":251,"column":null}},"155":{"start":{"line":252,"column":12},"end":{"line":252,"column":null}},"156":{"start":{"line":252,"column":33},"end":{"line":252,"column":57}},"157":{"start":{"line":253,"column":12},"end":{"line":253,"column":null}},"158":{"start":{"line":255,"column":12},"end":{"line":255,"column":null}},"159":{"start":{"line":257,"column":12},"end":{"line":257,"column":null}},"160":{"start":{"line":262,"column":4},"end":{"line":267,"column":null}},"161":{"start":{"line":263,"column":8},"end":{"line":266,"column":null}},"162":{"start":{"line":264,"column":25},"end":{"line":264,"column":null}},"163":{"start":{"line":265,"column":12},"end":{"line":265,"column":null}},"164":{"start":{"line":265,"column":22},"end":{"line":265,"column":null}},"165":{"start":{"line":269,"column":4},"end":{"line":455,"column":null}},"166":{"start":{"line":281,"column":41},"end":{"line":281,"column":null}},"167":{"start":{"line":294,"column":32},"end":{"line":294,"column":null}},"168":{"start":{"line":295,"column":32},"end":{"line":295,"column":null}},"169":{"start":{"line":296,"column":32},"end":{"line":296,"column":null}},"170":{"start":{"line":342,"column":32},"end":{"line":342,"column":null}},"171":{"start":{"line":367,"column":36},"end":{"line":390,"column":null}},"172":{"start":{"line":372,"column":55},"end":{"line":372,"column":null}},"173":{"start":{"line":444,"column":36},"end":{"line":448,"column":null}},"174":{"start":{"line":460,"column":22},"end":{"line":460,"column":null}},"175":{"start":{"line":462,"column":4},"end":{"line":493,"column":null}},"176":{"start":{"line":466,"column":31},"end":{"line":466,"column":null}},"177":{"start":{"line":482,"column":28},"end":{"line":488,"column":null}}},"fnMap":{"0":{"name":"HighlightMatch","decl":{"start":{"line":14,"column":9},"end":{"line":14,"column":24}},"loc":{"start":{"line":14,"column":41},"end":{"line":30,"column":null}},"line":14},"1":{"name":"(anonymous_1)","decl":{"start":{"line":21,"column":19},"end":{"line":21,"column":24}},"loc":{"start":{"line":22,"column":16},"end":{"line":25,"column":null}},"line":22},"2":{"name":"FoodSearchPage","decl":{"start":{"line":32,"column":9},"end":{"line":32,"column":26}},"loc":{"start":{"line":32,"column":26},"end":{"line":457,"column":null}},"line":32},"3":{"name":"(anonymous_3)","decl":{"start":{"line":51,"column":4},"end":{"line":51,"column":20}},"loc":{"start":{"line":51,"column":20},"end":{"line":164,"column":7}},"line":51},"4":{"name":"(anonymous_4)","decl":{"start":{"line":56,"column":12},"end":{"line":56,"column":33}},"loc":{"start":{"line":56,"column":33},"end":{"line":63,"column":13}},"line":56},"5":{"name":"(anonymous_5)","decl":{"start":{"line":64,"column":12},"end":{"line":64,"column":25}},"loc":{"start":{"line":64,"column":25},"end":{"line":64,"column":null}},"line":64},"6":{"name":"search","decl":{"start":{"line":67,"column":23},"end":{"line":67,"column":32}},"loc":{"start":{"line":67,"column":32},"end":{"line":160,"column":null}},"line":67},"7":{"name":"(anonymous_7)","decl":{"start":{"line":114,"column":61},"end":{"line":114,"column":66}},"loc":{"start":{"line":114,"column":73},"end":{"line":117,"column":26}},"line":114},"8":{"name":"(anonymous_8)","decl":{"start":{"line":163,"column":8},"end":{"line":163,"column":21}},"loc":{"start":{"line":163,"column":21},"end":{"line":163,"column":null}},"line":163},"9":{"name":"(anonymous_9)","decl":{"start":{"line":167,"column":4},"end":{"line":167,"column":20}},"loc":{"start":{"line":167,"column":20},"end":{"line":201,"column":7}},"line":167},"10":{"name":"(anonymous_10)","decl":{"start":{"line":171,"column":12},"end":{"line":171,"column":33}},"loc":{"start":{"line":171,"column":33},"end":{"line":174,"column":13}},"line":171},"11":{"name":"(anonymous_11)","decl":{"start":{"line":175,"column":12},"end":{"line":175,"column":25}},"loc":{"start":{"line":175,"column":25},"end":{"line":175,"column":null}},"line":175},"12":{"name":"fetchNutrients","decl":{"start":{"line":178,"column":23},"end":{"line":178,"column":40}},"loc":{"start":{"line":178,"column":40},"end":{"line":197,"column":null}},"line":178},"13":{"name":"(anonymous_13)","decl":{"start":{"line":200,"column":8},"end":{"line":200,"column":21}},"loc":{"start":{"line":200,"column":21},"end":{"line":200,"column":null}},"line":200},"14":{"name":"(anonymous_14)","decl":{"start":{"line":205,"column":29},"end":{"line":205,"column":43}},"loc":{"start":{"line":205,"column":43},"end":{"line":213,"column":7}},"line":205},"15":{"name":"(anonymous_15)","decl":{"start":{"line":216,"column":26},"end":{"line":216,"column":null}},"loc":{"start":{"line":217,"column":15},"end":{"line":234,"column":null}},"line":217},"16":{"name":"(anonymous_16)","decl":{"start":{"line":222,"column":16},"end":{"line":222,"column":32}},"loc":{"start":{"line":223,"column":20},"end":{"line":223,"column":null}},"line":223},"17":{"name":"(anonymous_17)","decl":{"start":{"line":227,"column":16},"end":{"line":227,"column":32}},"loc":{"start":{"line":228,"column":20},"end":{"line":228,"column":null}},"line":228},"18":{"name":"(anonymous_18)","decl":{"start":{"line":239,"column":33},"end":{"line":239,"column":45}},"loc":{"start":{"line":239,"column":45},"end":{"line":259,"column":7}},"line":239},"19":{"name":"(anonymous_19)","decl":{"start":{"line":252,"column":12},"end":{"line":252,"column":24}},"loc":{"start":{"line":252,"column":33},"end":{"line":252,"column":57}},"line":252},"20":{"name":"(anonymous_20)","decl":{"start":{"line":262,"column":4},"end":{"line":262,"column":20}},"loc":{"start":{"line":262,"column":20},"end":{"line":267,"column":7}},"line":262},"21":{"name":"(anonymous_21)","decl":{"start":{"line":281,"column":24},"end":{"line":281,"column":35}},"loc":{"start":{"line":281,"column":41},"end":{"line":281,"column":null}},"line":281},"22":{"name":"(anonymous_22)","decl":{"start":{"line":293,"column":28},"end":{"line":293,"column":43}},"loc":{"start":{"line":293,"column":43},"end":{"line":297,"column":null}},"line":293},"23":{"name":"(anonymous_23)","decl":{"start":{"line":341,"column":55},"end":{"line":341,"column":60}},"loc":{"start":{"line":342,"column":32},"end":{"line":342,"column":null}},"line":342},"24":{"name":"(anonymous_24)","decl":{"start":{"line":366,"column":32},"end":{"line":366,"column":45}},"loc":{"start":{"line":367,"column":36},"end":{"line":390,"column":null}},"line":367},"25":{"name":"(anonymous_25)","decl":{"start":{"line":372,"column":40},"end":{"line":372,"column":55}},"loc":{"start":{"line":372,"column":55},"end":{"line":372,"column":null}},"line":372},"26":{"name":"(anonymous_26)","decl":{"start":{"line":443,"column":66},"end":{"line":443,"column":71}},"loc":{"start":{"line":444,"column":36},"end":{"line":448,"column":null}},"line":444},"27":{"name":"NutrientGroupTable","decl":{"start":{"line":459,"column":9},"end":{"line":459,"column":28}},"loc":{"start":{"line":459,"column":50},"end":{"line":495,"column":null}},"line":459},"28":{"name":"(anonymous_28)","decl":{"start":{"line":466,"column":16},"end":{"line":466,"column":31}},"loc":{"start":{"line":466,"column":31},"end":{"line":466,"column":null}},"line":466},"29":{"name":"(anonymous_29)","decl":{"start":{"line":481,"column":31},"end":{"line":481,"column":36}},"loc":{"start":{"line":482,"column":28},"end":{"line":488,"column":null}},"line":482}},"branchMap":{"0":{"loc":{"start":{"line":15,"column":4},"end":{"line":15,"column":null}},"type":"if","locations":[{"start":{"line":15,"column":4},"end":{"line":15,"column":null}},{"start":{},"end":{}}],"line":15},"1":{"loc":{"start":{"line":15,"column":8},"end":{"line":15,"column":36}},"type":"binary-expr","locations":[{"start":{"line":15,"column":8},"end":{"line":15,"column":18}},{"start":{"line":15,"column":18},"end":{"line":15,"column":36}}],"line":15},"2":{"loc":{"start":{"line":22,"column":16},"end":{"line":25,"column":null}},"type":"cond-expr","locations":[{"start":{"line":23,"column":20},"end":{"line":23,"column":null}},{"start":{"line":25,"column":20},"end":{"line":25,"column":null}}],"line":22},"3":{"loc":{"start":{"line":54,"column":8},"end":{"line":65,"column":null}},"type":"if","locations":[{"start":{"line":54,"column":8},"end":{"line":65,"column":null}},{"start":{},"end":{}}],"line":54},"4":{"loc":{"start":{"line":57,"column":16},"end":{"line":57,"column":null}},"type":"if","locations":[{"start":{"line":57,"column":16},"end":{"line":57,"column":null}},{"start":{},"end":{}}],"line":57},"5":{"loc":{"start":{"line":78,"column":16},"end":{"line":88,"column":null}},"type":"if","locations":[{"start":{"line":78,"column":16},"end":{"line":88,"column":null}},{"start":{},"end":{}}],"line":78},"6":{"loc":{"start":{"line":80,"column":20},"end":{"line":86,"column":null}},"type":"if","locations":[{"start":{"line":80,"column":20},"end":{"line":86,"column":null}},{"start":{},"end":{}}],"line":80},"7":{"loc":{"start":{"line":81,"column":39},"end":{"line":81,"column":125}},"type":"binary-expr","locations":[{"start":{"line":81,"column":39},"end":{"line":81,"column":64}},{"start":{"line":81,"column":64},"end":{"line":81,"column":125}}],"line":81},"8":{"loc":{"start":{"line":90,"column":16},"end":{"line":148,"column":null}},"type":"if","locations":[{"start":{"line":90,"column":16},"end":{"line":148,"column":null}},{"start":{"line":121,"column":23},"end":{"line":148,"column":null}}],"line":90},"9":{"loc":{"start":{"line":90,"column":20},"end":{"line":90,"column":81}},"type":"binary-expr","locations":[{"start":{"line":90,"column":20},"end":{"line":90,"column":34}},{"start":{"line":90,"column":34},"end":{"line":90,"column":53}},{"start":{"line":90,"column":53},"end":{"line":90,"column":81}}],"line":90},"10":{"loc":{"start":{"line":98,"column":20},"end":{"line":108,"column":null}},"type":"if","locations":[{"start":{"line":98,"column":20},"end":{"line":108,"column":null}},{"start":{},"end":{}}],"line":98},"11":{"loc":{"start":{"line":100,"column":24},"end":{"line":106,"column":null}},"type":"if","locations":[{"start":{"line":100,"column":24},"end":{"line":106,"column":null}},{"start":{},"end":{}}],"line":100},"12":{"loc":{"start":{"line":101,"column":43},"end":{"line":101,"column":105}},"type":"binary-expr","locations":[{"start":{"line":101,"column":43},"end":{"line":101,"column":62}},{"start":{"line":101,"column":62},"end":{"line":101,"column":105}}],"line":101},"13":{"loc":{"start":{"line":110,"column":20},"end":{"line":120,"column":null}},"type":"if","locations":[{"start":{"line":110,"column":20},"end":{"line":120,"column":null}},{"start":{},"end":{}}],"line":110},"14":{"loc":{"start":{"line":114,"column":40},"end":{"line":114,"column":61}},"type":"binary-expr","locations":[{"start":{"line":114,"column":40},"end":{"line":114,"column":57}},{"start":{"line":114,"column":57},"end":{"line":114,"column":61}}],"line":114},"15":{"loc":{"start":{"line":128,"column":20},"end":{"line":139,"column":null}},"type":"if","locations":[{"start":{"line":128,"column":20},"end":{"line":139,"column":null}},{"start":{},"end":{}}],"line":128},"16":{"loc":{"start":{"line":130,"column":24},"end":{"line":137,"column":null}},"type":"if","locations":[{"start":{"line":130,"column":24},"end":{"line":137,"column":null}},{"start":{},"end":{}}],"line":130},"17":{"loc":{"start":{"line":131,"column":43},"end":{"line":131,"column":99}},"type":"binary-expr","locations":[{"start":{"line":131,"column":43},"end":{"line":131,"column":60}},{"start":{"line":131,"column":60},"end":{"line":131,"column":99}}],"line":131},"18":{"loc":{"start":{"line":141,"column":20},"end":{"line":147,"column":null}},"type":"if","locations":[{"start":{"line":141,"column":20},"end":{"line":147,"column":null}},{"start":{},"end":{}}],"line":141},"19":{"loc":{"start":{"line":144,"column":35},"end":{"line":144,"column":45}},"type":"binary-expr","locations":[{"start":{"line":144,"column":35},"end":{"line":144,"column":43}},{"start":{"line":144,"column":43},"end":{"line":144,"column":45}}],"line":144},"20":{"loc":{"start":{"line":145,"column":36},"end":{"line":145,"column":48}},"type":"binary-expr","locations":[{"start":{"line":145,"column":36},"end":{"line":145,"column":44}},{"start":{"line":145,"column":44},"end":{"line":145,"column":48}}],"line":145},"21":{"loc":{"start":{"line":151,"column":16},"end":{"line":156,"column":null}},"type":"if","locations":[{"start":{"line":151,"column":16},"end":{"line":156,"column":null}},{"start":{},"end":{}}],"line":151},"22":{"loc":{"start":{"line":158,"column":16},"end":{"line":158,"column":null}},"type":"if","locations":[{"start":{"line":158,"column":16},"end":{"line":158,"column":null}},{"start":{},"end":{}}],"line":158},"23":{"loc":{"start":{"line":170,"column":8},"end":{"line":176,"column":null}},"type":"if","locations":[{"start":{"line":170,"column":8},"end":{"line":176,"column":null}},{"start":{},"end":{}}],"line":170},"24":{"loc":{"start":{"line":172,"column":16},"end":{"line":172,"column":null}},"type":"if","locations":[{"start":{"line":172,"column":16},"end":{"line":172,"column":null}},{"start":{},"end":{}}],"line":172},"25":{"loc":{"start":{"line":185,"column":16},"end":{"line":189,"column":null}},"type":"if","locations":[{"start":{"line":185,"column":16},"end":{"line":189,"column":null}},{"start":{},"end":{}}],"line":185},"26":{"loc":{"start":{"line":187,"column":20},"end":{"line":187,"column":null}},"type":"if","locations":[{"start":{"line":187,"column":20},"end":{"line":187,"column":null}},{"start":{},"end":{}}],"line":187},"27":{"loc":{"start":{"line":190,"column":16},"end":{"line":190,"column":null}},"type":"if","locations":[{"start":{"line":190,"column":16},"end":{"line":190,"column":null}},{"start":{},"end":{}}],"line":190},"28":{"loc":{"start":{"line":190,"column":45},"end":{"line":190,"column":55}},"type":"binary-expr","locations":[{"start":{"line":190,"column":45},"end":{"line":190,"column":53}},{"start":{"line":190,"column":53},"end":{"line":190,"column":55}}],"line":190},"29":{"loc":{"start":{"line":193,"column":16},"end":{"line":193,"column":null}},"type":"if","locations":[{"start":{"line":193,"column":16},"end":{"line":193,"column":null}},{"start":{},"end":{}}],"line":193},"30":{"loc":{"start":{"line":195,"column":16},"end":{"line":195,"column":null}},"type":"if","locations":[{"start":{"line":195,"column":16},"end":{"line":195,"column":null}},{"start":{},"end":{}}],"line":195},"31":{"loc":{"start":{"line":208,"column":26},"end":{"line":208,"column":null}},"type":"binary-expr","locations":[{"start":{"line":208,"column":26},"end":{"line":208,"column":48}},{"start":{"line":208,"column":48},"end":{"line":208,"column":null}}],"line":208},"32":{"loc":{"start":{"line":209,"column":12},"end":{"line":209,"column":null}},"type":"if","locations":[{"start":{"line":209,"column":12},"end":{"line":209,"column":null}},{"start":{},"end":{}}],"line":209},"33":{"loc":{"start":{"line":218,"column":12},"end":{"line":218,"column":null}},"type":"if","locations":[{"start":{"line":218,"column":12},"end":{"line":218,"column":null}},{"start":{},"end":{}}],"line":218},"34":{"loc":{"start":{"line":220,"column":12},"end":{"line":233,"column":null}},"type":"if","locations":[{"start":{"line":220,"column":12},"end":{"line":233,"column":null}},{"start":{"line":225,"column":19},"end":{"line":233,"column":null}}],"line":220},"35":{"loc":{"start":{"line":223,"column":20},"end":{"line":223,"column":null}},"type":"cond-expr","locations":[{"start":{"line":223,"column":48},"end":{"line":223,"column":59}},{"start":{"line":223,"column":59},"end":{"line":223,"column":null}}],"line":223},"36":{"loc":{"start":{"line":225,"column":19},"end":{"line":233,"column":null}},"type":"if","locations":[{"start":{"line":225,"column":19},"end":{"line":233,"column":null}},{"start":{"line":230,"column":19},"end":{"line":233,"column":null}}],"line":225},"37":{"loc":{"start":{"line":228,"column":20},"end":{"line":228,"column":null}},"type":"cond-expr","locations":[{"start":{"line":228,"column":31},"end":{"line":228,"column":42}},{"start":{"line":228,"column":42},"end":{"line":228,"column":null}}],"line":228},"38":{"loc":{"start":{"line":230,"column":19},"end":{"line":233,"column":null}},"type":"if","locations":[{"start":{"line":230,"column":19},"end":{"line":233,"column":null}},{"start":{},"end":{}}],"line":230},"39":{"loc":{"start":{"line":230,"column":23},"end":{"line":230,"column":62}},"type":"binary-expr","locations":[{"start":{"line":230,"column":23},"end":{"line":230,"column":44}},{"start":{"line":230,"column":44},"end":{"line":230,"column":62}}],"line":230},"40":{"loc":{"start":{"line":240,"column":8},"end":{"line":240,"column":null}},"type":"if","locations":[{"start":{"line":240,"column":8},"end":{"line":240,"column":null}},{"start":{},"end":{}}],"line":240},"41":{"loc":{"start":{"line":240,"column":12},"end":{"line":240,"column":37}},"type":"binary-expr","locations":[{"start":{"line":240,"column":12},"end":{"line":240,"column":27}},{"start":{"line":240,"column":27},"end":{"line":240,"column":37}}],"line":240},"42":{"loc":{"start":{"line":247,"column":12},"end":{"line":250,"column":null}},"type":"if","locations":[{"start":{"line":247,"column":12},"end":{"line":250,"column":null}},{"start":{},"end":{}}],"line":247},"43":{"loc":{"start":{"line":251,"column":31},"end":{"line":251,"column":null}},"type":"binary-expr","locations":[{"start":{"line":251,"column":31},"end":{"line":251,"column":39}},{"start":{"line":251,"column":39},"end":{"line":251,"column":null}}],"line":251},"44":{"loc":{"start":{"line":263,"column":8},"end":{"line":266,"column":null}},"type":"if","locations":[{"start":{"line":263,"column":8},"end":{"line":266,"column":null}},{"start":{},"end":{}}],"line":263},"45":{"loc":{"start":{"line":263,"column":12},"end":{"line":263,"column":55}},"type":"binary-expr","locations":[{"start":{"line":263,"column":12},"end":{"line":263,"column":32}},{"start":{"line":263,"column":32},"end":{"line":263,"column":55}}],"line":263},"46":{"loc":{"start":{"line":265,"column":12},"end":{"line":265,"column":null}},"type":"if","locations":[{"start":{"line":265,"column":12},"end":{"line":265,"column":null}},{"start":{},"end":{}}],"line":265},"47":{"loc":{"start":{"line":287,"column":47},"end":{"line":287,"column":null}},"type":"cond-expr","locations":[{"start":{"line":287,"column":66},"end":{"line":287,"column":97}},{"start":{"line":287,"column":97},"end":{"line":287,"column":null}}],"line":287},"48":{"loc":{"start":{"line":290,"column":21},"end":{"line":301,"column":null}},"type":"binary-expr","locations":[{"start":{"line":290,"column":21},"end":{"line":290,"column":null}},{"start":{"line":291,"column":24},"end":{"line":301,"column":null}}],"line":290},"49":{"loc":{"start":{"line":303,"column":21},"end":{"line":303,"column":null}},"type":"binary-expr","locations":[{"start":{"line":303,"column":21},"end":{"line":303,"column":32}},{"start":{"line":303,"column":32},"end":{"line":303,"column":null}}],"line":303},"50":{"loc":{"start":{"line":316,"column":21},"end":{"line":321,"column":null}},"type":"binary-expr","locations":[{"start":{"line":316,"column":21},"end":{"line":316,"column":null}},{"start":{"line":317,"column":24},"end":{"line":321,"column":null}}],"line":316},"51":{"loc":{"start":{"line":324,"column":21},"end":{"line":327,"column":null}},"type":"binary-expr","locations":[{"start":{"line":324,"column":21},"end":{"line":324,"column":41}},{"start":{"line":324,"column":41},"end":{"line":324,"column":null}},{"start":{"line":325,"column":24},"end":{"line":327,"column":null}}],"line":324},"52":{"loc":{"start":{"line":330,"column":21},"end":{"line":335,"column":null}},"type":"binary-expr","locations":[{"start":{"line":330,"column":21},"end":{"line":330,"column":51}},{"start":{"line":330,"column":51},"end":{"line":330,"column":63}},{"start":{"line":330,"column":63},"end":{"line":330,"column":87}},{"start":{"line":330,"column":87},"end":{"line":330,"column":null}},{"start":{"line":331,"column":24},"end":{"line":335,"column":null}}],"line":330},"53":{"loc":{"start":{"line":339,"column":21},"end":{"line":344,"column":null}},"type":"binary-expr","locations":[{"start":{"line":339,"column":21},"end":{"line":339,"column":null}},{"start":{"line":340,"column":24},"end":{"line":344,"column":null}}],"line":339},"54":{"loc":{"start":{"line":347,"column":21},"end":{"line":350,"column":null}},"type":"binary-expr","locations":[{"start":{"line":347,"column":21},"end":{"line":347,"column":null}},{"start":{"line":348,"column":24},"end":{"line":350,"column":null}}],"line":347},"55":{"loc":{"start":{"line":353,"column":21},"end":{"line":409,"column":null}},"type":"binary-expr","locations":[{"start":{"line":353,"column":21},"end":{"line":353,"column":null}},{"start":{"line":354,"column":24},"end":{"line":409,"column":null}}],"line":353},"56":{"loc":{"start":{"line":355,"column":29},"end":{"line":358,"column":null}},"type":"binary-expr","locations":[{"start":{"line":355,"column":29},"end":{"line":355,"column":null}},{"start":{"line":356,"column":32},"end":{"line":358,"column":null}}],"line":355},"57":{"loc":{"start":{"line":370,"column":44},"end":{"line":370,"column":null}},"type":"cond-expr","locations":[{"start":{"line":370,"column":85},"end":{"line":370,"column":98}},{"start":{"line":370,"column":98},"end":{"line":370,"column":null}}],"line":370},"58":{"loc":{"start":{"line":371,"column":44},"end":{"line":371,"column":null}},"type":"cond-expr","locations":[{"start":{"line":371,"column":68},"end":{"line":371,"column":88}},{"start":{"line":371,"column":88},"end":{"line":371,"column":null}}],"line":371},"59":{"loc":{"start":{"line":378,"column":45},"end":{"line":383,"column":null}},"type":"binary-expr","locations":[{"start":{"line":378,"column":45},"end":{"line":378,"column":65}},{"start":{"line":378,"column":65},"end":{"line":378,"column":null}},{"start":{"line":379,"column":48},"end":{"line":383,"column":null}}],"line":378},"60":{"loc":{"start":{"line":380,"column":92},"end":{"line":380,"column":115}},"type":"binary-expr","locations":[{"start":{"line":380,"column":92},"end":{"line":380,"column":105}},{"start":{"line":380,"column":105},"end":{"line":380,"column":115}}],"line":380},"61":{"loc":{"start":{"line":387,"column":70},"end":{"line":387,"column":93}},"type":"binary-expr","locations":[{"start":{"line":387,"column":70},"end":{"line":387,"column":89}},{"start":{"line":387,"column":89},"end":{"line":387,"column":93}}],"line":387},"62":{"loc":{"start":{"line":393,"column":29},"end":{"line":407,"column":null}},"type":"binary-expr","locations":[{"start":{"line":393,"column":29},"end":{"line":393,"column":40}},{"start":{"line":393,"column":40},"end":{"line":393,"column":null}},{"start":{"line":394,"column":32},"end":{"line":407,"column":null}}],"line":393},"63":{"loc":{"start":{"line":399,"column":37},"end":{"line":405,"column":null}},"type":"cond-expr","locations":[{"start":{"line":400,"column":40},"end":{"line":405,"column":null}},{"start":{"line":405,"column":40},"end":{"line":405,"column":null}}],"line":399},"64":{"loc":{"start":{"line":415,"column":21},"end":{"line":418,"column":null}},"type":"binary-expr","locations":[{"start":{"line":415,"column":21},"end":{"line":415,"column":null}},{"start":{"line":416,"column":24},"end":{"line":418,"column":null}}],"line":415},"65":{"loc":{"start":{"line":421,"column":21},"end":{"line":425,"column":null}},"type":"binary-expr","locations":[{"start":{"line":421,"column":21},"end":{"line":421,"column":37}},{"start":{"line":421,"column":37},"end":{"line":421,"column":null}},{"start":{"line":422,"column":24},"end":{"line":425,"column":null}}],"line":421},"66":{"loc":{"start":{"line":428,"column":21},"end":{"line":451,"column":null}},"type":"binary-expr","locations":[{"start":{"line":428,"column":21},"end":{"line":428,"column":37}},{"start":{"line":428,"column":37},"end":{"line":428,"column":null}},{"start":{"line":429,"column":24},"end":{"line":451,"column":null}}],"line":428},"67":{"loc":{"start":{"line":469,"column":17},"end":{"line":470,"column":null}},"type":"cond-expr","locations":[{"start":{"line":469,"column":29},"end":{"line":469,"column":58}},{"start":{"line":469,"column":57},"end":{"line":470,"column":null}}],"line":469},"68":{"loc":{"start":{"line":471,"column":13},"end":{"line":493,"column":null}},"type":"binary-expr","locations":[{"start":{"line":471,"column":13},"end":{"line":471,"column":null}},{"start":{"line":472,"column":16},"end":{"line":493,"column":null}}],"line":471},"69":{"loc":{"start":{"line":485,"column":37},"end":{"line":485,"column":null}},"type":"cond-expr","locations":[{"start":{"line":485,"column":58},"end":{"line":485,"column":90}},{"start":{"line":485,"column":90},"end":{"line":485,"column":null}}],"line":485},"70":{"loc":{"start":{"line":487,"column":68},"end":{"line":487,"column":88}},"type":"binary-expr","locations":[{"start":{"line":487,"column":68},"end":{"line":487,"column":81}},{"start":{"line":487,"column":81},"end":{"line":487,"column":88}}],"line":487}},"s":{"0":1,"1":20,"2":0,"3":20,"4":20,"5":20,"6":20,"7":36,"8":34,"9":34,"10":34,"11":34,"12":34,"13":34,"14":34,"15":34,"16":34,"17":34,"18":34,"19":34,"20":34,"21":34,"22":34,"23":34,"24":16,"25":16,"26":10,"27":10,"28":0,"29":10,"30":10,"31":10,"32":10,"33":10,"34":10,"35":10,"36":6,"37":6,"38":6,"39":6,"40":6,"41":1,"42":1,"43":1,"44":1,"45":1,"46":1,"47":1,"48":1,"49":5,"50":1,"51":1,"52":1,"53":0,"54":0,"55":0,"56":0,"57":0,"58":0,"59":0,"60":0,"61":1,"62":1,"63":1,"64":1,"65":2,"66":1,"67":1,"68":4,"69":4,"70":1,"71":1,"72":1,"73":1,"74":1,"75":1,"76":1,"77":1,"78":1,"79":3,"80":3,"81":3,"82":3,"83":3,"84":3,"85":0,"86":0,"87":0,"88":0,"89":0,"90":0,"91":6,"92":6,"93":6,"94":6,"95":6,"96":34,"97":11,"98":11,"99":10,"100":10,"101":0,"102":10,"103":10,"104":10,"105":1,"106":1,"107":1,"108":1,"109":0,"110":0,"111":0,"112":0,"113":1,"114":1,"115":0,"116":0,"117":0,"118":1,"119":1,"120":1,"121":1,"122":1,"123":34,"124":21,"125":21,"126":3,"127":3,"128":1,"129":3,"130":21,"131":34,"132":0,"133":0,"134":0,"135":0,"136":0,"137":0,"138":0,"139":0,"140":0,"141":0,"142":0,"143":0,"144":0,"145":34,"146":0,"147":0,"148":0,"149":0,"150":0,"151":0,"152":0,"153":0,"154":0,"155":0,"156":0,"157":0,"158":0,"159":0,"160":34,"161":10,"162":0,"163":0,"164":0,"165":34,"166":6,"167":0,"168":0,"169":0,"170":0,"171":10,"172":1,"173":1,"174":1,"175":1,"176":0,"177":3},"f":{"0":20,"1":36,"2":34,"3":16,"4":10,"5":10,"6":6,"7":2,"8":6,"9":11,"10":10,"11":10,"12":1,"13":1,"14":21,"15":0,"16":0,"17":0,"18":0,"19":0,"20":10,"21":6,"22":0,"23":0,"24":10,"25":1,"26":1,"27":1,"28":0,"29":3},"b":{"0":[0,20],"1":[20,20],"2":[8,28],"3":[10,6],"4":[0,10],"5":[1,5],"6":[1,0],"7":[1,0],"8":[1,4],"9":[5,5,5],"10":[0,1],"11":[0,0],"12":[0,0],"13":[1,0],"14":[1,0],"15":[1,3],"16":[1,0],"17":[1,0],"18":[3,0],"19":[3,0],"20":[3,0],"21":[0,0],"22":[6,0],"23":[10,1],"24":[0,10],"25":[0,1],"26":[0,0],"27":[1,0],"28":[1,0],"29":[0,0],"30":[1,0],"31":[3,0],"32":[1,2],"33":[0,0],"34":[0,0],"35":[0,0],"36":[0,0],"37":[0,0],"38":[0,0],"39":[0,0],"40":[0,0],"41":[0,0],"42":[0,0],"43":[0,0],"44":[0,10],"45":[10,0],"46":[0,0],"47":[0,34],"48":[34,14],"49":[34,0],"50":[34,20],"51":[34,14,0],"52":[34,14,14,9,7],"53":[34,0],"54":[34,2],"55":[34,5],"56":[5,1],"57":[2,8],"58":[0,10],"59":[10,2,2],"60":[2,0],"61":[10,0],"62":[5,0,0],"63":[0,0],"64":[34,32],"65":[34,2,0],"66":[34,2,2],"67":[0,1],"68":[1,1],"69":[3,0],"70":[3,0]},"meta":{"lastBranch":71,"lastFunction":30,"lastStatement":178,"seen":{"s:11:18:11:Infinity":0,"f:14:9:14:24":0,"b:15:4:15:Infinity:undefined:undefined:undefined:undefined":0,"s:15:4:15:Infinity":1,"b:15:8:15:18:15:18:15:36":1,"s:15:36:15:Infinity":2,"s:16:23:16:Infinity":3,"s:17:22:17:Infinity":4,"s:18:18:18:Infinity":5,"s:19:4:28:Infinity":6,"f:21:19:21:24":1,"s:22:16:25:Infinity":7,"b:23:20:23:Infinity:25:20:25:Infinity":2,"f:32:9:32:26":2,"s:33:18:33:Infinity":8,"s:34:20:34:Infinity":9,"s:35:20:35:Infinity":10,"s:36:25:36:Infinity":11,"s:37:22:37:Infinity":12,"s:38:29:38:Infinity":13,"s:39:24:39:Infinity":14,"s:40:24:40:Infinity":15,"s:41:20:41:Infinity":16,"s:42:24:42:Infinity":17,"s:43:10:43:Infinity":18,"s:44:10:44:Infinity":19,"s:46:10:46:Infinity":20,"s:47:29:47:Infinity":21,"s:48:32:48:Infinity":22,"s:51:4:164:Infinity":23,"f:51:4:51:20":3,"s:52:24:52:Infinity":24,"b:54:8:65:Infinity:undefined:undefined:undefined:undefined":3,"s:54:8:65:Infinity":25,"s:56:12:63:Infinity":26,"f:56:12:56:33":4,"b:57:16:57:Infinity:undefined:undefined:undefined:undefined":4,"s:57:16:57:Infinity":27,"s:57:31:57:Infinity":28,"s:58:16:58:Infinity":29,"s:59:16:59:Infinity":30,"s:60:16:60:Infinity":31,"s:61:16:61:Infinity":32,"s:62:16:62:Infinity":33,"s:64:12:64:Infinity":34,"f:64:12:64:25":5,"s:64:27:64:45":35,"f:67:23:67:32":6,"s:68:12:68:Infinity":36,"s:69:12:69:Infinity":37,"s:70:12:159:Infinity":38,"s:72:72:76:Infinity":39,"b:78:16:88:Infinity:undefined:undefined:undefined:undefined":5,"s:78:16:88:Infinity":40,"s:79:20:79:Infinity":41,"b:80:20:86:Infinity:undefined:undefined:undefined:undefined":6,"s:80:20:86:Infinity":42,"s:81:24:81:Infinity":43,"b:81:39:81:64:81:64:81:125":7,"s:82:24:82:Infinity":44,"s:83:24:83:Infinity":45,"s:84:24:84:Infinity":46,"s:85:24:85:Infinity":47,"s:87:20:87:Infinity":48,"b:90:16:148:Infinity:121:23:148:Infinity":8,"s:90:16:148:Infinity":49,"b:90:20:90:34:90:34:90:53:90:53:90:81":9,"s:92:36:92:Infinity":50,"s:93:68:96:Infinity":51,"b:98:20:108:Infinity:undefined:undefined:undefined:undefined":10,"s:98:20:108:Infinity":52,"s:99:24:99:Infinity":53,"b:100:24:106:Infinity:undefined:undefined:undefined:undefined":11,"s:100:24:106:Infinity":54,"s:101:28:101:Infinity":55,"b:101:43:101:62:101:62:101:105":12,"s:102:28:102:Infinity":56,"s:103:28:103:Infinity":57,"s:104:28:104:Infinity":58,"s:105:28:105:Infinity":59,"s:107:24:107:Infinity":60,"b:110:20:120:Infinity:undefined:undefined:undefined:undefined":13,"s:110:20:120:Infinity":61,"s:111:24:111:Infinity":62,"s:112:24:112:Infinity":63,"s:114:30:117:Infinity":64,"b:114:40:114:57:114:57:114:61":14,"f:114:61:114:66":7,"s:114:73:117:26":65,"s:118:24:118:Infinity":66,"s:119:24:119:Infinity":67,"s:123:44:126:Infinity":68,"b:128:20:139:Infinity:undefined:undefined:undefined:undefined":15,"s:128:20:139:Infinity":69,"s:129:24:129:Infinity":70,"b:130:24:137:Infinity:undefined:undefined:undefined:undefined":16,"s:130:24:137:Infinity":71,"s:131:28:131:Infinity":72,"b:131:43:131:60:131:60:131:99":17,"s:132:28:132:Infinity":73,"s:133:28:133:Infinity":74,"s:134:28:134:Infinity":75,"s:135:28:135:Infinity":76,"s:136:28:136:Infinity":77,"s:138:24:138:Infinity":78,"b:141:20:147:Infinity:undefined:undefined:undefined:undefined":18,"s:141:20:147:Infinity":79,"s:142:24:142:Infinity":80,"s:143:24:143:Infinity":81,"s:144:24:144:Infinity":82,"b:144:35:144:43:144:43:144:45":19,"s:145:24:145:Infinity":83,"b:145:36:145:44:145:44:145:48":20,"s:146:24:146:Infinity":84,"s:150:16:150:Infinity":85,"b:151:16:156:Infinity:undefined:undefined:undefined:undefined":21,"s:151:16:156:Infinity":86,"s:152:20:152:Infinity":87,"s:153:20:153:Infinity":88,"s:154:20:154:Infinity":89,"s:155:20:155:Infinity":90,"b:158:16:158:Infinity:undefined:undefined:undefined:undefined":22,"s:158:16:158:Infinity":91,"s:158:32:158:Infinity":92,"s:162:8:162:Infinity":93,"s:163:8:163:Infinity":94,"f:163:8:163:21":8,"s:163:23:163:41":95,"s:167:4:201:Infinity":96,"f:167:4:167:20":9,"s:168:24:168:Infinity":97,"b:170:8:176:Infinity:undefined:undefined:undefined:undefined":23,"s:170:8:176:Infinity":98,"s:171:12:174:Infinity":99,"f:171:12:171:33":10,"b:172:16:172:Infinity:undefined:undefined:undefined:undefined":24,"s:172:16:172:Infinity":100,"s:172:31:172:Infinity":101,"s:173:16:173:Infinity":102,"s:175:12:175:Infinity":103,"f:175:12:175:25":11,"s:175:27:175:45":104,"f:178:23:178:40":12,"s:179:12:179:Infinity":105,"s:180:12:196:Infinity":106,"s:181:40:184:Infinity":107,"b:185:16:189:Infinity:undefined:undefined:undefined:undefined":25,"s:185:16:189:Infinity":108,"s:186:20:186:Infinity":109,"b:187:20:187:Infinity:undefined:undefined:undefined:undefined":26,"s:187:20:187:Infinity":110,"s:187:36:187:Infinity":111,"s:188:20:188:Infinity":112,"b:190:16:190:Infinity:undefined:undefined:undefined:undefined":27,"s:190:16:190:Infinity":113,"s:190:32:190:Infinity":114,"b:190:45:190:53:190:53:190:55":28,"s:192:16:192:Infinity":115,"b:193:16:193:Infinity:undefined:undefined:undefined:undefined":29,"s:193:16:193:Infinity":116,"s:193:32:193:Infinity":117,"b:195:16:195:Infinity:undefined:undefined:undefined:undefined":30,"s:195:16:195:Infinity":118,"s:195:32:195:Infinity":119,"s:199:8:199:Infinity":120,"s:200:8:200:Infinity":121,"f:200:8:200:21":13,"s:200:23:200:41":122,"s:205:10:213:Infinity":123,"f:205:29:205:43":14,"s:206:23:206:Infinity":124,"s:207:8:211:Infinity":125,"s:208:26:208:Infinity":126,"b:208:26:208:48:208:48:208:Infinity":31,"b:209:12:209:Infinity:undefined:undefined:undefined:undefined":32,"s:209:12:209:Infinity":127,"s:209:32:209:Infinity":128,"s:210:12:210:Infinity":129,"s:212:8:212:Infinity":130,"s:216:10:236:Infinity":131,"f:216:26:216:Infinity":15,"b:218:12:218:Infinity:undefined:undefined:undefined:undefined":33,"s:218:12:218:Infinity":132,"s:218:38:218:Infinity":133,"b:220:12:233:Infinity:225:19:233:Infinity":34,"s:220:12:233:Infinity":134,"s:221:16:221:Infinity":135,"s:222:16:224:Infinity":136,"f:222:16:222:32":16,"s:223:20:223:Infinity":137,"b:223:48:223:59:223:59:223:Infinity":35,"b:225:19:233:Infinity:230:19:233:Infinity":36,"s:225:19:233:Infinity":138,"s:226:16:226:Infinity":139,"s:227:16:229:Infinity":140,"f:227:16:227:32":17,"s:228:20:228:Infinity":141,"b:228:31:228:42:228:42:228:Infinity":37,"b:230:19:233:Infinity:undefined:undefined:undefined:undefined":38,"s:230:19:233:Infinity":142,"b:230:23:230:44:230:44:230:62":39,"s:231:16:231:Infinity":143,"s:232:16:232:Infinity":144,"s:239:10:259:Infinity":145,"f:239:33:239:45":18,"b:240:8:240:Infinity:undefined:undefined:undefined:undefined":40,"s:240:8:240:Infinity":146,"b:240:12:240:27:240:27:240:37":41,"s:240:37:240:Infinity":147,"s:241:8:241:Infinity":148,"s:242:8:258:Infinity":149,"s:243:36:246:Infinity":150,"b:247:12:250:Infinity:undefined:undefined:undefined:undefined":42,"s:247:12:250:Infinity":151,"s:248:16:248:Infinity":152,"s:249:16:249:Infinity":153,"s:251:31:251:Infinity":154,"b:251:31:251:39:251:39:251:Infinity":43,"s:252:12:252:Infinity":155,"f:252:12:252:24":19,"s:252:33:252:57":156,"s:253:12:253:Infinity":157,"s:255:12:255:Infinity":158,"s:257:12:257:Infinity":159,"s:262:4:267:Infinity":160,"f:262:4:262:20":20,"b:263:8:266:Infinity:undefined:undefined:undefined:undefined":44,"s:263:8:266:Infinity":161,"b:263:12:263:32:263:32:263:55":45,"s:264:25:264:Infinity":162,"b:265:12:265:Infinity:undefined:undefined:undefined:undefined":46,"s:265:12:265:Infinity":163,"s:265:22:265:Infinity":164,"s:269:4:455:Infinity":165,"f:281:24:281:35":21,"s:281:41:281:Infinity":166,"b:287:66:287:97:287:97:287:Infinity":47,"b:290:21:290:Infinity:291:24:301:Infinity":48,"f:293:28:293:43":22,"s:294:32:294:Infinity":167,"s:295:32:295:Infinity":168,"s:296:32:296:Infinity":169,"b:303:21:303:32:303:32:303:Infinity":49,"b:316:21:316:Infinity:317:24:321:Infinity":50,"b:324:21:324:41:324:41:324:Infinity:325:24:327:Infinity":51,"b:330:21:330:51:330:51:330:63:330:63:330:87:330:87:330:Infinity:331:24:335:Infinity":52,"b:339:21:339:Infinity:340:24:344:Infinity":53,"f:341:55:341:60":23,"s:342:32:342:Infinity":170,"b:347:21:347:Infinity:348:24:350:Infinity":54,"b:353:21:353:Infinity:354:24:409:Infinity":55,"b:355:29:355:Infinity:356:32:358:Infinity":56,"f:366:32:366:45":24,"s:367:36:390:Infinity":171,"b:370:85:370:98:370:98:370:Infinity":57,"b:371:68:371:88:371:88:371:Infinity":58,"f:372:40:372:55":25,"s:372:55:372:Infinity":172,"b:378:45:378:65:378:65:378:Infinity:379:48:383:Infinity":59,"b:380:92:380:105:380:105:380:115":60,"b:387:70:387:89:387:89:387:93":61,"b:393:29:393:40:393:40:393:Infinity:394:32:407:Infinity":62,"b:400:40:405:Infinity:405:40:405:Infinity":63,"b:415:21:415:Infinity:416:24:418:Infinity":64,"b:421:21:421:37:421:37:421:Infinity:422:24:425:Infinity":65,"b:428:21:428:37:428:37:428:Infinity:429:24:451:Infinity":66,"f:443:66:443:71":26,"s:444:36:448:Infinity":173,"f:459:9:459:28":27,"s:460:22:460:Infinity":174,"s:462:4:493:Infinity":175,"f:466:16:466:31":28,"s:466:31:466:Infinity":176,"b:469:29:469:58:469:57:470:Infinity":67,"b:471:13:471:Infinity:472:16:493:Infinity":68,"f:481:31:481:36":29,"s:482:28:488:Infinity":177,"b:485:58:485:90:485:90:485:Infinity":69,"b:487:68:487:81:487:81:487:88":70},"fnNames":{}}}
,"/Users/rgupt359/IdeaProjects/meal-balancer/src/components/dashboard/FoodAutocomplete.jsx": {"path":"/Users/rgupt359/IdeaProjects/meal-balancer/src/components/dashboard/FoodAutocomplete.jsx","statementMap":{"0":{"start":{"line":11,"column":23},"end":{"line":11,"column":null}},"1":{"start":{"line":12,"column":24},"end":{"line":12,"column":null}},"2":{"start":{"line":13,"column":19},"end":{"line":13,"column":null}},"3":{"start":{"line":14,"column":22},"end":{"line":14,"column":null}},"4":{"start":{"line":15,"column":27},"end":{"line":15,"column":null}},"5":{"start":{"line":16,"column":10},"end":{"line":16,"column":null}},"6":{"start":{"line":17,"column":10},"end":{"line":17,"column":null}},"7":{"start":{"line":18,"column":10},"end":{"line":18,"column":null}},"8":{"start":{"line":19,"column":10},"end":{"line":19,"column":null}},"9":{"start":{"line":22,"column":10},"end":{"line":27,"column":null}},"10":{"start":{"line":24,"column":32},"end":{"line":24,"column":null}},"11":{"start":{"line":25,"column":28},"end":{"line":25,"column":null}},"12":{"start":{"line":29,"column":10},"end":{"line":29,"column":null}},"13":{"start":{"line":30,"column":4},"end":{"line":35,"column":null}},"14":{"start":{"line":31,"column":8},"end":{"line":34,"column":null}},"15":{"start":{"line":32,"column":12},"end":{"line":32,"column":null}},"16":{"start":{"line":33,"column":12},"end":{"line":33,"column":null}},"17":{"start":{"line":38,"column":4},"end":{"line":58,"column":null}},"18":{"start":{"line":39,"column":8},"end":{"line":43,"column":null}},"19":{"start":{"line":40,"column":12},"end":{"line":40,"column":null}},"20":{"start":{"line":41,"column":12},"end":{"line":41,"column":null}},"21":{"start":{"line":42,"column":12},"end":{"line":42,"column":null}},"22":{"start":{"line":45,"column":24},"end":{"line":45,"column":null}},"23":{"start":{"line":46,"column":8},"end":{"line":46,"column":null}},"24":{"start":{"line":48,"column":8},"end":{"line":55,"column":null}},"25":{"start":{"line":49,"column":12},"end":{"line":54,"column":null}},"26":{"start":{"line":50,"column":16},"end":{"line":50,"column":null}},"27":{"start":{"line":51,"column":16},"end":{"line":51,"column":null}},"28":{"start":{"line":52,"column":16},"end":{"line":52,"column":null}},"29":{"start":{"line":53,"column":16},"end":{"line":53,"column":null}},"30":{"start":{"line":57,"column":8},"end":{"line":57,"column":null}},"31":{"start":{"line":57,"column":23},"end":{"line":57,"column":41}},"32":{"start":{"line":61,"column":4},"end":{"line":69,"column":null}},"33":{"start":{"line":63,"column":12},"end":{"line":65,"column":null}},"34":{"start":{"line":64,"column":16},"end":{"line":64,"column":null}},"35":{"start":{"line":67,"column":8},"end":{"line":67,"column":null}},"36":{"start":{"line":68,"column":8},"end":{"line":68,"column":null}},"37":{"start":{"line":68,"column":21},"end":{"line":68,"column":null}},"38":{"start":{"line":72,"column":20},"end":{"line":72,"column":null}},"39":{"start":{"line":73,"column":8},"end":{"line":73,"column":null}},"40":{"start":{"line":74,"column":8},"end":{"line":74,"column":null}},"41":{"start":{"line":75,"column":8},"end":{"line":77,"column":null}},"42":{"start":{"line":76,"column":12},"end":{"line":76,"column":null}},"43":{"start":{"line":81,"column":8},"end":{"line":81,"column":null}},"44":{"start":{"line":82,"column":8},"end":{"line":82,"column":null}},"45":{"start":{"line":83,"column":8},"end":{"line":83,"column":null}},"46":{"start":{"line":84,"column":8},"end":{"line":84,"column":null}},"47":{"start":{"line":88,"column":8},"end":{"line":88,"column":null}},"48":{"start":{"line":88,"column":21},"end":{"line":88,"column":null}},"49":{"start":{"line":90,"column":8},"end":{"line":101,"column":null}},"50":{"start":{"line":91,"column":12},"end":{"line":91,"column":null}},"51":{"start":{"line":92,"column":12},"end":{"line":92,"column":null}},"52":{"start":{"line":92,"column":40},"end":{"line":92,"column":82}},"53":{"start":{"line":93,"column":15},"end":{"line":101,"column":null}},"54":{"start":{"line":94,"column":12},"end":{"line":94,"column":null}},"55":{"start":{"line":95,"column":12},"end":{"line":95,"column":null}},"56":{"start":{"line":95,"column":40},"end":{"line":95,"column":61}},"57":{"start":{"line":96,"column":15},"end":{"line":101,"column":null}},"58":{"start":{"line":97,"column":12},"end":{"line":97,"column":null}},"59":{"start":{"line":98,"column":12},"end":{"line":98,"column":null}},"60":{"start":{"line":99,"column":15},"end":{"line":101,"column":null}},"61":{"start":{"line":100,"column":12},"end":{"line":100,"column":null}},"62":{"start":{"line":104,"column":4},"end":{"line":153,"column":null}},"63":{"start":{"line":112,"column":33},"end":{"line":112,"column":78}},"64":{"start":{"line":112,"column":61},"end":{"line":112,"column":78}},"65":{"start":{"line":127,"column":41},"end":{"line":127,"column":null}},"66":{"start":{"line":128,"column":42},"end":{"line":128,"column":null}},"67":{"start":{"line":129,"column":28},"end":{"line":147,"column":null}},"68":{"start":{"line":135,"column":51},"end":{"line":135,"column":null}},"69":{"start":{"line":136,"column":56},"end":{"line":136,"column":null}}},"fnMap":{"0":{"name":"FoodAutocomplete","decl":{"start":{"line":10,"column":9},"end":{"line":10,"column":26}},"loc":{"start":{"line":10,"column":97},"end":{"line":155,"column":null}},"line":10},"1":{"name":"(anonymous_1)","decl":{"start":{"line":24,"column":8},"end":{"line":24,"column":32}},"loc":{"start":{"line":24,"column":32},"end":{"line":24,"column":null}},"line":24},"2":{"name":"(anonymous_2)","decl":{"start":{"line":25,"column":8},"end":{"line":25,"column":28}},"loc":{"start":{"line":25,"column":28},"end":{"line":25,"column":null}},"line":25},"3":{"name":"(anonymous_3)","decl":{"start":{"line":30,"column":4},"end":{"line":30,"column":20}},"loc":{"start":{"line":30,"column":20},"end":{"line":35,"column":7}},"line":30},"4":{"name":"(anonymous_4)","decl":{"start":{"line":38,"column":4},"end":{"line":38,"column":20}},"loc":{"start":{"line":38,"column":20},"end":{"line":58,"column":7}},"line":38},"5":{"name":"(anonymous_5)","decl":{"start":{"line":48,"column":40},"end":{"line":48,"column":46}},"loc":{"start":{"line":48,"column":58},"end":{"line":55,"column":9}},"line":48},"6":{"name":"(anonymous_6)","decl":{"start":{"line":57,"column":8},"end":{"line":57,"column":21}},"loc":{"start":{"line":57,"column":21},"end":{"line":57,"column":null}},"line":57},"7":{"name":"(anonymous_7)","decl":{"start":{"line":61,"column":4},"end":{"line":61,"column":20}},"loc":{"start":{"line":61,"column":20},"end":{"line":69,"column":7}},"line":61},"8":{"name":"handleClickOutside","decl":{"start":{"line":62,"column":17},"end":{"line":62,"column":36}},"loc":{"start":{"line":62,"column":39},"end":{"line":66,"column":null}},"line":62},"9":{"name":"(anonymous_9)","decl":{"start":{"line":68,"column":8},"end":{"line":68,"column":21}},"loc":{"start":{"line":68,"column":21},"end":{"line":68,"column":null}},"line":68},"10":{"name":"handleInputChange","decl":{"start":{"line":71,"column":13},"end":{"line":71,"column":31}},"loc":{"start":{"line":71,"column":34},"end":{"line":78,"column":null}},"line":71},"11":{"name":"handleSelect","decl":{"start":{"line":80,"column":13},"end":{"line":80,"column":26}},"loc":{"start":{"line":80,"column":32},"end":{"line":85,"column":null}},"line":80},"12":{"name":"handleKeyDown","decl":{"start":{"line":87,"column":13},"end":{"line":87,"column":27}},"loc":{"start":{"line":87,"column":30},"end":{"line":102,"column":null}},"line":87},"13":{"name":"(anonymous_13)","decl":{"start":{"line":92,"column":12},"end":{"line":92,"column":31}},"loc":{"start":{"line":92,"column":40},"end":{"line":92,"column":82}},"line":92},"14":{"name":"(anonymous_14)","decl":{"start":{"line":95,"column":12},"end":{"line":95,"column":31}},"loc":{"start":{"line":95,"column":40},"end":{"line":95,"column":61}},"line":95},"15":{"name":"(anonymous_15)","decl":{"start":{"line":112,"column":16},"end":{"line":112,"column":31}},"loc":{"start":{"line":112,"column":31},"end":{"line":112,"column":null}},"line":112},"16":{"name":"(anonymous_16)","decl":{"start":{"line":126,"column":55},"end":{"line":126,"column":60}},"loc":{"start":{"line":126,"column":75},"end":{"line":149,"column":25}},"line":126},"17":{"name":"(anonymous_17)","decl":{"start":{"line":135,"column":36},"end":{"line":135,"column":51}},"loc":{"start":{"line":135,"column":51},"end":{"line":135,"column":null}},"line":135},"18":{"name":"(anonymous_18)","decl":{"start":{"line":136,"column":36},"end":{"line":136,"column":56}},"loc":{"start":{"line":136,"column":56},"end":{"line":136,"column":null}},"line":136}},"branchMap":{"0":{"loc":{"start":{"line":10,"column":55},"end":{"line":10,"column":97}},"type":"default-arg","locations":[{"start":{"line":10,"column":69},"end":{"line":10,"column":97}}],"line":10},"1":{"loc":{"start":{"line":11,"column":49},"end":{"line":11,"column":60}},"type":"binary-expr","locations":[{"start":{"line":11,"column":49},"end":{"line":11,"column":58}},{"start":{"line":11,"column":58},"end":{"line":11,"column":60}}],"line":11},"2":{"loc":{"start":{"line":31,"column":8},"end":{"line":34,"column":null}},"type":"if","locations":[{"start":{"line":31,"column":8},"end":{"line":34,"column":null}},{"start":{},"end":{}}],"line":31},"3":{"loc":{"start":{"line":33,"column":26},"end":{"line":33,"column":37}},"type":"binary-expr","locations":[{"start":{"line":33,"column":26},"end":{"line":33,"column":35}},{"start":{"line":33,"column":35},"end":{"line":33,"column":37}}],"line":33},"4":{"loc":{"start":{"line":39,"column":8},"end":{"line":43,"column":null}},"type":"if","locations":[{"start":{"line":39,"column":8},"end":{"line":43,"column":null}},{"start":{},"end":{}}],"line":39},"5":{"loc":{"start":{"line":49,"column":12},"end":{"line":54,"column":null}},"type":"if","locations":[{"start":{"line":49,"column":12},"end":{"line":54,"column":null}},{"start":{},"end":{}}],"line":49},"6":{"loc":{"start":{"line":63,"column":12},"end":{"line":65,"column":null}},"type":"if","locations":[{"start":{"line":63,"column":12},"end":{"line":65,"column":null}},{"start":{},"end":{}}],"line":63},"7":{"loc":{"start":{"line":63,"column":16},"end":{"line":63,"column":78}},"type":"binary-expr","locations":[{"start":{"line":63,"column":16},"end":{"line":63,"column":38}},{"start":{"line":63,"column":38},"end":{"line":63,"column":78}}],"line":63},"8":{"loc":{"start":{"line":75,"column":8},"end":{"line":77,"column":null}},"type":"if","locations":[{"start":{"line":75,"column":8},"end":{"line":77,"column":null}},{"start":{},"end":{}}],"line":75},"9":{"loc":{"start":{"line":88,"column":8},"end":{"line":88,"column":null}},"type":"if","locations":[{"start":{"line":88,"column":8},"end":{"line":88,"column":null}},{"start":{},"end":{}}],"line":88},"10":{"loc":{"start":{"line":90,"column":8},"end":{"line":101,"column":null}},"type":"if","locations":[{"start":{"line":90,"column":8},"end":{"line":101,"column":null}},{"start":{"line":93,"column":15},"end":{"line":101,"column":null}}],"line":90},"11":{"loc":{"start":{"line":93,"column":15},"end":{"line":101,"column":null}},"type":"if","locations":[{"start":{"line":93,"column":15},"end":{"line":101,"column":null}},{"start":{"line":96,"column":15},"end":{"line":101,"column":null}}],"line":93},"12":{"loc":{"start":{"line":96,"column":15},"end":{"line":101,"column":null}},"type":"if","locations":[{"start":{"line":
[...]
mn":12},"end":{"line":23,"column":null}},"11":{"start":{"line":27,"column":4},"end":{"line":33,"column":null}},"12":{"start":{"line":28,"column":23},"end":{"line":28,"column":null}},"13":{"start":{"line":28,"column":59},"end":{"line":28,"column":90}},"14":{"start":{"line":29,"column":25},"end":{"line":29,"column":null}},"15":{"start":{"line":30,"column":8},"end":{"line":32,"column":null}},"16":{"start":{"line":31,"column":12},"end":{"line":31,"column":null}},"17":{"start":{"line":44,"column":16},"end":{"line":44,"column":null}},"18":{"start":{"line":45,"column":18},"end":{"line":45,"column":null}},"19":{"start":{"line":47,"column":4},"end":{"line":49,"column":null}},"20":{"start":{"line":48,"column":8},"end":{"line":48,"column":null}},"21":{"start":{"line":52,"column":4},"end":{"line":54,"column":null}},"22":{"start":{"line":53,"column":8},"end":{"line":53,"column":null}},"23":{"start":{"line":56,"column":20},"end":{"line":64,"column":null}},"24":{"start":{"line":57,"column":8},"end":{"line":57,"column":null}},"25":{"start":{"line":58,"column":8},"end":{"line":58,"column":null}},"26":{"start":{"line":59,"column":8},"end":{"line":59,"column":null}},"27":{"start":{"line":60,"column":8},"end":{"line":60,"column":null}},"28":{"start":{"line":62,"column":8},"end":{"line":62,"column":null}},"29":{"start":{"line":63,"column":8},"end":{"line":63,"column":null}},"30":{"start":{"line":66,"column":4},"end":{"line":66,"column":null}},"31":{"start":{"line":67,"column":4},"end":{"line":67,"column":null}},"32":{"start":{"line":80,"column":16},"end":{"line":80,"column":null}},"33":{"start":{"line":81,"column":18},"end":{"line":81,"column":null}},"34":{"start":{"line":84,"column":4},"end":{"line":86,"column":null}},"35":{"start":{"line":85,"column":8},"end":{"line":85,"column":null}},"36":{"start":{"line":89,"column":4},"end":{"line":102,"column":null}},"37":{"start":{"line":91,"column":8},"end":{"line":100,"column":null}},"38":{"start":{"line":92,"column":30},"end":{"line":98,"column":null}},"39":{"start":{"line":93,"column":16},"end":{"line":93,"column":null}},"40":{"start":{"line":94,"column":16},"end":{"line":94,"column":null}},"41":{"start":{"line":95,"column":16},"end":{"line":95,"column":null}},"42":{"start":{"line":97,"column":16},"end":{"line":97,"column":null}},"43":{"start":{"line":99,"column":12},"end":{"line":99,"column":null}},"44":{"start":{"line":101,"column":8},"end":{"line":101,"column":null}},"45":{"start":{"line":105,"column":4},"end":{"line":105,"column":null}},"46":{"start":{"line":113,"column":4},"end":{"line":113,"column":null}},"47":{"start":{"line":120,"column":4},"end":{"line":120,"column":null}}},"fnMap":{"0":{"name":"evictIfNeeded","decl":{"start":{"line":16,"column":9},"end":{"line":16,"column":25}},"loc":{"start":{"line":16,"column":25},"end":{"line":34,"column":null}},"line":16},"1":{"name":"(anonymous_1)","decl":{"start":{"line":28,"column":44},"end":{"line":28,"column":50}},"loc":{"start":{"line":28,"column":59},"end":{"line":28,"column":90}},"line":28},"2":{"name":"cachedFetch","decl":{"start":{"line":43,"column":22},"end":{"line":43,"column":34}},"loc":{"start":{"line":43,"column":67},"end":{"line":68,"column":null}},"line":43},"3":{"name":"(anonymous_3)","decl":{"start":{"line":56,"column":30},"end":{"line":56,"column":36}},"loc":{"start":{"line":56,"column":45},"end":{"line":61,"column":5}},"line":56},"4":{"name":"(anonymous_4)","decl":{"start":{"line":61,"column":7},"end":{"line":61,"column":14}},"loc":{"start":{"line":61,"column":22},"end":{"line":64,"column":5}},"line":61},"5":{"name":"staleWhileRevalidate","decl":{"start":{"line":79,"column":22},"end":{"line":79,"column":43}},"loc":{"start":{"line":79,"column":76},"end":{"line":106,"column":null}},"line":79},"6":{"name":"(anonymous_6)","decl":{"start":{"line":92,"column":40},"end":{"line":92,"column":46}},"loc":{"start":{"line":92,"column":55},"end":{"line":96,"column":13}},"line":92},"7":{"name":"(anonymous_7)","decl":{"start":{"line":96,"column":15},"end":{"line":96,"column":27}},"loc":{"start":{"line":96,"column":27},"end":{"line":98,"column":13}},"line":96},"8":{"name":"invalidateCache","decl":{"start":{"line":112,"column":16},"end":{"line":112,"column":32}},"loc":{"start":{"line":112,"column":37},"end":{"line":114,"column":null}},"line":112},"9":{"name":"clearCache","decl":{"start":{"line":119,"column":16},"end":{"line":119,"column":29}},"loc":{"start":{"line":119,"column":29},"end":{"line":121,"column":null}},"line":119}},"branchMap":{"0":{"loc":{"start":{"line":17,"column":4},"end":{"line":17,"column":null}},"type":"if","locations":[{"start":{"line":17,"column":4},"end":{"line":17,"column":null}},{"start":{},"end":{}}],"line":17},"1":{"loc":{"start":{"line":22,"column":8},"end":{"line":24,"column":null}},"type":"if","locations":[{"start":{"line":22,"column":8},"end":{"line":24,"column":null}},{"start":{},"end":{}}],"line":22},"2":{"loc":{"start":{"line":27,"column":4},"end":{"line":33,"column":null}},"type":"if","locations":[{"start":{"line":27,"column":4},"end":{"line":33,"column":null}},{"start":{},"end":{}}],"line":27},"3":{"loc":{"start":{"line":43,"column":48},"end":{"line":43,"column":67}},"type":"default-arg","locations":[{"start":{"line":43,"column":54},"end":{"line":43,"column":67}}],"line":43},"4":{"loc":{"start":{"line":47,"column":4},"end":{"line":49,"column":null}},"type":"if","locations":[{"start":{"line":47,"column":4},"end":{"line":49,"column":null}},{"start":{},"end":{}}],"line":47},"5":{"loc":{"start":{"line":47,"column":8},"end":{"line":47,"column":46}},"type":"binary-expr","locations":[{"start":{"line":47,"column":8},"end":{"line":47,"column":17}},{"start":{"line":47,"column":17},"end":{"line":47,"column":46}}],"line":47},"6":{"loc":{"start":{"line":52,"column":4},"end":{"line":54,"column":null}},"type":"if","locations":[{"start":{"line":52,"column":4},"end":{"line":54,"column":null}},{"start":{},"end":{}}],"line":52},"7":{"loc":{"start":{"line":79,"column":57},"end":{"line":79,"column":76}},"type":"default-arg","locations":[{"start":{"line":79,"column":63},"end":{"line":79,"column":76}}],"line":79},"8":{"loc":{"start":{"line":84,"column":4},"end":{"line":86,"column":null}},"type":"if","locations":[{"start":{"line":84,"column":4},"end":{"line":86,"column":null}},{"start":{},"end":{}}],"line":84},"9":{"loc":{"start":{"line":84,"column":8},"end":{"line":84,"column":46}},"type":"binary-expr","locations":[{"start":{"line":84,"column":8},"end":{"line":84,"column":17}},{"start":{"line":84,"column":17},"end":{"line":84,"column":46}}],"line":84},"10":{"loc":{"start":{"line":89,"column":4},"end":{"line":102,"column":null}},"type":"if","locations":[{"start":{"line":89,"column":4},"end":{"line":102,"column":null}},{"start":{},"end":{}}],"line":89},"11":{"loc":{"start":{"line":89,"column":8},"end":{"line":89,"column":52}},"type":"binary-expr","locations":[{"start":{"line":89,"column":8},"end":{"line":89,"column":17}},{"start":{"line":89,"column":17},"end":{"line":89,"column":52}}],"line":89},"12":{"loc":{"start":{"line":91,"column":8},"end":{"line":100,"column":null}},"type":"if","locations":[{"start":{"line":91,"column":8},"end":{"line":100,"column":null}},{"start":{},"end":{}}],"line":91}},"s":{"0":6,"1":6,"2":6,"3":6,"4":6,"5":153,"6":151,"7":2,"8":2,"9":202,"10":0,"11":2,"12":2,"13":200,"14":2,"15":2,"16":2,"17":171,"18":171,"19":171,"20":9,"21":162,"22":0,"23":162,"24":153,"25":153,"26":153,"27":153,"28":9,"29":9,"30":162,"31":162,"32":8,"33":8,"34":8,"35":1,"36":7,"37":1,"38":1,"39":1,"40":1,"41":1,"42":0,"43":1,"44":1,"45":6,"46":4,"47":69},"f":{"0":153,"1":200,"2":171,"3":153,"4":9,"5":8,"6":1,"7":0,"8":4,"9":69},"b":{"0":[151,2],"1":[0,202],"2":[2,0],"3":[171],"4":[9,162],"5":[171,12],"6":[0,162],"7":[8],"8":[1,7],"9":[8,2],"10":[1,6],"11":[7,1],"12":[1,0]},"meta":{"lastBranch":13,"lastFunction":10,"lastStatement":48,"seen":{"s:6:14:6:Infinity":0,"s:7:17:7:Infinity":1,"s:9:20:9:Infinity":2,"s:10:18:10:Infinity":3,"s:11:23:11:Infinity":4,"f:16:9:16:25":0,"b:17:4:17:Infinity:undefined:undefined:undefined:undefined":0,"s:17:4:17:Infinity":5,"s:17:38:17:Infinity":6,"s:19:16:19:Infinity":7,"s:21:4:25:Infinity":8,"b:22:8:24:Infinity:undefined:undefined:undefined:undefined":1,"s:22:8:24:Infinity":9,"s:23:12:23:Infinity":10,"b:27:4:33:Infinity:undefined:undefined:undefined:undefined":2,"s:27:4:33:Infinity":11,"s:28:23:28:Infinity":12,"f:28:44:28:50":1,"s:28:59:28:90":13,"s:29:25:29:Infinity":14,"s:30:8:32:Infinity":15,"s:31:12:31:Infinity":16,"f:43:22:43:34":2,"b:43:54:43:67":3,"s:44:16:44:Infinity":17,"s:45:18:45:Infinity":18,"b:47:4:49:Infinity:undefined:undefined:undefined:undefined":4,"s:47:4:49:Infinity":19,"b:47:8:47:17:47:17:47:46":5,"s:48:8:48:Infinity":20,"b:52:4:54:Infinity:undefined:undefined:undefined:undefined":6,"s:52:4:54:Infinity":21,"s:53:8:53:Infinity":22,"s:56:20:64:Infinity":23,"f:56:30:56:36":3,"s:57:8:57:Infinity":24,"s:58:8:58:Infinity":25,"s:59:8:59:Infinity":26,"s:60:8:60:Infinity":27,"f:61:7:61:14":4,"s:62:8:62:Infinity":28,"s:63:8:63:Infinity":29,"s:66:4:66:Infinity":30,"s:67:4:67:Infinity":31,"f:79:22:79:43":5,"b:79:63:79:76":7,"s:80:16:80:Infinity":32,"s:81:18:81:Infinity":33,"b:84:4:86:Infinity:undefined:undefined:undefined:undefined":8,"s:84:4:86:Infinity":34,"b:84:8:84:17:84:17:84:46":9,"s:85:8:85:Infinity":35,"b:89:4:102:Infinity:undefined:undefined:undefined:undefined":10,"s:89:4:102:Infinity":36,"b:89:8:89:17:89:17:89:52":11,"b:91:8:100:Infinity:undefined:undefined:undefined:undefined":12,"s:91:8:100:Infinity":37,"s:92:30:98:Infinity":38,"f:92:40:92:46":6,"s:93:16:93:Infinity":39,"s:94:16:94:Infinity":40,"s:95:16:95:Infinity":41,"f:96:15:96:27":7,"s:97:16:97:Infinity":42,"s:99:12:99:Infinity":43,"s:101:8:101:Infinity":44,"s:105:4:105:Infinity":45,"f:112:16:112:32":8,"s:113:4:113:Infinity":46,"f:119:16:119:29":9,"s:120:4:120:Infinity":47},"fnNames":{}}}
,"/Users/rgupt359/IdeaProjects/meal-balancer/src/utils/schemas.js": {"path":"/Users/rgupt359/IdeaProjects/meal-balancer/src/utils/schemas.js","statementMap":{"0":{"start":{"line":7,"column":30},"end":{"line":12,"column":null}},"1":{"start":{"line":14,"column":35},"end":{"line":14,"column":null}},"2":{"start":{"line":17,"column":37},"end":{"line":27,"column":null}},"3":{"start":{"line":29,"column":39},"end":{"line":29,"column":null}},"4":{"start":{"line":32,"column":30},"end":{"line":40,"column":null}},"5":{"start":{"line":42,"column":35},"end":{"line":42,"column":null}},"6":{"start":{"line":45,"column":36},"end":{"line":53,"column":null}},"7":{"start":{"line":55,"column":38},"end":{"line":55,"column":null}},"8":{"start":{"line":58,"column":36},"end":{"line":73,"column":null}},"9":{"start":{"line":75,"column":38},"end":{"line":75,"column":null}},"10":{"start":{"line":87,"column":19},"end":{"line":87,"column":null}},"11":{"start":{"line":88,"column":4},"end":{"line":94,"column":null}},"12":{"start":{"line":89,"column":8},"end":{"line":92,"column":null}},"13":{"start":{"line":93,"column":8},"end":{"line":93,"column":null}},"14":{"start":{"line":95,"column":4},"end":{"line":95,"column":null}}},"fnMap":{"0":{"name":"validateResponse","decl":{"start":{"line":86,"column":16},"end":{"line":86,"column":33}},"loc":{"start":{"line":86,"column":68},"end":{"line":96,"column":null}},"line":86}},"branchMap":{"0":{"loc":{"start":{"line":86,"column":47},"end":{"line":86,"column":68}},"type":"default-arg","locations":[{"start":{"line":86,"column":57},"end":{"line":86,"column":68}}],"line":86},"1":{"loc":{"start":{"line":88,"column":4},"end":{"line":94,"column":null}},"type":"if","locations":[{"start":{"line":88,"column":4},"end":{"line":94,"column":null}},{"start":{},"end":{}}],"line":88}},"s":{"0":6,"1":6,"2":6,"3":6,"4":6,"5":6,"6":6,"7":6,"8":6,"9":6,"10":19,"11":19,"12":2,"13":2,"14":17},"f":{"0":19},"b":{"0":[19],"1":[2,17]},"meta":{"lastBranch":2,"lastFunction":1,"lastStatement":15,"seen":{"s:7:30:12:Infinity":0,"s:14:35:14:Infinity":1,"s:17:37:27:Infinity":2,"s:29:39:29:Infinity":3,"s:32:30:40:Infinity":4,"s:42:35:42:Infinity":5,"s:45:36:53:Infinity":6,"s:55:38:55:Infinity":7,"s:58:36:73:Infinity":8,"s:75:38:75:Infinity":9,"f:86:16:86:33":0,"b:86:57:86:68":0,"s:87:19:87:Infinity":10,"b:88:4:94:Infinity:undefined:undefined:undefined:undefined":1,"s:88:4:94:Infinity":11,"s:89:8:92:Infinity":12,"s:93:8:93:Infinity":13,"s:95:4:95:Infinity":14},"fnNames":{}}}
,"/Users/rgupt359/IdeaProjects/meal-balancer/src/utils/withRetry.js": {"path":"/Users/rgupt359/IdeaProjects/meal-balancer/src/utils/withRetry.js","statementMap":{"0":{"start":{"line":7,"column":28},"end":{"line":7,"column":null}},"1":{"start":{"line":8,"column":27},"end":{"line":8,"column":null}},"2":{"start":{"line":18,"column":20},"end":{"line":18,"column":null}},"3":{"start":{"line":22,"column":4},"end":{"line":24,"column":null}},"4":{"start":{"line":23,"column":8},"end":{"line":23,"column":null}},"5":{"start":{"line":27,"column":4},"end":{"line":29,"column":null}},"6":{"start":{"line":28,"column":8},"end":{"line":28,"column":null}},"7":{"start":{"line":32,"column":4},"end":{"line":34,"column":null}},"8":{"start":{"line":33,"column":8},"end":{"line":33,"column":null}},"9":{"start":{"line":37,"column":4},"end":{"line":39,"column":null}},"10":{"start":{"line":38,"column":8},"end":{"line":38,"column":null}},"11":{"start":{"line":41,"column":4},"end":{"line":41,"column":null}},"12":{"start":{"line":58,"column":8},"end":{"line":58,"column":null}},"13":{"start":{"line":62,"column":4},"end":{"line":81,"column":null}},"14":{"start":{"line":62,"column":23},"end":{"line":62,"column":26}},"15":{"start":{"line":63,"column":8},"end":{"line":80,"column":null}},"16":{"start":{"line":64,"column":12},"end":{"line":64,"column":null}},"17":{"start":{"line":66,"column":12},"end":{"line":66,"column":null}},"18":{"start":{"line":69,"column":12},"end":{"line":71,"column":null}},"19":{"start":{"line":70,"column":16},"end":{"line":70,"column":null}},"20":{"start":{"line":73,"column":26},"end":{"line":73,"column":null}},"21":{"start":{"line":74,"column":12},"end":{"line":77,"column":null}},"22":{"start":{"line":79,"column":12},"end":{"line":79,"column":null}},"23":{"start":{"line":79,"column":43},"end":{"line":79,"column":69}},"24":{"start":{"line":83,"column":4},"end":{"line":83,"column":null}}},"fnMap":{"0":{"name":"isRetryable","decl":{"start":{"line":17,"column":9},"end":{"line":17,"column":21}},"loc":{"start":{"line":17,"column":28},"end":{"line":42,"column":null}},"line":17},"1":{"name":"withRetry","decl":{"start":{"line":53,"column":22},"end":{"line":53,"column":32}},"loc":{"start":{"line":53,"column":50},"end":{"line":84,"column":null}},"line":53},"2":{"name":"(anonymous_2)","decl":{"start":{"line":79,"column":22},"end":{"line":79,"column":31}},"loc":{"start":{"line":79,"column":43},"end":{"line":79,"column":69}},"line":79}},"branchMap":{"0":{"loc":{"start":{"line":18,"column":20},"end":{"line":18,"column":null}},"type":"binary-expr","locations":[{"start":{"line":18,"column":20},"end":{"line":18,"column":53}},{"start":{"line":18,"column":53},"end":{"line":18,"column":null}}],"line":18},"1":{"loc":{"start":{"line":22,"column":4},"end":{"line":24,"column":null}},"type":"if","locations":[{"start":{"line":22,"column":4},"end":{"line":24,"column":null}},{"start":{},"end":{}}],"line":22},"2":{"loc":{"start":{"line":27,"column":4},"end":{"line":29,"column":null}},"type":"if","locations":[{"start":{"line":27,"column":4},"end":{"line":29,"column":null}},{"start":{},"end":{}}],"line":27},"3":{"loc":{"start":{"line":27,"column":8},"end":{"line":27,"column":124}},"type":"binary-expr","locations":[{"start":{"line":27,"column":8},"end":{"line":27,"column":44}},{"start":{"line":27,"column":44},"end":{"line":27,"column":80}},{"start":{"line":27,"column":80},"end":{"line":27,"column":124}}],"line":27},"4":{"loc":{"start":{"line":32,"column":4},"end":{"line":34,"column":null}},"type":"if","locations":[{"start":{"line":32,"column":4},"end":{"line":34,"column":null}},{"start":{},"end":{}}],"line":32},"5":{"loc":{"start":{"line":32,"column":8},"end":{"line":32,"column":114}},"type":"binary-expr","locations":[{"start":{"line":32,"column":8},"end":{"line":32,"column":35}},{"start":{"line":32,"column":35},"end":{"line":32,"column":62}},{"start":{"line":32,"column":62},"end":{"line":32,"column":89}},{"start":{"line":32,"column":89},"end":{"line":32,"column":114}}],"line":32},"6":{"loc":{"start":{"line":37,"column":4},"end":{"line":39,"column":null}},"type":"if","locations":[{"start":{"line":37,"column":4},"end":{"line":39,"column":null}},{"start":{},"end":{}}],"line":37},"7":{"loc":{"start":{"line":37,"column":8},"end":{"line":37,"column":69}},"type":"binary-expr","locations":[{"start":{"line":37,"column":8},"end":{"line":37,"column":39}},{"start":{"line":37,"column":39},"end":{"line":37,"column":69}}],"line":37},"8":{"loc":{"start":{"line":53,"column":36},"end":{"line":53,"column":50}},"type":"default-arg","locations":[{"start":{"line":53,"column":46},"end":{"line":53,"column":50}}],"line":53},"9":{"loc":{"start":{"line":55,"column":8},"end":{"line":55,"column":null}},"type":"default-arg","locations":[{"start":{"line":55,"column":21},"end":{"line":55,"column":null}}],"line":55},"10":{"loc":{"start":{"line":56,"column":8},"end":{"line":56,"column":null}},"type":"default-arg","locations":[{"start":{"line":56,"column":20},"end":{"line":56,"column":null}}],"line":56},"11":{"loc":{"start":{"line":57,"column":8},"end":{"line":57,"column":null}},"type":"default-arg","locations":[{"start":{"line":57,"column":18},"end":{"line":57,"column":null}}],"line":57},"12":{"loc":{"start":{"line":69,"column":12},"end":{"line":71,"column":null}},"type":"if","locations":[{"start":{"line":69,"column":12},"end":{"line":71,"column":null}},{"start":{},"end":{}}],"line":69},"13":{"loc":{"start":{"line":69,"column":16},"end":{"line":69,"column":63}},"type":"binary-expr","locations":[{"start":{"line":69,"column":16},"end":{"line":69,"column":42}},{"start":{"line":69,"column":42},"end":{"line":69,"column":63}}],"line":69},"14":{"loc":{"start":{"line":75,"column":27},"end":{"line":75,"column":50}},"type":"binary-expr","locations":[{"start":{"line":75,"column":27},"end":{"line":75,"column":38}},{"start":{"line":75,"column":38},"end":{"line":75,"column":50}}],"line":75}},"s":{"0":5,"1":5,"2":18,"3":18,"4":11,"5":7,"6":5,"7":2,"8":1,"9":1,"10":1,"11":0,"12":40,"13":40,"14":40,"15":47,"16":47,"17":19,"18":19,"19":12,"20":7,"21":7,"22":19,"23":7,"24":7},"f":{"0":18,"1":40,"2":7},"b":{"0":[18,0],"1":[11,7],"2":[5,2],"3":[7,2,2],"4":[1,1],"5":[2,2,2,1],"6":[1,0],"7":[1,1],"8":[40],"9":[40],"10":[40],"11":[40],"12":[12,7],"13":[19,18],"14":[7,7]},"meta":{"lastBranch":15,"lastFunction":3,"lastStatement":25,"seen":{"s:7:28:7:Infinity":0,"s:8:27:8:Infinity":1,"f:17:9:17:21":0,"s:18:20:18:Infinity":2,"b:18:20:18:53:18:53:18:Infinity":0,"b:22:4:24:Infinity:undefined:undefined:undefined:undefined":1,"s:22:4:24:Infinity":3,"s:23:8:23:Infinity":4,"b:27:4:29:Infinity:undefined:undefined:undefined:undefined":2,"s:27:4:29:Infinity":5,"b:27:8:27:44:27:44:27:80:27:80:27:124":3,"s:28:8:28:Infinity":6,"b:32:4:34:Infinity:undefined:undefined:undefined:undefined":4,"s:32:4:34:Infinity":7,"b:32:8:32:35:32:35:32:62:32:62:32:89:32:89:32:114":5,"s:33:8:33:Infinity":8,"b:37:4:39:Infinity:undefined:undefined:undefined:undefined":6,"s:37:4:39:Infinity":9,"b:37:8:37:39:37:39:37:69":7,"s:38:8:38:Infinity":10,"s:41:4:41:Infinity":11,"f:53:22:53:32":1,"b:53:46:53:50":8,"s:58:8:58:Infinity":12,"b:55:21:55:Infinity":9,"b:56:20:56:Infinity":10,"b:57:18:57:Infinity":11,"s:62:4:81:Infinity":13,"s:62:23:62:26":14,"s:63:8:80:Infinity":15,"s:64:12:64:Infinity":16,"s:66:12:66:Infinity":17,"b:69:12:71:Infinity:undefined:undefined:undefined:undefined":12,"s:69:12:71:Infinity":18,"b:69:16:69:42:69:42:69:63":13,"s:70:16:70:Infinity":19,"s:73:26:73:Infinity":20,"s:74:12:77:Infinity":21,"b:75:27:75:38:75:38:75:50":14,"s:79:12:79:Infinity":22,"f:79:22:79:31":2,"s:79:43:79:69":23,"s:83:4:83:Infinity":24},"fnNames":{}}}
}
