{"/Users/rgupt359/IdeaProjects/meal-balancer/src/components/AuthPage.jsx": {"path":"/Users/rgupt359/IdeaProjects/meal-balancer/src/components/AuthPage.jsx","statementMap":{"0":{"start":{"line":6,"column":17},"end":{"line":6,"column":null}},"1":{"start":{"line":7,"column":21},"end":{"line":9,"column":null}},"2":{"start":{"line":8,"column":8},"end":{"line":8,"column":null}},"3":{"start":{"line":11,"column":4},"end":{"line":14,"column":null}},"4":{"start":{"line":12,"column":8},"end":{"line":12,"column":null}},"5":{"start":{"line":13,"column":8},"end":{"line":13,"column":null}},"6":{"start":{"line":16,"column":4},"end":{"line":88,"column":null}},"7":{"start":{"line":28,"column":35},"end":{"line":28,"column":null}},"8":{"start":{"line":73,"column":76},"end":{"line":73,"column":95}},"9":{"start":{"line":80,"column":76},"end":{"line":80,"column":95}},"10":{"start":{"line":92,"column":26},"end":{"line":92,"column":null}},"11":{"start":{"line":93,"column":28},"end":{"line":93,"column":null}},"12":{"start":{"line":96,"column":12},"end":{"line":96,"column":null}},"13":{"start":{"line":97,"column":18},"end":{"line":97,"column":null}},"14":{"start":{"line":98,"column":21},"end":{"line":98,"column":null}},"15":{"start":{"line":99,"column":18},"end":{"line":99,"column":null}},"16":{"start":{"line":100,"column":20},"end":{"line":100,"column":null}},"17":{"start":{"line":101,"column":22},"end":{"line":101,"column":null}},"18":{"start":{"line":102,"column":24},"end":{"line":102,"column":null}},"19":{"start":{"line":103,"column":26},"end":{"line":103,"column":null}},"20":{"start":{"line":106,"column":4},"end":{"line":121,"column":null}},"21":{"start":{"line":107,"column":8},"end":{"line":107,"column":null}},"22":{"start":{"line":107,"column":26},"end":{"line":107,"column":null}},"23":{"start":{"line":108,"column":14},"end":{"line":117,"column":null}},"24":{"start":{"line":109,"column":30},"end":{"line":109,"column":null}},"25":{"start":{"line":110,"column":12},"end":{"line":116,"column":null}},"26":{"start":{"line":111,"column":16},"end":{"line":111,"column":null}},"27":{"start":{"line":112,"column":16},"end":{"line":112,"column":null}},"28":{"start":{"line":113,"column":16},"end":{"line":113,"column":null}},"29":{"start":{"line":115,"column":16},"end":{"line":115,"column":null}},"30":{"start":{"line":118,"column":8},"end":{"line":118,"column":null}},"31":{"start":{"line":119,"column":19},"end":{"line":119,"column":null}},"32":{"start":{"line":120,"column":8},"end":{"line":120,"column":null}},"33":{"start":{"line":120,"column":21},"end":{"line":120,"column":null}},"34":{"start":{"line":123,"column":24},"end":{"line":123,"column":null}},"35":{"start":{"line":126,"column":8},"end":{"line":126,"column":null}},"36":{"start":{"line":127,"column":8},"end":{"line":127,"column":null}},"37":{"start":{"line":127,"column":25},"end":{"line":127,"column":null}},"38":{"start":{"line":128,"column":8},"end":{"line":128,"column":null}},"39":{"start":{"line":129,"column":8},"end":{"line":129,"column":null}},"40":{"start":{"line":131,"column":8},"end":{"line":145,"column":null}},"41":{"start":{"line":132,"column":12},"end":{"line":132,"column":null}},"42":{"start":{"line":133,"column":12},"end":{"line":133,"column":null}},"43":{"start":{"line":135,"column":29},"end":{"line":135,"column":null}},"44":{"start":{"line":136,"column":12},"end":{"line":136,"column":null}},"45":{"start":{"line":137,"column":12},"end":{"line":142,"column":null}},"46":{"start":{"line":138,"column":16},"end":{"line":138,"column":null}},"47":{"start":{"line":139,"column":16},"end":{"line":139,"column":null}},"48":{"start":{"line":141,"column":16},"end":{"line":141,"column":null}},"49":{"start":{"line":144,"column":12},"end":{"line":144,"column":null}},"50":{"start":{"line":148,"column":4},"end":{"line":195,"column":null}},"51":{"start":{"line":161,"column":37},"end":{"line":161,"column":null}},"52":{"start":{"line":174,"column":37},"end":{"line":174,"column":null}},"53":{"start":{"line":200,"column":12},"end":{"line":200,"column":null}},"54":{"start":{"line":201,"column":18},"end":{"line":201,"column":null}},"55":{"start":{"line":202,"column":21},"end":{"line":202,"column":null}},"56":{"start":{"line":203,"column":21},"end":{"line":203,"column":null}},"57":{"start":{"line":204,"column":21},"end":{"line":204,"column":null}},"58":{"start":{"line":205,"column":26},"end":{"line":205,"column":null}},"59":{"start":{"line":206,"column":18},"end":{"line":206,"column":null}},"60":{"start":{"line":207,"column":20},"end":{"line":207,"column":null}},"61":{"start":{"line":208,"column":20},"end":{"line":208,"column":null}},"62":{"start":{"line":211,"column":8},"end":{"line":211,"column":null}},"63":{"start":{"line":212,"column":8},"end":{"line":212,"column":null}},"64":{"start":{"line":213,"column":8},"end":{"line":213,"column":null}},"65":{"start":{"line":214,"column":8},"end":{"line":214,"column":null}},"66":{"start":{"line":216,"column":8},"end":{"line":227,"column":null}},"67":{"start":{"line":217,"column":25},"end":{"line":217,"column":null}},"68":{"start":{"line":220,"column":12},"end":{"line":222,"column":null}},"69":{"start":{"line":221,"column":16},"end":{"line":221,"column":null}},"70":{"start":{"line":224,"column":12},"end":{"line":224,"column":null}},"71":{"start":{"line":226,"column":12},"end":{"line":226,"column":null}},"72":{"start":{"line":230,"column":4},"end":{"line":242,"column":null}},"73":{"start":{"line":231,"column":8},"end":{"line":240,"column":null}},"74":{"start":{"line":244,"column":4},"end":{"line":320,"column":null}},"75":{"start":{"line":257,"column":37},"end":{"line":257,"column":null}},"76":{"start":{"line":270,"column":37},"end":{"line":270,"column":null}},"77":{"start":{"line":280,"column":37},"end":{"line":280,"column":null}},"78":{"start":{"line":293,"column":37},"end":{"line":293,"column":null}},"79":{"start":{"line":303,"column":37},"end":{"line":303,"column":null}}},"fnMap":{"0":{"name":"AuthPage","decl":{"start":{"line":5,"column":9},"end":{"line":5,"column":20}},"loc":{"start":{"line":5,"column":20},"end":{"line":90,"column":null}},"line":5},"1":{"name":"(anonymous_1)","decl":{"start":{"line":7,"column":36},"end":{"line":7,"column":51}},"loc":{"start":{"line":7,"column":51},"end":{"line":9,"column":5}},"line":7},"2":{"name":"(anonymous_2)","decl":{"start":{"line":11,"column":4},"end":{"line":11,"column":20}},"loc":{"start":{"line":11,"column":20},"end":{"line":14,"column":7}},"line":11},"3":{"name":"(anonymous_3)","decl":{"start":{"line":28,"column":20},"end":{"line":28,"column":35}},"loc":{"start":{"line":28,"column":35},"end":{"line":28,"column":null}},"line":28},"4":{"name":"(anonymous_4)","decl":{"start":{"line":73,"column":61},"end":{"line":73,"column":76}},"loc":{"start":{"line":73,"column":76},"end":{"line":73,"column":95}},"line":73},"5":{"name":"(anonymous_5)","decl":{"start":{"line":80,"column":61},"end":{"line":80,"column":76}},"loc":{"start":{"line":80,"column":76},"end":{"line":80,"column":95}},"line":80},"6":{"name":"SignInForm","decl":{"start":{"line":95,"column":9},"end":{"line":95,"column":22}},"loc":{"start":{"line":95,"column":22},"end":{"line":197,"column":null}},"line":95},"7":{"name":"(anonymous_7)","decl":{"start":{"line":106,"column":4},"end":{"line":106,"column":20}},"loc":{"start":{"line":106,"column":20},"end":{"line":121,"column":7}},"line":106},"8":{"name":"(anonymous_8)","decl":{"start":{"line":108,"column":14},"end":{"line":108,"column":27}},"loc":{"start":{"line":108,"column":27},"end":{"line":117,"column":null}},"line":108},"9":{"name":"(anonymous_9)","decl":{"start":{"line":120,"column":8},"end":{"line":120,"column":21}},"loc":{"start":{"line":120,"column":21},"end":{"line":120,"column":null}},"line":120},"10":{"name":"handleSubmit","decl":{"start":{"line":125,"column":19},"end":{"line":125,"column":32}},"loc":{"start":{"line":125,"column":35},"end":{"line":146,"column":null}},"line":125},"11":{"name":"(anonymous_11)","decl":{"start":{"line":161,"column":20},"end":{"line":161,"column":31}},"loc":{"start":{"line":161,"column":37},"end":{"line":161,"column":null}},"line":161},"12":{"name":"(anonymous_12)","decl":{"start":{"line":174,"column":20},"end":{"line":174,"column":31}},"loc":{"start":{"line":174,"column":37},"end":{"line":174,"column":null}},"line":174},"13":{"name":"SignUpForm","decl":{"start":{"line":199,"column":9},"end":{"line":199,"column":22}},"loc":{"start":{"line":199,"column":22},"end":{"line":322,"column":null}},"line":199},"14":{"name":"handleSubmit_2","decl":{"start":{"line":210,"column":19},"end":{"line":210,"column":32}},"loc":{"start":{"line":210,"column":35},"end":{"line":228,"column":null}},"line":210},"15":{"name":"(anonymous_15)","decl":{"start":{"line":257,"column":20},"end":{"line":257,"column":31}},"loc":{"start":{"line":257,"column":37},"end":{"line":257,"column":null}},"line":257},"16":{"name":"(anonymous_16)","decl":{"start":{"line":270,"column":20},"end":{"line":270,"column":31}},"loc":{"start":{"line":270,"column":37},"end":{"line":270,"column":null}},"line":270},"17":{"name":"(anonymous_17)","decl":{"start":{"line":280,"column":20},"end":{"line":280,"column":31}},"loc":{"start":{"line":280,"column":37},"end":{"line":280,"column":null}},"line":280},"18":{"name":"(anonymous_18)","decl":{"start":{"line":293,"column":20},"end":{"line":293,"column":31}},"loc":{"start":{"line":293,"column":37},"end":{"line":293,"column":null}},"line":293},"19":{"name":"(anonymous_19)","decl":{"start":{"line":303,"column":20},"end":{"line":303,"column":31}},"loc":{"start":{"line":303,"column":37},"end":{"line":303,"column":null}},"line":303}},"branchMap":{"0":{"loc":{"start":{"line":21,"column":29},"end":{"line":21,"column":null}},"type":"cond-expr","locations":[{"start":{"line":21,"column":40},"end":{"line":21,"column":59}},{"start":{"line":21,"column":59},"end":{"line":21,"column":null}}],"line":21},"1":{"loc":{"start":{"line":30,"column":34},"end":{"line":30,"column":null}},"type":"cond-expr","locations":[{"start":{"line":30,"column":45},"end":{"line":30,"column":60}},{"start":{"line":30,"column":60},"end":{"line":30,"column":null}}],"line":30},"2":{"loc":{"start":{"line":32,"column":21},"end":{"line":32,"column":null}},"type":"cond-expr","locations":[{"start":{"line":32,"column":32},"end":{"line":32,"column":53}},{"start":{"line":32,"column":52},"end":{"line":32,"column":null}}],"line":32},"3":{"loc":{"start":{"line":53,"column":44},"end":{"line":53,"column":null}},"type":"cond-expr","locations":[{"start":{"line":53,"column":55},"end":{"line":53,"column":67}},{"start":{"line":53,"column":67},"end":{"line":53,"column":null}}],"line":53},"4":{"loc":{"start":{"line":54,"column":39},"end":{"line":54,"column":null}},"type":"cond-expr","locations":[{"start":{"line":54,"column":50},"end":{"line":54,"column":62}},{"start":{"line":54,"column":62},"end":{"line":54,"column":null}}],"line":54},"5":{"loc":{"start":{"line":64,"column":25},"end":{"line":64,"column":null}},"type":"cond-expr","locations":[{"start":{"line":64,"column":45},"end":{"line":64,"column":73}},{"start":{"line":64,"column":73},"end":{"line":64,"column":null}}],"line":64},"6":{"loc":{"start":{"line":67,"column":21},"end":{"line":67,"column":null}},"type":"cond-expr","locations":[{"start":{"line":67,"column":41},"end":{"line":67,"column":59}},{"start":{"line":67,"column":58},"end":{"line":67,"column":null}}],"line":67},"7":{"loc":{"start":{"line":70,"column":25},"end":{"line":83,"column":null}},"type":"cond-expr","locations":[{"start":{"line":71,"column":28},"end":{"line":78,"column":29}},{"start":{"line":78,"column":28},"end":{"line":83,"column":null}}],"line":70},"8":{"loc":{"start":{"line":107,"column":8},"end":{"line":107,"column":null}},"type":"if","locations":[{"start":{"line":107,"column":8},"end":{"line":107,"column":null}},{"start":{},"end":{}}],"line":107},"9":{"loc":{"start":{"line":110,"column":12},"end":{"line":116,"column":null}},"type":"if","locations":[{"start":{"line":110,"column":12},"end":{"line":116,"column":null}},{"start":{"line":114,"column":19},"end":{"line":116,"column":null}}],"line":110},"10":{"loc":{"start":{"line":127,"column":8},"end":{"line":127,"column":null}},"type":"if","locations":[{"start":{"line":127,"column":8},"end":{"line":127,"column":null}},{"start":{},"end":{}}],"line":127},"11":{"loc":{"start":{"line":137,"column":12},"end":{"line":142,"column":null}},"type":"if","locations":[{"start":{"line":137,"column":12},"end":{"line":142,"column":null}},{"start":{"line":140,"column":19},"end":{"line":142,"column":null}}],"line":137},"12":{"loc":{"start":{"line":141,"column":25},"end":{"line":141,"column":76}},"type":"binary-expr","locations":[{"start":{"line":141,"column":25},"end":{"line":141,"column":41}},{"start":{"line":141,"column":41},"end":{"line":141,"column":76}}],"line":141},"13":{"loc":{"start":{"line":150,"column":13},"end":{"line":153,"column":null}},"type":"binary-expr","locations":[{"start":{"line":150,"column":13},"end":{"line":150,"column":null}},{"start":{"line":151,"column":16},"end":{"line":153,"column":null}}],"line":150},"14":{"loc":{"start":{"line":185,"column":26},"end":{"line":185,"column":null}},"type":"binary-expr","locations":[{"start":{"line":185,"column":26},"end":{"line":185,"column":37}},{"start":{"line":185,"column":37},"end":{"line":185,"column":null}}],"line":185},"15":{"loc":{"start":{"line":188,"column":17},"end":{"line":193,"column":31}},"type":"cond-expr","locations":[{"start":{"line":189,"column":20},"end":{"line":191,"column":21}},{"start":{"line":191,"column":20},"end":{"line":193,"column":31}}],"line":188},"16":{"loc":{"start":{"line":193,"column":17},"end":{"line":193,"column":null}},"type":"cond-expr","locations":[{"start":{"line":193,"column":31},"end":{"line":193,"column":62}},{"start":{"line":193,"column":62},"end":{"line":193,"column":null}}],"line":193},"17":{"loc":{"start":{"line":193,"column":62},"end":{"line":193,"column":null}},"type":"cond-expr","locations":[{"start":{"line":193,"column":72},"end":{"line":193,"column":88}},{"start":{"line":193,"column":88},"end":{"line":193,"column":null}}],"line":193},"18":{"loc":{"start":{"line":220,"column":12},"end":{"line":222,"column":null}},"type":"if","locations":[{"start":{"line":220,"column":12},"end":{"line":222,"column":null}},{"start":{},"end":{}}],"line":220},"19":{"loc":{"start":{"line":220,"column":16},"end":{"line":220,"column":44}},"type":"binary-expr","locations":[{"start":{"line":220,"column":16},"end":{"line":220,"column":29}},{"start":{"line":220,"column":29},"end":{"line":220,"column":44}}],"line":220},"20":{"loc":{"start":{"line":224,"column":21},"end":{"line":224,"column":72}},"type":"binary-expr","locations":[{"start":{"line":224,"column":21},"end":{"line":224,"column":37}},{"start":{"line":224,"column":37},"end":{"line":224,"column":72}}],"line":224},"21":{"loc":{"start":{"line":230,"column":4},"end":{"line":242,"column":null}},"type":"if","locations":[{"start":{"line":230,"column":4},"end":{"line":242,"column":null}},{"start":{},"end":{}}],"line":230},"22":{"loc":{"start":{"line":246,"column":13},"end":{"line":249,"column":null}},"type":"binary-expr","locations":[{"start":{"line":246,"column":13},"end":{"line":246,"column":null}},{"start":{"line":247,"column":16},"end":{"line":249,"column":null}}],"line":246},"23":{"loc":{"start":{"line":313,"column":17},"end":{"line":318,"column":27}},"type":"cond-expr","locations":[{"start":{"line":314,"column":20},"end":{"line":316,"column":21}},{"start":{"line":316,"column":20},"end":{"line":318,"column":27}}],"line":313},"24":{"loc":{"start":{"line":318,"column":17},"end":{"line":318,"column":null}},"type":"cond-expr","locations":[{"start":{"line":318,"column":27},"end":{"line":318,"column":49}},{"start":{"line":318,"column":49},"end":{"line":318,"column":null}}],"line":318}},"s":{"0":18,"1":18,"2":10,"3":18,"4":12,"5":12,"6":18,"7":2,"8":5,"9":1,"10":1,"11":1,"12":21,"13":21,"14":21,"15":21,"16":21,"17":21,"18":21,"19":21,"20":21,"21":11,"22":11,"23":0,"24":0,"25":0,"26":0,"27":0,"28":0,"29":0,"30":0,"31":0,"32":0,"33":0,"34":21,"35":2,"36":2,"37":0,"38":2,"39":2,"40":2,"41":2,"42":1,"43":1,"44":1,"45":1,"46":0,"47":0,"48":1,"49":2,"50":21,"51":2,"52":2,"53":21,"54":21,"55":21,"56":21,"57":21,"58":21,"59":21,"60":21,"61":21,"62":3,"63":3,"64":3,"65":3,"66":3,"67":3,"68":2,"69":1,"70":1,"71":3,"72":21,"73":1,"74":20,"75":3,"76":1,"77":3,"78":0,"79":3},"f":{"0":18,"1":10,"2":12,"3":2,"4":5,"5":1,"6":21,"7":11,"8":0,"9":0,"10":2,"11":2,"12":2,"13":21,"14":3,"15":3,"16":1,"17":3,"18":0,"19":3},"b":{"0":[1,17],"1":[1,17],"2":[1,17],"3":[1,17],"4":[1,17],"5":[13,5],"6":[13,5],"7":[13,5],"8":[11,0],"9":[0,0],"10":[0,2],"11":[0,1],"12":[1,0],"13":[21,1],"14":[21,19],"15":[2,19],"16":[0,21],"17":[2,19],"18":[1,1],"19":[2,2],"20":[1,0],"21":[1,20],"22":[20,1],"23":[3,17],"24":[3,17]},"meta":{"lastBranch":25,"lastFunction":20,"lastStatement":80,"seen":{"f:5:9:5:20":0,"s:6:17:6:Infinity":0,"s:7:21:9:Infinity":1,"f:7:36:7:51":1,"s:8:8:8:Infinity":2,"s:11:4:14:Infinity":3,"f:11:4:11:20":2,"s:12:8:12:Infinity":4,"s:13:8:13:Infinity":5,"s:16:4:88:Infinity":6,"b:21:40:21:59:21:59:21:Infinity":0,"f:28:20:28:35":3,"s:28:35:28:Infinity":7,"b:30:45:30:60:30:60:30:Infinity":1,"b:32:32:32:53:32:52:32:Infinity":2,"b:53:55:53:67:53:67:53:Infinity":3,"b:54:50:54:62:54:62:54:Infinity":4,"b:64:45:64:73:64:73:64:Infinity":5,"b:67:41:67:59:67:58:67:Infinity":6,"b:71:28:78:29:78:28:83:Infinity":7,"f:73:61:73:76":4,"s:73:76:73:95":8,"f:80:61:80:76":5,"s:80:76:80:95":9,"s:92:26:92:Infinity":10,"s:93:28:93:Infinity":11,"f:95:9:95:22":6,"s:96:12:96:Infinity":12,"s:97:18:97:Infinity":13,"s:98:21:98:Infinity":14,"s:99:18:99:Infinity":15,"s:100:20:100:Infinity":16,"s:101:22:101:Infinity":17,"s:102:24:102:Infinity":18,"s:103:26:103:Infinity":19,"s:106:4:121:Infinity":20,"f:106:4:106:20":7,"b:107:8:107:Infinity:undefined:undefined:undefined:undefined":8,"s:107:8:107:Infinity":21,"s:107:26:107:Infinity":22,"s:108:14:117:Infinity":23,"f:108:14:108:27":8,"s:109:30:109:Infinity":24,"b:110:12:116:Infinity:114:19:116:Infinity":9,"s:110:12:116:Infinity":25,"s:111:16:111:Infinity":26,"s:112:16:112:Infinity":27,"s:113:16:113:Infinity":28,"s:115:16:115:Infinity":29,"s:118:8:118:Infinity":30,"s:119:19:119:Infinity":31,"s:120:8:120:Infinity":32,"f:120:8:120:21":9,"s:120:21:120:Infinity":33,"s:123:24:123:Infinity":34,"f:125:19:125:32":10,"s:126:8:126:Infinity":35,"b:127:8:127:Infinity:undefined:undefined:undefined:undefined":10,"s:127:8:127:Infinity":36,"s:127:25:127:Infinity":37,"s:128:8:128:Infinity":38,"s:129:8:129:Infinity":39,"s:131:8:145:Infinity":40,"s:132:12:132:Infinity":41,"s:133:12:133:Infinity":42,"s:135:29:135:Infinity":43,"s:136:12:136:Infinity":44,"b:137:12:142:Infinity:140:19:142:Infinity":11,"s:137:12:142:Infinity":45,"s:138:16:138:Infinity":46,"s:139:16:139:Infinity":47,"s:141:16:141:Infinity":48,"b:141:25:141:41:141:41:141:76":12,"s:144:12:144:Infinity":49,"s:148:4:195:Infinity":50,"b:150:13:150:Infinity:151:16:153:Infinity":13,"f:161:20:161:31":11,"s:161:37:161:Infinity":51,"f:174:20:174:31":12,"s:174:37:174:Infinity":52,"b:185:26:185:37:185:37:185:Infinity":14,"b:189:20:191:21:191:20:193:31":15,"b:193:31:193:62:193:62:193:Infinity":16,"b:193:72:193:88:193:88:193:Infinity":17,"f:199:9:199:22":13,"s:200:12:200:Infinity":53,"s:201:18:201:Infinity":54,"s:202:21:202:Infinity":55,"s:203:21:203:Infinity":56,"s:204:21:204:Infinity":57,"s:205:26:205:Infinity":58,"s:206:18:206:Infinity":59,"s:207:20:207:Infinity":60,"s:208:20:208:Infinity":61,"f:210:19:210:32":14,"s:211:8:211:Infinity":62,"s:212:8:212:Infinity":63,"s:213:8:213:Infinity":64,"s:214:8:214:Infinity":65,"s:216:8:227:Infinity":66,"s:217:25:217:Infinity":67,"b:220:12:222:Infinity:undefined:undefined:undefined:undefined":18,"s:220:12:222:Infinity":68,"b:220:16:220:29:220:29:220:44":19,"s:221:16:221:Infinity":69,"s:224:12:224:Infinity":70,"b:224:21:224:37:224:37:224:72":20,"s:226:12:226:Infinity":71,"b:230:4:242:Infinity:undefined:undefined:undefined:undefined":21,"s:230:4:242:Infinity":72,"s:231:8:240:Infinity":73,"s:244:4:320:Infinity":74,"b:246:13:246:Infinity:247:16:249:Infinity":22,"f:257:20:257:31":15,"s:257:37:257:Infinity":75,"f:270:20:270:31":16,"s:270:37:270:Infinity":76,"f:280:20:280:31":17,"s:280:37:280:Infinity":77,"f:293:20:293:31":18,"s:293:37:293:Infinity":78,"f:303:20:303:31":19,"s:303:37:303:Infinity":79,"b:314:20:316:21:316:20:318:27":23,"b:318:27:318:49:318:49:318:Infinity":24},"fnNames":{}}}
,"/Users/rgupt359/IdeaProjects/meal-balancer/src/components/FoodSearchPage.css": {"path":"/Users/rgupt359/IdeaProjects/meal-balancer/src/components/FoodSearchPage.css","statementMap":{},"fnMap":{},"branchMap":{},"s":{},"f":{},"b":{},"meta":{"lastBranch":0,"lastFunction":0,"lastStatement":0,"seen":{},"fnNames":{}}}
,"/Users/rgupt359/IdeaProjects/meal-balancer/src/components/FoodSearchPage.jsx": {"path":"/Users/rgupt359/IdeaProjects/meal-balancer/src/components/FoodSearchPage.jsx","statementMap":{"0":{"start":{"line":11,"column":18},"end":{"line":11,"column":null}},"1":{"start":{"line":13,"column":6},"end":{"line":32,"column":null}},"2":{"start":{"line":14,"column":4},"end":{"line":14,"column":null}},"3":{"start":{"line":14,"column":15},"end":{"line":14,"column":null}},"4":{"start":{"line":15,"column":4},"end":{"line":15,"column":null}},"5":{"start":{"line":15,"column":36},"end":{"line":15,"column":null}},"6":{"start":{"line":16,"column":23},"end":{"line":16,"column":null}},"7":{"start":{"line":17,"column":22},"end":{"line":17,"column":null}},"8":{"start":{"line":18,"column":18},"end":{"line":18,"column":null}},"9":{"start":{"line":19,"column":4},"end":{"line":30,"column":null}},"10":{"start":{"line":22,"column":16},"end":{"line":27,"column":null}},"11":{"start":{"line":35,"column":18},"end":{"line":35,"column":null}},"12":{"start":{"line":36,"column":20},"end":{"line":36,"column":null}},"13":{"start":{"line":37,"column":20},"end":{"line":37,"column":null}},"14":{"start":{"line":38,"column":25},"end":{"line":38,"column":null}},"15":{"start":{"line":39,"column":22},"end":{"line":39,"column":null}},"16":{"start":{"line":40,"column":29},"end":{"line":40,"column":null}},"17":{"start":{"line":41,"column":24},"end":{"line":41,"column":null}},"18":{"start":{"line":42,"column":24},"end":{"line":42,"column":null}},"19":{"start":{"line":43,"column":20},"end":{"line":43,"column":null}},"20":{"start":{"line":44,"column":24},"end":{"line":44,"column":null}},"21":{"start":{"line":45,"column":10},"end":{"line":45,"column":null}},"22":{"start":{"line":46,"column":10},"end":{"line":46,"column":null}},"23":{"start":{"line":48,"column":10},"end":{"line":48,"column":null}},"24":{"start":{"line":49,"column":29},"end":{"line":49,"column":null}},"25":{"start":{"line":50,"column":32},"end":{"line":50,"column":null}},"26":{"start":{"line":53,"column":4},"end":{"line":178,"column":null}},"27":{"start":{"line":54,"column":24},"end":{"line":54,"column":null}},"28":{"start":{"line":56,"column":8},"end":{"line":69,"column":null}},"29":{"start":{"line":58,"column":12},"end":{"line":65,"column":null}},"30":{"start":{"line":59,"column":16},"end":{"line":59,"column":null}},"31":{"start":{"line":59,"column":31},"end":{"line":59,"column":null}},"32":{"start":{"line":60,"column":16},"end":{"line":60,"column":null}},"33":{"start":{"line":61,"column":16},"end":{"line":61,"column":null}},"34":{"start":{"line":62,"column":16},"end":{"line":62,"column":null}},"35":{"start":{"line":63,"column":16},"end":{"line":63,"column":null}},"36":{"start":{"line":64,"column":16},"end":{"line":64,"column":null}},"37":{"start":{"line":66,"column":12},"end":{"line":68,"column":null}},"38":{"start":{"line":67,"column":16},"end":{"line":67,"column":null}},"39":{"start":{"line":72,"column":12},"end":{"line":72,"column":null}},"40":{"start":{"line":73,"column":12},"end":{"line":73,"column":null}},"41":{"start":{"line":74,"column":12},"end":{"line":171,"column":null}},"42":{"start":{"line":76,"column":72},"end":{"line":80,"column":null}},"43":{"start":{"line":82,"column":16},"end":{"line":95,"column":null}},"44":{"start":{"line":83,"column":20},"end":{"line":83,"column":null}},"45":{"start":{"line":83,"column":45},"end":{"line":83,"column":null}},"46":{"start":{"line":84,"column":20},"end":{"line":93,"column":null}},"47":{"start":{"line":85,"column":24},"end":{"line":88,"column":null}},"48":{"start":{"line":89,"column":24},"end":{"line":89,"column":null}},"49":{"start":{"line":90,"column":24},"end":{"line":90,"column":null}},"50":{"start":{"line":91,"column":24},"end":{"line":91,"column":null}},"51":{"start":{"line":92,"column":24},"end":{"line":92,"column":null}},"52":{"start":{"line":94,"column":20},"end":{"line":94,"column":null}},"53":{"start":{"line":97,"column":16},"end":{"line":160,"column":null}},"54":{"start":{"line":99,"column":36},"end":{"line":99,"column":null}},"55":{"start":{"line":100,"column":68},"end":{"line":103,"column":null}},"56":{"start":{"line":105,"column":20},"end":{"line":117,"column":null}},"57":{"start":{"line":106,"column":24},"end":{"line":106,"column":null}},"58":{"start":{"line":106,"column":49},"end":{"line":106,"column":null}},"59":{"start":{"line":107,"column":24},"end":{"line":115,"column":null}},"60":{"start":{"line":108,"column":28},"end":{"line":110,"column":null}},"61":{"start":{"line":111,"column":28},"end":{"line":111,"column":null}},"62":{"start":{"line":112,"column":28},"end":{"line":112,"column":null}},"63":{"start":{"line":113,"column":28},"end":{"line":113,"column":null}},"64":{"start":{"line":114,"column":28},"end":{"line":114,"column":null}},"65":{"start":{"line":116,"column":24},"end":{"line":116,"column":null}},"66":{"start":{"line":119,"column":20},"end":{"line":129,"column":null}},"67":{"start":{"line":120,"column":24},"end":{"line":120,"column":null}},"68":{"start":{"line":121,"column":24},"end":{"line":121,"column":null}},"69":{"start":{"line":123,"column":30},"end":{"line":126,"column":null}},"70":{"start":{"line":123,"column":73},"end":{"line":126,"column":26}},"71":{"start":{"line":127,"column":24},"end":{"line":127,"column":null}},"72":{"start":{"line":128,"column":24},"end":{"line":128,"column":null}},"73":{"start":{"line":132,"column":44},"end":{"line":136,"column":null}},"74":{"start":{"line":138,"column":20},"end":{"line":151,"column":null}},"75":{"start":{"line":139,"column":24},"end":{"line":139,"column":null}},"76":{"start":{"line":139,"column":49},"end":{"line":139,"column":null}},"77":{"start":{"line":140,"column":24},"end":{"line":149,"column":null}},"78":{"start":{"line":141,"column":28},"end":{"line":143,"column":null}},"79":{"start":{"line":144,"column":28},"end":{"line":144,"column":null}},"80":{"start":{"line":145,"column":28},"end":{"line":145,"column":null}},"81":{"start":{"line":146,"column":28},"end":{"line":146,"column":null}},"82":{"start":{"line":147,"column":28},"end":{"line":147,"column":null}},"83":{"start":{"line":148,"column":28},"end":{"line":148,"column":null}},"84":{"start":{"line":150,"column":24},"end":{"line":150,"column":null}},"85":{"start":{"line":153,"column":20},"end":{"line":159,"column":null}},"86":{"start":{"line":154,"column":24},"end":{"line":154,"column":null}},"87":{"start":{"line":155,"column":24},"end":{"line":155,"column":null}},"88":{"start":{"line":156,"column":24},"end":{"line":156,"column":null}},"89":{"start":{"line":157,"column":24},"end":{"line":157,"column":null}},"90":{"start":{"line":158,"column":24},"end":{"line":158,"column":null}},"91":{"start":{"line":162,"column":16},"end":{"line":162,"column":null}},"92":{"start":{"line":162,"column":41},"end":{"line":162,"column":null}},"93":{"start":{"line":163,"column":16},"end":{"line":168,"column":null}},"94":{"start":{"line":164,"column":20},"end":{"line":164,"column":null}},"95":{"start":{"line":165,"column":20},"end":{"line":165,"column":null}},"96":{"start":{"line":166,"column":20},"end":{"line":166,"column":null}},"97":{"start":{"line":167,"column":20},"end":{"line":167,"column":null}},"98":{"start":{"line":170,"column":16},"end":{"line":170,"column":null}},"99":{"start":{"line":170,"column":32},"end":{"line":170,"column":null}},"100":{"start":{"line":174,"column":8},"end":{"line":174,"column":null}},"101":{"start":{"line":175,"column":8},"end":{"line":177,"column":null}},"102":{"start":{"line":176,"column":12},"end":{"line":176,"column":null}},"103":{"start":{"line":181,"column":4},"end":{"line":218,"column":null}},"104":{"start":{"line":182,"column":24},"end":{"line":182,"column":null}},"105":{"start":{"line":184,"column":8},"end":{"line":192,"column":null}},"106":{"start":{"line":185,"column":12},"end":{"line":188,"column":null}},"107":{"start":{"line":186,"column":16},"end":{"line":186,"column":null}},"108":{"start":{"line":186,"column":31},"end":{"line":186,"column":null}},"109":{"start":{"line":187,"column":16},"end":{"line":187,"column":null}},"110":{"start":{"line":189,"column":12},"end":{"line":191,"column":null}},"111":{"start":{"line":190,"column":16},"end":{"line":190,"column":null}},"112":{"start":{"line":195,"column":12},"end":{"line":195,"column":null}},"113":{"start":{"line":196,"column":12},"end":{"line":211,"column":null}},"114":{"start":{"line":197,"column":40},"end":{"line":199,"column":null}},"115":{"start":{"line":200,"column":16},"end":{"line":204,"column":null}},"116":{"start":{"line":201,"column":20},"end":{"line":201,"column":null}},"117":{"start":{"line":201,"column":45},"end":{"line":201,"column":null}},"118":{"start":{"line":202,"column":20},"end":{"line":202,"column":null}},"119":{"start":{"line":202,"column":36},"end":{"line":202,"column":null}},"120":{"start":{"line":203,"column":20},"end":{"line":203,"column":null}},"121":{"start":{"line":205,"column":16},"end":{"line":205,"column":null}},"122":{"start":{"line":205,"column":32},"end":{"line":205,"column":null}},"123":{"start":{"line":207,"column":16},"end":{"line":207,"column":null}},"124":{"start":{"line":207,"column":41},"end":{"line":207,"column":null}},"125":{"start":{"line":208,"column":16},"end":{"line":208,"column":null}},"126":{"start":{"line":208,"column":32},"end":{"line":208,"column":null}},"127":{"start":{"line":210,"column":16},"end":{"line":210,"column":null}},"128":{"start":{"line":210,"column":32},"end":{"line":210,"column":null}},"129":{"start":{"line":214,"column":8},"end":{"line":214,"column":null}},"130":{"start":{"line":215,"column":8},"end":{"line":217,"column":null}},"131":{"start":{"line":216,"column":12},"end":{"line":216,"column":null}},"132":{"start":{"line":221,"column":10},"end":{"line":229,"column":null}},"133":{"start":{"line":222,"column":23},"end":{"line":222,"column":null}},"134":{"start":{"line":223,"column":8},"end":{"line":227,"column":null}},"135":{"start":{"line":224,"column":26},"end":{"line":224,"column":null}},"136":{"start":{"line":225,"column":12},"end":{"line":225,"column":null}},"137":{"start":{"line":225,"column":32},"end":{"line":225,"column":null}},"138":{"start":{"line":226,"column":12},"end":{"line":226,"column":null}},"139":{"start":{"line":228,"column":8},"end":{"line":228,"column":null}},"140":{"start":{"line":232,"column":10},"end":{"line":248,"column":null}},"141":{"start":{"line":234,"column":12},"end":{"line":234,"column":null}},"142":{"start":{"line":234,"column":38},"end":{"line":234,"column":null}},"143":{"start":{"line":236,"column":12},"end":{"line":245,"column":null}},"144":{"start":{"line":237,"column":16},"end":{"line":237,"column":null}},"145":{"start":{"line":238,"column":16},"end":{"line":238,"column":null}},"146":{"start":{"line":238,"column":42},"end":{"line":238,"column":83}},"147":{"start":{"line":239,"column":19},"end":{"line":245,"column":null}},"148":{"start":{"line":240,"column":16},"end":{"line":240,"column":null}},"149":{"start":{"line":241,"column":16},"end":{"line":241,"column":null}},"150":{"start":{"line":241,"column":42},"end":{"line":241,"column":83}},"151":{"start":{"line":242,"column":19},"end":{"line":245,"column":null}},"152":{"start":{"line":243,"column":16},"end":{"line":243,"column":null}},"153":{"start":{"line":244,"column":16},"end":{"line":244,"column":null}},"154":{"start":{"line":251,"column":10},"end":{"line":272,"column":null}},"155":{"start":{"line":252,"column":8},"end":{"line":252,"column":null}},"156":{"start":{"line":252,"column":37},"end":{"line":252,"column":null}},"157":{"start":{"line":253,"column":8},"end":{"line":253,"column":null}},"158":{"start":{"line":254,"column":8},"end":{"line":271,"column":null}},"159":{"start":{"line":255,"column":36},"end":{"line":259,"column":null}},"160":{"start":{"line":260,"column":12},"end":{"line":263,"column":null}},"161":{"start":{"line":261,"column":16},"end":{"line":261,"column":null}},"162":{"start":{"line":261,"column":41},"end":{"line":261,"column":null}},"163":{"start":{"line":262,"column":16},"end":{"line":262,"column":null}},"164":{"start":{"line":264,"column":31},"end":{"line":264,"column":null}},"165":{"start":{"line":265,"column":12},"end":{"line":265,"column":null}},"166":{"start":{"line":265,"column":33},"end":{"line":265,"column":57}},"167":{"start":{"line":266,"column":12},"end":{"line":266,"column":null}},"168":{"start":{"line":268,"column":12},"end":{"line":268,"column":null}},"169":{"start":{"line":268,"column":37},"end":{"line":268,"column":null}},"170":{"start":{"line":270,"column":12},"end":{"line":270,"column":null}},"171":{"start":{"line":275,"column":4},"end":{"line":280,"column":null}},"172":{"start":{"line":276,"column":8},"end":{"line":279,"column":null}},"173":{"start":{"line":277,"column":25},"end":{"line":277,"column":null}},"174":{"start":{"line":278,"column":12},"end":{"line":278,"column":null}},"175":{"start":{"line":278,"column":22},"end":{"line":278,"column":null}},"176":{"start":{"line":282,"column":4},"end":{"line":508,"column":null}},"177":{"start":{"line":295,"column":41},"end":{"line":295,"column":null}},"178":{"start":{"line":311,"column":32},"end":{"line":311,"column":null}},"179":{"start":{"line":312,"column":32},"end":{"line":312,"column":null}},"180":{"start":{"line":313,"column":32},"end":{"line":313,"column":null}},"181":{"start":{"line":369,"column":32},"end":{"line":369,"column":null}},"182":{"start":{"line":398,"column":36},"end":{"line":439,"column":null}},"183":{"start":{"line":403,"column":55},"end":{"line":403,"column":null}},"184":{"start":{"line":405,"column":44},"end":{"line":408,"column":null}},"185":{"start":{"line":406,"column":48},"end":{"line":406,"column":null}},"186":{"start":{"line":407,"column":48},"end":{"line":407,"column":null}},"187":{"start":{"line":497,"column":36},"end":{"line":501,"column":null}},"188":{"start":{"line":512,"column":6},"end":{"line":563,"column":null}},"189":{"start":{"line":513,"column":22},"end":{"line":513,"column":null}},"190":{"start":{"line":515,"column":4},"end":{"line":561,"column":null}},"191":{"start":{"line":520,"column":31},"end":{"line":520,"column":null}},"192":{"start":{"line":550,"column":28},"end":{"line":556,"column":null}}},"fnMap":{"0":{"name":"HighlightMatch","decl":{"start":{"line":13,"column":37},"end":{"line":13,"column":52}},"loc":{"start":{"line":13,"column":69},"end":{"line":32,"column":1}},"line":13},"1":{"name":"(anonymous_1)","decl":{"start":{"line":21,"column":19},"end":{"line":21,"column":24}},"loc":{"start":{"line":22,"column":16},"end":{"line":27,"column":null}},"line":22},"2":{"name":"FoodSearchPage","decl":{"start":{"line":34,"column":9},"end":{"line":34,"column":26}},"loc":{"start":{"line":34,"column":26},"end":{"line":510,"column":null}},"line":34},"3":{"name":"(anonymous_3)","decl":{"start":{"line":53,"column":4},"end":{"line":53,"column":20}},"loc":{"start":{"line":53,"column":20},"end":{"line":178,"column":7}},"line":53},"4":{"name":"(anonymous_4)","decl":{"start":{"line":58,"column":12},"end":{"line":58,"column":33}},"loc":{"start":{"line":58,"column":33},"end":{"line":65,"column":13}},"line":58},"5":{"name":"(anonymous_5)","decl":{"start":{"line":66,"column":12},"end":{"line":66,"column":25}},"loc":{"start":{"line":66,"column":25},"end":{"line":68,"column":null}},"line":66},"6":{"name":"search","decl":{"start":{"line":71,"column":23},"end":{"line":71,"column":32}},"loc":{"start":{"line":71,"column":32},"end":{"line":172,"column":null}},"line":71},"7":{"name":"(anonymous_7)","decl":{"start":{"line":123,"column":61},"end":{"line":123,"column":66}},"loc":{"start":{"line":123,"column":73},"end":{"line":126,"column":26}},"line":123},"8":{"name":"(anonymous_8)","decl":{"start":{"line":175,"column":8},"end":{"line":175,"column":21}},"loc":{"start":{"line":175,"column":21},"end":{"line":177,"column":null}},"line":175},"9":{"name":"(anonymous_9)","decl":{"start":{"line":181,"column":4},"end":{"line":181,"column":20}},"loc":{"start":{"line":181,"column":20},"end":{"line":218,"column":7}},"line":181},"10":{"name":"(anonymous_10)","decl":{"start":{"line":185,"column":12},"end":{"line":185,"column":33}},"loc":{"start":{"line":185,"column":33},"end":{"line":188,"column":13}},"line":185},"11":{"name":"(anonymous_11)","decl":{"start":{"line":189,"column":12},"end":{"line":189,"column":25}},"loc":{"start":{"line":189,"column":25},"end":{"line":191,"column":null}},"line":189},"12":{"name":"fetchNutrients","decl":{"start":{"line":194,"column":23},"end":{"line":194,"column":40}},"loc":{"start":{"line":194,"column":40},"end":{"line":212,"column":null}},"line":194},"13":{"name":"(anonymous_13)","decl":{"start":{"line":215,"column":8},"end":{"line":215,"column":21}},"loc":{"start":{"line":215,"column":21},"end":{"line":217,"column":null}},"line":215},"14":{"name":"(anonymous_14)","decl":{"start":{"line":221,"column":29},"end":{"line":221,"column":43}},"loc":{"start":{"line":221,"column":43},"end":{"line":229,"column":7}},"line":221},"15":{"name":"(anonymous_15)","decl":{"start":{"line":232,"column":26},"end":{"line":232,"column":null}},"loc":{"start":{"line":233,"column":15},"end":{"line":246,"column":null}},"line":233},"16":{"name":"(anonymous_16)","decl":{"start":{"line":238,"column":16},"end":{"line":238,"column":32}},"loc":{"start":{"line":238,"column":42},"end":{"line":238,"column":83}},"line":238},"17":{"name":"(anonymous_17)","decl":{"start":{"line":241,"column":16},"end":{"line":241,"column":32}},"loc":{"start":{"line":241,"column":42},"end":{"line":241,"column":83}},"line":241},"18":{"name":"(anonymous_18)","decl":{"start":{"line":251,"column":33},"end":{"line":251,"column":45}},"loc":{"start":{"line":251,"column":45},"end":{"line":272,"column":7}},"line":251},"19":{"name":"(anonymous_19)","decl":{"start":{"line":265,"column":12},"end":{"line":265,"column":24}},"loc":{"start":{"line":265,"column":33},"end":{"line":265,"column":57}},"line":265},"20":{"name":"(anonymous_20)","decl":{"start":{"line":275,"column":4},"end":{"line":275,"column":20}},"loc":{"start":{"line":275,"column":20},"end":{"line":280,"column":7}},"line":275},"21":{"name":"(anonymous_21)","decl":{"start":{"line":295,"column":24},"end":{"line":295,"column":35}},"loc":{"start":{"line":295,"column":41},"end":{"line":295,"column":null}},"line":295},"22":{"name":"(anonymous_22)","decl":{"start":{"line":310,"column":28},"end":{"line":310,"column":43}},"loc":{"start":{"line":310,"column":43},"end":{"line":314,"column":null}},"line":310},"23":{"name":"(anonymous_23)","decl":{"start":{"line":368,"column":55},"end":{"line":368,"column":60}},"loc":{"start":{"line":369,"column":32},"end":{"line":369,"column":null}},"line":369},"24":{"name":"(anonymous_24)","decl":{"start":{"line":397,"column":32},"end":{"line":397,"column":45}},"loc":{"start":{"line":398,"column":36},"end":{"line":439,"column":null}},"line":398},"25":{"name":"(anonymous_25)","decl":{"start":{"line":403,"column":40},"end":{"line":403,"column":55}},"loc":{"start":{"line":403,"column":55},"end":{"line":403,"column":null}},"line":403},"26":{"name":"(anonymous_26)","decl":{"start":{"line":404,"column":40},"end":{"line":404,"column":52}},"loc":{"start":{"line":404,"column":58},"end":{"line":409,"column":null}},"line":404},"27":{"name":"(anonymous_27)","decl":{"start":{"line":496,"column":66},"end":{"line":496,"column":71}},"loc":{"start":{"line":497,"column":36},"end":{"line":501,"column":null}},"line":497},"28":{"name":"NutrientGroupTable","decl":{"start":{"line":512,"column":41},"end":{"line":512,"column":60}},"loc":{"start":{"line":512,"column":82},"end":{"line":563,"column":1}},"line":512},"29":{"name":"(anonymous_29)","decl":{"start":{"line":520,"column":16},"end":{"line":520,"column":31}},"loc":{"start":{"line":520,"column":31},"end":{"line":520,"column":null}},"line":520},"30":{"name":"(anonymous_30)","decl":{"start":{"line":549,"column":31},"end":{"line":549,"column":36}},"loc":{"start":{"line":550,"column":28},"end":{"line":556,"column":null}},"line":550}},"branchMap":{"0":{"loc":{"start":{"line":14,"column":4},"end":{"line":14,"column":null}},"type":"if","locations":[{"start":{"line":14,"column":4},"end":{"line":14,"column":null}},{"start":{},"end":{}}],"line":14},"1":{"loc":{"start":{"line":15,"column":4},"end":{"line":15,"column":null}},"type":"if","locations":[{"start":{"line":15,"column":4},"end":{"line":15,"column":null}},{"start":{},"end":{}}],"line":15},"2":{"loc":{"start":{"line":15,"column":8},"end":{"line":15,"column":36}},"type":"binary-expr","locations":[{"start":{"line":15,"column":8},"end":{"line":15,"column":18}},{"start":{"line":15,"column":18},"end":{"line":15,"column":36}}],"line":15},"3":{"loc":{"start":{"line":22,"column":16},"end":{"line":27,"column":null}},"type":"cond-expr","locations":[{"start":{"line":23,"column":20},"end":{"line":25,"column":null}},{"start":{"line":27,"column":20},"end":{"line":27,"column":null}}],"line":22},"4":{"loc":{"start":{"line":56,"column":8},"end":{"line":69,"column":null}},"type":"if","locations":[{"start":{"line":56,"column":8},"end":{"line":69,"column":null}},{"start":{},"end":{}}],"line":56},"5":{"loc":{"start":{"line":59,"column":16},"end":{"line":59,"column":null}},"type":"if","locations":[{"start":{"line":59,"column":16},"end":{"line":59,"column":null}},{"start":{},"end":{}}],"line":59},"6":{"loc":{"start":{"line":82,"column":16},"end":{"line":95,"column":null}},"type":"if","locations":[{"start":{"line":82,"column":16},"end":{"line":95,"column":null}},{"start":{},"end":{}}],"line":82},"7":{"loc":{"start":{"line":83,"column":20},"end":{"line":83,"column":null}},"type":"if","locations":[{"start":{"line":83,"column":20},"end":{"line":83,"column":null}},{"start":{},"end":{}}],"line":83},"8":{"loc":{"start":{"line":84,"column":20},"end":{"line":93,"column":null}},"type":"if","locations":[{"start":{"line":84,"column":20},"end":{"line":93,"column":null}},{"start":{},"end":{}}],"line":84},"9":{"loc":{"start":{"line":86,"column":28},"end":{"line":87,"column":null}},"type":"binary-expr","locations":[{"start":{"line":86,"column":28},"end":{"line":86,"column":null}},{"start":{"line":87,"column":32},"end":{"line":87,"column":null}}],"line":86},"10":{"loc":{"start":{"line":97,"column":16},"end":{"line":160,"column":null}},"type":"if","locations":[{"start":{"line":97,"column":16},"end":{"line":160,"column":null}},{"start":{"line":130,"column":23},"end":{"line":160,"column":null}}],"line":97},"11":{"loc":{"start":{"line":97,"column":20},"end":{"line":97,"column":81}},"type":"binary-expr","locations":[{"start":{"line":97,"column":20},"end":{"line":97,"column":34}},{"start":{"line":97,"column":34},"end":{"line":97,"column":53}},{"start":{"line":97,"column":53},"end":{"line":97,"column":81}}],"line":97},"12":{"loc":{"start":{"line":105,"column":20},"end":{"line":117,"column":null}},"type":"if","locations":[{"start":{"line":105,"column":20},"end":{"line":117,"column":null}},{"start":{},"end":{}}],"line":105},"13":{"loc":{"start":{"line":106,"column":24},"end":{"line":106,"column":null}},"type":"if","locations":[{"start":{"line":106,"column":24},"end":{"line":106,"column":null}},{"start":{},"end":{}}],"line":106},"14":{"loc":{"start":{"line":107,"column":24},"end":{"line":115,"column":null}},"type":"if","locations":[{"start":{"line":107,"column":24},"end":{"line":115,"column":null}},{"start":{},"end":{}}],"line":107},"15":{"loc":{"start":{"line":109,"column":32},"end":{"line":109,"column":null}},"type":"binary-expr","locations":[{"start":{"line":109,"column":32},"end":{"line":109,"column":51}},{"start":{"line":109,"column":51},"end":{"line":109,"column":null}}],"line":109},"16":{"loc":{"start":{"line":119,"column":20},"end":{"line":129,"column":null}},"type":"if","locations":[{"start":{"line":119,"column":20},"end":{"line":129,"column":null}},{"start":{},"end":{}}],"line":119},"17":{"loc":{"start":{"line":123,"column":40},"end":{"line":123,"column":61}},"type":"binary-expr","locations":[{"start":{"line":123,"column":40},"end":{"line":123,"column":57}},{"start":{"line":123,"column":57},"end":{"line":123,"column":61}}],"line":123},"18":{"loc":{"start":{"line":138,"column":20},"end":{"line":151,"column":null}},"type":"if","locations":[{"start":{"line":138,"column":20},"end":{"line":151,"column":null}},{"start":{},"end":{}}],"line":138},"19":{"loc":{"start":{"line":139,"column":24},"end":{"line":139,"column":null}},"type":"if","locations":[{"start":{"line":139,"column":24},"end":{"line":139,"column":null}},{"start":{},"end":{}}],"line":139},"20":{"loc":{"start":{"line":140,"column":24},"end":{"line":149,"column":null}},"type":"if","locations":[{"start":{"line":140,"column":24},"end":{"line":149,"column":null}},{"start":{},"end":{}}],"line":140},"21":{"loc":{"start":{"line":142,"column":32},"end":{"line":142,"column":null}},"type":"binary-expr","locations":[{"start":{"line":142,"column":32},"end":{"line":142,"column":49}},{"start":{"line":142,"column":49},"end":{"line":142,"column":null}}],"line":142},"22":{"loc":{"start":{"line":153,"column":20},"end":{"line":159,"column":null}},"type":"if","locations":[{"start":{"line":153,"column":20},"end":{"line":159,"column":null}},{"start":{},"end":{}}],"line":153},"23":{"loc":{"start":{"line":156,"column":35},"end":{"line":156,"column":45}},"type":"binary-expr","locations":[{"start":{"line":156,"column":35},"end":{"line":156,"column":43}},{"start":{"line":156,"column":43},"end":{"line":156,"column":45}}],"line":156},"24":{"loc":{"start":{"line":157,"column":36},"end":{"line":157,"column":48}},"type":"binary-expr","locations":[{"start":{"line":157,"column":36},"end":{"line":157,"column":44}},{"start":{"line":157,"column":44},"end":{"line":157,"column":48}}],"line":157},"25":{"loc":{"start":{"line":162,"column":16},"end":{"line":162,"column":null}},"type":"if","locations":[{"start":{"line":162,"column":16},"end":{"line":162,"column":null}},{"start":{},"end":{}}],"line":162},"26":{"loc":{"start":{"line":163,"column":16},"end":{"line":168,"column":null}},"type":"if","locations":[{"start":{"line":163,"column":16},"end":{"line":168,"column":null}},{"start":{},"end":{}}],"line":163},"27":{"loc":{"start":{"line":170,"column":16},"end":{"line":170,"column":null}},"type":"if","locations":[{"start":{"line":170,"column":16},"end":{"line":170,"column":null}},{"start":{},"end":{}}],"line":170},"28":{"loc":{"start":{"line":184,"column":8},"end":{"line":192,"column":null}},"type":"if","locations":[{"start":{"line":184,"column":8},"end":{"line":192,"column":null}},{"start":{},"end":{}}],"line":184},"29":{"loc":{"start":{"line":186,"column":16},"end":{"line":186,"column":null}},"type":"if","locations":[{"start":{"line":186,"column":16},"end":{"line":186,"column":null}},{"start":{},"end":{}}],"line":186},"30":{"loc":{"start":{"line":200,"column":16},"end":{"line":204,"column":null}},"type":"if","locations":[{"start":{"line":200,"column":16},"end":{"line":204,"column":null}},{"start":{},"end":{}}],"line":200},"31":{"loc":{"start":{"line":201,"column":20},"end":{"line":201,"column":null}},"type":"if","locations":[{"start":{"line":201,"column":20},"end":{"line":201,"column":null}},{"start":{},"end":{}}],"line":201},"32":{"loc":{"start":{"line":202,"column":20},"end":{"line":202,"column":null}},"type":"if","locations":[{"start":{"line":202,"column":20},"end":{"line":202,"column":null}},{"start":{},"end":{}}],"line":202},"33":{"loc":{"start":{"line":205,"column":16},"end":{"line":205,"column":null}},"type":"if","locations":[{"start":{"line":205,"column":16},"end":{"line":205,"column":null}},{"start":{},"end":{}}],"line":205},"34":{"loc":{"start":{"line":205,"column":45},"end":{"line":205,"column":55}},"type":"binary-expr","locations":[{"start":{"line":205,"column":45},"end":{"line":205,"column":53}},{"start":{"line":205,"column":53},"end":{"line":205,"column":55}}],"line":205},"35":{"loc":{"start":{"line":207,"column":16},"end":{"line":207,"column":null}},"type":"if","locations":[{"start":{"line":207,"column":16},"end":{"line":207,"column":null}},{"start":{},"end":{}}],"line":207},"36":{"loc":{"start":{"line":208,"column":16},"end":{"line":208,"column":null}},"type":"if","locations":[{"start":{"line":208,"column":16},"end":{"line":208,"column":null}},{"start":{},"end":{}}],"line":208},"37":{"loc":{"start":{"line":210,"column":16},"end":{"line":210,"column":null}},"type":"if","locations":[{"start":{"line":210,"column":16},"end":{"line":210,"column":null}},{"start":{},"end":{}}],"line":210},"38":{"loc":{"start":{"line":224,"column":26},"end":{"line":224,"column":null}},"type":"binary-expr","locations":[{"start":{"line":224,"column":26},"end":{"line":224,"column":48}},{"start":{"line":224,"column":48},"end":{"line":224,"column":null}}],"line":224},"39":{"loc":{"start":{"line":225,"column":12},"end":{"line":225,"column":null}},"type":"if","locations":[{"start":{"line":225,"column":12},"end":{"line":225,"column":null}},{"start":{},"end":{}}],"line":225},"40":{"loc":{"start":{"line":234,"column":12},"end":{"line":234,"column":null}},"type":"if","locations":[{"start":{"line":234,"column":12},"end":{"line":234,"column":null}},{"start":{},"end":{}}],"line":234},"41":{"loc":{"start":{"line":236,"column":12},"end":{"line":245,"column":null}},"type":"if","locations":[{"start":{"line":236,"column":12},"end":{"line":245,"column":null}},{"start":{"line":239,"column":19},"end":{"line":245,"column":null}}],"line":236},"42":{"loc":{"start":{"line":238,"column":42},"end":{"line":238,"column":83}},"type":"cond-expr","locations":[{"start":{"line":238,"column":70},"end":{"line":238,"column":81}},{"start":{"line":238,"column":81},"end":{"line":238,"column":83}}],"line":238},"43":{"loc":{"start":{"line":239,"column":19},"end":{"line":245,"column":null}},"type":"if","locations":[{"start":{"line":239,"column":19},"end":{"line":245,"column":null}},{"start":{"line":242,"column":19},"end":{"line":245,"column":null}}],"line":239},"44":{"loc":{"start":{"line":241,"column":42},"end":{"line":241,"column":83}},"type":"cond-expr","locations":[{"start":{"line":241,"column":53},"end":{"line":241,"column":64}},{"start":{"line":241,"column":64},"end":{"line":241,"column":83}}],"line":241},"45":{"loc":{"start":{"line":242,"column":19},"end":{"line":245,"column":null}},"type":"if","locations":[{"start":{"line":242,"column":19},"end":{"line":245,"column":null}},{"start":{},"end":{}}],"line":242},"46":{"loc":{"start":{"line":242,"column":23},"end":{"line":242,"column":94}},"type":"binary-expr","locations":[{"start":{"line":242,"column":23},"end":{"line":242,"column":44}},{"start":{"line":242,"column":44},"end":{"line":242,"column":64}},{"start":{"line":242,"column":64},"end":{"line":242,"column":94}}],"line":242},"47":{"loc":{"start":{"line":252,"column":8},"end":{"line":252,"column":null}},"type":"if","locations":[{"start":{"line":252,"column":8},"end":{"line":252,"column":null}},{"start":{},"end":{}}],"line":252},"48":{"loc":{"start":{"line":252,"column":12},"end":{"line":252,"column":37}},"type":"binary-expr","locations":[{"start":{"line":252,"column":12},"end":{"line":252,"column":27}},{"start":{"line":252,"column":27},"end":{"line":252,"column":37}}],"line":252},"49":{"loc":{"start":{"line":260,"column":12},"end":{"line":263,"column":null}},"type":"if","locations":[{"start":{"line":260,"column":12},"end":{"line":263,"column":null}},{"start":{},"end":{}}],"line":260},"50":{"loc":{"start":{"line":261,"column":16},"end":{"line":261,"column":null}},"type":"if","locations":[{"start":{"line":261,"column":16},"end":{"line":261,"column":null}},{"start":{},"end":{}}],"line":261},"51":{"loc":{"start":{"line":264,"column":31},"end":{"line":264,"column":null}},"type":"binary-expr","locations":[{"start":{"line":264,"column":31},"end":{"line":264,"column":39}},{"start":{"line":264,"column":39},"end":{"line":264,"column":null}}],"line":264},"52":{"loc":{"start":{"line":268,"column":12},"end":{"line":268,"column":null}},"type":"if","locations":[{"start":{"line":268,"column":12},"end":{"line":268,"column":null}},{"start":{},"end":{}}],"line":268},"53":{"loc":{"start":{"line":276,"column":8},"end":{"line":279,"column":null}},"type":"if","locations":[{"start":{"line":276,"column":8},"end":{"line":279,"column":null}},{"start":{},"end":{}}],"line":276},"54":{"loc":{"start":{"line":278,"column":12},"end":{"line":278,"column":null}},"type":"if","locations":[{"start":{"line":278,"column":12},"end":{"line":278,"column":null}},{"start":{},"end":{}}],"line":278},"55":{"loc":{"start":{"line":302,"column":28},"end":{"line":302,"column":null}},"type":"cond-expr","locations":[{"start":{"line":302,"column":47},"end":{"line":302,"column":78}},{"start":{"line":302,"column":78},"end":{"line":302,"column":null}}],"line":302},"56":{"loc":{"start":{"line":306,"column":21},"end":{"line":318,"column":null}},"type":"binary-expr","locations":[{"start":{"line":306,"column":21},"end":{"line":306,"column":null}},{"start":{"line":307,"column":24},"end":{"line":318,"column":null}}],"line":306},"57":{"loc":{"start":{"line":320,"column":21},"end":{"line":321,"column":null}},"type":"binary-expr","locations":[{"start":{"line":320,"column":21},"end":{"line":320,"column":null}},{"start":{"line":321,"column":24},"end":{"line":321,"column":null}}],"line":320},"58":{"loc":{"start":{"line":335,"column":21},"end":{"line":340,"column":null}},"type":"binary-expr","locations":[{"start":{"line":335,"column":21},"end":{"line":335,"column":null}},{"start":{"line":336,"column":24},"end":{"line":340,"column":null}}],"line":335},"59":{"loc":{"start":{"line":343,"column":21},"end":{"line":346,"column":null}},"type":"binary-expr","locations":[{"start":{"line":343,"column":21},"end":{"line":343,"column":41}},{"start":{"line":343,"column":41},"end":{"line":343,"column":null}},{"start":{"line":344,"column":24},"end":{"line":346,"column":null}}],"line":343},"60":{"loc":{"start":{"line":349,"column":21},"end":{"line":357,"column":null}},"type":"binary-expr","locations":[{"start":{"line":349,"column":21},"end":{"line":349,"column":null}},{"start":{"line":350,"column":24},"end":{"line":350,"column":null}},{"start":{"line":351,"column":24},"end":{"line":351,"column":null}},{"start":{"line":352,"column":24},"end":{"line":352,"column":null}},{"start":{"line":353,"column":28},"end":{"line":357,"column":null}}],"line":349},"61":{"loc":{"start":{"line":361,"column":21},"end":{"line":371,"column":null}},"type":"binary-expr","locations":[{"start":{"line":361,"column":21},"end":{"line":361,"column":null}},{"start":{"line":362,"column":24},"end":{"line":371,"column":null}}],"line":361},"62":{"loc":{"start":{"line":374,"column":21},"end":{"line":381,"column":null}},"type":"binary-expr","locations":[{"start":{"line":374,"column":21},"end":{"line":374,"column":null}},{"start":{"line":375,"column":24},"end":{"line":381,"column":null}}],"line":374},"63":{"loc":{"start":{"line":384,"column":21},"end":{"line":460,"column":null}},"type":"binary-expr","locations":[{"start":{"line":384,"column":21},"end":{"line":384,"column":null}},{"start":{"line":385,"column":24},"end":{"line":460,"column":null}}],"line":384},"64":{"loc":{"start":{"line":386,"column":29},"end":{"line":389,"column":null}},"type":"binary-expr","locations":[{"start":{"line":386,"column":29},"end":{"line":386,"column":null}},{"start":{"line":387,"column":32},"end":{"line":389,"column":null}}],"line":386},"65":{"loc":{"start":{"line":401,"column":44},"end":{"line":401,"column":null}},"type":"cond-expr","locations":[{"start":{"line":401,"column":85},"end":{"line":401,"column":98}},{"start":{"line":401,"column":98},"end":{"line":401,"column":null}}],"line":401},"66":{"loc":{"start":{"line":402,"column":44},"end":{"line":402,"column":null}},"type":"cond-expr","locations":[{"start":{"line":402,"column":68},"end":{"line":402,"column":88}},{"start":{"line":402,"column":88},"end":{"line":402,"column":null}}],"line":402},"67":{"loc":{"start":{"line":405,"column":44},"end":{"line":408,"column":null}},"type":"if","locations":[{"start":{"line":405,"column":44},"end":{"line":408,"column":null}},{"start":{},"end":{}}],"line":405},"68":{"loc":{"start":{"line":405,"column":48},"end":{"line":405,"column":84}},"type":"binary-expr","locations":[{"start":{"line":405,"column":48},"end":{"line":405,"column":69}},{"start":{"line":405,"column":69},"end":{"line":405,"column":84}}],"line":405},"69":{"loc":{"start":{"line":421,"column":45},"end":{"line":427,"column":null}},"type":"binary-expr","locations":[{"start":{"line":421,"column":45},"end":{"line":421,"column":65}},{"start":{"line":421,"column":65},"end":{"line":421,"column":null}},{"start":{"line":422,"column":48},"end":{"line":427,"column":null}}],"line":421},"70":{"loc":{"start":{"line":424,"column":60},"end":{"line":424,"column":83}},"type":"binary-expr","locations":[{"start":{"line":424,"column":60},"end":{"line":424,"column":73}},{"start":{"line":424,"column":73},"end":{"line":424,"column":83}}],"line":424},"71":{"loc":{"start":{"line":434,"column":58},"end":{"line":434,"column":null}},"type":"binary-expr","locations":[{"start":{"line":434,"column":58},"end":{"line":434,"column":77}},{"start":{"line":434,"column":77},"end":{"line":434,"column":null}}],"line":434},"72":{"loc":{"start":{"line":442,"column":29},"end":{"line":458,"column":null}},"type":"binary-expr","locations":[{"start":{"line":442,"column":29},"end":{"line":442,"column":40}},{"start":{"line":442,"column":40},"end":{"line":442,"column":null}},{"start":{"line":443,"column":32},"end":{"line":458,"column":null}}],"line":442},"73":{"loc":{"start":{"line":450,"column":37},"end":{"line":456,"column":null}},"type":"cond-expr","locations":[{"start":{"line":451,"column":40},"end":{"line":456,"column":null}},{"start":{"line":456,"column":40},"end":{"line":456,"column":null}}],"line":450},"74":{"loc":{"start":{"line":466,"column":21},"end":{"line":469,"column":null}},"type":"binary-expr","locations":[{"start":{"line":466,"column":21},"end":{"line":466,"column":null}},{"start":{"line":467,"column":24},"end":{"line":469,"column":null}}],"line":466},"75":{"loc":{"start":{"line":472,"column":21},"end":{"line":476,"column":null}},"type":"binary-expr","locations":[{"start":{"line":472,"column":21},"end":{"line":472,"column":37}},{"start":{"line":472,"column":37},"end":{"line":472,"column":null}},{"start":{"line":473,"column":24},"end":{"line":476,"column":null}}],"line":472},"76":{"loc":{"start":{"line":479,"column":21},"end":{"line":504,"column":null}},"type":"binary-expr","locations":[{"start":{"line":479,"column":21},"end":{"line":479,"column":37}},{"start":{"line":479,"column":37},"end":{"line":479,"column":null}},{"start":{"line":480,"column":24},"end":{"line":504,"column":null}}],"line":479},"77":{"loc":{"start":{"line":525,"column":17},"end":{"line":530,"column":null}},"type":"cond-expr","locations":[{"start":{"line":526,"column":20},"end":{"line":528,"column":21}},{"start":{"line":528,"column":20},"end":{"line":530,"column":null}}],"line":525},"78":{"loc":{"start":{"line":531,"column":13},"end":{"line":561,"column":null}},"type":"binary-expr","locations":[{"start":{"line":531,"column":13},"end":{"line":531,"column":null}},{"start":{"line":532,"column":16},"end":{"line":561,"column":null}}],"line":531},"79":{"loc":{"start":{"line":553,"column":37},"end":{"line":553,"column":null}},"type":"cond-expr","locations":[{"start":{"line":553,"column":58},"end":{"line":553,"column":90}},{"start":{"line":553,"column":90},"end":{"line":553,"column":null}}],"line":553},"80":{"loc":{"start":{"line":555,"column":68},"end":{"line":555,"column":88}},"type":"binary-expr","locations":[{"start":{"line":555,"column":68},"end":{"line":555,"column":81}},{"start":{"line":555,"column":81},"end":{"line":555,"column":88}}],"line":555}},"s":{"0":1,"1":1,"2":12,"3":0,"4":12,"5":0,"6":12,"7":12,"8":12,"9":12,"10":20,"11":34,"12":34,"13":34,"14":34,"15":34,"16":34,"17":34,"18":34,"19":34,"20":34,"21":34,"22":34,"23":34,"24":34,"25":34,"26":34,"27":16,"28":16,"29":10,"30":10,"31":0,"32":10,"33":10,"34":10,"35":10,"36":10,"37":10,"38":10,"39":6,"40":6,"41":6,"42":6,"43":6,"44":1,"45":1,"46":1,"47":1,"48":1,"49":1,"50":1,"51":1,"52":1,"53":5,"54":1,"55":1,"56":1,"57":0,"58":0,"59":0,"60":0,"61":0,"62":0,"63":0,"64":0,"65":0,"66":1,"67":1,"68":1,"69":1,"70":2,"71":1,"72":1,"73":4,"74":4,"75":1,"76":1,"77":1,"78":1,"79":1,"80":1,"81":1,"82":1,"83":1,"84":1,"85":3,"86":3,"87":3,"88":3,"89":3,"90":3,"91":0,"92":0,"93":0,"94":0,"95":0,"96":0,"97":0,"98":6,"99":6,"100":6,"101":6,"102":6,"103":34,"104":11,"105":11,"106":10,"107":10,"108":0,"109":10,"110":10,"111":10,"112":1,"113":1,"114":1,"115":1,"116":0,"117":0,"118":0,"119":0,"120":0,"121":1,"122":1,"123":0,"124":0,"125":0,"126":0,"127":1,"128":1,"129":1,"130":1,"131":1,"132":34,"133":21,"134":21,"135":3,"136":3,"137":1,"138":3,"139":21,"140":34,"141":0,"142":0,"143":0,"144":0,"145":0,"146":0,"147":0,"148":0,"149":0,"150":0,"151":0,"152":0,"153":0,"154":34,"155":0,"156":0,"157":0,"158":0,"159":0,"160":0,"161":0,"162":0,"163":0,"164":0,"165":0,"166":0,"167":0,"168":0,"169":0,"170":0,"171":34,"172":10,"173":0,"174":0,"175":0,"176":34,"177":6,"178":0,"179":0,"180":0,"181":0,"182":10,"183":1,"184":0,"185":0,"186":0,"187":1,"188":1,"189":1,"190":1,"191":0,"192":3},"f":{"0":12,"1":20,"2":34,"3":16,"4":10,"5":10,"6":6,"7":2,"8":6,"9":11,"10":10,"11":10,"12":1,"13":1,"14":21,"15":0,"16":0,"17":0,"18":0,"19":0,"20":10,"21":6,"22":0,"23":0,"24":10,"25":1,"26":0,"27":1,"28":1,"29":0,"30":3},"b":{"0":[0,12],"1":[0,12],"2":[12,12],"3":[4,16],"4":[10,6],"5":[0,10],"6":[1,5],"7":[1,0],"8":[1,0],"9":[1,0],"10":[1,4],"11":[5,5,5],"12":[0,1],"13":[0,0],"14":[0,0],"15":[0,0],"16":[1,0],"17":[1,0],"18":[1,3],"19":[1,0],"20":[1,0],"21":[1,0],"22":[3,0],"23":[3,0],"24":[3,0],"25":[0,0],"26":[0,0],"27":[6,0],"28":[10,1],"29":[0,10],"30":[0,1],"31":[0,0],"32":[0,0],"33":[1,0],"34":[1,0],"35":[0,0],"36":[0,0],"37":[1,0],"38":[3,0],"39":[1,2],"40":[0,0],"41":[0,0],"42":[0,0],"43":[0,0],"44":[0,0],"45":[0,0],"46":[0,0,0],"47":[0,0],"48":[0,0],"49":[0,0],"50":[0,0],"51":[0,0],"52":[0,0],"53":[0,10],"54":[0,0],"55":[0,34],"56":[34,14],"57":[34,0],"58":[34,20],"59":[34,14,0],"60":[34,14,14,9,7],"61":[34,0],"62":[34,2],"63":[34,5],"64":[5,1],"65":[2,8],"66":[0,10],"67":[0,0],"68":[0,0],"69":[10,2,2],"70":[2,0],"71":[10,0],"72":[5,0,0],"73":[0,0],"74":[34,32],"75":[34,2,0],"76":[34,2,2],"77":[0,1],"78":[1,1],"79":[3,0],"80":[3,0]},"meta":{"lastBranch":81,"lastFunction":31,"lastStatement":193,"seen":{"s:11:18:11:Infinity":0,"s:13:6:32:Infinity":1,"f:13:37:13:52":0,"b:14:4:14:Infinity:undefined:undefined:undefined:undefined":0,"s:14:4:14:Infinity":2,"s:14:15:14:Infinity":3,"b:15:4:15:Infinity:undefined:undefined:undefined:undefined":1,"s:15:4:15:Infinity":4,"b:15:8:15:18:15:18:15:36":2,"s:15:36:15:Infinity":5,"s:16:23:16:Infinity":6,"s:17:22:17:Infinity":7,"s:18:18:18:Infinity":8,"s:19:4:30:Infinity":9,"f:21:19:21:24":1,"s:22:16:27:Infinity":10,"b:23:20:25:Infinity:27:20:27:Infinity":3,"f:34:9:34:26":2,"s:35:18:35:Infinity":11,"s:36:20:36:Infinity":12,"s:37:20:37:Infinity":13,"s:38:25:38:Infinity":14,"s:39:22:39:Infinity":15,"s:40:29:40:Infinity":16,"s:41:24:41:Infinity":17,"s:42:24:42:Infinity":18,"s:43:20:43:Infinity":19,"s:44:24:44:Infinity":20,"s:45:10:45:Infinity":21,"s:46:10:46:Infinity":22,"s:48:10:48:Infinity":23,"s:49:29:49:Infinity":24,"s:50:32:50:Infinity":25,"s:53:4:178:Infinity":26,"f:53:4:53:20":3,"s:54:24:54:Infinity":27,"b:56:8:69:Infinity:undefined:undefined:undefined:undefined":4,"s:56:8:69:Infinity":28,"s:58:12:65:Infinity":29,"f:58:12:58:33":4,"b:59:16:59:Infinity:undefined:undefined:undefined:undefined":5,"s:59:16:59:Infinity":30,"s:59:31:59:Infinity":31,"s:60:16:60:Infinity":32,"s:61:16:61:Infinity":33,"s:62:16:62:Infinity":34,"s:63:16:63:Infinity":35,"s:64:16:64:Infinity":36,"s:66:12:68:Infinity":37,"f:66:12:66:25":5,"s:67:16:67:Infinity":38,"f:71:23:71:32":6,"s:72:12:72:Infinity":39,"s:73:12:73:Infinity":40,"s:74:12:171:Infinity":41,"s:76:72:80:Infinity":42,"b:82:16:95:Infinity:undefined:undefined:undefined:undefined":6,"s:82:16:95:Infinity":43,"b:83:20:83:Infinity:undefined:undefined:undefined:undefined":7,"s:83:20:83:Infinity":44,"s:83:45:83:Infinity":45,"b:84:20:93:Infinity:undefined:undefined:undefined:undefined":8,"s:84:20:93:Infinity":46,"s:85:24:88:Infinity":47,"b:86:28:86:Infinity:87:32:87:Infinity":9,"s:89:24:89:Infinity":48,"s:90:24:90:Infinity":49,"s:91:24:91:Infinity":50,"s:92:24:92:Infinity":51,"s:94:20:94:Infinity":52,"b:97:16:160:Infinity:130:23:160:Infinity":10,"s:97:16:160:Infinity":53,"b:97:20:97:34:97:34:97:53:97:53:97:81":11,"s:99:36:99:Infinity":54,"s:100:68:103:Infinity":55,"b:105:20:117:Infinity:undefined:undefined:undefined:undefined":12,"s:105:20:117:Infinity":56,"b:106:24:106:Infinity:undefined:undefined:undefined:undefined":13,"s:106:24:106:Infinity":57,"s:106:49:106:Infinity":58,"b:107:24:115:Infinity:undefined:undefined:undefined:undefined":14,"s:107:24:115:Infinity":59,"s:108:28:110:Infinity":60,"b:109:32:109:51:109:51:109:Infinity":15,"s:111:28:111:Infinity":61,"s:112:28:112:Infinity":62,"s:113:28:113:Infinity":63,"s:114:28:114:Infinity":64,"s:116:24:116:Infinity":65,"b:119:20:129:Infinity:undefined:undefined:undefined:undefined":16,"s:119:20:129:Infinity":66,"s:120:24:120:Infinity":67,"s:121:24:121:Infinity":68,"s:123:30:126:Infinity":69,"b:123:40:123:57:123:57:123:61":17,"f:123:61:123:66":7,"s:123:73:126:26":70,"s:127:24:127:Infinity":71,"s:128:24:128:Infinity":72,"s:132:44:136:Infinity":73,"b:138:20:151:Infinity:undefined:undefined:undefined:undefined":18,"s:138:20:151:Infinity":74,"b:139:24:139:Infinity:undefined:undefined:undefined:undefined":19,"s:139:24:139:Infinity":75,"s:139:49:139:Infinity":76,"b:140:24:149:Infinity:undefined:undefined:undefined:undefined":20,"s:140:24:149:Infinity":77,"s:141:28:143:Infinity":78,"b:142:32:142:49:142:49:142:Infinity":21,"s:144:28:144:Infinity":79,"s:145:28:145:Infinity":80,"s:146:28:146:Infinity":81,"s:147:28:147:Infinity":82,"s:148:28:148:Infinity":83,"s:150:24:150:Infinity":84,"b:153:20:159:Infinity:undefined:undefined:undefined:undefined":22,"s:153:20:159:Infinity":85,"s:154:24:154:Infinity":86,"s:155:24:155:Infinity":87,"s:156:24:156:Infinity":88,"b:156:35:156:43:156:43:156:45":23,"s:157:24:157:Infinity":89,"b:157:36:157:44:157:44:157:48":24,"s:158:24:158:Infinity":90,"b:162:16:162:Infinity:undefined:undefined:undefined:undefined":25,"s:162:16:162:Infinity":91,"s:162:41:162:Infinity":92,"b:163:16:168:Infinity:undefined:undefined:undefined:undefined":26,"s:163:16:168:Infinity":93,"s:164:20:164:Infinity":94,"s:165:20:165:Infinity":95,"s:166:20:166:Infinity":96,"s:167:20:167:Infinity":97,"b:170:16:170:Infinity:undefined:undefined:undefined:undefined":27,"s:170:16:170:Infinity":98,"s:170:32:170:Infinity":99,"s:174:8:174:Infinity":100,"s:175:8:177:Infinity":101,"f:175:8:175:21":8,"s:176:12:176:Infinity":102,"s:181:4:218:Infinity":103,"f:181:4:181:20":9,"s:182:24:182:Infinity":104,"b:184:8:192:Infinity:undefined:undefined:undefined:undefined":28,"s:184:8:192:Infinity":105,"s:185:12:188:Infinity":106,"f:185:12:185:33":10,"b:186:16:186:Infinity:undefined:undefined:undefined:undefined":29,"s:186:16:186:Infinity":107,"s:186:31:186:Infinity":108,"s:187:16:187:Infinity":109,"s:189:12:191:Infinity":110,"f:189:12:189:25":11,"s:190:16:190:Infinity":111,"f:194:23:194:40":12,"s:195:12:195:Infinity":112,"s:196:12:211:Infinity":113,"s:197:40:199:Infinity":114,"b:200:16:204:Infinity:undefined:undefined:undefined:undefined":30,"s:200:16:204:Infinity":115,"b:201:20:201:Infinity:undefined:undefined:undefined:undefined":31,"s:201:20:201:Infinity":116,"s:201:45:201:Infinity":117,"b:202:20:202:Infinity:undefined:undefined:undefined:undefined":32,"s:202:20:202:Infinity":118,"s:202:36:202:Infinity":119,"s:203:20:203:Infinity":120,"b:205:16:205:Infinity:undefined:undefined:undefined:undefined":33,"s:205:16:205:Infinity":121,"s:205:32:205:Infinity":122,"b:205:45:205:53:205:53:205:55":34,"b:207:16:207:Infinity:undefined:undefined:undefined:undefined":35,"s:207:16:207:Infinity":123,"s:207:41:207:Infinity":124,"b:208:16:208:Infinity:undefined:undefined:undefined:undefined":36,"s:208:16:208:Infinity":125,"s:208:32:208:Infinity":126,"b:210:16:210:Infinity:undefined:undefined:undefined:undefined":37,"s:210:16:210:Infinity":127,"s:210:32:210:Infinity":128,"s:214:8:214:Infinity":129,"s:215:8:217:Infinity":130,"f:215:8:215:21":13,"s:216:12:216:Infinity":131,"s:221:10:229:Infinity":132,"f:221:29:221:43":14,"s:222:23:222:Infinity":133,"s:223:8:227:Infinity":134,"s:224:26:224:Infinity":135,"b:224:26:224:48:224:48:224:Infinity":38,"b:225:12:225:Infinity:undefined:undefined:undefined:undefined":39,"s:225:12:225:Infinity":136,"s:225:32:225:Infinity":137,"s:226:12:226:Infinity":138,"s:228:8:228:Infinity":139,"s:232:10:248:Infinity":140,"f:232:26:232:Infinity":15,"b:234:12:234:Infinity:undefined:undefined:undefined:undefined":40,"s:234:12:234:Infinity":141,"s:234:38:234:Infinity":142,"b:236:12:245:Infinity:239:19:245:Infinity":41,"s:236:12:245:Infinity":143,"s:237:16:237:Infinity":144,"s:238:16:238:Infinity":145,"f:238:16:238:32":16,"s:238:42:238:83":146,"b:238:70:238:81:238:81:238:83":42,"b:239:19:245:Infinity:242:19:245:Infinity":43,"s:239:19:245:Infinity":147,"s:240:16:240:Infinity":148,"s:241:16:241:Infinity":149,"f:241:16:241:32":17,"s:241:42:241:83":150,"b:241:53:241:64:241:64:241:83":44,"b:242:19:245:Infinity:undefined:undefined:undefined:undefined":45,"s:242:19:245:Infinity":151,"b:242:23:242:44:242:44:242:64:242:64:242:94":46,"s:243:16:243:Infinity":152,"s:244:16:244:Infinity":153,"s:251:10:272:Infinity":154,"f:251:33:251:45":18,"b:252:8:252:Infinity:undefined:undefined:undefined:undefined":47,"s:252:8:252:Infinity":155,"b:252:12:252:27:252:27:252:37":48,"s:252:37:252:Infinity":156,"s:253:8:253:Infinity":157,"s:254:8:271:Infinity":158,"s:255:36:259:Infinity":159,"b:260:12:263:Infinity:undefined:undefined:undefined:undefined":49,"s:260:12:263:Infinity":160,"b:261:16:261:Infinity:undefined:undefined:undefined:undefined":50,"s:261:16:261:Infinity":161,"s:261:41:261:Infinity":162,"s:262:16:262:Infinity":163,"s:264:31:264:Infinity":164,"b:264:31:264:39:264:39:264:Infinity":51,"s:265:12:265:Infinity":165,"f:265:12:265:24":19,"s:265:33:265:57":166,"s:266:12:266:Infinity":167,"b:268:12:268:Infinity:undefined:undefined:undefined:undefined":52,"s:268:12:268:Infinity":168,"s:268:37:268:Infinity":169,"s:270:12:270:Infinity":170,"s:275:4:280:Infinity":171,"f:275:4:275:20":20,"b:276:8:279:Infinity:undefined:undefined:undefined:undefined":53,"s:276:8:279:Infinity":172,"s:277:25:277:Infinity":173,"b:278:12:278:Infinity:undefined:undefined:undefined:undefined":54,"s:278:12:278:Infinity":174,"s:278:22:278:Infinity":175,"s:282:4:508:Infinity":176,"f:295:24:295:35":21,"s:295:41:295:Infinity":177,"b:302:47:302:78:302:78:302:Infinity":55,"b:306:21:306:Infinity:307:24:318:Infinity":56,"f:310:28:310:43":22,"s:311:32:311:Infinity":178,"s:312:32:312:Infinity":179,"s:313:32:313:Infinity":180,"b:320:21:320:Infinity:321:24:321:Infinity":57,"b:335:21:335:Infinity:336:24:340:Infinity":58,"b:343:21:343:41:343:41:343:Infinity:344:24:346:Infinity":59,"b:349:21:349:Infinity:350:24:350:Infinity:351:24:351:Infinity:352:24:352:Infinity:353:28:357:Infinity":60,"b:361:21:361:Infinity:362:24:371:Infinity":61,"f:368:55:368:60":23,"s:369:32:369:Infinity":181,"b:374:21:374:Infinity:375:24:381:Infinity":62,"b:384:21:384:Infinity:385:24:460:Infinity":63,"b:386:29:386:Infinity:387:32:389:Infinity":64,"f:397:32:397:45":24,"s:398:36:439:Infinity":182,"b:401:85:401:98:401:98:401:Infinity":65,"b:402:68:402:88:402:88:402:Infinity":66,"f:403:40:403:55":25,"s:403:55:403:Infinity":183,"f:404:40:404:52":26,"b:405:44:408:Infinity:undefined:undefined:undefined:undefined":67,"s:405:44:408:Infinity":184,"b:405:48:405:69:405:69:405:84":68,"s:406:48:406:Infinity":185,"s:407:48:407:Infinity":186,"b:421:45:421:65:421:65:421:Infinity:422:48:427:Infinity":69,"b:424:60:424:73:424:73:424:83":70,"b:434:58:434:77:434:77:434:Infinity":71,"b:442:29:442:40:442:40:442:Infinity:443:32:458:Infinity":72,"b:451:40:456:Infinity:456:40:456:Infinity":73,"b:466:21:466:Infinity:467:24:469:Infinity":74,"b:472:21:472:37:472:37:472:Infinity:473:24:476:Infinity":75,"b:479:21:479:37:479:37:479:Infinity:480:24:504:Infinity":76,"f:496:66:496:71":27,"s:497:36:501:Infinity":187,"s:512:6:563:Infinity":188,"f:512:41:512:60":28,"s:513:22:513:Infinity":189,"s:515:4:561:Infinity":190,"f:520:16:520:31":29,"s:520:31:520:Infinity":191,"b:526:20:528:21:528:20:530:Infinity":77,"b:531:13:531:Infinity:532:16:561:Infinity":78,"f:549:31:549:36":30,"s:550:28:556:Infinity":192,"b:553:58:553:90:553:90:553:Infinity":79,"b:555:68:555:81:555:81:555:88":80},"fnNames":{}}}
,"/Users/rgupt359/IdeaProjects/meal-balancer/src/components/dashboard/FoodAutocomplete.jsx": {"path":"/Users/rgupt359/IdeaProjects/meal-balancer/src/components/dashboard/FoodAutocomplete.jsx","statementMap":{"0":{"start":{"line":11,"column":23},"end":{"line":11,"column":null}},"1":{"start":{"line":12,"column":24},"end":{"line":12,"column":null}},"2":{"start":{"line":13,"column":19},"end":{"line":13,"column":null}},"3":{"start":{"line":14,"column":22},"end":{"line":14,"column":null}},"4":{"start":{"line":15,"column":27},"end":{"line":15,"column":null}},"5":{"start":{"line":16,"column":10},"end":{"line":16,"column":null}},"6":{"start":{"line":17,"column":10},"end":{"line":17,"column":null}},"7":{"start":{"line":18,"column":10},"end":{"line":18,"column":null}},"8":{"start":{"line":19,"column":10},"end":{"line":19,"column":null}},"9":{"start":{"line":22,"column":10},"end":{"line":27,"column":null}},"10":{"start":{"line":24,"column":32},"end":{"line":24,"column":null}},"11":{"start":{"line":25,"column":28},"end":{"line":25,"column":null}},"12":{"start":{"line":29,"column":10},"end":{"line":29,"column":null}},"13":{"start":{"line":30,"column":4},"end":{"line":35,"column":null}},"14":{"start":{"line":31,"column":8},"end":{"line":34,"column":null}},"15":{"start":{"line":32,"column":12},"end":{"line":32,"column":null}},"16":{"start":{"line":33,"column":12},"end":{"line":33,"column":null}},"17":{"start":{"line":38,"column":4},"end":{"line":68,"column":null}},"18":{"start":{"line":39,"column":8},"end":{"line":43,"column":null}},"19":{"start":{"line":40,"column":12},"end":{"line":40,"column":null}},"20":{"start":{"line":41,"column":12},"end":{"line":41,"column":null}},"21":{"start":{"line":42,"column":12},"end":{"line":42,"column":null}},"22":{"start":{"line":45,"column":24},"end":{"line":45,"column":null}},"23":{"start":{"line":46,"column":8},"end":{"line":46,"column":null}},"24":{"start":{"line":48,"column":8},"end":{"line":63,"column":null}},"25":{"start":{"line":50,"column":16},"end":{"line":55,"column":null}},"26":{"start":{"line":51,"column":20},"end":{"line":51,"column":null}},"27":{"start":{"line":52,"column":20},"end":{"line":52,"column":null}},"28":{"start":{"line":53,"column":20},"end":{"line":53,"column":null}},"29":{"start":{"line":54,"column":20},"end":{"line":54,"column":null}},"30":{"start":{"line":58,"column":16},"end":{"line":62,"column":null}},"31":{"start":{"line":59,"column":20},"end":{"line":59,"column":null}},"32":{"start":{"line":60,"column":20},"end":{"line":60,"column":null}},"33":{"start":{"line":61,"column":20},"end":{"line":61,"column":null}},"34":{"start":{"line":65,"column":8},"end":{"line":67,"column":null}},"35":{"start":{"line":66,"column":12},"end":{"line":66,"column":null}},"36":{"start":{"line":71,"column":4},"end":{"line":79,"column":null}},"37":{"start":{"line":73,"column":12},"end":{"line":75,"column":null}},"38":{"start":{"line":74,"column":16},"end":{"line":74,"column":null}},"39":{"start":{"line":77,"column":8},"end":{"line":77,"column":null}},"40":{"start":{"line":78,"column":8},"end":{"line":78,"column":null}},"41":{"start":{"line":78,"column":21},"end":{"line":78,"column":null}},"42":{"start":{"line":82,"column":20},"end":{"line":82,"column":null}},"43":{"start":{"line":83,"column":8},"end":{"line":83,"column":null}},"44":{"start":{"line":84,"column":8},"end":{"line":84,"column":null}},"45":{"start":{"line":85,"column":8},"end":{"line":87,"column":null}},"46":{"start":{"line":86,"column":12},"end":{"line":86,"column":null}},"47":{"start":{"line":91,"column":8},"end":{"line":91,"column":null}},"48":{"start":{"line":92,"column":8},"end":{"line":92,"column":null}},"49":{"start":{"line":93,"column":8},"end":{"line":93,"column":null}},"50":{"start":{"line":94,"column":8},"end":{"line":94,"column":null}},"51":{"start":{"line":98,"column":8},"end":{"line":98,"column":null}},"52":{"start":{"line":98,"column":21},"end":{"line":98,"column":null}},"53":{"start":{"line":100,"column":8},"end":{"line":111,"column":null}},"54":{"start":{"line":101,"column":12},"end":{"line":101,"column":null}},"55":{"start":{"line":102,"column":12},"end":{"line":102,"column":null}},"56":{"start":{"line":102,"column":40},"end":{"line":102,"column":82}},"57":{"start":{"line":103,"column":15},"end":{"line":111,"column":null}},"58":{"start":{"line":104,"column":12},"end":{"line":104,"column":null}},"59":{"start":{"line":105,"column":12},"end":{"line":105,"column":null}},"60":{"start":{"line":105,"column":40},"end":{"line":105,"column":61}},"61":{"start":{"line":106,"column":15},"end":{"line":111,"column":null}},"62":{"start":{"line":107,"column":12},"end":{"line":107,"column":null}},"63":{"start":{"line":108,"column":12},"end":{"line":108,"column":null}},"64":{"start":{"line":109,"column":15},"end":{"line":111,"column":null}},"65":{"start":{"line":110,"column":12},"end":{"line":110,"column":null}},"66":{"start":{"line":114,"column":10},"end":{"line":114,"column":null}},"67":{"start":{"line":115,"column":22},"end":{"line":115,"column":null}},"68":{"start":{"line":117,"column":4},"end":{"line":184,"column":null}},"69":{"start":{"line":126,"column":20},"end":{"line":126,"column":null}},"70":{"start":{"line":126,"column":48},"end":{"line":126,"column":null}},"71":{"start":{"line":157,"column":41},"end":{"line":157,"column":null}},"72":{"start":{"line":158,"column":42},"end":{"line":158,"column":null}},"73":{"start":{"line":159,"column":28},"end":{"line":178,"column":null}},"74":{"start":{"line":166,"column":51},"end":{"line":166,"column":null}},"75":{"start":{"line":167,"column":56},"end":{"line":167,"column":null}}},"fnMap":{"0":{"name":"FoodAutocomplete","decl":{"start":{"line":10,"column":9},"end":{"line":10,"column":26}},"loc":{"start":{"line":10,"column":97},"end":{"line":186,"column":null}},"line":10},"1":{"name":"(anonymous_1)","decl":{"start":{"line":24,"column":8},"end":{"line":24,"column":32}},"loc":{"start":{"line":24,"column":32},"end":{"line":24,"column":null}},"line":24},"2":{"name":"(anonymous_2)","decl":{"start":{"line":25,"column":8},"end":{"line":25,"column":28}},"loc":{"start":{"line":25,"column":28},"end":{"line":25,"column":null}},"line":25},"3":{"name":"(anonymous_3)","decl":{"start":{"line":30,"column":4},"end":{"line":30,"column":20}},"loc":{"start":{"line":30,"column":20},"end":{"line":35,"column":7}},"line":30},"4":{"name":"(anonymous_4)","decl":{"start":{"line":38,"column":4},"end":{"line":38,"column":20}},"loc":{"start":{"line":38,"column":20},"end":{"line":68,"column":7}},"line":38},"5":{"name":"(anony
[...]
n":4},"end":{"line":108,"column":null}},"37":{"start":{"line":93,"column":8},"end":{"line":106,"column":null}},"38":{"start":{"line":94,"column":30},"end":{"line":104,"column":null}},"39":{"start":{"line":96,"column":20},"end":{"line":96,"column":null}},"40":{"start":{"line":97,"column":20},"end":{"line":97,"column":null}},"41":{"start":{"line":98,"column":20},"end":{"line":98,"column":null}},"42":{"start":{"line":103,"column":20},"end":{"line":103,"column":null}},"43":{"start":{"line":105,"column":12},"end":{"line":105,"column":null}},"44":{"start":{"line":107,"column":8},"end":{"line":107,"column":null}},"45":{"start":{"line":111,"column":4},"end":{"line":111,"column":null}},"46":{"start":{"line":119,"column":4},"end":{"line":119,"column":null}},"47":{"start":{"line":126,"column":4},"end":{"line":126,"column":null}}},"fnMap":{"0":{"name":"evictIfNeeded","decl":{"start":{"line":16,"column":9},"end":{"line":16,"column":25}},"loc":{"start":{"line":16,"column":25},"end":{"line":34,"column":null}},"line":16},"1":{"name":"(anonymous_1)","decl":{"start":{"line":28,"column":44},"end":{"line":28,"column":50}},"loc":{"start":{"line":28,"column":59},"end":{"line":28,"column":90}},"line":28},"2":{"name":"cachedFetch","decl":{"start":{"line":43,"column":22},"end":{"line":43,"column":34}},"loc":{"start":{"line":43,"column":67},"end":{"line":70,"column":null}},"line":43},"3":{"name":"(anonymous_3)","decl":{"start":{"line":57,"column":9},"end":{"line":57,"column":15}},"loc":{"start":{"line":57,"column":24},"end":{"line":62,"column":9}},"line":57},"4":{"name":"(anonymous_4)","decl":{"start":{"line":63,"column":9},"end":{"line":63,"column":16}},"loc":{"start":{"line":63,"column":24},"end":{"line":66,"column":9}},"line":63},"5":{"name":"staleWhileRevalidate","decl":{"start":{"line":81,"column":22},"end":{"line":81,"column":43}},"loc":{"start":{"line":81,"column":76},"end":{"line":112,"column":null}},"line":81},"6":{"name":"(anonymous_6)","decl":{"start":{"line":95,"column":17},"end":{"line":95,"column":23}},"loc":{"start":{"line":95,"column":32},"end":{"line":99,"column":17}},"line":95},"7":{"name":"(anonymous_7)","decl":{"start":{"line":100,"column":17},"end":{"line":100,"column":29}},"loc":{"start":{"line":100,"column":29},"end":{"line":104,"column":17}},"line":100},"8":{"name":"invalidateCache","decl":{"start":{"line":118,"column":16},"end":{"line":118,"column":32}},"loc":{"start":{"line":118,"column":37},"end":{"line":120,"column":null}},"line":118},"9":{"name":"clearCache","decl":{"start":{"line":125,"column":16},"end":{"line":125,"column":29}},"loc":{"start":{"line":125,"column":29},"end":{"line":127,"column":null}},"line":125}},"branchMap":{"0":{"loc":{"start":{"line":17,"column":4},"end":{"line":17,"column":null}},"type":"if","locations":[{"start":{"line":17,"column":4},"end":{"line":17,"column":null}},{"start":{},"end":{}}],"line":17},"1":{"loc":{"start":{"line":22,"column":8},"end":{"line":24,"column":null}},"type":"if","locations":[{"start":{"line":22,"column":8},"end":{"line":24,"column":null}},{"start":{},"end":{}}],"line":22},"2":{"loc":{"start":{"line":27,"column":4},"end":{"line":33,"column":null}},"type":"if","locations":[{"start":{"line":27,"column":4},"end":{"line":33,"column":null}},{"start":{},"end":{}}],"line":27},"3":{"loc":{"start":{"line":43,"column":48},"end":{"line":43,"column":67}},"type":"default-arg","locations":[{"start":{"line":43,"column":54},"end":{"line":43,"column":67}}],"line":43},"4":{"loc":{"start":{"line":47,"column":4},"end":{"line":49,"column":null}},"type":"if","locations":[{"start":{"line":47,"column":4},"end":{"line":49,"column":null}},{"start":{},"end":{}}],"line":47},"5":{"loc":{"start":{"line":47,"column":8},"end":{"line":47,"column":46}},"type":"binary-expr","locations":[{"start":{"line":47,"column":8},"end":{"line":47,"column":17}},{"start":{"line":47,"column":17},"end":{"line":47,"column":46}}],"line":47},"6":{"loc":{"start":{"line":52,"column":4},"end":{"line":54,"column":null}},"type":"if","locations":[{"start":{"line":52,"column":4},"end":{"line":54,"column":null}},{"start":{},"end":{}}],"line":52},"7":{"loc":{"start":{"line":81,"column":57},"end":{"line":81,"column":76}},"type":"default-arg","locations":[{"start":{"line":81,"column":63},"end":{"line":81,"column":76}}],"line":81},"8":{"loc":{"start":{"line":86,"column":4},"end":{"line":88,"column":null}},"type":"if","locations":[{"start":{"line":86,"column":4},"end":{"line":88,"column":null}},{"start":{},"end":{}}],"line":86},"9":{"loc":{"start":{"line":86,"column":8},"end":{"line":86,"column":46}},"type":"binary-expr","locations":[{"start":{"line":86,"column":8},"end":{"line":86,"column":17}},{"start":{"line":86,"column":17},"end":{"line":86,"column":46}}],"line":86},"10":{"loc":{"start":{"line":91,"column":4},"end":{"line":108,"column":null}},"type":"if","locations":[{"start":{"line":91,"column":4},"end":{"line":108,"column":null}},{"start":{},"end":{}}],"line":91},"11":{"loc":{"start":{"line":91,"column":8},"end":{"line":91,"column":52}},"type":"binary-expr","locations":[{"start":{"line":91,"column":8},"end":{"line":91,"column":17}},{"start":{"line":91,"column":17},"end":{"line":91,"column":52}}],"line":91},"12":{"loc":{"start":{"line":93,"column":8},"end":{"line":106,"column":null}},"type":"if","locations":[{"start":{"line":93,"column":8},"end":{"line":106,"column":null}},{"start":{},"end":{}}],"line":93}},"s":{"0":8,"1":8,"2":8,"3":8,"4":8,"5":279,"6":276,"7":3,"8":3,"9":303,"10":50,"11":3,"12":2,"13":200,"14":2,"15":2,"16":2,"17":299,"18":299,"19":299,"20":9,"21":290,"22":1,"23":289,"24":279,"25":279,"26":279,"27":279,"28":10,"29":10,"30":289,"31":289,"32":20,"33":20,"34":20,"35":2,"36":18,"37":5,"38":4,"39":2,"40":2,"41":2,"42":1,"43":4,"44":5,"45":13,"46":12,"47":96},"f":{"0":279,"1":200,"2":299,"3":279,"4":10,"5":20,"6":2,"7":1,"8":12,"9":96},"b":{"0":[276,3],"1":[50,253],"2":[2,1],"3":[299],"4":[9,290],"5":[299,13],"6":[1,289],"7":[20],"8":[2,18],"9":[20,8],"10":[5,13],"11":[18,6],"12":[4,1]},"meta":{"lastBranch":13,"lastFunction":10,"lastStatement":48,"seen":{"s:6:14:6:Infinity":0,"s:7:17:7:Infinity":1,"s:9:20:9:Infinity":2,"s:10:18:10:Infinity":3,"s:11:23:11:Infinity":4,"f:16:9:16:25":0,"b:17:4:17:Infinity:undefined:undefined:undefined:undefined":0,"s:17:4:17:Infinity":5,"s:17:38:17:Infinity":6,"s:19:16:19:Infinity":7,"s:21:4:25:Infinity":8,"b:22:8:24:Infinity:undefined:undefined:undefined:undefined":1,"s:22:8:24:Infinity":9,"s:23:12:23:Infinity":10,"b:27:4:33:Infinity:undefined:undefined:undefined:undefined":2,"s:27:4:33:Infinity":11,"s:28:23:28:Infinity":12,"f:28:44:28:50":1,"s:28:59:28:90":13,"s:29:25:29:Infinity":14,"s:30:8:32:Infinity":15,"s:31:12:31:Infinity":16,"f:43:22:43:34":2,"b:43:54:43:67":3,"s:44:16:44:Infinity":17,"s:45:18:45:Infinity":18,"b:47:4:49:Infinity:undefined:undefined:undefined:undefined":4,"s:47:4:49:Infinity":19,"b:47:8:47:17:47:17:47:46":5,"s:48:8:48:Infinity":20,"b:52:4:54:Infinity:undefined:undefined:undefined:undefined":6,"s:52:4:54:Infinity":21,"s:53:8:53:Infinity":22,"s:56:20:66:Infinity":23,"f:57:9:57:15":3,"s:58:12:58:Infinity":24,"s:59:12:59:Infinity":25,"s:60:12:60:Infinity":26,"s:61:12:61:Infinity":27,"f:63:9:63:16":4,"s:64:12:64:Infinity":28,"s:65:12:65:Infinity":29,"s:68:4:68:Infinity":30,"s:69:4:69:Infinity":31,"f:81:22:81:43":5,"b:81:63:81:76":7,"s:82:16:82:Infinity":32,"s:83:18:83:Infinity":33,"b:86:4:88:Infinity:undefined:undefined:undefined:undefined":8,"s:86:4:88:Infinity":34,"b:86:8:86:17:86:17:86:46":9,"s:87:8:87:Infinity":35,"b:91:4:108:Infinity:undefined:undefined:undefined:undefined":10,"s:91:4:108:Infinity":36,"b:91:8:91:17:91:17:91:52":11,"b:93:8:106:Infinity:undefined:undefined:undefined:undefined":12,"s:93:8:106:Infinity":37,"s:94:30:104:Infinity":38,"f:95:17:95:23":6,"s:96:20:96:Infinity":39,"s:97:20:97:Infinity":40,"s:98:20:98:Infinity":41,"f:100:17:100:29":7,"s:103:20:103:Infinity":42,"s:105:12:105:Infinity":43,"s:107:8:107:Infinity":44,"s:111:4:111:Infinity":45,"f:118:16:118:32":8,"s:119:4:119:Infinity":46,"f:125:16:125:29":9,"s:126:4:126:Infinity":47},"fnNames":{}}}
,"/Users/rgupt359/IdeaProjects/meal-balancer/src/utils/schemas.js": {"path":"/Users/rgupt359/IdeaProjects/meal-balancer/src/utils/schemas.js","statementMap":{"0":{"start":{"line":7,"column":30},"end":{"line":12,"column":null}},"1":{"start":{"line":14,"column":35},"end":{"line":14,"column":null}},"2":{"start":{"line":17,"column":37},"end":{"line":27,"column":null}},"3":{"start":{"line":29,"column":39},"end":{"line":29,"column":null}},"4":{"start":{"line":32,"column":30},"end":{"line":43,"column":null}},"5":{"start":{"line":45,"column":35},"end":{"line":45,"column":null}},"6":{"start":{"line":48,"column":36},"end":{"line":56,"column":null}},"7":{"start":{"line":58,"column":38},"end":{"line":58,"column":null}},"8":{"start":{"line":61,"column":36},"end":{"line":76,"column":null}},"9":{"start":{"line":78,"column":38},"end":{"line":78,"column":null}},"10":{"start":{"line":90,"column":4},"end":{"line":95,"column":null}},"11":{"start":{"line":91,"column":8},"end":{"line":93,"column":null}},"12":{"start":{"line":92,"column":12},"end":{"line":92,"column":null}},"13":{"start":{"line":94,"column":8},"end":{"line":94,"column":null}},"14":{"start":{"line":96,"column":19},"end":{"line":96,"column":null}},"15":{"start":{"line":97,"column":4},"end":{"line":105,"column":null}},"16":{"start":{"line":98,"column":8},"end":{"line":103,"column":null}},"17":{"start":{"line":99,"column":12},"end":{"line":102,"column":null}},"18":{"start":{"line":104,"column":8},"end":{"line":104,"column":null}},"19":{"start":{"line":106,"column":4},"end":{"line":106,"column":null}}},"fnMap":{"0":{"name":"validateResponse","decl":{"start":{"line":89,"column":16},"end":{"line":89,"column":33}},"loc":{"start":{"line":89,"column":68},"end":{"line":107,"column":null}},"line":89}},"branchMap":{"0":{"loc":{"start":{"line":89,"column":47},"end":{"line":89,"column":68}},"type":"default-arg","locations":[{"start":{"line":89,"column":57},"end":{"line":89,"column":68}}],"line":89},"1":{"loc":{"start":{"line":90,"column":4},"end":{"line":95,"column":null}},"type":"if","locations":[{"start":{"line":90,"column":4},"end":{"line":95,"column":null}},{"start":{},"end":{}}],"line":90},"2":{"loc":{"start":{"line":91,"column":8},"end":{"line":93,"column":null}},"type":"if","locations":[{"start":{"line":91,"column":8},"end":{"line":93,"column":null}},{"start":{},"end":{}}],"line":91},"3":{"loc":{"start":{"line":97,"column":4},"end":{"line":105,"column":null}},"type":"if","locations":[{"start":{"line":97,"column":4},"end":{"line":105,"column":null}},{"start":{},"end":{}}],"line":97},"4":{"loc":{"start":{"line":98,"column":8},"end":{"line":103,"column":null}},"type":"if","locations":[{"start":{"line":98,"column":8},"end":{"line":103,"column":null}},{"start":{},"end":{}}],"line":98}},"s":{"0":8,"1":8,"2":8,"3":8,"4":8,"5":8,"6":8,"7":8,"8":8,"9":8,"10":28,"11":2,"12":2,"13":2,"14":26,"15":26,"16":3,"17":3,"18":3,"19":23},"f":{"0":28},"b":{"0":[28],"1":[2,26],"2":[2,0],"3":[3,23],"4":[3,0]},"meta":{"lastBranch":5,"lastFunction":1,"lastStatement":20,"seen":{"s:7:30:12:Infinity":0,"s:14:35:14:Infinity":1,"s:17:37:27:Infinity":2,"s:29:39:29:Infinity":3,"s:32:30:43:Infinity":4,"s:45:35:45:Infinity":5,"s:48:36:56:Infinity":6,"s:58:38:58:Infinity":7,"s:61:36:76:Infinity":8,"s:78:38:78:Infinity":9,"f:89:16:89:33":0,"b:89:57:89:68":0,"b:90:4:95:Infinity:undefined:undefined:undefined:undefined":1,"s:90:4:95:Infinity":10,"b:91:8:93:Infinity:undefined:undefined:undefined:undefined":2,"s:91:8:93:Infinity":11,"s:92:12:92:Infinity":12,"s:94:8:94:Infinity":13,"s:96:19:96:Infinity":14,"b:97:4:105:Infinity:undefined:undefined:undefined:undefined":3,"s:97:4:105:Infinity":15,"b:98:8:103:Infinity:undefined:undefined:undefined:undefined":4,"s:98:8:103:Infinity":16,"s:99:12:102:Infinity":17,"s:104:8:104:Infinity":18,"s:106:4:106:Infinity":19},"fnNames":{}}}
,"/Users/rgupt359/IdeaProjects/meal-balancer/src/utils/withRetry.js": {"path":"/Users/rgupt359/IdeaProjects/meal-balancer/src/utils/withRetry.js","statementMap":{"0":{"start":{"line":7,"column":28},"end":{"line":7,"column":null}},"1":{"start":{"line":8,"column":27},"end":{"line":8,"column":null}},"2":{"start":{"line":18,"column":20},"end":{"line":18,"column":null}},"3":{"start":{"line":23,"column":4},"end":{"line":25,"column":null}},"4":{"start":{"line":24,"column":8},"end":{"line":24,"column":null}},"5":{"start":{"line":29,"column":4},"end":{"line":31,"column":null}},"6":{"start":{"line":30,"column":8},"end":{"line":30,"column":null}},"7":{"start":{"line":34,"column":4},"end":{"line":40,"column":null}},"8":{"start":{"line":39,"column":8},"end":{"line":39,"column":null}},"9":{"start":{"line":43,"column":4},"end":{"line":50,"column":null}},"10":{"start":{"line":49,"column":8},"end":{"line":49,"column":null}},"11":{"start":{"line":52,"column":4},"end":{"line":52,"column":null}},"12":{"start":{"line":69,"column":8},"end":{"line":69,"column":null}},"13":{"start":{"line":73,"column":4},"end":{"line":94,"column":null}},"14":{"start":{"line":73,"column":23},"end":{"line":73,"column":26}},"15":{"start":{"line":74,"column":8},"end":{"line":93,"column":null}},"16":{"start":{"line":75,"column":12},"end":{"line":75,"column":null}},"17":{"start":{"line":77,"column":12},"end":{"line":77,"column":null}},"18":{"start":{"line":80,"column":12},"end":{"line":82,"column":null}},"19":{"start":{"line":81,"column":16},"end":{"line":81,"column":null}},"20":{"start":{"line":84,"column":26},"end":{"line":84,"column":null}},"21":{"start":{"line":85,"column":12},"end":{"line":90,"column":null}},"22":{"start":{"line":86,"column":16},"end":{"line":89,"column":null}},"23":{"start":{"line":92,"column":12},"end":{"line":92,"column":null}},"24":{"start":{"line":92,"column":43},"end":{"line":92,"column":69}},"25":{"start":{"line":96,"column":4},"end":{"line":96,"column":null}}},"fnMap":{"0":{"name":"isRetryable","decl":{"start":{"line":17,"column":9},"end":{"line":17,"column":21}},"loc":{"start":{"line":17,"column":28},"end":{"line":53,"column":null}},"line":17},"1":{"name":"withRetry","decl":{"start":{"line":64,"column":22},"end":{"line":64,"column":32}},"loc":{"start":{"line":64,"column":50},"end":{"line":97,"column":null}},"line":64},"2":{"name":"(anonymous_2)","decl":{"start":{"line":92,"column":22},"end":{"line":92,"column":31}},"loc":{"start":{"line":92,"column":43},"end":{"line":92,"column":69}},"line":92}},"branchMap":{"0":{"loc":{"start":{"line":18,"column":20},"end":{"line":18,"column":null}},"type":"binary-expr","locations":[{"start":{"line":18,"column":20},"end":{"line":18,"column":53}},{"start":{"line":18,"column":53},"end":{"line":18,"column":null}}],"line":18},"1":{"loc":{"start":{"line":23,"column":4},"end":{"line":25,"column":null}},"type":"if","locations":[{"start":{"line":23,"column":4},"end":{"line":25,"column":null}},{"start":{},"end":{}}],"line":23},"2":{"loc":{"start":{"line":23,"column":8},"end":{"line":23,"column":69}},"type":"binary-expr","locations":[{"start":{"line":23,"column":8},"end":{"line":23,"column":39}},{"start":{"line":23,"column":39},"end":{"line":23,"column":69}}],"line":23},"3":{"loc":{"start":{"line":29,"column":4},"end":{"line":31,"column":null}},"type":"if","locations":[{"start":{"line":29,"column":4},"end":{"line":31,"column":null}},{"start":{},"end":{}}],"line":29},"4":{"loc":{"start":{"line":34,"column":4},"end":{"line":40,"column":null}},"type":"if","locations":[{"start":{"line":34,"column":4},"end":{"line":40,"column":null}},{"start":{},"end":{}}],"line":34},"5":{"loc":{"start":{"line":35,"column":8},"end":{"line":37,"column":null}},"type":"binary-expr","locations":[{"start":{"line":35,"column":8},"end":{"line":35,"column":null}},{"start":{"line":36,"column":8},"end":{"line":36,"column":null}},{"start":{"line":37,"column":8},"end":{"line":37,"column":null}}],"line":35},"6":{"loc":{"start":{"line":43,"column":4},"end":{"line":50,"column":null}},"type":"if","locations":[{"start":{"line":43,"column":4},"end":{"line":50,"column":null}},{"start":{},"end":{}}],"line":43},"7":{"loc":{"start":{"line":44,"column":8},"end":{"line":47,"column":null}},"type":"binary-expr","locations":[{"start":{"line":44,"column":8},"end":{"line":44,"column":null}},{"start":{"line":45,"column":8},"end":{"line":45,"column":null}},{"start":{"line":46,"column":8},"end":{"line":46,"column":null}},{"start":{"line":47,"column":8},"end":{"line":47,"column":null}}],"line":44},"8":{"loc":{"start":{"line":64,"column":36},"end":{"line":64,"column":50}},"type":"default-arg","locations":[{"start":{"line":64,"column":46},"end":{"line":64,"column":50}}],"line":64},"9":{"loc":{"start":{"line":66,"column":8},"end":{"line":66,"column":null}},"type":"default-arg","locations":[{"start":{"line":66,"column":21},"end":{"line":66,"column":null}}],"line":66},"10":{"loc":{"start":{"line":67,"column":8},"end":{"line":67,"column":null}},"type":"default-arg","locations":[{"start":{"line":67,"column":20},"end":{"line":67,"column":null}}],"line":67},"11":{"loc":{"start":{"line":68,"column":8},"end":{"line":68,"column":null}},"type":"default-arg","locations":[{"start":{"line":68,"column":18},"end":{"line":68,"column":null}}],"line":68},"12":{"loc":{"start":{"line":80,"column":12},"end":{"line":82,"column":null}},"type":"if","locations":[{"start":{"line":80,"column":12},"end":{"line":82,"column":null}},{"start":{},"end":{}}],"line":80},"13":{"loc":{"start":{"line":80,"column":16},"end":{"line":80,"column":63}},"type":"binary-expr","locations":[{"start":{"line":80,"column":16},"end":{"line":80,"column":42}},{"start":{"line":80,"column":42},"end":{"line":80,"column":63}}],"line":80},"14":{"loc":{"start":{"line":85,"column":12},"end":{"line":90,"column":null}},"type":"if","locations":[{"start":{"line":85,"column":12},"end":{"line":90,"column":null}},{"start":{},"end":{}}],"line":85},"15":{"loc":{"start":{"line":87,"column":31},"end":{"line":87,"column":54}},"type":"binary-expr","locations":[{"start":{"line":87,"column":31},"end":{"line":87,"column":42}},{"start":{"line":87,"column":42},"end":{"line":87,"column":54}}],"line":87}},"s":{"0":6,"1":6,"2":28,"3":28,"4":9,"5":19,"6":15,"7":4,"8":0,"9":4,"10":1,"11":3,"12":54,"13":54,"14":54,"15":64,"16":64,"17":29,"18":29,"19":19,"20":10,"21":10,"22":10,"23":10,"24":10,"25":10},"f":{"0":28,"1":54,"2":10},"b":{"0":[28,3],"1":[9,19],"2":[28,20],"3":[15,4],"4":[0,4],"5":[4,4,4],"6":[1,3],"7":[4,4,4,3],"8":[54],"9":[54],"10":[54],"11":[54],"12":[19,10],"13":[29,28],"14":[10,0],"15":[10,9]},"meta":{"lastBranch":16,"lastFunction":3,"lastStatement":26,"seen":{"s:7:28:7:Infinity":0,"s:8:27:8:Infinity":1,"f:17:9:17:21":0,"s:18:20:18:Infinity":2,"b:18:20:18:53:18:53:18:Infinity":0,"b:23:4:25:Infinity:undefined:undefined:undefined:undefined":1,"s:23:4:25:Infinity":3,"b:23:8:23:39:23:39:23:69":2,"s:24:8:24:Infinity":4,"b:29:4:31:Infinity:undefined:undefined:undefined:undefined":3,"s:29:4:31:Infinity":5,"s:30:8:30:Infinity":6,"b:34:4:40:Infinity:undefined:undefined:undefined:undefined":4,"s:34:4:40:Infinity":7,"b:35:8:35:Infinity:36:8:36:Infinity:37:8:37:Infinity":5,"s:39:8:39:Infinity":8,"b:43:4:50:Infinity:undefined:undefined:undefined:undefined":6,"s:43:4:50:Infinity":9,"b:44:8:44:Infinity:45:8:45:Infinity:46:8:46:Infinity:47:8:47:Infinity":7,"s:49:8:49:Infinity":10,"s:52:4:52:Infinity":11,"f:64:22:64:32":1,"b:64:46:64:50":8,"s:69:8:69:Infinity":12,"b:66:21:66:Infinity":9,"b:67:20:67:Infinity":10,"b:68:18:68:Infinity":11,"s:73:4:94:Infinity":13,"s:73:23:73:26":14,"s:74:8:93:Infinity":15,"s:75:12:75:Infinity":16,"s:77:12:77:Infinity":17,"b:80:12:82:Infinity:undefined:undefined:undefined:undefined":12,"s:80:12:82:Infinity":18,"b:80:16:80:42:80:42:80:63":13,"s:81:16:81:Infinity":19,"s:84:26:84:Infinity":20,"b:85:12:90:Infinity:undefined:undefined:undefined:undefined":14,"s:85:12:90:Infinity":21,"s:86:16:89:Infinity":22,"b:87:31:87:42:87:42:87:54":15,"s:92:12:92:Infinity":23,"f:92:22:92:31":2,"s:92:43:92:69":24,"s:96:4:96:Infinity":25},"fnNames":{}}}
}
