TN:
SF:src/components/AuthPage.jsx
FN:5,AuthPage
FN:7,(anonymous_1)
FN:11,(anonymous_2)
FN:28,(anonymous_3)
FN:73,(anonymous_4)
FN:80,(anonymous_5)
FN:95,SignInForm
FN:106,(anonymous_7)
FN:108,(anonymous_8)
FN:120,(anonymous_9)
FN:125,handleSubmit
FN:161,(anonymous_11)
FN:174,(anonymous_12)
FN:199,SignUpForm
FN:210,handleSubmit_2
FN:257,(anonymous_15)
FN:270,(anonymous_16)
FN:280,(anonymous_17)
FN:293,(anonymous_18)
FN:304,(anonymous_19)
FNF:20
FNH:17
FNDA:18,AuthPage
FNDA:10,(anonymous_1)
FNDA:12,(anonymous_2)
FNDA:2,(anonymous_3)
FNDA:5,(anonymous_4)
FNDA:1,(anonymous_5)
FNDA:21,SignInForm
FNDA:11,(anonymous_7)
FNDA:0,(anonymous_8)
FNDA:0,(anonymous_9)
FNDA:2,handleSubmit
FNDA:2,(anonymous_11)
FNDA:2,(anonymous_12)
FNDA:21,SignUpForm
FNDA:3,handleSubmit_2
FNDA:3,(anonymous_15)
FNDA:1,(anonymous_16)
FNDA:3,(anonymous_17)
FNDA:0,(anonymous_18)
FNDA:3,(anonymous_19)
DA:6,18
DA:7,18
DA:8,10
DA:11,18
DA:12,12
DA:13,12
DA:16,18
DA:28,2
DA:73,5
DA:80,1
DA:92,1
DA:93,1
DA:96,21
DA:97,21
DA:98,21
DA:99,21
DA:100,21
DA:101,21
DA:102,21
DA:103,21
DA:106,21
DA:107,11
DA:108,0
DA:109,0
DA:110,0
DA:111,0
DA:112,0
DA:113,0
DA:115,0
DA:118,0
DA:119,0
DA:120,0
DA:123,21
DA:126,2
DA:127,2
DA:128,2
DA:129,2
DA:131,2
DA:132,2
DA:133,1
DA:135,1
DA:136,1
DA:137,1
DA:138,0
DA:139,0
DA:141,1
DA:144,2
DA:148,21
DA:161,2
DA:174,2
DA:200,21
DA:201,21
DA:202,21
DA:203,21
DA:204,21
DA:205,21
DA:206,21
DA:207,21
DA:208,21
DA:211,3
DA:212,3
DA:213,3
DA:214,3
DA:216,3
DA:217,3
DA:220,2
DA:221,1
DA:224,1
DA:226,3
DA:230,21
DA:231,1
DA:244,20
DA:257,3
DA:270,1
DA:280,3
DA:293,0
DA:304,3
LF:77
LH:64
BRDA:21,0,0,1
BRDA:21,0,1,17
BRDA:30,1,0,1
BRDA:30,1,1,17
BRDA:32,2,0,1
BRDA:32,2,1,17
BRDA:53,3,0,1
BRDA:53,3,1,17
BRDA:54,4,0,1
BRDA:54,4,1,17
BRDA:64,5,0,13
BRDA:64,5,1,5
BRDA:67,6,0,13
BRDA:67,6,1,5
BRDA:70,7,0,13
BRDA:70,7,1,5
BRDA:107,8,0,11
BRDA:107,8,1,0
BRDA:110,9,0,0
BRDA:110,9,1,0
BRDA:127,10,0,0
BRDA:127,10,1,2
BRDA:137,11,0,0
BRDA:137,11,1,1
BRDA:141,12,0,1
BRDA:141,12,1,0
BRDA:150,13,0,21
BRDA:150,13,1,1
BRDA:185,14,0,21
BRDA:185,14,1,19
BRDA:188,15,0,2
BRDA:188,15,1,19
BRDA:193,16,0,0
BRDA:193,16,1,21
BRDA:193,17,0,2
BRDA:193,17,1,19
BRDA:220,18,0,1
BRDA:220,18,1,1
BRDA:220,19,0,2
BRDA:220,19,1,2
BRDA:224,20,0,1
BRDA:224,20,1,0
BRDA:230,21,0,1
BRDA:230,21,1,20
BRDA:246,22,0,20
BRDA:246,22,1,1
BRDA:314,23,0,3
BRDA:314,23,1,17
BRDA:319,24,0,3
BRDA:319,24,1,17
BRF:50
BRH:42
end_of_record
TN:
SF:src/components/FoodSearchPage.css
FNF:0
FNH:0
LF:0
LH:0
BRF:0
BRH:0
end_of_record
TN:
SF:src/components/FoodSearchPage.jsx
FN:13,HighlightMatch
FN:21,(anonymous_1)
FN:34,FoodSearchPage
FN:53,(anonymous_3)
FN:58,(anonymous_4)
FN:66,(anonymous_5)
FN:71,search
FN:123,(anonymous_7)
FN:175,(anonymous_8)
FN:181,(anonymous_9)
FN:185,(anonymous_10)
FN:189,(anonymous_11)
FN:194,fetchNutrients
FN:215,(anonymous_13)
FN:221,(anonymous_14)
FN:232,(anonymous_15)
FN:238,(anonymous_16)
FN:241,(anonymous_17)
FN:251,(anonymous_18)
FN:265,(anonymous_19)
FN:275,(anonymous_20)
FN:295,(anonymous_21)
FN:310,(anonymous_22)
FN:368,(anonymous_23)
FN:397,(anonymous_24)
FN:403,(anonymous_25)
FN:404,(anonymous_26)
FN:496,(anonymous_27)
FN:512,NutrientGroupTable
FN:520,(anonymous_29)
FN:549,(anonymous_30)
FNF:31
FNH:22
FNDA:12,HighlightMatch
FNDA:20,(anonymous_1)
FNDA:34,FoodSearchPage
FNDA:16,(anonymous_3)
FNDA:10,(anonymous_4)
FNDA:10,(anonymous_5)
FNDA:6,search
FNDA:2,(anonymous_7)
FNDA:6,(anonymous_8)
FNDA:11,(anonymous_9)
FNDA:10,(anonymous_10)
FNDA:10,(anonymous_11)
FNDA:1,fetchNutrients
FNDA:1,(anonymous_13)
FNDA:21,(anonymous_14)
FNDA:0,(anonymous_15)
FNDA:0,(anonymous_16)
FNDA:0,(anonymous_17)
FNDA:0,(anonymous_18)
FNDA:0,(anonymous_19)
FNDA:10,(anonymous_20)
FNDA:6,(anonymous_21)
FNDA:0,(anonymous_22)
FNDA:0,(anonymous_23)
FNDA:10,(anonymous_24)
FNDA:1,(anonymous_25)
FNDA:0,(anonymous_26)
FNDA:1,(anonymous_27)
FNDA:1,NutrientGroupTable
FNDA:0,(anonymous_29)
FNDA:3,(anonymous_30)
DA:11,1
DA:13,1
DA:14,12
DA:15,12
DA:16,12
DA:17,12
DA:18,12
DA:19,12
DA:22,20
DA:35,34
DA:36,34
DA:37,34
DA:38,34
DA:39,34
DA:40,34
DA:41,34
DA:42,34
DA:43,34
DA:44,34
DA:45,34
DA:46,34
DA:48,34
DA:49,34
DA:50,34
DA:53,34
DA:54,16
DA:56,16
DA:58,10
DA:59,10
DA:60,10
DA:61,10
DA:62,10
DA:63,10
DA:64,10
DA:66,10
DA:67,10
DA:72,6
DA:73,6
DA:74,6
DA:76,6
DA:82,6
DA:83,1
DA:84,1
DA:85,1
DA:89,1
DA:90,1
DA:91,1
DA:92,1
DA:94,1
DA:97,5
DA:99,1
DA:100,1
DA:105,1
DA:106,0
DA:107,0
DA:108,0
DA:111,0
DA:112,0
DA:113,0
DA:114,0
DA:116,0
DA:119,1
DA:120,1
DA:121,1
DA:123,2
DA:127,1
DA:128,1
DA:132,4
DA:138,4
DA:139,1
DA:140,1
DA:141,1
DA:144,1
DA:145,1
DA:146,1
DA:147,1
DA:148,1
DA:150,1
DA:153,3
DA:154,3
DA:155,3
DA:156,3
DA:157,3
DA:158,3
DA:162,0
DA:163,0
DA:164,0
DA:165,0
DA:166,0
DA:167,0
DA:170,6
DA:174,6
DA:175,6
DA:176,6
DA:181,34
DA:182,11
DA:184,11
DA:185,10
DA:186,10
DA:187,10
DA:189,10
DA:190,10
DA:195,1
DA:196,1
DA:197,1
DA:200,1
DA:201,0
DA:202,0
DA:203,0
DA:205,1
DA:207,0
DA:208,0
DA:210,1
DA:214,1
DA:215,1
DA:216,1
DA:221,34
DA:222,21
DA:223,21
DA:224,3
DA:225,3
DA:226,3
DA:228,21
DA:232,34
DA:234,0
DA:236,0
DA:237,0
DA:238,0
DA:239,0
DA:240,0
DA:241,0
DA:242,0
DA:243,0
DA:244,0
DA:251,34
DA:252,0
DA:253,0
DA:254,0
DA:255,0
DA:260,0
DA:261,0
DA:262,0
DA:264,0
DA:265,0
DA:266,0
DA:268,0
DA:270,0
DA:275,34
DA:276,10
DA:277,0
DA:278,0
DA:282,34
DA:295,6
DA:311,0
DA:312,0
DA:313,0
DA:369,0
DA:398,10
DA:403,1
DA:405,0
DA:406,0
DA:407,0
DA:497,1
DA:512,1
DA:513,1
DA:515,1
DA:520,0
DA:550,3
LF:168
LH:117
BRDA:14,0,0,0
BRDA:14,0,1,12
BRDA:15,1,0,0
BRDA:15,1,1,12
BRDA:15,2,0,12
BRDA:15,2,1,12
BRDA:22,3,0,4
BRDA:22,3,1,16
BRDA:56,4,0,10
BRDA:56,4,1,6
BRDA:59,5,0,0
BRDA:59,5,1,10
BRDA:82,6,0,1
BRDA:82,6,1,5
BRDA:83,7,0,1
BRDA:83,7,1,0
BRDA:84,8,0,1
BRDA:84,8,1,0
BRDA:86,9,0,1
BRDA:86,9,1,0
BRDA:97,10,0,1
BRDA:97,10,1,4
BRDA:97,11,0,5
BRDA:97,11,1,5
BRDA:97,11,2,5
BRDA:105,12,0,0
BRDA:105,12,1,1
BRDA:106,13,0,0
BRDA:106,13,1,0
BRDA:107,14,0,0
BRDA:107,14,1,0
BRDA:109,15,0,0
BRDA:109,15,1,0
BRDA:119,16,0,1
BRDA:119,16,1,0
BRDA:123,17,0,1
BRDA:123,17,1,0
BRDA:138,18,0,1
BRDA:138,18,1,3
BRDA:139,19,0,1
BRDA:139,19,1,0
BRDA:140,20,0,1
BRDA:140,20,1,0
BRDA:142,21,0,1
BRDA:142,21,1,0
BRDA:153,22,0,3
BRDA:153,22,1,0
BRDA:156,23,0,3
BRDA:156,23,1,0
BRDA:157,24,0,3
BRDA:157,24,1,0
BRDA:162,25,0,0
BRDA:162,25,1,0
BRDA:163,26,0,0
BRDA:163,26,1,0
BRDA:170,27,0,6
BRDA:170,27,1,0
BRDA:184,28,0,10
BRDA:184,28,1,1
BRDA:186,29,0,0
BRDA:186,29,1,10
BRDA:200,30,0,0
BRDA:200,30,1,1
BRDA:201,31,0,0
BRDA:201,31,1,0
BRDA:202,32,0,0
BRDA:202,32,1,0
BRDA:205,33,0,1
BRDA:205,33,1,0
BRDA:205,34,0,1
BRDA:205,34,1,0
BRDA:207,35,0,0
BRDA:207,35,1,0
BRDA:208,36,0,0
BRDA:208,36,1,0
BRDA:210,37,0,1
BRDA:210,37,1,0
BRDA:224,38,0,3
BRDA:224,38,1,0
BRDA:225,39,0,1
BRDA:225,39,1,2
BRDA:234,40,0,0
BRDA:234,40,1,0
BRDA:236,41,0,0
BRDA:236,41,1,0
BRDA:238,42,0,0
BRDA:238,42,1,0
BRDA:239,43,0,0
BRDA:239,43,1,0
BRDA:241,44,0,0
BRDA:241,44,1,0
BRDA:242,45,0,0
BRDA:242,45,1,0
BRDA:242,46,0,0
BRDA:242,46,1,0
BRDA:242,46,2,0
BRDA:252,47,0,0
BRDA:252,47,1,0
BRDA:252,48,0,0
BRDA:252,48,1,0
BRDA:260,49,0,0
BRDA:260,49,1,0
BRDA:261,50,0,0
BRDA:261,50,1,0
BRDA:264,51,0,0
BRDA:264,51,1,0
BRDA:268,52,0,0
BRDA:268,52,1,0
BRDA:276,53,0,0
BRDA:276,53,1,10
BRDA:278,54,0,0
BRDA:278,54,1,0
BRDA:302,55,0,0
BRDA:302,55,1,34
BRDA:306,56,0,34
BRDA:306,56,1,14
BRDA:320,57,0,34
BRDA:320,57,1,0
BRDA:335,58,0,34
BRDA:335,58,1,20
BRDA:343,59,0,34
BRDA:343,59,1,14
BRDA:343,59,2,0
BRDA:349,60,0,34
BRDA:349,60,1,14
BRDA:349,60,2,14
BRDA:349,60,3,9
BRDA:349,60,4,7
BRDA:361,61,0,34
BRDA:361,61,1,0
BRDA:374,62,0,34
BRDA:374,62,1,2
BRDA:384,63,0,34
BRDA:384,63,1,5
BRDA:386,64,0,5
BRDA:386,64,1,1
BRDA:401,65,0,2
BRDA:401,65,1,8
BRDA:402,66,0,0
BRDA:402,66,1,10
BRDA:405,67,0,0
BRDA:405,67,1,0
BRDA:405,68,0,0
BRDA:405,68,1,0
BRDA:421,69,0,10
BRDA:421,69,1,2
BRDA:421,69,2,2
BRDA:424,70,0,2
BRDA:424,70,1,0
BRDA:434,71,0,10
BRDA:434,71,1,0
BRDA:442,72,0,5
BRDA:442,72,1,0
BRDA:442,72,2,0
BRDA:450,73,0,0
BRDA:450,73,1,0
BRDA:466,74,0,34
BRDA:466,74,1,32
BRDA:472,75,0,34
BRDA:472,75,1,2
BRDA:472,75,2,0
BRDA:479,76,0,34
BRDA:479,76,1,2
BRDA:479,76,2,2
BRDA:525,77,0,0
BRDA:525,77,1,1
BRDA:531,78,0,1
BRDA:531,78,1,1
BRDA:553,79,0,3
BRDA:553,79,1,0
BRDA:555,80,0,3
BRDA:555,80,1,0
BRF:172
BRH:83
end_of_record
TN:
SF:src/components/dashboard/FoodAutocomplete.jsx
FN:10,FoodAutocomplete
FN:25,(anonymous_1)
FN:26,(anonymous_2)
FN:31,(anonymous_3)
FN:39,(anonymous_4)
FN:50,(anonymous_5)
FN:58,(anonymous_6)
FN:66,(anonymous_7)
FN:72,(anonymous_8)
FN:73,handleClickOutside
FN:79,(anonymous_10)
FN:82,handleInputChange
FN:91,handleSelect
FN:98,handleKeyDown
FN:103,(anonymous_14)
FN:106,(anonymous_15)
FN:126,(anonymous_16)
FN:157,(anonymous_17)
FN:167,(anonymous_18)
FN:168,(anonymous_19)
FNF:20
FNH:14
FNDA:92,FoodAutocomplete
FNDA:0,(anonymous_1)
FNDA:0,(anonymous_2)
FNDA:22,(anonymous_3)
FNDA:40,(anonymous_4)
FNDA:19,(anonymous_5)
FNDA:0,(anonymous_6)
FNDA:19,(anonymous_7)
FNDA:20,(anonymous_8)
FNDA:0,handleClickOutside
FNDA:20,(anonymous_10)
FNDA:15,handleInputChange
FNDA:3,handleSelect
FNDA:10,handleKeyDown
FNDA:5,(anonymous_14)
FNDA:2,(anonymous_15)
FNDA:0,(anonymous_16)
FNDA:45,(anonymous_17)
FNDA:2,(anonymous_18)
FNDA:0,(anonymous_19)
DA:11,92
DA:12,92
DA:13,92
DA:14,92
DA:15,92
DA:16,92
DA:17,92
DA:18,92
DA:19,92
DA:23,92
DA:25,0
DA:26,0
DA:30,92
DA:31,92
DA:32,22
DA:33,2
DA:34,2
DA:39,92
DA:40,40
DA:41,21
DA:42,21
DA:43,21
DA:46,19
DA:47,19
DA:49,19
DA:51,19
DA:52,18
DA:53,18
DA:54,18
DA:55,18
DA:59,0
DA:60,0
DA:61,0
DA:62,0
DA:66,19
DA:67,19
DA:72,92
DA:74,0
DA:75,0
DA:78,20
DA:79,20
DA:83,15
DA:84,15
DA:85,15
DA:86,15
DA:87,2
DA:92,3
DA:93,3
DA:94,3
DA:95,3
DA:99,10
DA:101,10
DA:102,5
DA:103,5
DA:104,5
DA:105,2
DA:106,2
DA:107,3
DA:108,1
DA:109,1
DA:110,2
DA:111,2
DA:115,92
DA:116,92
DA:118,92
DA:127,0
DA:158,45
DA:159,45
DA:160,45
DA:167,2
DA:168,0
LF:71
LH:61
BRDA:10,0,0,92
BRDA:11,1,0,92
BRDA:11,1,1,84
BRDA:32,2,0,2
BRDA:32,2,1,20
BRDA:34,3,0,2
BRDA:34,3,1,0
BRDA:40,4,0,21
BRDA:40,4,1,19
BRDA:51,5,0,18
BRDA:51,5,1,1
BRDA:59,6,0,0
BRDA:59,6,1,0
BRDA:74,7,0,0
BRDA:74,7,1,0
BRDA:74,8,0,0
BRDA:74,8,1,0
BRDA:86,9,0,2
BRDA:86,9,1,13
BRDA:99,10,0,0
BRDA:99,10,1,10
BRDA:101,11,0,5
BRDA:101,11,1,5
BRDA:104,12,0,2
BRDA:104,12,1,3
BRDA:107,13,0,1
BRDA:107,13,1,2
BRDA:107,14,0,3
BRDA:107,14,1,1
BRDA:110,15,0,2
BRDA:110,15,1,0
BRDA:127,16,0,0
BRDA:127,16,1,0
BRDA:136,17,0,7
BRDA:136,17,1,85
BRDA:136,18,0,92
BRDA:136,18,1,9
BRDA:140,19,0,92
BRDA:140,19,1,11
BRDA:145,20,0,92
BRDA:145,20,1,18
BRDA:145,20,2,18
BRDA:166,21,0,7
BRDA:166,21,1,38
BRF:44
BRH:33
end_of_record
TN:
SF:src/components/dashboard/MealBuilder.jsx
FN:12,MealBuilder
FN:39,(anonymous_1)
FN:40,(anonymous_2)
FN:44,(anonymous_3)
FN:68,(anonymous_4)
FN:69,(anonymous_5)
FN:84,(anonymous_6)
FN:89,(anonymous_7)
FN:129,(anonymous_8)
FN:138,(anonymous_9)
FN:143,(anonymous_10)
FN:165,(anonymous_11)
FN:174,(anonymous_12)
FN:191,(anonymous_13)
FN:196,(anonymous_14)
FN:197,(anonymous_15)
FN:199,(anonymous_16)
FN:205,(anonymous_17)
FN:207,(anonymous_18)
FN:209,(anonymous_19)
FN:212,(anonymous_20)
FN:216,(anonymous_21)
FN:217,(anonymous_22)
FN:245,(anonymous_23)
FN:246,(anonymous_24)
FN:248,(anonymous_25)
FN:256,(anonymous_26)
FN:259,(anonymous_27)
FN:282,(anonymous_28)
FN:282,(anonymous_29)
FN:294,(anonymous_30)
FN:299,(anonymous_31)
FN:300,(anonymous_32)
FN:302,(anonymous_33)
FN:307,(anonymous_34)
FN:315,(anonymous_35)
FN:323,(anonymous_36)
FN:334,(anonymous_37)
FN:334,(anonymous_38)
FN:335,(anonymous_39)
FN:335,(anonymous_40)
FN:343,(anonymous_41)
FN:343,(anonymous_42)
FN:360,(anonymous_43)
FN:374,(anonymous_44)
FN:397,(anonymous_45)
FN:430,(anonymous_46)
FNF:47
FNH:21
FNDA:31,MealBuilder
FNDA:4,(anonymous_1)
FNDA:4,(anonymous_2)
FNDA:1,(anonymous_3)
FNDA:210,(anonymous_4)
FNDA:59,(anonymous_5)
FNDA:2,(anonymous_6)
FNDA:3,(anonymous_7)
FNDA:55,(anonymous_8)
FNDA:0,(anonymous_9)
FNDA:2,(anonymous_10)
FNDA:2,(anonymous_11)
FNDA:0,(anonymous_12)
FNDA:0,(anonymous_13)
FNDA:1,(anonymous_14)
FNDA:1,(anonymous_15)
FNDA:1,(anonymous_16)
FNDA:0,(anonymous_17)
FNDA:0,(anonymous_18)
FNDA:0,(anonymous_19)
FNDA:0,(anonymous_20)
FNDA:0,(anonymous_21)
FNDA:0,(anonymous_22)
FNDA:0,(anonymous_23)
FNDA:0,(anonymous_24)
FNDA:0,(anonymous_25)
FNDA:0,(anonymous_26)
FNDA:0,(anonymous_27)
FNDA:1,(anonymous_28)
FNDA:1,(anonymous_29)
FNDA:4,(anonymous_30)
FNDA:0,(anonymous_31)
FNDA:0,(anonymous_32)
FNDA:0,(anonymous_33)
FNDA:0,(anonymous_34)
FNDA:1,(anonymous_35)
FNDA:0,(anonymous_36)
FNDA:0,(anonymous_37)
FNDA:0,(anonymous_38)
FNDA:0,(anonymous_39)
FNDA:0,(anonymous_40)
FNDA:0,(anonymous_41)
FNDA:0,(anonymous_42)
FNDA:0,(anonymous_43)
FNDA:4,(anonymous_44)
FNDA:1,(anonymous_45)
FNDA:28,(anonymous_46)
DA:22,31
DA:23,31
DA:24,31
DA:32,31
DA:39,31
DA:40,4
DA:44,31
DA:45,1
DA:46,1
DA:49,31
DA:69,210
DA:70,59
DA:72,210
DA:74,210
DA:75,210
DA:77,210
DA:84,2
DA:90,3
DA:91,2
DA:92,2
DA:131,55
DA:133,55
DA:136,55
DA:138,0
DA:141,55
DA:143,55
DA:144,2
DA:146,2
DA:154,2
DA:162,2
DA:165,55
DA:166,2
DA:167,0
DA:168,0
DA:170,2
DA:171,2
DA:173,0
DA:174,0
DA:175,0
DA:179,2
DA:180,2
DA:181,2
DA:182,2
DA:183,2
DA:184,2
DA:186,2
DA:187,2
DA:188,2
DA:191,55
DA:192,0
DA:193,0
DA:196,55
DA:197,1
DA:200,1
DA:205,55
DA:206,0
DA:207,0
DA:209,0
DA:211,0
DA:212,0
DA:213,0
DA:217,0
DA:225,0
DA:245,55
DA:246,0
DA:249,0
DA:256,55
DA:257,0
DA:258,0
DA:259,0
DA:271,0
DA:272,0
DA:275,55
DA:282,1
DA:295,4
DA:300,0
DA:303,0
DA:307,0
DA:315,1
DA:323,0
DA:334,0
DA:335,0
DA:343,0
DA:361,0
DA:374,4
DA:397,1
DA:431,28
LF:87
LH:56
BRDA:45,0,0,0
BRDA:45,0,1,1
BRDA:45,1,0,1
BRDA:45,1,1,1
BRDA:51,2,0,1
BRDA:51,2,1,30
BRDA:57,3,0,30
BRDA:57,3,1,2
BRDA:69,4,0,210
BRDA:69,4,1,0
BRDA:69,5,0,210
BRDA:69,5,1,0
BRDA:70,6,0,59
BRDA:70,6,1,0
BRDA:72,7,0,210
BRDA:72,7,1,180
BRDA:74,8,0,210
BRDA:74,8,1,180
BRDA:75,9,0,210
BRDA:75,9,1,180
BRDA:80,10,0,2
BRDA:80,10,1,208
BRDA:90,11,0,2
BRDA:90,11,1,1
BRDA:90,12,0,3
BRDA:90,12,1,2
BRDA:99,13,0,2
BRDA:99,13,1,208
BRDA:107,14,0,0
BRDA:107,14,1,210
BRDA:107,15,0,30
BRDA:107,15,1,180
BRDA:113,16,0,210
BRDA:113,16,1,208
BRDA:122,17,0,208
BRDA:122,17,1,194
BRDA:128,18,0,28
BRDA:128,18,1,180
BRDA:131,19,0,55
BRDA:131,19,1,0
BRDA:133,20,0,55
BRDA:133,20,1,0
BRDA:136,21,0,0
BRDA:136,21,1,55
BRDA:140,22,0,55
BRDA:140,22,1,1
BRDA:140,22,2,0
BRDA:146,23,0,0
BRDA:146,23,1,2
BRDA:149,24,0,2
BRDA:149,24,1,0
BRDA:150,25,0,2
BRDA:150,25,1,0
BRDA:150,25,2,0
BRDA:151,26,0,2
BRDA:151,26,1,2
BRDA:152,27,0,2
BRDA:152,27,1,0
BRDA:156,28,0,2
BRDA:156,28,1,0
BRDA:158,29,0,2
BRDA:158,29,1,0
BRDA:159,30,0,2
BRDA:159,30,1,0
BRDA:159,30,2,0
BRDA:160,31,0,2
BRDA:160,31,1,2
BRDA:166,32,0,0
BRDA:166,32,1,2
BRDA:171,33,0,0
BRDA:171,33,1,2
BRDA:200,34,0,1
BRDA:200,34,1,0
BRDA:211,35,0,0
BRDA:211,35,1,0
BRDA:249,36,0,0
BRDA:249,36,1,0
BRDA:257,37,0,0
BRDA:257,37,1,0
BRDA:257,38,0,0
BRDA:257,38,1,0
BRDA:257,38,2,0
BRDA:278,39,0,4
BRDA:278,39,1,51
BRDA:287,40,0,51
BRDA:287,40,1,28
BRDA:291,41,0,4
BRDA:291,41,1,51
BRDA:303,42,0,0
BRDA:303,42,1,0
BRDA:303,43,0,0
BRDA:303,43,1,0
BRDA:334,44,0,0
BRDA:334,44,1,0
BRDA:351,45,0,4
BRDA:351,45,1,0
BRDA:351,45,2,0
BRDA:358,46,0,0
BRDA:358,46,1,51
BRDA:372,47,0,4
BRDA:372,47,1,51
BRDA:374,48,0,4
BRDA:374,48,1,0
BRDA:380,49,0,55
BRDA:380,49,1,51
BRDA:383,50,0,4
BRDA:383,50,1,47
BRDA:410,51,0,12
BRDA:410,51,1,168
BRDA:417,52,0,208
BRDA:417,52,1,194
BRF:111
BRH:71
end_of_record
TN:
SF:src/components/dashboard/NutrientLimits.jsx
FN:21,getActualValue
FN:29,NutrientLimits
FN:33,(anonymous_2)
FN:59,(anonymous_3)
FN:60,(anonymous_4)
FN:98,(anonymous_5)
FN:139,(anonymous_6)
FN:178,(anonymous_7)
FNF:8
FNH:7
FNDA:55,getActualValue
FNDA:17,NutrientLimits
FNDA:10,(anonymous_2)
FNDA:6,(anonymous_3)
FNDA:1,(anonymous_4)
FNDA:30,(anonymous_5)
FNDA:2,(anonymous_6)
FNDA:0,(anonymous_7)
DA:4,1
DA:13,1
DA:22,55
DA:23,40
DA:30,17
DA:33,17
DA:34,10
DA:35,10
DA:36,5
DA:37,25
DA:38,25
DA:40,25
DA:42,25
DA:43,2
DA:52,10
DA:55,17
DA:59,6
DA:61,1
DA:62,1
DA:63,1
DA:99,30
DA:100,30
DA:101,30
DA:103,30
DA:140,2
DA:141,2
DA:179,0
LF:27
LH:26
BRDA:22,0,0,15
BRDA:22,0,1,40
BRDA:23,1,0,40
BRDA:23,1,1,0
BRDA:35,2,0,5
BRDA:35,2,1,5
BRDA:38,3,0,0
BRDA:38,3,1,25
BRDA:38,4,0,25
BRDA:38,4,1,25
BRDA:42,5,0,2
BRDA:42,5,1,23
BRDA:61,6,0,1
BRDA:61,6,1,0
BRDA:61,7,0,1
BRDA:61,7,1,0
BRDA:74,8,0,17
BRDA:74,8,1,1
BRDA:79,9,0,17
BRDA:79,9,1,16
BRDA:79,9,2,7
BRDA:86,10,0,6
BRDA:86,10,1,11
BRDA:90,11,0,17
BRDA:90,11,1,6
BRDA:100,12,0,30
BRDA:100,12,1,0
BRDA:101,13,0,30
BRDA:101,13,1,30
BRDA:106,14,0,0
BRDA:106,14,1,30
BRDA:115,15,0,30
BRDA:115,15,1,15
BRDA:115,15,2,15
BRDA:117,16,0,0
BRDA:117,16,1,15
BRDA:122,17,0,0
BRDA:122,17,1,15
BRDA:134,18,0,30
BRDA:134,18,1,0
BRDA:134,19,0,30
BRDA:134,19,1,30
BRDA:143,20,0,1
BRDA:143,20,1,1
BRDA:154,21,0,30
BRDA:154,21,1,30
BRDA:164,22,0,0
BRDA:164,22,1,30
BRDA:176,23,0,6
BRDA:176,23,1,0
BRF:50
BRH:39
end_of_record
TN:
SF:src/components/pages/DashboardPage.jsx
FN:17,DashboardPage
FN:71,(anonymous_1)
FN:73,(anonymous_2)
FN:97,(anonymous_3)
FN:116,(anonymous_4)
FNF:5
FNH:2
FNDA:8,DashboardPage
FNDA:0,(anonymous_1)
FNDA:0,(anonymous_2)
FNDA:1,(anonymous_3)
FNDA:0,(anonymous_4)
DA:68,8
DA:71,8
DA:73,0
DA:79,8
DA:80,1
DA:83,7
DA:97,1
DA:116,0
LF:8
LH:6
BRDA:79,0,0,1
BRDA:79,0,1,7
BRDA:79,1,0,8
BRDA:79,1,1,1
BRDA:87,2,0,7
BRDA:87,2,1,3
BRDA:106,3,0,8
BRDA:106,3,1,0
BRDA:172,4,0,8
BRDA:172,4,1,1
BRDA:176,5,0,8
BRDA:176,5,1,2
BRDA:181,6,0,8
BRDA:181,6,1,2
BRDA:186,7,0,8
BRDA:186,7,1,2
BRF:16
BRH:15
end_of_record
TN:
SF:src/components/ui/EmptyState.jsx
FN:8,EmptyState
FNF:1
FNH:1
FNDA:27,EmptyState
DA:9,27
LF:1
LH:1
BRDA:11,0,0,27
BRDA:11,0,1,27
BRDA:17,1,0,27
BRDA:17,1,1,27
BRDA:18,2,0,27
BRDA:18,2,1,0
BRDA:18,2,2,0
BRDA:23,3,0,27
BRDA:23,3,1,0
BRDA:23,3,2,0
BRDA:23,3,3,0
BRF:11
BRH:6
end_of_record
TN:
SF:src/components/ui/Kpi.jsx
FN:3,Kpi
FNF:1
FNH:1
FNDA:28,Kpi
DA:4,28
LF:1
LH:1
BRDA:3,0,0,28
BRDA:5,1,0,28
BRDA:5,1,1,0
BRF:3
BRH:2
end_of_record
TN:
SF:src/components/ui/Section.jsx
FN:3,Section
FNF:1
FNH:1
FNDA:31,Section
DA:4,31
LF:1
LH:1
BRDA:11,0,0,31
BRDA:11,0,1,31
BRF:2
BRH:2
end_of_record
TN:
SF:src/components/ui/Skeleton.jsx
FN:6,SkeletonBlock
FN:17,SkeletonKpi
FN:28,SkeletonMealCard
FN:43,SkeletonStatCard
FN:56,SkeletonFoodResult
FN:73,DashboardSkeleton
FN:79,(anonymous_6)
FN:103,ProfileSkeleton
FNF:8
FNH:8
FNDA:129,SkeletonBlock
FNDA:13,SkeletonKpi
FNDA:7,SkeletonMealCard
FNDA:9,SkeletonStatCard
FNDA:1,SkeletonFoodResult
FNDA:3,DashboardSkeleton
FNDA:21,(anonymous_6)
FNDA:2,ProfileSkeleton
DA:7,129
DA:18,13
DA:29,7
DA:44,9
DA:57,1
DA:74,3
DA:80,21
DA:104,2
LF:8
LH:8
BRDA:6,0,0,129
BRDA:6,1,0,129
BRDA:6,2,0,129
BRDA:6,3,0,129
BRF:4
BRH:4
end_of_record
TN:
SF:src/components/ui/VirtualizedList.jsx
FN:16,VirtualizedList
FN:29,(anonymous_1)
FN:30,(anonymous_2)
FN:52,(anonymous_3)
FNF:4
FNH:4
FNDA:11,VirtualizedList
FNDA:6,(anonymous_1)
FNDA:37,(anonymous_2)
FNDA:10,(anonymous_3)
DA:24,11
DA:27,11
DA:29,6
DA:30,37
DA:34,11
DA:53,10
LF:6
LH:6
BRDA:18,0,0,11
BRDA:19,1,0,11
BRDA:20,2,0,11
BRDA:22,3,0,11
BRF:4
BRH:4
end_of_record
TN:
SF:src/context/AuthContext.jsx
FN:16,AuthProvider
FN:23,(anonymous_1)
FN:27,init
FN:52,(anonymous_3)
FN:58,(anonymous_4)
FN:79,(anonymous_5)
FN:85,(anonymous_6)
FN:113,(anonymous_7)
FN:131,(anonymous_8)
FN:139,(anonymous_9)
FN:148,(anonymous_10)
FN:157,(anonymous_11)
FNF:12
FNH:12
FNDA:37,AuthProvider
FNDA:15,(anonymous_1)
FNDA:15,init
FNDA:1,(anonymous_3)
FNDA:3,(anonymous_4)
FNDA:15,(anonymous_5)
FNDA:1,(anonymous_6)
FNDA:1,(anonymous_7)
FNDA:1,(anonymous_8)
FNDA:2,(anonymous_9)
FNDA:2,(anonymous_10)
FNDA:37,(anonymous_11)
DA:14,5
DA:17,37
DA:18,37
DA:19,37
DA:20,37
DA:23,37
DA:25,15
DA:28,15
DA:29,15
DA:30,12
DA:32,12
DA:33,5
DA:34,5
DA:35,5
DA:36,5
DA:39,0
DA:43,1
DA:45,13
DA:46,13
DA:47,13
DA:52,15
DA:53,1
DA:56,15
DA:58,15
DA:61,3
DA:63,3
DA:65,3
DA:66,2
DA:67,2
DA:68,2
DA:69,1
DA:71,1
DA:74,1
DA:75,1
DA:79,15
DA:80,15
DA:81,15
DA:85,37
DA:86,1
DA:88,1
DA:90,1
DA:92,1
DA:93,1
DA:94,1
DA:95,1
DA:96,1
DA:102,1
DA:106,0
DA:110,1
DA:113,37
DA:114,1
DA:116,1
DA:117,1
DA:118,1
DA:119,1
DA:120,1
DA:121,1
DA:124,0
DA:128,1
DA:131,37
DA:132,1
DA:133,1
DA:134,1
DA:135,1
DA:138,37
DA:140,2
DA:141,1
DA:142,1
DA:143,1
DA:148,37
DA:149,2
DA:150,1
DA:151,1
DA:152,1
DA:155,37
DA:157,37
DA:158,37
DA:184,37
LF:78
LH:75
BRDA:32,0,0,5
BRDA:32,0,1,7
BRDA:61,1,0,0
BRDA:61,1,1,3
BRDA:65,2,0,2
BRDA:65,2,1,1
BRDA:88,3,0,1
BRDA:88,3,1,0
BRDA:116,4,0,1
BRDA:116,4,1,0
BRDA:140,5,0,1
BRDA:140,5,1,1
BRDA:149,6,0,1
BRDA:149,6,1,1
BRF:14
BRH:11
end_of_record
TN:
SF:src/context/ProfileContext.jsx
FN:35,dbProfileToLocal
FN:48,ProfileProvider
FN:49,(anonymous_2)
FN:59,(anonymous_3)
FN:69,(anonymous_4)
FN:70,(anonymous_5)
FN:77,(anonymous_6)
FN:85,(anonymous_7)
FN:91,(anonymous_8)
FN:96,loadFromDb
FN:116,(anonymous_10)
FN:135,(anonymous_11)
FN:146,(anonymous_12)
FN:150,saveToDb
FN:170,(anonymous_14)
FN:182,(anonymous_15)
FN:189,(anonymous_16)
FN:192,(anonymous_17)
FN:199,(anonymous_18)
FN:200,(anonymous_19)
FN:205,(anonymous_20)
FN:214,(anonymous_21)
FN:230,useProfile
FNF:23
FNH:22
FNDA:2,dbProfileToLocal
FNDA:45,ProfileProvider
FNDA:21,(anonymous_2)
FNDA:21,(anonymous_3)
FNDA:21,(anonymous_4)
FNDA:21,(anonymous_5)
FNDA:27,(anonymous_6)
FNDA:23,(anonymous_7)
FNDA:21,(anonymous_8)
FNDA:10,loadFromDb
FNDA:2,(anonymous_10)
FNDA:10,(anonymous_11)
FNDA:21,(anonymous_12)
FNDA:3,saveToDb
FNDA:3,(anonymous_14)
FNDA:0,(anonymous_15)
FNDA:45,(anonymous_16)
FNDA:3,(anonymous_17)
FNDA:4,(anonymous_18)
FNDA:4,(anonymous_19)
FNDA:2,(anonymous_20)
FNDA:45,(anonymous_21)
FNDA:48,useProfile
DA:14,2
DA:16,2
DA:27,2
DA:36,2
DA:37,2
DA:49,45
DA:50,21
DA:51,21
DA:52,21
DA:54,2
DA:55,2
DA:59,45
DA:60,21
DA:63,45
DA:64,45
DA:65,45
DA:67,45
DA:69,45
DA:70,21
DA:71,21
DA:72,21
DA:77,45
DA:78,27
DA:79,27
DA:81,0
DA:85,45
DA:86,23
DA:87,23
DA:91,45
DA:92,21
DA:94,10
DA:97,10
DA:98,10
DA:99,10
DA:105,9
DA:107,9
DA:108,2
DA:109,2
DA:110,2
DA:113,7
DA:114,2
DA:115,2
DA:116,2
DA:124,2
DA:127,1
DA:128,1
DA:129,1
DA:133,10
DA:135,10
DA:136,10
DA:141,45
DA:142,45
DA:143,45
DA:146,45
DA:147,21
DA:151,3
DA:152,3
DA:155,3
DA:156,3
DA:157,15
DA:158,15
DA:162,3
DA:163,3
DA:165,3
DA:167,3
DA:171,3
DA:172,3
DA:173,0
DA:174,0
DA:176,3
DA:177,3
DA:179,3
DA:183,0
DA:184,0
DA:189,45
DA:190,45
DA:192,45
DA:193,3
DA:194,1
DA:195,1
DA:199,45
DA:200,4
DA:201,4
DA:204,4
DA:205,4
DA:207,2
DA:210,4
DA:214,45
DA:215,45
DA:226,45
DA:231,48
DA:232,48
DA:233,2
DA:235,45
LF:94
LH:89
BRDA:36,0,0,0
BRDA:36,0,1,2
BRDA:38,1,0,2
BRDA:38,1,1,0
BRDA:39,2,0,2
BRDA:39,2,1,0
BRDA:40,3,0,2
BRDA:40,3,1,0
BRDA:41,4,0,2
BRDA:41,4,1,0
BRDA:42,5,0,2
BRDA:42,5,1,0
BRDA:43,6,0,1
BRDA:43,6,1,1
BRDA:44,7,0,1
BRDA:44,7,1,1
BRDA:52,8,0,4
BRDA:52,8,1,17
BRDA:72,9,0,4
BRDA:72,9,1,17
BRDA:92,10,0,11
BRDA:92,10,1,10
BRDA:92,11,0,21
BRDA:92,11,1,10
BRDA:105,12,0,0
BRDA:105,12,1,9
BRDA:107,13,0,2
BRDA:107,13,1,7
BRDA:107,14,0,9
BRDA:107,14,1,7
BRDA:109,15,0,2
BRDA:109,15,1,0
BRDA:113,16,0,2
BRDA:113,16,1,5
BRDA:113,17,0,7
BRDA:113,17,1,2
BRDA:115,18,0,2
BRDA:115,18,1,0
BRDA:120,19,0,2
BRDA:120,19,1,1
BRDA:121,20,0,2
BRDA:121,20,1,1
BRDA:127,21,0,0
BRDA:127,21,1,1
BRDA:129,22,0,1
BRDA:129,22,1,0
BRDA:152,23,0,0
BRDA:152,23,1,3
BRDA:152,24,0,3
BRDA:152,24,1,3
BRDA:157,25,0,15
BRDA:157,25,1,0
BRDA:163,26,0,0
BRDA:163,26,1,3
BRDA:171,27,0,0
BRDA:171,27,1,3
BRDA:172,28,0,0
BRDA:172,28,1,3
BRDA:184,29,0,0
BRDA:184,29,1,0
BRDA:193,30,0,2
BRDA:193,30,1,1
BRDA:201,31,0,3
BRDA:201,31,1,1
BRDA:204,32,0,0
BRDA:204,32,1,4
BRDA:232,33,0,2
BRDA:232,33,1,46
BRF:68
BRH:49
end_of_record
TN:
SF:src/data/config.ts
FNF:0
FNH:0
DA:116,4
LF:1
LH:1
BRF:0
BRH:0
end_of_record
TN:
SF:src/data/foods.js
FNF:0
FNH:0
DA:1,7
LF:1
LH:1
BRF:0
BRH:0
end_of_record
TN:
SF:src/data/presetPlans.js
FN:13,getTodayName
FN:18,createWeeklyPlan
FNF:2
FNH:2
FNDA:5,getTodayName
FNDA:25,createWeeklyPlan
DA:1,5
DA:10,5
DA:14,5
DA:15,5
DA:19,25
DA:20,25
DA:21,175
DA:22,175
DA:23,1225
DA:24,1540
DA:33,25
DA:36,5
LF:12
LH:12
BRDA:15,0,0,1
BRDA:15,0,1,4
BRDA:23,1,0,1225
BRDA:23,1,1,0
BRF:4
BRH:3
end_of_record
TN:
SF:src/engines/nutrientEngine.ts
FN:11,calculateFoodNutrients
FN:31,calculateMealTotals
FN:42,(anonymous_2)
FN:71,foodById
FN:72,(anonymous_4)
FN:83,accumulateNutrients
FN:126,aggregateMeal
FN:208,combineDay
FNF:8
FNH:8
FNDA:9,calculateFoodNutrients
FNDA:6,calculateMealTotals
FNDA:6,(anonymous_2)
FNDA:69,foodById
FNDA:225,(anonymous_4)
FNDA:62,accumulateNutrients
FNDA:43,aggregateMeal
FNDA:13,combineDay
DA:12,9
DA:14,9
DA:42,6
DA:44,6
DA:45,6
DA:46,6
DA:47,6
DA:48,6
DA:49,6
DA:50,6
DA:51,6
DA:72,225
DA:96,62
DA:97,62
DA:98,62
DA:99,62
DA:100,62
DA:101,62
DA:102,62
DA:103,62
DA:104,62
DA:128,43
DA:129,43
DA:130,63
DA:131,0
DA:132,0
DA:141,63
DA:145,43
DA:161,43
DA:162,63
DA:164,14
DA:165,14
DA:167,14
DA:168,14
DA:169,14
DA:170,14
DA:171,14
DA:172,13
DA:176,49
DA:177,49
DA:178,46
DA:179,49
DA:180,49
DA:182,49
DA:183,49
DA:184,49
DA:185,49
DA:189,43
DA:190,43
DA:209,13
DA:225,13
DA:226,23
DA:227,23
DA:228,23
DA:229,23
DA:230,23
DA:231,23
DA:232,23
DA:233,23
DA:234,23
DA:235,23
DA:236,23
DA:238,23
DA:239,32
DA:243,13
DA:244,13
LF:66
LH:64
BRDA:12,0,0,9
BRDA:12,0,1,0
BRDA:96,1,0,62
BRDA:96,1,1,1
BRDA:98,2,0,62
BRDA:98,2,1,4
BRDA:99,3,0,62
BRDA:99,3,1,3
BRDA:100,4,0,62
BRDA:100,4,1,2
BRDA:101,5,0,62
BRDA:101,5,1,6
BRDA:102,6,0,62
BRDA:102,6,1,7
BRDA:103,7,0,62
BRDA:103,7,1,7
BRDA:130,8,0,0
BRDA:130,8,1,63
BRDA:130,9,0,63
BRDA:130,9,1,0
BRDA:162,10,0,14
BRDA:162,10,1,49
BRDA:167,11,0,14
BRDA:167,11,1,1
BRDA:168,12,0,2
BRDA:168,12,1,12
BRDA:169,13,0,4
BRDA:169,13,1,10
BRDA:170,14,0,5
BRDA:170,14,1,9
BRDA:171,15,0,13
BRDA:171,15,1,1
BRDA:172,16,0,13
BRDA:172,16,1,13
BRDA:177,17,0,3
BRDA:177,17,1,46
BRDA:178,18,0,46
BRDA:178,18,1,0
BRDA:182,19,0,0
BRDA:182,19,1,46
BRDA:183,20,0,6
BRDA:183,20,1,40
BRDA:184,21,0,24
BRDA:184,21,1,22
BRDA:185,22,0,49
BRDA:185,22,1,45
BRDA:189,23,0,40
BRDA:189,23,1,3
BRDA:239,24,0,32
BRDA:239,24,1,24
BRDA:243,25,0,11
BRDA:243,25,1,2
BRF:52
BRH:47
end_of_record
TN:
SF:src/engines/scoringEngine.ts
FN:111,score
FN:158,scoreMeal
FN:179,scoreDay
FNF:3
FNH:3
FNDA:39,score
FNDA:23,scoreMeal
FNDA:16,scoreDay
DA:8,3
DA:57,3
DA:113,39
DA:114,39
DA:115,4
DA:118,35
DA:119,35
DA:121,35
DA:122,210
DA:123,210
DA:125,210
DA:126,60
DA:127,60
DA:131,35
DA:133,35
DA:134,35
DA:135,8
DA:136,8
DA:138,35
DA:159,23
DA:180,16
LF:21
LH:21
BRDA:113,0,0,39
BRDA:113,0,1,8
BRDA:113,1,0,39
BRDA:113,1,1,4
BRDA:113,2,0,39
BRDA:113,2,1,4
BRDA:114,3,0,4
BRDA:114,3,1,35
BRDA:122,4,0,210
BRDA:122,4,1,6
BRDA:123,5,0,105
BRDA:123,5,1,105
BRDA:125,6,0,60
BRDA:125,6,1,150
BRDA:134,7,0,27
BRDA:134,7,1,8
BRDA:135,8,0,0
BRDA:135,8,1,8
BRDA:136,9,0,3
BRDA:136,9,1,5
BRF:20
BRH:19
end_of_record
TN:
SF:src/hooks/useAuth.js
FN:4,useAuth
FN:18,useOptionalAuth
FNF:2
FNH:2
FNDA:40,useAuth
FNDA:2,useOptionalAuth
DA:5,40
DA:7,40
DA:8,2
DA:11,38
DA:19,2
DA:20,2
LF:6
LH:6
BRDA:7,0,0,2
BRDA:7,0,1,38
BRDA:20,1,0,2
BRDA:20,1,1,1
BRF:4
BRH:4
end_of_record
TN:
SF:src/hooks/useDebounce.js
FN:9,useDebounce
FN:12,(anonymous_1)
FN:13,(anonymous_2)
FN:14,(anonymous_3)
FNF:4
FNH:4
FNDA:16,useDebounce
FNDA:12,(anonymous_1)
FNDA:4,(anonymous_2)
FNDA:12,(anonymous_3)
DA:10,16
DA:12,16
DA:13,12
DA:14,12
DA:17,16
LF:5
LH:5
BRF:0
BRH:0
end_of_record
TN:
SF:src/hooks/useFocusTrap.js
FN:8,useFocusTrap
FN:12,(anonymous_1)
FN:25,(anonymous_2)
FN:33,handleKeyDown
FN:57,(anonymous_4)
FNF:5
FNH:5
FNDA:13,useFocusTrap
FNDA:13,(anonymous_1)
FNDA:4,(anonymous_2)
FNDA:3,handleKeyDown
FNDA:4,(anonymous_4)
DA:9,13
DA:10,13
DA:12,13
DA:13,13
DA:16,6
DA:18,6
DA:19,6
DA:23,4
DA:25,4
DA:26,4
DA:27,4
DA:31,4
DA:34,3
DA:36,2
DA:37,2
DA:39,2
DA:40,2
DA:42,2
DA:43,1
DA:44,1
DA:45,1
DA:48,1
DA:49,1
DA:50,1
DA:55,4
DA:57,4
DA:58,4
DA:59,4
DA:61,4
DA:62,4
DA:67,13
LF:31
LH:31
BRDA:13,0,0,7
BRDA:13,0,1,6
BRDA:19,1,0,2
BRDA:19,1,1,4
BRDA:27,2,0,4
BRDA:27,2,1,0
BRDA:34,3,0,1
BRDA:34,3,1,2
BRDA:37,4,0,0
BRDA:37,4,1,2
BRDA:42,5,0,1
BRDA:42,5,1,1
BRDA:43,6,0,1
BRDA:43,6,1,0
BRDA:48,7,0,1
BRDA:48,7,1,0
BRDA:61,8,0,4
BRDA:61,8,1,0
BRDA:61,9,0,4
BRDA:61,9,1,4
BRF:20
BRH:15
end_of_record
TN:
SF:src/hooks/useHotkeys.js
FN:9,useHotkeys
FN:10,(anonymous_1)
FN:27,(anonymous_2)
FN:53,(anonymous_3)
FN:55,(anonymous_4)
FNF:5
FNH:5
FNDA:13,useHotkeys
FNDA:12,(anonymous_1)
FNDA:50,(anonymous_2)
FNDA:13,(anonymous_3)
FNDA:13,(anonymous_4)
DA:10,13
DA:12,12
DA:15,11
DA:17,11
DA:22,12
DA:23,27
DA:24,27
DA:25,27
DA:26,27
DA:27,50
DA:29,27
DA:30,27
DA:31,27
DA:32,27
DA:34,27
DA:36,10
DA:37,7
DA:38,7
DA:39,7
DA:42,3
DA:43,2
DA:44,2
DA:45,2
DA:53,13
DA:54,13
DA:55,13
LF:26
LH:26
BRDA:9,0,0,13
BRDA:12,1,0,1
BRDA:12,1,1,11
BRDA:17,2,0,11
BRDA:17,2,1,9
BRDA:17,2,2,8
BRDA:17,2,3,8
BRDA:24,3,0,27
BRDA:24,3,1,9
BRDA:29,4,0,18
BRDA:29,4,1,9
BRDA:29,5,0,18
BRDA:29,5,1,8
BRDA:30,6,0,3
BRDA:30,6,1,24
BRDA:31,7,0,2
BRDA:31,7,1,25
BRDA:32,8,0,27
BRDA:32,8,1,17
BRDA:34,9,0,10
BRDA:34,9,1,17
BRDA:34,10,0,27
BRDA:34,10,1,20
BRDA:34,10,2,19
BRDA:34,10,3,18
BRDA:36,11,0,7
BRDA:36,11,1,3
BRDA:36,12,0,10
BRDA:36,12,1,8
BRDA:36,12,2,5
BRDA:36,12,3,4
BRDA:42,13,0,2
BRDA:42,13,1,1
BRF:33
BRH:33
end_of_record
TN:
SF:src/hooks/useLocalStorage.js
FN:8,useLocalStorageState
FN:9,(anonymous_1)
FN:18,(anonymous_2)
FNF:3
FNH:3
FNDA:28,useLocalStorageState
FNDA:16,(anonymous_1)
FNDA:28,(anonymous_2)
DA:9,28
DA:10,16
DA:11,16
DA:12,16
DA:14,2
DA:18,28
DA:19,28
DA:20,28
DA:22,4
DA:26,28
LF:10
LH:10
BRDA:12,0,0,3
BRDA:12,0,1,13
BRF:2
BRH:2
end_of_record
TN:
SF:src/hooks/useMealHistory.js
FN:13,readLocal
FN:22,writeLocal
FN:36,useMealHistory
FN:43,(anonymous_3)
FN:47,(anonymous_4)
FN:48,(anonymous_5)
FN:54,(anonymous_6)
FN:59,(anonymous_7)
FN:64,loadFromDb
FN:75,(anonymous_9)
FN:93,(anonymous_10)
FN:108,(anonymous_11)
FN:117,logDay
FN:120,(anonymous_13)
FN:121,(anonymous_14)
FN:141,(anonymous_15)
FN:148,(anonymous_16)
FN:155,removeEntry
FN:156,(anonymous_18)
FN:156,(anonymous_19)
FN:161,(anonymous_20)
FN:169,clearHistory
FN:175,(anonymous_22)
FNF:23
FNH:23
FNDA:41,readLocal
FNDA:57,writeLocal
FNDA:73,useMealHistory
FNDA:31,(anonymous_3)
FNDA:31,(anonymous_4)
FNDA:31,(anonymous_5)
FNDA:57,(anonymous_6)
FNDA:31,(anonymous_7)
FNDA:12,loadFromDb
FNDA:3,(anonymous_9)
FNDA:1,(anonymous_10)
FNDA:12,(anonymous_11)
FNDA:10,logDay
FNDA:10,(anonymous_13)
FNDA:2,(anonymous_14)
FNDA:1,(anonymous_15)
FNDA:2,(anonymous_16)
FNDA:5,removeEntry
FNDA:5,(anonymous_18)
FNDA:7,(anonymous_19)
FNDA:1,(anonymous_20)
FNDA:5,clearHistory
FNDA:1,(anonymous_22)
DA:11,3
DA:14,41
DA:15,41
DA:16,41
DA:18,1
DA:23,57
DA:24,57
DA:26,2
DA:37,73
DA:38,73
DA:39,73
DA:40,73
DA:41,73
DA:43,73
DA:44,31
DA:47,73
DA:48,31
DA:49,31
DA:54,73
DA:55,57
DA:59,73
DA:60,31
DA:62,12
DA:65,12
DA:66,12
DA:67,12
DA:68,11
DA:70,10
DA:72,10
DA:74,10
DA:75,10
DA:76,10
DA:79,10
DA:80,10
DA:81,6
DA:82,5
DA:83,5
DA:87,10
DA:88,10
DA:91,10
DA:92,5
DA:93,5
DA:94,1
DA:100,1
DA:101,1
DA:102,1
DA:106,12
DA:108,12
DA:109,12
DA:118,10
DA:120,10
DA:121,10
DA:122,10
DA:139,10
DA:140,10
DA:141,3
DA:142,1
DA:143,1
DA:147,10
DA:148,2
DA:150,8
DA:156,7
DA:159,5
DA:160,5
DA:161,2
DA:162,1
DA:163,1
DA:170,5
DA:173,5
DA:174,5
DA:175,2
DA:176,1
DA:177,1
DA:182,73
LF:74
LH:74
BRDA:16,0,0,26
BRDA:16,0,1,15
BRDA:60,1,0,19
BRDA:60,1,1,12
BRDA:60,2,0,31
BRDA:60,2,1,13
BRDA:68,3,0,1
BRDA:68,3,1,10
BRDA:72,4,0,10
BRDA:72,4,1,0
BRDA:72,5,0,10
BRDA:72,5,1,10
BRDA:81,6,0,5
BRDA:81,6,1,1
BRDA:91,7,0,5
BRDA:91,7,1,5
BRDA:100,8,0,0
BRDA:100,8,1,1
BRDA:102,9,0,1
BRDA:102,9,1,0
BRDA:123,10,0,2
BRDA:123,10,1,8
BRDA:127,11,0,10
BRDA:127,11,1,1
BRDA:128,12,0,10
BRDA:128,12,1,1
BRDA:129,13,0,10
BRDA:129,13,1,1
BRDA:130,14,0,10
BRDA:130,14,1,1
BRDA:131,15,0,10
BRDA:131,15,1,1
BRDA:132,16,0,10
BRDA:132,16,1,1
BRDA:133,17,0,10
BRDA:133,17,1,1
BRDA:134,18,0,10
BRDA:134,18,1,1
BRDA:135,19,0,10
BRDA:135,19,1,1
BRDA:140,20,0,3
BRDA:140,20,1,7
BRDA:140,21,0,10
BRDA:140,21,1,3
BRDA:143,22,0,1
BRDA:143,22,1,0
BRDA:147,23,0,2
BRDA:147,23,1,8
BRDA:148,24,0,2
BRDA:148,24,1,0
BRDA:160,25,0,2
BRDA:160,25,1,3
BRDA:160,26,0,5
BRDA:160,26,1,2
BRDA:163,27,0,1
BRDA:163,27,1,0
BRDA:174,28,0,2
BRDA:174,28,1,3
BRDA:174,29,0,5
BRDA:174,29,1,2
BRDA:177,30,0,1
BRDA:177,30,1,0
BRF:62
BRH:55
end_of_record
TN:
SF:src/hooks/usePresetPlanAdmin.js
FN:15,usePresetPlanAdmin
FN:32,(anonymous_1)
FN:34,load
FN:51,(anonymous_3)
FN:56,(anonymous_4)
FN:59,(anonymous_5)
FN:62,(anonymous_6)
FN:70,(anonymous_7)
FN:74,(anonymous_8)
FN:74,(anonymous_9)
FN:85,(anonymous_10)
FN:93,(anonymous_11)
FN:94,(anonymous_12)
FN:101,(anonymous_13)
FN:105,(anonymous_14)
FN:112,(anonymous_15)
FN:114,(anonymous_16)
FN:123,(anonymous_17)
FN:130,(anonymous_18)
FN:132,(anonymous_19)
FN:133,(anonymous_20)
FN:139,(anonymous_21)
FN:157,(anonymous_22)
FN:170,(anonymous_23)
FN:178,(anonymous_24)
FN:178,(anonymous_25)
FN:190,(anonymous_26)
FN:192,(anonymous_27)
FN:196,(anonymous_28)
FN:196,(anonymous_29)
FN:198,(anonymous_30)
FN:211,(anonymous_31)
FN:212,(anonymous_32)
FN:224,(anonymous_33)
FN:225,(anonymous_34)
FN:231,(anonymous_35)
FN:231,(anonymous_36)
FN:243,(anonymous_37)
FN:246,(anonymous_38)
FN:247,(anonymous_39)
FN:255,(anonymous_40)
FN:259,(anonymous_41)
FN:277,(anonymous_42)
FN:281,(anonymous_43)
FN:290,(anonymous_44)
FN:291,(anonymous_45)
FN:306,(anonymous_46)
FN:309,(anonymous_47)
FN:310,(anonymous_48)
FN:313,(anonymous_49)
FN:325,(anonymous_50)
FN:330,(anonymous_51)
FN:331,(anonymous_52)
FN:333,(anonymous_53)
FN:334,(anonymous_54)
FN:337,(anonymous_55)
FN:348,(anonymous_56)
FN:349,(anonymous_57)
FN:350,(anonymous_58)
FN:368,(anonymous_59)
FNF:60
FNH:49
FNDA:76,usePresetPlanAdmin
FNDA:28,(anonymous_1)
FNDA:28,load
FNDA:28,(anonymous_3)
FNDA:47,(anonymous_4)
FNDA:6,(anonymous_5)
FNDA:63,(anonymous_6)
FNDA:0,(anonymous_7)
FNDA:0,(anonymous_8)
FNDA:0,(anonymous_9)
FNDA:6,(anonymous_10)
FNDA:34,(anonymous_11)
FNDA:0,(anonymous_12)
FNDA:34,(anonymous_13)
FNDA:63,(anonymous_14)
FNDA:32,(anonymous_15)
FNDA:0,(anonymous_16)
FNDA:3,(anonymous_17)
FNDA:29,(anonymous_18)
FNDA:0,(anonymous_19)
FNDA:1,(anonymous_20)
FNDA:3,(anonymous_21)
FNDA:1,(anonymous_22)
FNDA:2,(anonymous_23)
FNDA:1,(anonymous_24)
FNDA:2,(anonymous_25)
FNDA:3,(anonymous_26)
FNDA:5,(anonymous_27)
FNDA:3,(anonymous_28)
FNDA:6,(anonymous_29)
FNDA:2,(anonymous_30)
FNDA:1,(anonymous_31)
FNDA:1,(anonymous_32)
FNDA:2,(anonymous_33)
FNDA:3,(anonymous_34)
FNDA:2,(anonymous_35)
FNDA:4,(anonymous_36)
FNDA:3,(anonymous_37)
FNDA:2,(anonymous_38)
FNDA:4,(anonymous_39)
FNDA:3,(anonymous_40)
FNDA:2,(anonymous_41)
FNDA:0,(anonymous_42)
FNDA:0,(anonymous_43)
FNDA:2,(anonymous_44)
FNDA:4,(anonymous_45)
FNDA:2,(anonymous_46)
FNDA:1,(anonymous_47)
FNDA:2,(anonymous_48)
FNDA:1,(anonymous_49)
FNDA:2,(anonymous_50)
FNDA:1,(anonymous_51)
FNDA:1,(anonymous_52)
FNDA:1,(anonymous_53)
FNDA:2,(anonymous_54)
FNDA:1,(anonymous_55)
FNDA:0,(anonymous_56)
FNDA:0,(anonymous_57)
FNDA:0,(anonymous_58)
FNDA:2,(anonymous_59)
DA:16,76
DA:17,76
DA:18,76
DA:19,76
DA:20,76
DA:21,76
DA:22,76
DA:23,76
DA:24,76
DA:27,76
DA:28,76
DA:29,76
DA:32,76
DA:33,28
DA:35,28
DA:36,28
DA:37,26
DA:38,26
DA:39,26
DA:40,22
DA:44,1
DA:45,1
DA:47,27
DA:50,28
DA:51,28
DA:52,28
DA:56,76
DA:59,76
DA:62,76
DA:63,63
DA:66,6
DA:67,0
DA:70,6
DA:71,0
DA:72,0
DA:73,0
DA:74,0
DA:75,0
DA:76,0
DA:78,0
DA:79,0
DA:81,0
DA:85,6
DA:86,6
DA:87,6
DA:93,76
DA:94,34
DA:95,0
DA:96,0
DA:97,0
DA:100,34
DA:101,34
DA:105,76
DA:106,63
DA:107,22
DA:112,76
DA:113,32
DA:114,3
DA:115,0
DA:116,0
DA:118,0
DA:119,0
DA:121,0
DA:123,3
DA:124,3
DA:130,76
DA:131,29
DA:132,1
DA:133,1
DA:138,76
DA:140,3
DA:141,1
DA:142,1
DA:144,2
DA:145,2
DA:146,2
DA:147,2
DA:148,14
DA:150,2
DA:157,1
DA:158,1
DA:159,1
DA:161,1
DA:163,2
DA:170,76
DA:172,2
DA:173,0
DA:175,2
DA:176,2
DA:177,2
DA:178,2
DA:179,1
DA:180,1
DA:181,1
DA:183,1
DA:185,2
DA:190,76
DA:192,5
DA:193,3
DA:196,6
DA:197,3
DA:198,2
DA:199,1
DA:203,3
DA:204,0
DA:208,3
DA:212,1
DA:213,1
DA:214,1
DA:215,1
DA:223,76
DA:225,3
DA:226,2
DA:227,2
DA:228,2
DA:229,2
DA:230,2
DA:231,4
DA:232,2
DA:234,0
DA:236,2
DA:243,76
DA:245,3
DA:246,2
DA:247,4
DA:249,2
DA:255,76
DA:257,3
DA:259,2
DA:260,2
DA:261,2
DA:263,2
DA:277,0
DA:281,0
DA:290,3
DA:291,2
DA:292,4
DA:293,2
DA:294,2
DA:295,4
DA:298,3
DA:299,3
DA:300,3
DA:306,76
DA:308,2
DA:309,1
DA:310,1
DA:311,2
DA:312,1
DA:313,1
DA:314,1
DA:316,2
DA:319,1
DA:325,76
DA:327,2
DA:330,1
DA:331,1
DA:333,2
DA:334,1
DA:335,2
DA:336,1
DA:337,1
DA:338,2
DA:341,2
DA:344,2
DA:345,1
DA:346,1
DA:349,0
DA:350,0
DA:351,0
DA:352,0
DA:353,0
DA:354,0
DA:357,0
DA:358,0
DA:359,0
DA:368,76
DA:369,2
DA:370,2
DA:371,2
DA:372,1
DA:373,1
DA:375,1
DA:377,2
DA:381,76
LF:185
LH:153
BRDA:37,0,0,26
BRDA:37,0,1,0
BRDA:39,1,0,22
BRDA:39,1,1,4
BRDA:39,2,0,26
BRDA:39,2,1,22
BRDA:45,3,0,1
BRDA:45,3,1,0
BRDA:47,4,0,27
BRDA:47,4,1,0
BRDA:56,5,0,76
BRDA:56,5,1,34
BRDA:63,6,0,57
BRDA:63,6,1,6
BRDA:63,7,0,63
BRDA:63,7,1,6
BRDA:66,8,0,0
BRDA:66,8,1,6
BRDA:74,9,0,0
BRDA:74,9,1,0
BRDA:86,10,0,6
BRDA:86,10,1,0
BRDA:95,11,0,0
BRDA:95,11,1,0
BRDA:106,12,0,22
BRDA:106,12,1,41
BRDA:106,13,0,63
BRDA:106,13,1,34
BRDA:113,14,0,3
BRDA:113,14,1,29
BRDA:124,15,0,3
BRDA:124,15,1,0
BRDA:131,16,0,1
BRDA:131,16,1,28
BRDA:140,17,0,1
BRDA:140,17,1,2
BRDA:140,18,0,3
BRDA:140,18,1,2
BRDA:172,19,0,0
BRDA:172,19,1,2
BRDA:178,20,0,1
BRDA:178,20,1,1
BRDA:193,21,0,0
BRDA:193,21,1,3
BRDA:197,22,0,1
BRDA:197,22,1,2
BRDA:199,23,0,1
BRDA:199,23,1,0
BRDA:203,24,0,0
BRDA:203,24,1,3
BRDA:215,25,0,1
BRDA:215,25,1,0
BRDA:226,26,0,0
BRDA:226,26,1,2
BRDA:231,27,0,2
BRDA:231,27,1,2
BRDA:232,28,0,1
BRDA:232,28,1,1
BRDA:245,29,0,1
BRDA:245,29,1,2
BRDA:247,30,0,2
BRDA:247,30,1,2
BRDA:257,31,0,1
BRDA:257,31,1,2
BRDA:257,32,0,3
BRDA:257,32,1,2
BRDA:257,32,2,2
BRDA:263,33,0,2
BRDA:263,33,1,0
BRDA:269,34,0,2
BRDA:269,34,1,1
BRDA:270,35,0,2
BRDA:270,35,1,1
BRDA:271,36,0,2
BRDA:271,36,1,2
BRDA:277,37,0,0
BRDA:277,37,1,0
BRDA:279,38,0,0
BRDA:279,38,1,0
BRDA:285,39,0,0
BRDA:285,39,1,0
BRDA:286,40,0,0
BRDA:286,40,1,0
BRDA:292,41,0,2
BRDA:292,41,1,2
BRDA:294,42,0,2
BRDA:294,42,1,1
BRDA:299,43,0,2
BRDA:299,43,1,0
BRDA:308,44,0,1
BRDA:308,44,1,1
BRDA:311,45,0,1
BRDA:311,45,1,1
BRDA:313,46,0,1
BRDA:313,46,1,0
BRDA:314,47,0,1
BRDA:314,47,1,0
BRDA:327,48,0,1
BRDA:327,48,1,1
BRDA:335,49,0,1
BRDA:335,49,1,1
BRDA:337,50,0,1
BRDA:337,50,1,0
BRDA:344,51,0,1
BRDA:344,51,1,1
BRDA:345,52,0,1
BRDA:345,52,1,0
BRDA:345,52,2,0
BRDA:351,53,0,0
BRDA:351,53,1,0
BRDA:353,54,0,0
BRDA:353,54,1,0
BRF:112
BRH:77
end_of_record
TN:
SF:src/hooks/usePresetPlans.js
FN:10,usePresetPlans
FN:15,(anonymous_1)
FN:18,load
FN:37,(anonymous_3)
FNF:4
FNH:4
FNDA:8,usePresetPlans
FNDA:5,(anonymous_1)
FNDA:5,load
FNDA:5,(anonymous_3)
DA:11,8
DA:12,8
DA:13,8
DA:15,8
DA:16,5
DA:19,5
DA:20,5
DA:21,3
DA:22,2
DA:25,1
DA:26,1
DA:27,1
DA:30,4
DA:31,3
DA:36,5
DA:37,5
DA:38,5
DA:42,8
LF:18
LH:18
BRDA:21,0,0,2
BRDA:21,0,1,1
BRDA:22,1,0,2
BRDA:22,1,1,1
BRDA:26,2,0,1
BRDA:26,2,1,0
BRDA:30,3,0,3
BRDA:30,3,1,1
BRF:8
BRH:7
end_of_record
TN:
SF:src/hooks/useSyncedPlans.js
FN:10,readLocal
FN:23,writeLocal
FN:37,mergePlans
FN:38,(anonymous_3)
FN:74,useSyncedPlans
FN:84,(anonymous_5)
FN:85,(anonymous_6)
FN:92,(anonymous_7)
FN:97,(anonymous_8)
FN:102,(anonymous_9)
FN:112,initialSync
FN:148,(anonymous_11)
FN:156,(anonymous_12)
FN:163,(anonymous_13)
FN:171,retrySync
FN:183,setPlans
FN:184,(anonymous_16)
FN:193,(anonymous_17)
FN:220,syncToSupabase
FN:227,(anonymous_19)
FN:228,(anonymous_20)
FNF:21
FNH:21
FNDA:32,readLocal
FNDA:40,writeLocal
FNDA:9,mergePlans
FNDA:8,(anonymous_3)
FNDA:60,useSyncedPlans
FNDA:23,(anonymous_5)
FNDA:23,(anonymous_6)
FNDA:40,(anonymous_7)
FNDA:40,(anonymous_8)
FNDA:23,(anonymous_9)
FNDA:12,initialSync
FNDA:12,(anonymous_11)
FNDA:23,(anonymous_12)
FNDA:23,(anonymous_13)
FNDA:2,retrySync
FNDA:9,setPlans
FNDA:9,(anonymous_16)
FNDA:4,(anonymous_17)
FNDA:5,syncToSupabase
FNDA:4,(anonymous_19)
FNDA:3,(anonymous_20)
DA:5,3
DA:11,32
DA:12,32
DA:13,32
DA:15,1
DA:16,1
DA:24,40
DA:25,40
DA:27,2
DA:38,9
DA:40,9
DA:41,9
DA:44,9
DA:45,8
DA:54,9
DA:55,3
DA:56,2
DA:57,2
DA:61,9
DA:75,60
DA:76,60
DA:77,60
DA:78,60
DA:79,60
DA:80,60
DA:81,60
DA:82,60
DA:84,60
DA:85,23
DA:86,23
DA:87,23
DA:92,60
DA:93,40
DA:97,60
DA:98,40
DA:102,60
DA:103,23
DA:105,11
DA:106,11
DA:108,12
DA:110,12
DA:113,12
DA:114,12
DA:115,12
DA:117,12
DA:118,12
DA:119,10
DA:121,9
DA:122,9
DA:125,9
DA:126,2
DA:127,2
DA:130,9
DA:131,9
DA:132,9
DA:135,2
DA:136,2
DA:137,2
DA:138,2
DA:139,2
DA:142,12
DA:146,12
DA:148,12
DA:149,12
DA:150,12
DA:155,60
DA:156,60
DA:157,23
DA:161,60
DA:162,60
DA:163,60
DA:164,23
DA:165,23
DA:172,2
DA:173,1
DA:174,1
DA:175,1
DA:176,1
DA:184,9
DA:185,9
DA:186,9
DA:189,9
DA:190,5
DA:191,5
DA:192,5
DA:193,5
DA:194,4
DA:205,9
DA:209,60
DA:221,5
DA:222,5
DA:223,5
DA:224,5
DA:227,5
DA:228,5
DA:231,5
DA:232,5
DA:233,3
DA:234,3
DA:235,2
DA:240,5
DA:241,5
DA:242,4
DA:243,2
DA:248,5
DA:249,5
DA:250,2
DA:252,5
DA:253,2
DA:256,5
DA:257,4
DA:260,3
DA:261,3
DA:264,2
DA:265,2
DA:266,2
DA:267,2
LF:117
LH:117
BRDA:13,0,0,14
BRDA:13,0,1,18
BRDA:48,1,0,8
BRDA:48,1,1,0
BRDA:49,2,0,8
BRDA:49,2,1,6
BRDA:55,3,0,2
BRDA:55,3,1,1
BRDA:87,4,0,5
BRDA:87,4,1,18
BRDA:103,5,0,11
BRDA:103,5,1,12
BRDA:103,6,0,23
BRDA:103,6,1,12
BRDA:108,7,0,0
BRDA:108,7,1,12
BRDA:119,8,0,1
BRDA:119,8,1,9
BRDA:125,9,0,2
BRDA:125,9,1,7
BRDA:127,10,0,0
BRDA:127,10,1,2
BRDA:130,11,0,9
BRDA:130,11,1,0
BRDA:130,12,0,9
BRDA:130,12,1,9
BRDA:135,13,0,0
BRDA:135,13,1,2
BRDA:137,14,0,2
BRDA:137,14,1,0
BRDA:172,15,0,1
BRDA:172,15,1,1
BRDA:172,16,0,2
BRDA:172,16,1,1
BRDA:185,17,0,3
BRDA:185,17,1,6
BRDA:189,18,0,5
BRDA:189,18,1,4
BRDA:189,19,0,9
BRDA:189,19,1,5
BRDA:190,20,0,0
BRDA:190,20,1,5
BRDA:222,21,0,5
BRDA:222,21,1,0
BRDA:234,22,0,2
BRDA:234,22,1,1
BRDA:234,23,0,3
BRDA:234,23,1,2
BRDA:242,24,0,2
BRDA:242,24,1,2
BRDA:249,25,0,2
BRDA:249,25,1,3
BRDA:256,26,0,4
BRDA:256,26,1,1
BRDA:260,27,0,3
BRDA:260,27,1,0
BRDA:265,28,0,2
BRDA:265,28,1,0
BRF:58
BRH:48
end_of_record
TN:
SF:src/lib/supabaseClient.js
FNF:0
FNH:0
DA:3,4
DA:4,4
DA:6,4
DA:7,0
DA:13,4
LF:5
LH:4
BRDA:6,0,0,0
BRDA:6,0,1,4
BRDA:6,1,0,4
BRDA:6,1,1,4
BRF:4
BRH:3
end_of_record
TN:
SF:src/services/authService.js
FN:9,signUp
FN:25,signIn
FN:38,signOut
FN:50,getCurrentUser
FN:67,getSession
FN:85,fetchUserProfile
FN:111,updateUserProfile
FN:134,createUserProfile
FN:169,onAuthStateChange
FNF:9
FNH:9
FNDA:5,signUp
FNDA:5,signIn
FNDA:3,signOut
FNDA:2,getCurrentUser
FNDA:2,getSession
FNDA:11,fetchUserProfile
FNDA:2,updateUserProfile
FNDA:5,createUserProfile
FNDA:1,onAuthStateChange
DA:10,5
DA:12,5
DA:13,3
DA:16,2
DA:26,5
DA:28,5
DA:29,3
DA:32,2
DA:39,3
DA:41,3
DA:42,2
DA:54,2
DA:56,2
DA:57,1
DA:60,1
DA:71,2
DA:73,2
DA:74,1
DA:77,1
DA:86,11
DA:94,11
DA:95,7
DA:97,6
DA:99,1
DA:102,4
DA:112,2
DA:119,2
DA:120,1
DA:123,1
DA:135,5
DA:137,5
DA:138,2
DA:141,3
DA:147,3
DA:148,1
DA:151,3
DA:157,3
DA:158,1
DA:161,2
DA:172,1
DA:173,1
LF:41
LH:41
BRDA:12,0,0,3
BRDA:12,0,1,2
BRDA:28,1,0,3
BRDA:28,1,1,2
BRDA:41,2,0,2
BRDA:41,2,1,1
BRDA:56,3,0,1
BRDA:56,3,1,1
BRDA:73,4,0,1
BRDA:73,4,1,1
BRDA:94,5,0,7
BRDA:94,5,1,4
BRDA:95,6,0,6
BRDA:95,6,1,1
BRDA:119,7,0,1
BRDA:119,7,1,1
BRDA:137,8,0,2
BRDA:137,8,1,3
BRDA:147,9,0,1
BRDA:147,9,1,2
BRDA:157,10,0,1
BRDA:157,10,1,2
BRF:22
BRH:22
end_of_record
TN:
SF:src/services/dailyHealthService.js
FN:15,fetchDailyHealthData
FN:17,(anonymous_1)
FN:38,fetchDailyHealthForDate
FN:40,(anonymous_3)
FN:66,upsertDailyHealth
FN:68,(anonymous_5)
FN:93,dbRowsToWaterData
FN:109,dbRowsToStepData
FNF:8
FNH:8
FNDA:4,fetchDailyHealthData
FNDA:4,(anonymous_1)
FNDA:3,fetchDailyHealthForDate
FNDA:3,(anonymous_3)
FNDA:5,upsertDailyHealth
FNDA:5,(anonymous_5)
FNDA:10,dbRowsToWaterData
FNDA:11,dbRowsToStepData
DA:16,4
DA:18,4
DA:25,4
DA:26,3
DA:39,3
DA:41,3
DA:48,3
DA:49,2
DA:50,1
DA:52,1
DA:67,5
DA:69,5
DA:75,5
DA:81,5
DA:82,4
DA:94,10
DA:95,10
DA:96,8
DA:97,15
DA:98,11
DA:101,8
DA:110,11
DA:111,11
DA:112,9
DA:113,16
DA:114,12
DA:117,9
LF:27
LH:27
BRDA:15,0,0,4
BRDA:25,1,0,1
BRDA:25,1,1,3
BRDA:26,2,0,3
BRDA:26,2,1,1
BRDA:48,3,0,2
BRDA:48,3,1,1
BRDA:49,4,0,1
BRDA:49,4,1,1
BRDA:81,5,0,1
BRDA:81,5,1,4
BRDA:95,6,0,2
BRDA:95,6,1,8
BRDA:97,7,0,11
BRDA:97,7,1,4
BRDA:111,8,0,2
BRDA:111,8,1,9
BRDA:113,9,0,12
BRDA:113,9,1,4
BRF:19
BRH:19
end_of_record
TN:
SF:src/services/databaseService.js
FN:6,getHealthGoals
FN:7,(anonymous_1)
FN:18,getUserHealthGoals
FN:27,saveUserHealthGoals
FN:29,(anonymous_4)
FN:30,(anonymous_5)
FN:31,(anonymous_6)
FN:43,(anonymous_7)
FN:53,getMajorGroups
FN:54,(anonymous_9)
FN:64,getFoodsByGroup
FN:65,(anonymous_11)
FN:76,getAllNutrientGroups
FN:77,(anonymous_13)
FN:87,getNutrientDefinitions
FN:88,(anonymous_15)
FN:98,getFoodNutrients
FN:99,(anonymous_17)
FNF:18
FNH:18
FNDA:6,getHealthGoals
FNDA:5,(anonymous_1)
FNDA:11,getUserHealthGoals
FNDA:8,saveUserHealthGoals
FNDA:8,(anonymous_4)
FNDA:7,(anonymous_5)
FNDA:8,(anonymous_6)
FNDA:4,(anonymous_7)
FNDA:3,getMajorGroups
FNDA:3,(anonymous_9)
FNDA:4,getFoodsByGroup
FNDA:4,(anonymous_11)
FNDA:2,getAllNutrientGroups
FNDA:2,(anonymous_13)
FNDA:2,getNutrientDefinitions
FNDA:2,(anonymous_15)
FNDA:2,getFoodNutrients
FNDA:2,(anonymous_17)
DA:7,6
DA:8,5
DA:13,5
DA:14,3
DA:19,11
DA:23,11
DA:24,10
DA:28,8
DA:29,8
DA:30,8
DA:31,8
DA:33,8
DA:34,4
DA:39,4
DA:42,7
DA:43,4
DA:44,3
DA:47,3
DA:54,3
DA:55,3
DA:59,3
DA:60,2
DA:65,4
DA:66,4
DA:71,4
DA:72,3
DA:77,2
DA:78,2
DA:82,2
DA:83,1
DA:88,2
DA:89,2
DA:93,2
DA:94,1
DA:99,2
DA:100,2
DA:117,2
DA:118,1
DA:119,1
LF:39
LH:39
BRDA:13,0,0,2
BRDA:13,0,1,3
BRDA:23,1,0,1
BRDA:23,1,1,10
BRDA:33,2,0,4
BRDA:33,2,1,4
BRDA:39,3,0,1
BRDA:39,3,1,3
BRDA:42,4,0,3
BRDA:42,4,1,4
BRDA:47,5,0,1
BRDA:47,5,1,2
BRDA:59,6,0,1
BRDA:59,6,1,2
BRDA:71,7,0,1
BRDA:71,7,1,3
BRDA:82,8,0,1
BRDA:82,8,1,1
BRDA:93,9,0,1
BRDA:93,9,1,1
BRDA:117,10,0,1
BRDA:117,10,1,1
BRF:22
BRH:22
end_of_record
TN:
SF:src/services/foodSearchService.js
FN:11,escapeIlike
FN:12,(anonymous_1)
FN:21,searchFoodItems
FN:27,(anonymous_3)
FN:49,fetchFoodNutrients
FN:52,(anonymous_5)
FN:118,findNutrientValue
FNF:7
FNH:6
FNDA:11,escapeIlike
FNDA:0,(anonymous_1)
FNDA:9,searchFoodItems
FNDA:5,(anonymous_3)
FNDA:9,fetchFoodNutrients
FNDA:9,(anonymous_5)
FNDA:42,findNutrientValue
DA:12,11
DA:22,9
DA:24,5
DA:25,5
DA:27,5
DA:28,5
DA:34,5
DA:35,2
DA:36,2
DA:39,3
DA:50,9
DA:52,9
DA:53,9
DA:67,9
DA:68,1
DA:69,1
DA:72,8
DA:74,6
DA:77,6
DA:78,6
DA:79,21
DA:80,21
DA:81,20
DA:90,6
DA:111,6
DA:119,42
DA:120,94
DA:121,20
DA:124,22
LF:29
LH:29
BRDA:21,0,0,9
BRDA:22,1,0,4
BRDA:22,1,1,5
BRDA:22,2,0,9
BRDA:22,2,1,7
BRDA:34,3,0,2
BRDA:34,3,1,3
BRDA:35,4,0,2
BRDA:35,4,1,0
BRDA:39,5,0,3
BRDA:39,5,1,1
BRDA:67,6,0,1
BRDA:67,6,1,8
BRDA:68,7,0,1
BRDA:68,7,1,0
BRDA:72,8,0,2
BRDA:72,8,1,6
BRDA:72,9,0,8
BRDA:72,9,1,7
BRDA:80,10,0,20
BRDA:80,10,1,1
BRDA:120,11,0,20
BRDA:120,11,1,74
BRF:23
BRH:21
end_of_record
TN:
SF:src/services/mealHistoryService.js
FN:13,fetchMealHistory
FN:15,(anonymous_1)
FN:35,upsertMealHistoryEntry
FN:37,(anonymous_3)
FN:73,deleteMealHistoryEntry
FN:75,(anonymous_5)
FN:92,clearMealHistory
FN:94,(anonymous_7)
FN:108,dbRowToEntry
FNF:9
FNH:9
FNDA:4,fetchMealHistory
FNDA:4,(anonymous_1)
FNDA:4,upsertMealHistoryEntry
FNDA:4,(anonymous_3)
FNDA:2,deleteMealHistoryEntry
FNDA:2,(anonymous_5)
FNDA:2,clearMealHistory
FNDA:2,(anonymous_7)
FNDA:3,dbRowToEntry
DA:14,4
DA:16,4
DA:22,4
DA:23,3
DA:36,4
DA:38,4
DA:55,4
DA:61,4
DA:62,3
DA:74,2
DA:76,2
DA:82,2
DA:93,2
DA:95,2
DA:97,2
DA:109,3
LF:16
LH:16
BRDA:22,0,0,1
BRDA:22,0,1,3
BRDA:23,1,0,3
BRDA:23,1,1,1
BRDA:61,2,0,1
BRDA:61,2,1,3
BRDA:82,3,0,1
BRDA:82,3,1,1
BRDA:97,4,0,1
BRDA:97,4,1,1
BRF:10
BRH:10
end_of_record
TN:
SF:src/services/planSyncService.js
FN:14,fetchUserPlans
FN:16,(anonymous_1)
FN:36,upsertPlan
FN:38,(anonymous_3)
FN:66,upsertPlans
FN:70,(anonymous_5)
FN:71,(anonymous_6)
FN:96,deletePlan
FN:98,(anonymous_8)
FNF:9
FNH:9
FNDA:4,fetchUserPlans
FNDA:4,(anonymous_1)
FNDA:5,upsertPlan
FNDA:5,(anonymous_3)
FNDA:4,upsertPlans
FNDA:3,(anonymous_5)
FNDA:4,(anonymous_6)
FNDA:3,deletePlan
FNDA:3,(anonymous_8)
DA:15,4
DA:17,4
DA:23,4
DA:24,3
DA:37,5
DA:39,5
DA:47,5
DA:53,5
DA:54,3
DA:67,4
DA:69,3
DA:71,4
DA:79,3
DA:84,3
DA:85,2
DA:97,3
DA:99,3
DA:105,3
LF:18
LH:18
BRDA:23,0,0,1
BRDA:23,0,1,3
BRDA:24,1,0,3
BRDA:24,1,1,1
BRDA:44,2,0,5
BRDA:44,2,1,3
BRDA:53,3,0,2
BRDA:53,3,1,3
BRDA:67,4,0,1
BRDA:67,4,1,3
BRDA:76,5,0,4
BRDA:76,5,1,3
BRDA:84,6,0,1
BRDA:84,6,1,2
BRDA:85,7,0,2
BRDA:85,7,1,1
BRDA:105,8,0,1
BRDA:105,8,1,2
BRF:18
BRH:18
end_of_record
TN:
SF:src/services/presetPlanService.js
FN:13,fetchPresetPlans
FN:14,(anonymous_1)
FN:22,(anonymous_2)
FN:38,fetchAllPresetPlans
FN:45,(anonymous_4)
FN:62,upsertPresetPlan
FN:102,deletePresetPlan
FNF:7
FNH:7
FNDA:12,fetchPresetPlans
FNDA:11,(anonymous_1)
FNDA:11,(anonymous_2)
FNDA:5,fetchAllPresetPlans
FNDA:4,(anonymous_4)
FNDA:7,upsertPresetPlan
FNDA:3,deletePresetPlan
DA:14,12
DA:15,11
DA:21,11
DA:22,11
DA:39,5
DA:44,5
DA:45,4
DA:63,7
DA:71,7
DA:72,1
DA:75,7
DA:81,7
DA:84,6
DA:86,6
DA:103,3
DA:105,3
DA:108,2
LF:17
LH:17
BRDA:21,0,0,1
BRDA:21,0,1,10
BRDA:22,1,0,10
BRDA:22,1,1,1
BRDA:25,2,0,11
BRDA:25,2,1,1
BRDA:26,3,0,11
BRDA:26,3,1,8
BRDA:44,4,0,1
BRDA:44,4,1,4
BRDA:45,5,0,4
BRDA:45,5,1,1
BRDA:48,6,0,4
BRDA:48,6,1,1
BRDA:49,7,0,4
BRDA:49,7,1,3
BRDA:65,8,0,7
BRDA:65,8,1,3
BRDA:66,9,0,7
BRDA:66,9,1,5
BRDA:67,10,0,7
BRDA:67,10,1,5
BRDA:71,11,0,1
BRDA:71,11,1,6
BRDA:81,12,0,1
BRDA:81,12,1,6
BRDA:89,13,0,6
BRDA:89,13,1,1
BRDA:90,14,0,7
BRDA:90,14,1,4
BRDA:105,15,0,1
BRDA:105,15,1,2
BRF:32
BRH:32
end_of_record
TN:
SF:src/stores/planStore.js
FN:8,(anonymous_0)
FN:28,(anonymous_1)
FN:29,(anonymous_2)
FN:30,(anonymous_3)
FN:31,(anonymous_4)
FN:35,(anonymous_5)
FN:36,(anonymous_6)
FN:37,(anonymous_7)
FN:38,(anonymous_8)
FN:39,(anonymous_9)
FN:40,(anonymous_10)
FN:43,(anonymous_11)
FNF:12
FNH:12
FNDA:1,(anonymous_0)
FNDA:1,(anonymous_1)
FNDA:1,(anonymous_2)
FNDA:1,(anonymous_3)
FNDA:2,(anonymous_4)
FNDA:1,(anonymous_5)
FNDA:1,(anonymous_6)
FNDA:1,(anonymous_7)
FNDA:1,(anonymous_8)
FNDA:1,(anonymous_9)
FNDA:1,(anonymous_10)
FNDA:1,(anonymous_11)
DA:8,1
DA:28,1
DA:29,1
DA:30,1
DA:32,2
DA:35,1
DA:36,1
DA:37,1
DA:38,1
DA:39,1
DA:40,1
DA:43,1
LF:12
LH:12
BRDA:33,0,0,1
BRDA:33,0,1,1
BRF:2
BRH:2
end_of_record
TN:
SF:src/utils/generatePlanPdf.js
FN:14,computeWeeklyAverages
FN:15,(anonymous_1)
FN:21,(anonymous_2)
FN:24,(anonymous_3)
FN:27,(anonymous_4)
FN:30,(anonymous_5)
FN:33,(anonymous_6)
FN:47,buildMealTableRow
FN:53,(anonymous_8)
FN:54,(anonymous_9)
FN:123,buildDailySummaryRows
FN:161,drawLogo
FN:231,drawPageHeader
FN:258,drawFooter
FN:282,drawClientInfo
FN:340,drawPlanInfo
FN:386,drawInfoRow
FN:401,capitalize
FN:415,downloadPlanAsPdf
FN:575,(anonymous_19)
FN:603,(anonymous_20)
FN:699,(anonymous_21)
FN:763,(anonymous_22)
FNF:23
FNH:20
FNDA:10,computeWeeklyAverages
FNDA:50,(anonymous_1)
FNDA:9,(anonymous_2)
FNDA:9,(anonymous_3)
FNDA:9,(anonymous_4)
FNDA:9,(anonymous_5)
FNDA:9,(anonymous_6)
FNDA:22,buildMealTableRow
FNDA:0,(anonymous_8)
FNDA:0,(anonymous_9)
FNDA:6,buildDailySummaryRows
FNDA:29,drawLogo
FNDA:11,drawPageHeader
FNDA:36,drawFooter
FNDA:2,drawClientInfo
FNDA:18,drawPlanInfo
FNDA:87,drawInfoRow
FNDA:63,capitalize
FNDA:18,downloadPlanAsPdf
FNDA:10,(anonymous_19)
FNDA:8,(anonymous_20)
FNDA:8,(anonymous_21)
FNDA:0,(anonymous_22)
DA:15,10
DA:16,50
DA:17,50
DA:19,10
DA:20,10
DA:21,9
DA:23,10
DA:24,9
DA:26,10
DA:27,9
DA:29,10
DA:30,9
DA:32,10
DA:33,9
DA:36,10
DA:48,22
DA:49,22
DA:51,22
DA:53,0
DA:54,0
DA:55,0
DA:56,0
DA:58,0
DA:59,0
DA:60,0
DA:61,0
DA:62,0
DA:63,0
DA:64,0
DA:65,0
DA:67,0
DA:68,0
DA:69,0
DA:70,0
DA:71,0
DA:72,0
DA:73,0
DA:74,0
DA:79,0
DA:80,0
DA:82,0
DA:86,22
DA:87,22
DA:88,22
DA:89,22
DA:90,22
DA:91,22
DA:92,22
DA:93,22
DA:94,22
DA:96,22
DA:97,5
DA:98,5
DA:99,5
DA:100,5
DA:101,5
DA:102,5
DA:103,17
DA:104,16
DA:105,16
DA:106,16
DA:107,16
DA:108,16
DA:109,16
DA:112,22
DA:113,9
DA:115,13
DA:124,6
DA:136,2
DA:162,29
DA:163,29
DA:164,29
DA:167,29
DA:168,29
DA:171,29
DA:172,29
DA:174,29
DA:176,29
DA:182,29
DA:183,29
DA:190,29
DA:192,29
DA:198,29
DA:204,29
DA:207,29
DA:208,29
DA:211,29
DA:212,29
DA:213,29
DA:214,29
DA:215,29
DA:218,29
DA:219,29
DA:220,29
DA:221,29
DA:224,29
DA:232,11
DA:235,11
DA:236,11
DA:237,11
DA:238,11
DA:246,11
DA:247,11
DA:248,11
DA:249,11
DA:250,11
DA:252,11
DA:259,36
DA:262,36
DA:263,36
DA:264,36
DA:265,36
DA:268,36
DA:269,36
DA:270,36
DA:271,36
DA:274,36
DA:276,36
DA:283,2
DA:284,2
DA:287,2
DA:288,2
DA:289,2
DA:290,2
DA:291,2
DA:292,2
DA:293,2
DA:296,2
DA:297,2
DA:298,2
DA:299,2
DA:300,2
DA:301,2
DA:302,2
DA:305,2
DA:306,2
DA:307,2
DA:309,2
DA:312,2
DA:313,2
DA:314,2
DA:317,2
DA:318,2
DA:319,2
DA:322,2
DA:323,2
DA:324,2
DA:327,2
DA:328,2
DA:329,1
DA:332,2
DA:333,2
DA:334,2
DA:341,18
DA:342,18
DA:345,18
DA:346,18
DA:347,18
DA:348,18
DA:349,18
DA:350,18
DA:351,18
DA:354,18
DA:355,18
DA:356,18
DA:357,18
DA:358,18
DA:359,18
DA:360,18
DA:362,18
DA:363,18
DA:364,18
DA:366,18
DA:369,18
DA:370,18
DA:371,18
DA:374,18
DA:375,18
DA:377,18
DA:379,18
DA:380,18
DA:387,87
DA:388,87
DA:389,87
DA:390,87
DA:391,87
DA:392,87
DA:393,87
DA:402,63
DA:403,8
DA:416,18
DA:417,18
DA:418,18
DA:422,18
DA:425,18
DA:426,18
DA:427,18
DA:428,18
DA:436,18
DA:437,18
DA:438,18
DA:439,18
DA:441,18
DA:443,18
DA:446,18
DA:447,2
DA:450,18
DA:453,18
DA:455,18
DA:458,18
DA:460,1
DA:461,1
DA:462,1
DA:463,1
DA:464,1
DA:465,1
DA:466,1
DA:467,1
DA:470,1
DA:471,1
DA:472,1
DA:473,1
DA:474,1
DA:475,1
DA:476,0
DA:477,0
DA:479,1
DA:480,1
DA:482,1
DA:483,1
DA:486,18
DA:489,18
DA:492,6
DA:495,6
DA:496,0
DA:497,0
DA:501,6
DA:502,6
DA:503,6
DA:504,6
DA:505,6
DA:506,6
DA:507,6
DA:508,6
DA:511,6
DA:512,6
DA:513,6
DA:514,6
DA:515,6
DA:516,6
DA:517,6
DA:520,6
DA:529,6
DA:530,6
DA:531,36
DA:533,36
DA:534,36
DA:535,36
DA:536,36
DA:538,36
DA:539,36
DA:540,36
DA:541,36
DA:543,6
DA:545,6
DA:549,18
DA:550,6
DA:551,42
DA:552,42
DA:554,42
DA:557,42
DA:560,6
DA:561,6
DA:564,6
DA:565,6
DA:566,6
DA:567,6
DA:568,6
DA:569,6
DA:570,6
DA:571,6
DA:574,6
DA:575,18
DA:576,18
DA:579,8
DA:580,2
DA:581,2
DA:585,8
DA:586,8
DA:587,8
DA:588,8
DA:589,8
DA:592,8
DA:593,8
DA:595,8
DA:596,8
DA:597,8
DA:598,8
DA:599,8
DA:600,8
DA:603,8
DA:604,8
DA:607,8
DA:654,8
DA:658,6
DA:659,6
DA:660,0
DA:661,0
DA:663,6
DA:664,6
DA:665,6
DA:666,6
DA:667,6
DA:668,6
DA:670,6
DA:671,6
DA:672,6
DA:673,6
DA:674,6
DA:675,6
DA:676,6
DA:681,12
DA:682,36
DA:683,36
DA:685,7
DA:686,2
DA:687,2
DA:690,7
DA:691,7
DA:692,7
DA:693,7
DA:694,7
DA:695,7
DA:696,7
DA:697,7
DA:699,7
DA:700,8
DA:703,7
DA:704,36
DA:705,3
DA:717,7
DA:764,0
DA:765,0
DA:766,0
DA:767,0
DA:773,7
DA:778,18
DA:779,18
DA:780,3
DA:781,1
DA:782,1
DA:786,3
DA:787,3
DA:788,3
DA:789,3
DA:790,3
DA:791,3
DA:792,3
DA:793,3
DA:795,3
DA:828,18
DA:829,18
DA:830,36
DA:831,36
DA:835,18
DA:836,18
LF:366
LH:333
BRDA:17,0,0,50
BRDA:17,0,1,14
BRDA:17,1,0,14
BRDA:17,1,1,5
BRDA:17,2,0,14
BRDA:17,2,1,5
BRDA:17,3,0,14
BRDA:17,3,1,5
BRDA:19,4,0,10
BRDA:19,4,1,3
BRDA:21,5,0,9
BRDA:21,5,1,0
BRDA:24,6,0,9
BRDA:24,6,1,0
BRDA:27,7,0,9
BRDA:27,7,1,0
BRDA:30,8,0,9
BRDA:30,8,1,0
BRDA:33,9,0,9
BRDA:33,9,1,0
BRDA:47,10,0,22
BRDA:48,11,0,22
BRDA:49,12,0,22
BRDA:49,12,1,0
BRDA:51,13,0,0
BRDA:51,13,1,22
BRDA:54,14,0,0
BRDA:54,14,1,0
BRDA:55,15,0,0
BRDA:55,15,1,0
BRDA:59,16,0,0
BRDA:59,16,1,0
BRDA:61,17,0,0
BRDA:61,17,1,0
BRDA:62,18,0,0
BRDA:62,18,1,0
BRDA:63,19,0,0
BRDA:63,19,1,0
BRDA:64,20,0,0
BRDA:64,20,1,0
BRDA:65,21,0,0
BRDA:65,21,1,0
BRDA:68,22,0,0
BRDA:68,22,1,0
BRDA:79,23,0,0
BRDA:79,23,1,0
BRDA:87,24,0,22
BRDA:87,24,1,6
BRDA:87,24,2,1
BRDA:89,25,0,22
BRDA:89,25,1,18
BRDA:96,26,0,5
BRDA:96,26,1,17
BRDA:98,27,0,5
BRDA:98,27,1,1
BRDA:99,28,0,5
BRDA:99,28,1,1
BRDA:100,29,0,5
BRDA:100,29,1,1
BRDA:101,30,0,5
BRDA:101,30,1,1
BRDA:102,31,0,5
BRDA:102,31,1,2
BRDA:103,32,0,16
BRDA:103,32,1,1
BRDA:112,33,0,9
BRDA:112,33,1,13
BRDA:161,34,0,29
BRDA:162,35,0,11
BRDA:162,35,1,18
BRDA:172,36,0,11
BRDA:172,36,1,18
BRDA:174,37,0,11
BRDA:174,37,1,18
BRDA:212,38,0,11
BRDA:212,38,1,18
BRDA:215,39,0,11
BRDA:215,39,1,18
BRDA:218,40,0,11
BRDA:218,40,1,18
BRDA:221,41,0,11
BRDA:221,41,1,18
BRDA:312,42,0,2
BRDA:312,42,1,0
BRDA:313,43,0,2
BRDA:313,43,1,0
BRDA:317,44,0,1
BRDA:317,44,1,1
BRDA:318,45,0,2
BRDA:318,45,1,0
BRDA:322,46,0,1
BRDA:322,46,1,1
BRDA:323,47,0,1
BRDA:323,47,1,1
BRDA:327,48,0,2
BRDA:327,48,1,1
BRDA:328,49,0,1
BRDA:328,49,1,1
BRDA:369,50,0,18
BRDA:369,50,1,1
BRDA:370,51,0,18
BRDA:370,51,1,17
BRDA:374,52,0,18
BRDA:374,52,1,17
BRDA:375,53,0,18
BRDA:375,53,1,17
BRDA:402,54,0,55
BRDA:402,54,1,8
BRDA:402,55,0,63
BRDA:402,55,1,60
BRDA:415,56,0,18
BRDA:415,57,0,18
BRDA:415,58,0,18
BRDA:446,59,0,2
BRDA:446,59,1,16
BRDA:446,60,0,18
BRDA:446,60,1,16
BRDA:458,61,0,1
BRDA:458,61,1,17
BRDA:475,62,0,0
BRDA:475,62,1,1
BRDA:489,63,0,6
BRDA:489,63,1,12
BRDA:495,64,0,0
BRDA:495,64,1,6
BRDA:549,65,0,6
BRDA:549,65,1,12
BRDA:554,66,0,42
BRDA:554,66,1,9
BRDA:555,67,0,9
BRDA:555,67,1,3
BRDA:555,68,0,9
BRDA:555,68,1,3
BRDA:555,69,0,9
BRDA:555,69,1,3
BRDA:557,70,0,36
BRDA:557,70,1,6
BRDA:575,71,0,18
BRDA:575,71,1,0
BRDA:575,72,0,10
BRDA:575,72,1,3
BRDA:576,73,0,10
BRDA:576,73,1,8
BRDA:579,74,0,2
BRDA:579,74,1,6
BRDA:658,75,0,6
BRDA:658,75,1,0
BRDA:659,76,0,0
BRDA:659,76,1,6
BRDA:682,77,0,36
BRDA:682,77,1,3
BRDA:683,78,0,29
BRDA:683,78,1,7
BRDA:685,79,0,2
BRDA:685,79,1,5
BRDA:704,80,0,3
BRDA:704,80,1,33
BRDA:764,81,0,0
BRDA:764,81,1,0
BRDA:764,82,0,0
BRDA:764,82,1,0
BRDA:779,83,0,3
BRDA:779,83,1,15
BRDA:779,84,0,18
BRDA:779,84,1,4
BRDA:780,85,0,1
BRDA:780,85,1,2
BRDA:835,86,0,18
BRDA:835,86,1,1
BRF:169
BRH:130
end_of_record
TN:
SF:src/utils/queryCache.js
FN:16,evictIfNeeded
FN:28,(anonymous_1)
FN:43,cachedFetch
FN:57,(anonymous_3)
FN:63,(anonymous_4)
FN:81,staleWhileRevalidate
FN:95,(anonymous_6)
FN:100,(anonymous_7)
FN:118,invalidateCache
FN:125,clearCache
FNF:10
FNH:10
FNDA:279,evictIfNeeded
FNDA:200,(anonymous_1)
FNDA:299,cachedFetch
FNDA:279,(anonymous_3)
FNDA:10,(anonymous_4)
FNDA:20,staleWhileRevalidate
FNDA:2,(anonymous_6)
FNDA:1,(anonymous_7)
FNDA:12,invalidateCache
FNDA:96,clearCache
DA:6,8
DA:7,8
DA:9,8
DA:10,8
DA:11,8
DA:17,279
DA:19,3
DA:21,3
DA:22,303
DA:23,50
DA:27,3
DA:28,200
DA:29,2
DA:30,2
DA:31,2
DA:44,299
DA:45,299
DA:47,299
DA:48,9
DA:52,290
DA:53,1
DA:56,289
DA:58,279
DA:59,279
DA:60,279
DA:61,279
DA:64,10
DA:65,10
DA:68,289
DA:69,289
DA:82,20
DA:83,20
DA:86,20
DA:87,2
DA:91,18
DA:93,5
DA:94,4
DA:96,2
DA:97,2
DA:98,2
DA:103,1
DA:105,4
DA:107,5
DA:111,13
DA:119,12
DA:126,96
LF:46
LH:46
BRDA:17,0,0,276
BRDA:17,0,1,3
BRDA:22,1,0,50
BRDA:22,1,1,253
BRDA:27,2,0,2
BRDA:27,2,1,1
BRDA:43,3,0,299
BRDA:47,4,0,9
BRDA:47,4,1,290
BRDA:47,5,0,299
BRDA:47,5,1,13
BRDA:52,6,0,1
BRDA:52,6,1,289
BRDA:81,7,0,20
BRDA:86,8,0,2
BRDA:86,8,1,18
BRDA:86,9,0,20
BRDA:86,9,1,8
BRDA:91,10,0,5
BRDA:91,10,1,13
BRDA:91,11,0,18
BRDA:91,11,1,6
BRDA:93,12,0,4
BRDA:93,12,1,1
BRF:24
BRH:24
end_of_record
TN:
SF:src/utils/schemas.js
FN:89,validateResponse
FNF:1
FNH:1
FNDA:28,validateResponse
DA:7,8
DA:14,8
DA:17,8
DA:29,8
DA:32,8
DA:45,8
DA:48,8
DA:58,8
DA:61,8
DA:78,8
DA:90,28
DA:91,2
DA:92,2
DA:94,2
DA:96,26
DA:97,26
DA:98,3
DA:99,3
DA:104,3
DA:106,23
LF:20
LH:20
BRDA:89,0,0,28
BRDA:90,1,0,2
BRDA:90,1,1,26
BRDA:91,2,0,2
BRDA:91,2,1,0
BRDA:97,3,0,3
BRDA:97,3,1,23
BRDA:98,4,0,3
BRDA:98,4,1,0
BRF:9
BRH:7
end_of_record
TN:
SF:src/utils/withRetry.js
FN:17,isRetryable
FN:64,withRetry
FN:92,(anonymous_2)
FNF:3
FNH:3
FNDA:36,isRetryable
FNDA:62,withRetry
FNDA:16,(anonymous_2)
DA:7,7
DA:8,7
DA:18,36
DA:23,36
DA:24,13
DA:29,23
DA:30,16
DA:34,7
DA:39,2
DA:43,5
DA:49,1
DA:52,4
DA:69,62
DA:73,62
DA:74,78
DA:75,78
DA:77,38
DA:80,38
DA:81,22
DA:84,16
DA:85,16
DA:86,16
DA:92,16
DA:96,16
LF:24
LH:24
BRDA:18,0,0,36
BRDA:18,0,1,3
BRDA:23,1,0,13
BRDA:23,1,1,23
BRDA:23,2,0,36
BRDA:23,2,1,25
BRDA:29,3,0,16
BRDA:29,3,1,7
BRDA:34,4,0,2
BRDA:34,4,1,5
BRDA:35,5,0,7
BRDA:35,5,1,7
BRDA:35,5,2,6
BRDA:43,6,0,1
BRDA:43,6,1,4
BRDA:44,7,0,5
BRDA:44,7,1,5
BRDA:44,7,2,5
BRDA:44,7,3,4
BRDA:64,8,0,62
BRDA:66,9,0,62
BRDA:67,10,0,62
BRDA:68,11,0,62
BRDA:80,12,0,22
BRDA:80,12,1,16
BRDA:80,13,0,38
BRDA:80,13,1,36
BRDA:85,14,0,16
BRDA:85,14,1,0
BRDA:87,15,0,16
BRDA:87,15,1,9
BRF:31
BRH:30
end_of_record
