TN:
SF:src/components/AuthPage.jsx
FN:7,AuthPage
FN:12,(anonymous_1)
FN:13,(anonymous_2)
FN:17,(anonymous_3)
FN:24,(anonymous_4)
FN:45,(anonymous_5)
FN:100,(anonymous_6)
FN:107,(anonymous_7)
FN:122,SignInForm
FN:133,(anonymous_9)
FN:135,(anonymous_10)
FN:147,(anonymous_11)
FN:152,handleSubmit
FN:188,(anonymous_13)
FN:201,(anonymous_14)
FN:226,SignUpForm
FN:237,handleSubmit_2
FN:284,(anonymous_17)
FN:297,(anonymous_18)
FN:307,(anonymous_19)
FN:320,(anonymous_20)
FN:331,(anonymous_21)
FNF:22
FNH:19
FNDA:18,AuthPage
FNDA:10,(anonymous_1)
FNDA:10,(anonymous_2)
FNDA:12,(anonymous_3)
FNDA:10,(anonymous_4)
FNDA:2,(anonymous_5)
FNDA:5,(anonymous_6)
FNDA:1,(anonymous_7)
FNDA:21,SignInForm
FNDA:11,(anonymous_9)
FNDA:0,(anonymous_10)
FNDA:0,(anonymous_11)
FNDA:2,handleSubmit
FNDA:2,(anonymous_13)
FNDA:2,(anonymous_14)
FNDA:21,SignUpForm
FNDA:3,handleSubmit_2
FNDA:3,(anonymous_17)
FNDA:1,(anonymous_18)
FNDA:3,(anonymous_19)
FNDA:0,(anonymous_20)
FNDA:3,(anonymous_21)
DA:8,18
DA:9,18
DA:12,18
DA:13,18
DA:14,10
DA:17,18
DA:18,12
DA:19,12
DA:24,18
DA:25,10
DA:26,0
DA:27,0
DA:28,0
DA:33,18
DA:45,2
DA:100,5
DA:107,1
DA:119,1
DA:120,1
DA:123,21
DA:124,21
DA:125,21
DA:126,21
DA:127,21
DA:128,21
DA:129,21
DA:130,21
DA:133,21
DA:134,11
DA:135,0
DA:136,0
DA:137,0
DA:138,0
DA:139,0
DA:140,0
DA:142,0
DA:145,0
DA:146,0
DA:147,0
DA:150,21
DA:153,2
DA:154,2
DA:155,2
DA:156,2
DA:158,2
DA:159,2
DA:160,1
DA:162,1
DA:163,1
DA:164,1
DA:165,0
DA:166,0
DA:168,1
DA:171,2
DA:175,21
DA:188,2
DA:201,2
DA:227,21
DA:228,21
DA:229,21
DA:230,21
DA:231,21
DA:232,21
DA:233,21
DA:234,21
DA:235,21
DA:238,3
DA:239,3
DA:240,3
DA:241,3
DA:243,3
DA:244,3
DA:247,2
DA:248,1
DA:251,1
DA:253,3
DA:257,21
DA:258,1
DA:271,20
DA:284,3
DA:297,1
DA:307,3
DA:320,0
DA:331,3
LF:84
LH:68
BRDA:25,0,0,0
BRDA:25,0,1,10
BRDA:27,1,0,0
BRDA:27,1,1,0
BRDA:38,2,0,1
BRDA:38,2,1,17
BRDA:47,3,0,1
BRDA:47,3,1,17
BRDA:49,4,0,1
BRDA:49,4,1,17
BRDA:70,5,0,1
BRDA:70,5,1,17
BRDA:71,6,0,1
BRDA:71,6,1,17
BRDA:81,7,0,13
BRDA:81,7,1,5
BRDA:84,8,0,18
BRDA:84,8,1,0
BRDA:90,9,0,13
BRDA:90,9,1,5
BRDA:97,10,0,13
BRDA:97,10,1,5
BRDA:134,11,0,11
BRDA:134,11,1,0
BRDA:137,12,0,0
BRDA:137,12,1,0
BRDA:154,13,0,0
BRDA:154,13,1,2
BRDA:164,14,0,0
BRDA:164,14,1,1
BRDA:168,15,0,1
BRDA:168,15,1,0
BRDA:177,16,0,21
BRDA:177,16,1,1
BRDA:212,17,0,21
BRDA:212,17,1,19
BRDA:215,18,0,2
BRDA:215,18,1,19
BRDA:220,19,0,0
BRDA:220,19,1,21
BRDA:220,20,0,2
BRDA:220,20,1,19
BRDA:247,21,0,1
BRDA:247,21,1,1
BRDA:247,22,0,2
BRDA:247,22,1,2
BRDA:251,23,0,1
BRDA:251,23,1,0
BRDA:257,24,0,1
BRDA:257,24,1,20
BRDA:273,25,0,20
BRDA:273,25,1,1
BRDA:341,26,0,3
BRDA:341,26,1,17
BRDA:346,27,0,3
BRDA:346,27,1,17
BRF:56
BRH:44
end_of_record
TN:
SF:src/components/FoodSearchPage.css
FNF:0
FNH:0
LF:0
LH:0
BRF:0
BRH:0
end_of_record
TN:
SF:src/components/FoodSearchPage.jsx
FN:13,HighlightMatch
FN:21,(anonymous_1)
FN:34,FoodSearchPage
FN:53,(anonymous_3)
FN:58,(anonymous_4)
FN:66,(anonymous_5)
FN:71,search
FN:123,(anonymous_7)
FN:175,(anonymous_8)
FN:181,(anonymous_9)
FN:185,(anonymous_10)
FN:189,(anonymous_11)
FN:194,fetchNutrients
FN:215,(anonymous_13)
FN:221,(anonymous_14)
FN:232,(anonymous_15)
FN:238,(anonymous_16)
FN:241,(anonymous_17)
FN:251,(anonymous_18)
FN:265,(anonymous_19)
FN:275,(anonymous_20)
FN:295,(anonymous_21)
FN:310,(anonymous_22)
FN:368,(anonymous_23)
FN:397,(anonymous_24)
FN:403,(anonymous_25)
FN:404,(anonymous_26)
FN:496,(anonymous_27)
FN:512,NutrientGroupTable
FN:520,(anonymous_29)
FN:549,(anonymous_30)
FNF:31
FNH:22
FNDA:12,HighlightMatch
FNDA:20,(anonymous_1)
FNDA:34,FoodSearchPage
FNDA:16,(anonymous_3)
FNDA:10,(anonymous_4)
FNDA:10,(anonymous_5)
FNDA:6,search
FNDA:2,(anonymous_7)
FNDA:6,(anonymous_8)
FNDA:11,(anonymous_9)
FNDA:10,(anonymous_10)
FNDA:10,(anonymous_11)
FNDA:1,fetchNutrients
FNDA:1,(anonymous_13)
FNDA:21,(anonymous_14)
FNDA:0,(anonymous_15)
FNDA:0,(anonymous_16)
FNDA:0,(anonymous_17)
FNDA:0,(anonymous_18)
FNDA:0,(anonymous_19)
FNDA:10,(anonymous_20)
FNDA:6,(anonymous_21)
FNDA:0,(anonymous_22)
FNDA:0,(anonymous_23)
FNDA:10,(anonymous_24)
FNDA:1,(anonymous_25)
FNDA:0,(anonymous_26)
FNDA:1,(anonymous_27)
FNDA:1,NutrientGroupTable
FNDA:0,(anonymous_29)
FNDA:3,(anonymous_30)
DA:11,1
DA:13,1
DA:14,12
DA:15,12
DA:16,12
DA:17,12
DA:18,12
DA:19,12
DA:22,20
DA:35,34
DA:36,34
DA:37,34
DA:38,34
DA:39,34
DA:40,34
DA:41,34
DA:42,34
DA:43,34
DA:44,34
DA:45,34
DA:46,34
DA:48,34
DA:49,34
DA:50,34
DA:53,34
DA:54,16
DA:56,16
DA:58,10
DA:59,10
DA:60,10
DA:61,10
DA:62,10
DA:63,10
DA:64,10
DA:66,10
DA:67,10
DA:72,6
DA:73,6
DA:74,6
DA:76,6
DA:82,6
DA:83,1
DA:84,1
DA:85,1
DA:89,1
DA:90,1
DA:91,1
DA:92,1
DA:94,1
DA:97,5
DA:99,1
DA:100,1
DA:105,1
DA:106,0
DA:107,0
DA:108,0
DA:111,0
DA:112,0
DA:113,0
DA:114,0
DA:116,0
DA:119,1
DA:120,1
DA:121,1
DA:123,2
DA:127,1
DA:128,1
DA:132,4
DA:138,4
DA:139,1
DA:140,1
DA:141,1
DA:144,1
DA:145,1
DA:146,1
DA:147,1
DA:148,1
DA:150,1
DA:153,3
DA:154,3
DA:155,3
DA:156,3
DA:157,3
DA:158,3
DA:162,0
DA:163,0
DA:164,0
DA:165,0
DA:166,0
DA:167,0
DA:170,6
DA:174,6
DA:175,6
DA:176,6
DA:181,34
DA:182,11
DA:184,11
DA:185,10
DA:186,10
DA:187,10
DA:189,10
DA:190,10
DA:195,1
DA:196,1
DA:197,1
DA:200,1
DA:201,0
DA:202,0
DA:203,0
DA:205,1
DA:207,0
DA:208,0
DA:210,1
DA:214,1
DA:215,1
DA:216,1
DA:221,34
DA:222,21
DA:223,21
DA:224,3
DA:225,3
DA:226,3
DA:228,21
DA:232,34
DA:234,0
DA:236,0
DA:237,0
DA:238,0
DA:239,0
DA:240,0
DA:241,0
DA:242,0
DA:243,0
DA:244,0
DA:251,34
DA:252,0
DA:253,0
DA:254,0
DA:255,0
DA:260,0
DA:261,0
DA:262,0
DA:264,0
DA:265,0
DA:266,0
DA:268,0
DA:270,0
DA:275,34
DA:276,10
DA:277,0
DA:278,0
DA:282,34
DA:295,6
DA:311,0
DA:312,0
DA:313,0
DA:369,0
DA:398,10
DA:403,1
DA:405,0
DA:406,0
DA:407,0
DA:497,1
DA:512,1
DA:513,1
DA:515,1
DA:520,0
DA:550,3
LF:168
LH:117
BRDA:14,0,0,0
BRDA:14,0,1,12
BRDA:15,1,0,0
BRDA:15,1,1,12
BRDA:15,2,0,12
BRDA:15,2,1,12
BRDA:22,3,0,4
BRDA:22,3,1,16
BRDA:56,4,0,10
BRDA:56,4,1,6
BRDA:59,5,0,0
BRDA:59,5,1,10
BRDA:82,6,0,1
BRDA:82,6,1,5
BRDA:83,7,0,1
BRDA:83,7,1,0
BRDA:84,8,0,1
BRDA:84,8,1,0
BRDA:86,9,0,1
BRDA:86,9,1,0
BRDA:97,10,0,1
BRDA:97,10,1,4
BRDA:97,11,0,5
BRDA:97,11,1,5
BRDA:97,11,2,5
BRDA:105,12,0,0
BRDA:105,12,1,1
BRDA:106,13,0,0
BRDA:106,13,1,0
BRDA:107,14,0,0
BRDA:107,14,1,0
BRDA:109,15,0,0
BRDA:109,15,1,0
BRDA:119,16,0,1
BRDA:119,16,1,0
BRDA:123,17,0,1
BRDA:123,17,1,0
BRDA:138,18,0,1
BRDA:138,18,1,3
BRDA:139,19,0,1
BRDA:139,19,1,0
BRDA:140,20,0,1
BRDA:140,20,1,0
BRDA:142,21,0,1
BRDA:142,21,1,0
BRDA:153,22,0,3
BRDA:153,22,1,0
BRDA:156,23,0,3
BRDA:156,23,1,0
BRDA:157,24,0,3
BRDA:157,24,1,0
BRDA:162,25,0,0
BRDA:162,25,1,0
BRDA:163,26,0,0
BRDA:163,26,1,0
BRDA:170,27,0,6
BRDA:170,27,1,0
BRDA:184,28,0,10
BRDA:184,28,1,1
BRDA:186,29,0,0
BRDA:186,29,1,10
BRDA:200,30,0,0
BRDA:200,30,1,1
BRDA:201,31,0,0
BRDA:201,31,1,0
BRDA:202,32,0,0
BRDA:202,32,1,0
BRDA:205,33,0,1
BRDA:205,33,1,0
BRDA:205,34,0,1
BRDA:205,34,1,0
BRDA:207,35,0,0
BRDA:207,35,1,0
BRDA:208,36,0,0
BRDA:208,36,1,0
BRDA:210,37,0,1
BRDA:210,37,1,0
BRDA:224,38,0,3
BRDA:224,38,1,0
BRDA:225,39,0,1
BRDA:225,39,1,2
BRDA:234,40,0,0
BRDA:234,40,1,0
BRDA:236,41,0,0
BRDA:236,41,1,0
BRDA:238,42,0,0
BRDA:238,42,1,0
BRDA:239,43,0,0
BRDA:239,43,1,0
BRDA:241,44,0,0
BRDA:241,44,1,0
BRDA:242,45,0,0
BRDA:242,45,1,0
BRDA:242,46,0,0
BRDA:242,46,1,0
BRDA:242,46,2,0
BRDA:252,47,0,0
BRDA:252,47,1,0
BRDA:252,48,0,0
BRDA:252,48,1,0
BRDA:260,49,0,0
BRDA:260,49,1,0
BRDA:261,50,0,0
BRDA:261,50,1,0
BRDA:264,51,0,0
BRDA:264,51,1,0
BRDA:268,52,0,0
BRDA:268,52,1,0
BRDA:276,53,0,0
BRDA:276,53,1,10
BRDA:278,54,0,0
BRDA:278,54,1,0
BRDA:302,55,0,0
BRDA:302,55,1,34
BRDA:306,56,0,34
BRDA:306,56,1,14
BRDA:320,57,0,34
BRDA:320,57,1,0
BRDA:335,58,0,34
BRDA:335,58,1,20
BRDA:343,59,0,34
BRDA:343,59,1,14
BRDA:343,59,2,0
BRDA:349,60,0,34
BRDA:349,60,1,14
BRDA:349,60,2,14
BRDA:349,60,3,9
BRDA:349,60,4,7
BRDA:361,61,0,34
BRDA:361,61,1,0
BRDA:374,62,0,34
BRDA:374,62,1,2
BRDA:384,63,0,34
BRDA:384,63,1,5
BRDA:386,64,0,5
BRDA:386,64,1,1
BRDA:401,65,0,2
BRDA:401,65,1,8
BRDA:402,66,0,0
BRDA:402,66,1,10
BRDA:405,67,0,0
BRDA:405,67,1,0
BRDA:405,68,0,0
BRDA:405,68,1,0
BRDA:421,69,0,10
BRDA:421,69,1,2
BRDA:421,69,2,2
BRDA:424,70,0,2
BRDA:424,70,1,0
BRDA:434,71,0,10
BRDA:434,71,1,0
BRDA:442,72,0,5
BRDA:442,72,1,0
BRDA:442,72,2,0
BRDA:450,73,0,0
BRDA:450,73,1,0
BRDA:466,74,0,34
BRDA:466,74,1,32
BRDA:472,75,0,34
BRDA:472,75,1,2
BRDA:472,75,2,0
BRDA:479,76,0,34
BRDA:479,76,1,2
BRDA:479,76,2,2
BRDA:525,77,0,0
BRDA:525,77,1,1
BRDA:531,78,0,1
BRDA:531,78,1,1
BRDA:553,79,0,3
BRDA:553,79,1,0
BRDA:555,80,0,3
BRDA:555,80,1,0
BRF:172
BRH:83
end_of_record
TN:
SF:src/components/auth/GoogleSignInButton.css
FNF:0
FNH:0
LF:0
LH:0
BRF:0
BRH:0
end_of_record
TN:
SF:src/components/auth/GoogleSignInButton.jsx
FN:14,GoogleSignInButton
FN:18,handleClick
FN:61,GoogleIcon
FNF:3
FNH:2
FNDA:18,GoogleSignInButton
FNDA:0,handleClick
FNDA:18,GoogleIcon
DA:15,18
DA:16,18
DA:19,0
DA:20,0
DA:21,0
DA:22,0
DA:23,0
DA:24,0
DA:25,0
DA:26,0
DA:31,0
DA:32,0
DA:36,18
DA:62,18
LF:14
LH:4
BRDA:19,0,0,0
BRDA:19,0,1,0
BRDA:24,1,0,0
BRDA:24,1,1,0
BRDA:45,2,0,0
BRDA:45,2,1,18
BRDA:52,3,0,18
BRDA:52,3,1,0
BRF:8
BRH:2
end_of_record
TN:
SF:src/components/dashboard/FoodAutocomplete.jsx
FN:10,FoodAutocomplete
FN:25,(anonymous_1)
FN:26,(anonymous_2)
FN:31,(anonymous_3)
FN:39,(anonymous_4)
FN:50,(anonymous_5)
FN:58,(anonymous_6)
FN:66,(anonymous_7)
FN:72,(anonymous_8)
FN:73,handleClickOutside
FN:79,(anonymous_10)
FN:82,handleInputChange
FN:91,handleSelect
FN:98,handleKeyDown
FN:103,(anonymous_14)
FN:106,(anonymous_15)
FN:126,(anonymous_16)
FN:157,(anonymous_17)
FN:167,(anonymous_18)
FN:168,(anonymous_19)
FNF:20
FNH:14
FNDA:92,FoodAutocomplete
FNDA:0,(anonymous_1)
FNDA:0,(anonymous_2)
FNDA:22,(anonymous_3)
FNDA:40,(anonymous_4)
FNDA:19,(anonymous_5)
FNDA:0,(anonymous_6)
FNDA:19,(anonymous_7)
FNDA:20,(anonymous_8)
FNDA:0,handleClickOutside
FNDA:20,(anonymous_10)
FNDA:15,handleInputChange
FNDA:3,handleSelect
FNDA:10,handleKeyDown
FNDA:5,(anonymous_14)
FNDA:2,(anonymous_15)
FNDA:0,(anonymous_16)
FNDA:45,(anonymous_17)
FNDA:2,(anonymous_18)
FNDA:0,(anonymous_19)
DA:11,92
DA:12,92
DA:13,92
DA:14,92
DA:15,92
DA:16,92
DA:17,92
DA:18,92
DA:19,92
DA:23,92
DA:25,0
DA:26,0
DA:30,92
DA:31,92
DA:32,22
DA:33,2
DA:34,2
DA:39,92
DA:40,40
DA:41,21
DA:42,21
DA:43,21
DA:46,19
DA:47,19
DA:49,19
DA:51,19
DA:52,18
DA:53,18
DA:54,18
DA:55,18
DA:59,0
DA:60,0
DA:61,0
DA:62,0
DA:66,19
DA:67,19
DA:72,92
DA:74,0
DA:75,0
DA:78,20
DA:79,20
DA:83,15
DA:84,15
DA:85,15
DA:86,15
DA:87,2
DA:92,3
DA:93,3
DA:94,3
DA:95,3
DA:99,10
DA:101,10
DA:102,5
DA:103,5
DA:104,5
DA:105,2
DA:106,2
DA:107,3
DA:108,1
DA:109,1
DA:110,2
DA:111,2
DA:115,92
DA:116,92
DA:118,92
DA:127,0
DA:158,45
DA:159,45
DA:160,45
DA:167,2
DA:168,0
LF:71
LH:61
BRDA:10,0,0,92
BRDA:11,1,0,92
BRDA:11,1,1,84
BRDA:32,2,0,2
BRDA:32,2,1,20
BRDA:34,3,0,2
BRDA:34,3,1,0
BRDA:40,4,0,21
BRDA:40,4,1,19
BRDA:51,5,0,18
BRDA:51,5,1,1
BRDA:59,6,0,0
BRDA:59,6,1,0
BRDA:74,7,0,0
BRDA:74,7,1,0
BRDA:74,8,0,0
BRDA:74,8,1,0
BRDA:86,9,0,2
BRDA:86,9,1,13
BRDA:99,10,0,0
BRDA:99,10,1,10
BRDA:101,11,0,5
BRDA:101,11,1,5
BRDA:104,12,0,2
BRDA:104,12,1,3
BRDA:107,13,0,1
BRDA:107,13,1,2
BRDA:107,14,0,3
BRDA:107,14,1,1
BRDA:110,15,0,2
BRDA:110,15,1,0
BRDA:127,16,0,0
BRDA:127,16,1,0
BRDA:136,17,0,7
BRDA:136,17,1,85
BRDA:136,18,0,92
BRDA:136,18,1,9
BRDA:140,19,0,92
BRDA:140,19,1,11
BRDA:145,20,0,92
BRDA:145,20,1,18
BRDA:145,20,2,18
BRDA:166,21,0,7
BRDA:166,21,1,38
BRF:44
BRH:33
end_of_record
TN:
SF:src/components/dashboard/IngredientAddForm.jsx
FN:19,IngredientAddForm
FN:49,(anonymous_1)
FN:51,(anonymous_2)
FN:63,(anonymous_3)
FN:66,(anonymous_4)
FN:88,(anonymous_5)
FN:89,(anonymous_6)
FN:89,(anonymous_7)
FN:92,(anonymous_8)
FN:127,(anonymous_9)
FN:135,(anonymous_10)
FN:144,(anonymous_11)
FN:158,(anonymous_12)
FN:178,(anonymous_13)
FN:186,(anonymous_14)
FN:201,(anonymous_15)
FN:202,(anonymous_16)
FN:209,(anonymous_17)
FN:210,(anonymous_18)
FN:216,(anonymous_19)
FN:217,(anonymous_20)
FN:231,(anonymous_21)
FN:234,(anonymous_22)
FN:254,(anonymous_23)
FN:255,(anonymous_24)
FN:261,(anonymous_25)
FN:262,(anonymous_26)
FN:276,(anonymous_27)
FN:279,(anonymous_28)
FNF:29
FNH:20
FNDA:43,IngredientAddForm
FNDA:3,(anonymous_1)
FNDA:3,(anonymous_2)
FNDA:3,(anonymous_3)
FNDA:3,(anonymous_4)
FNDA:0,(anonymous_5)
FNDA:0,(anonymous_6)
FNDA:0,(anonymous_7)
FNDA:5,(anonymous_8)
FNDA:1,(anonymous_9)
FNDA:1,(anonymous_10)
FNDA:11,(anonymous_11)
FNDA:0,(anonymous_12)
FNDA:0,(anonymous_13)
FNDA:4,(anonymous_14)
FNDA:4,(anonymous_15)
FNDA:4,(anonymous_16)
FNDA:0,(anonymous_17)
FNDA:0,(anonymous_18)
FNDA:4,(anonymous_19)
FNDA:4,(anonymous_20)
FNDA:4,(anonymous_21)
FNDA:4,(anonymous_22)
FNDA:0,(anonymous_23)
FNDA:0,(anonymous_24)
FNDA:3,(anonymous_25)
FNDA:3,(anonymous_26)
FNDA:3,(anonymous_27)
FNDA:3,(anonymous_28)
DA:28,43
DA:29,43
DA:30,43
DA:32,43
DA:34,43
DA:41,43
DA:49,43
DA:50,3
DA:51,3
DA:60,3
DA:63,43
DA:64,3
DA:65,3
DA:66,3
DA:79,3
DA:88,43
DA:89,0
DA:92,43
DA:93,5
DA:94,5
DA:95,5
DA:96,5
DA:97,5
DA:98,5
DA:99,5
DA:109,43
DA:112,43
DA:117,43
DA:127,1
DA:135,1
DA:145,11
DA:158,0
DA:178,0
DA:186,4
DA:202,4
DA:210,0
DA:217,4
DA:232,4
DA:233,4
DA:234,4
DA:255,0
DA:262,3
DA:277,3
DA:278,3
DA:279,3
LF:45
LH:40
BRDA:22,0,0,43
BRDA:23,1,0,43
BRDA:24,2,0,43
BRDA:50,3,0,0
BRDA:50,3,1,3
BRDA:50,4,0,3
BRDA:50,4,1,3
BRDA:50,4,2,3
BRDA:50,4,3,3
BRDA:65,5,0,0
BRDA:65,5,1,3
BRDA:65,6,0,3
BRDA:65,6,1,3
BRDA:65,6,2,3
BRDA:65,6,3,3
BRDA:93,7,0,0
BRDA:93,7,1,5
BRDA:109,8,0,43
BRDA:109,8,1,6
BRDA:109,8,2,6
BRDA:109,8,3,3
BRDA:112,9,0,43
BRDA:112,9,1,12
BRDA:112,9,2,8
BRDA:112,9,3,4
BRDA:142,10,0,43
BRDA:142,10,1,10
BRDA:148,11,0,11
BRDA:148,11,1,3
BRDA:169,12,0,43
BRDA:169,12,1,30
BRDA:177,13,0,8
BRDA:177,13,1,22
BRDA:185,14,0,22
BRDA:185,14,1,8
BRDA:195,15,0,22
BRDA:195,15,1,21
BRDA:195,16,0,43
BRDA:195,16,1,30
BRDA:213,17,0,0
BRDA:213,17,1,0
BRDA:233,18,0,4
BRDA:233,18,1,0
BRDA:233,19,0,4
BRDA:233,19,1,4
BRDA:258,20,0,0
BRDA:258,20,1,0
BRDA:278,21,0,3
BRDA:278,21,1,0
BRDA:278,22,0,3
BRDA:278,22,1,3
BRDA:303,23,0,43
BRDA:303,23,1,43
BRDA:308,24,0,34
BRDA:308,24,1,9
BRF:55
BRH:46
end_of_record
TN:
SF:src/components/dashboard/MealBuilder.jsx
FN:14,MealBuilder
FN:45,(anonymous_1)
FN:46,(anonymous_2)
FN:50,(anonymous_3)
FN:74,(anonymous_4)
FN:75,(anonymous_5)
FN:90,(anonymous_6)
FN:95,(anonymous_7)
FN:117,(anonymous_8)
FN:146,(anonymous_9)
FN:155,(anonymous_10)
FN:160,(anonymous_11)
FN:183,(anonymous_12)
FN:192,(anonymous_13)
FN:196,(anonymous_14)
FN:211,(anonymous_15)
FN:216,(anonymous_16)
FN:217,(anonymous_17)
FN:219,(anonymous_18)
FN:225,(anonymous_19)
FN:227,(anonymous_20)
FN:229,(anonymous_21)
FN:232,(anonymous_22)
FN:236,(anonymous_23)
FN:237,(anonymous_24)
FN:265,(anonymous_25)
FN:266,(anonymous_26)
FN:268,(anonymous_27)
FN:276,(anonymous_28)
FN:279,(anonymous_29)
FN:302,(anonymous_30)
FN:302,(anonymous_31)
FN:315,(anonymous_32)
FN:315,(anonymous_33)
FN:327,(anonymous_34)
FN:332,(anonymous_35)
FN:333,(anonymous_36)
FN:335,(anonymous_37)
FN:340,(anonymous_38)
FN:348,(anonymous_39)
FN:356,(anonymous_40)
FN:367,(anonymous_41)
FN:367,(anonymous_42)
FN:368,(anonymous_43)
FN:368,(anonymous_44)
FN:376,(anonymous_45)
FN:376,(anonymous_46)
FN:393,(anonymous_47)
FN:425,(anonymous_48)
FN:452,(anonymous_49)
FN:455,(anonymous_50)
FN:490,(anonymous_51)
FNF:52
FNH:25
FNDA:43,MealBuilder
FNDA:4,(anonymous_1)
FNDA:4,(anonymous_2)
FNDA:1,(anonymous_3)
FNDA:294,(anonymous_4)
FNDA:81,(anonymous_5)
FNDA:2,(anonymous_6)
FNDA:3,(anonymous_7)
FNDA:1,(anonymous_8)
FNDA:77,(anonymous_9)
FNDA:0,(anonymous_10)
FNDA:3,(anonymous_11)
FNDA:3,(anonymous_12)
FNDA:0,(anonymous_13)
FNDA:0,(anonymous_14)
FNDA:0,(anonymous_15)
FNDA:1,(anonymous_16)
FNDA:1,(anonymous_17)
FNDA:1,(anonymous_18)
FNDA:0,(anonymous_19)
FNDA:0,(anonymous_20)
FNDA:0,(anonymous_21)
FNDA:0,(anonymous_22)
FNDA:0,(anonymous_23)
FNDA:0,(anonymous_24)
FNDA:0,(anonymous_25)
FNDA:0,(anonymous_26)
FNDA:0,(anonymous_27)
FNDA:0,(anonymous_28)
FNDA:0,(anonymous_29)
FNDA:1,(anonymous_30)
FNDA:1,(anonymous_31)
FNDA:1,(anonymous_32)
FNDA:1,(anonymous_33)
FNDA:6,(anonymous_34)
FNDA:0,(anonymous_35)
FNDA:0,(anonymous_36)
FNDA:0,(anonymous_37)
FNDA:0,(anonymous_38)
FNDA:1,(anonymous_39)
FNDA:0,(anonymous_40)
FNDA:0,(anonymous_41)
FNDA:0,(anonymous_42)
FNDA:0,(anonymous_43)
FNDA:0,(anonymous_44)
FNDA:0,(anonymous_45)
FNDA:0,(anonymous_46)
FNDA:0,(anonymous_47)
FNDA:6,(anonymous_48)
FNDA:1,(anonymous_49)
FNDA:1,(anonymous_50)
FNDA:40,(anonymous_51)
DA:27,43
DA:28,43
DA:29,43
DA:38,43
DA:45,43
DA:46,4
DA:50,43
DA:51,1
DA:52,1
DA:55,43
DA:75,294
DA:76,81
DA:78,294
DA:80,294
DA:81,294
DA:83,294
DA:90,2
DA:96,3
DA:97,2
DA:98,2
DA:118,1
DA:148,77
DA:150,77
DA:153,77
DA:155,0
DA:158,77
DA:160,77
DA:161,3
DA:163,3
DA:171,3
DA:180,3
DA:183,77
DA:184,3
DA:185,0
DA:186,0
DA:188,3
DA:189,3
DA:191,0
DA:192,0
DA:193,0
DA:196,0
DA:199,3
DA:200,3
DA:201,3
DA:202,3
DA:203,3
DA:204,3
DA:206,3
DA:207,3
DA:208,3
DA:211,77
DA:212,0
DA:213,0
DA:216,77
DA:217,1
DA:220,1
DA:225,77
DA:226,0
DA:227,0
DA:229,0
DA:231,0
DA:232,0
DA:233,0
DA:237,0
DA:245,0
DA:265,77
DA:266,0
DA:269,0
DA:276,77
DA:277,0
DA:278,0
DA:279,0
DA:291,0
DA:292,0
DA:295,77
DA:302,1
DA:315,1
DA:328,6
DA:333,0
DA:336,0
DA:340,0
DA:348,1
DA:356,0
DA:367,0
DA:368,0
DA:376,0
DA:394,0
DA:425,6
DA:452,1
DA:455,1
DA:491,40
LF:91
LH:59
BRDA:51,0,0,0
BRDA:51,0,1,1
BRDA:51,1,0,1
BRDA:51,1,1,1
BRDA:57,2,0,1
BRDA:57,2,1,42
BRDA:63,3,0,42
BRDA:63,3,1,4
BRDA:75,4,0,294
BRDA:75,4,1,0
BRDA:75,5,0,294
BRDA:75,5,1,0
BRDA:76,6,0,81
BRDA:76,6,1,0
BRDA:78,7,0,294
BRDA:78,7,1,252
BRDA:80,8,0,294
BRDA:80,8,1,252
BRDA:81,9,0,294
BRDA:81,9,1,252
BRDA:86,10,0,2
BRDA:86,10,1,292
BRDA:96,11,0,2
BRDA:96,11,1,1
BRDA:96,12,0,3
BRDA:96,12,1,2
BRDA:105,13,0,2
BRDA:105,13,1,292
BRDA:122,14,0,0
BRDA:122,14,1,294
BRDA:122,15,0,42
BRDA:122,15,1,252
BRDA:129,16,0,294
BRDA:129,16,1,292
BRDA:139,17,0,292
BRDA:139,17,1,264
BRDA:145,18,0,40
BRDA:145,18,1,252
BRDA:148,19,0,77
BRDA:148,19,1,0
BRDA:150,20,0,77
BRDA:150,20,1,0
BRDA:153,21,0,0
BRDA:153,21,1,77
BRDA:157,22,0,77
BRDA:157,22,1,2
BRDA:157,22,2,0
BRDA:163,23,0,0
BRDA:163,23,1,3
BRDA:166,24,0,3
BRDA:166,24,1,0
BRDA:167,25,0,3
BRDA:167,25,1,0
BRDA:167,25,2,0
BRDA:168,26,0,3
BRDA:168,26,1,3
BRDA:169,27,0,3
BRDA:169,27,1,0
BRDA:173,28,0,3
BRDA:173,28,1,3
BRDA:173,29,0,0
BRDA:173,29,1,3
BRDA:173,30,0,0
BRDA:173,30,1,0
BRDA:174,31,0,3
BRDA:174,31,1,0
BRDA:176,32,0,3
BRDA:176,32,1,0
BRDA:177,33,0,3
BRDA:177,33,1,0
BRDA:177,33,2,0
BRDA:178,34,0,3
BRDA:178,34,1,3
BRDA:184,35,0,0
BRDA:184,35,1,3
BRDA:189,36,0,0
BRDA:189,36,1,3
BRDA:196,37,0,0
BRDA:196,37,1,0
BRDA:220,38,0,1
BRDA:220,38,1,0
BRDA:231,39,0,0
BRDA:231,39,1,0
BRDA:269,40,0,0
BRDA:269,40,1,0
BRDA:277,41,0,0
BRDA:277,41,1,0
BRDA:277,42,0,0
BRDA:277,42,1,0
BRDA:277,42,2,0
BRDA:298,43,0,6
BRDA:298,43,1,71
BRDA:307,44,0,71
BRDA:307,44,1,70
BRDA:307,44,2,70
BRDA:311,45,0,6
BRDA:311,45,1,71
BRDA:320,46,0,71
BRDA:320,46,1,39
BRDA:324,47,0,6
BRDA:324,47,1,71
BRDA:336,48,0,0
BRDA:336,48,1,0
BRDA:336,49,0,0
BRDA:336,49,1,0
BRDA:367,50,0,0
BRDA:367,50,1,0
BRDA:384,51,0,6
BRDA:384,51,1,0
BRDA:384,51,2,0
BRDA:391,52,0,0
BRDA:391,52,1,71
BRDA:397,53,0,0
BRDA:397,53,1,0
BRDA:400,54,0,0
BRDA:400,54,1,0
BRDA:411,55,0,71
BRDA:411,55,1,1
BRDA:414,56,0,1
BRDA:414,56,1,0
BRDA:416,57,0,1
BRDA:416,57,1,0
BRDA:423,58,0,6
BRDA:423,58,1,71
BRDA:425,59,0,6
BRDA:425,59,1,0
BRDA:431,60,0,77
BRDA:431,60,1,69
BRDA:434,61,0,6
BRDA:434,61,1,63
BRDA:448,62,0,63
BRDA:448,62,1,61
BRDA:450,63,0,61
BRDA:450,63,1,0
BRDA:468,64,0,24
BRDA:468,64,1,228
BRDA:475,65,0,292
BRDA:475,65,1,264
BRF:138
BRH:86
end_of_record
TN:
SF:src/components/dashboard/NutrientLimits.jsx
FN:21,getActualValue
FN:29,NutrientLimits
FN:33,(anonymous_2)
FN:59,(anonymous_3)
FN:60,(anonymous_4)
FN:98,(anonymous_5)
FN:139,(anonymous_6)
FN:178,(anonymous_7)
FNF:8
FNH:7
FNDA:55,getActualValue
FNDA:17,NutrientLimits
FNDA:10,(anonymous_2)
FNDA:6,(anonymous_3)
FNDA:1,(anonymous_4)
FNDA:30,(anonymous_5)
FNDA:2,(anonymous_6)
FNDA:0,(anonymous_7)
DA:4,1
DA:13,1
DA:22,55
DA:23,40
DA:30,17
DA:33,17
DA:34,10
DA:35,10
DA:36,5
DA:37,25
DA:38,25
DA:40,25
DA:42,25
DA:43,2
DA:52,10
DA:55,17
DA:59,6
DA:61,1
DA:62,1
DA:63,1
DA:99,30
DA:100,30
DA:101,30
DA:103,30
DA:140,2
DA:141,2
DA:179,0
LF:27
LH:26
BRDA:22,0,0,15
BRDA:22,0,1,40
BRDA:23,1,0,40
BRDA:23,1,1,0
BRDA:35,2,0,5
BRDA:35,2,1,5
BRDA:38,3,0,0
BRDA:38,3,1,25
BRDA:38,4,0,25
BRDA:38,4,1,25
BRDA:42,5,0,2
BRDA:42,5,1,23
BRDA:61,6,0,1
BRDA:61,6,1,0
BRDA:61,7,0,1
BRDA:61,7,1,0
BRDA:74,8,0,17
BRDA:74,8,1,1
BRDA:79,9,0,17
BRDA:79,9,1,16
BRDA:79,9,2,7
BRDA:86,10,0,6
BRDA:86,10,1,11
BRDA:90,11,0,17
BRDA:90,11,1,6
BRDA:100,12,0,30
BRDA:100,12,1,0
BRDA:101,13,0,30
BRDA:101,13,1,30
BRDA:106,14,0,0
BRDA:106,14,1,30
BRDA:115,15,0,30
BRDA:115,15,1,15
BRDA:115,15,2,15
BRDA:117,16,0,0
BRDA:117,16,1,15
BRDA:122,17,0,0
BRDA:122,17,1,15
BRDA:134,18,0,30
BRDA:134,18,1,0
BRDA:134,19,0,30
BRDA:134,19,1,30
BRDA:143,20,0,1
BRDA:143,20,1,1
BRDA:154,21,0,30
BRDA:154,21,1,30
BRDA:164,22,0,0
BRDA:164,22,1,30
BRDA:176,23,0,6
BRDA:176,23,1,0
BRF:50
BRH:39
end_of_record
TN:
SF:src/components/pages/DashboardPage.jsx
FN:17,DashboardPage
FN:73,(anonymous_1)
FN:75,(anonymous_2)
FN:99,(anonymous_3)
FN:118,(anonymous_4)
FNF:5
FNH:2
FNDA:8,DashboardPage
FNDA:0,(anonymous_1)
FNDA:0,(anonymous_2)
FNDA:1,(anonymous_3)
FNDA:0,(anonymous_4)
DA:70,8
DA:73,8
DA:75,0
DA:81,8
DA:82,1
DA:85,7
DA:99,1
DA:118,0
LF:8
LH:6
BRDA:81,0,0,1
BRDA:81,0,1,7
BRDA:81,1,0,8
BRDA:81,1,1,1
BRDA:89,2,0,7
BRDA:89,2,1,3
BRDA:108,3,0,8
BRDA:108,3,1,0
BRDA:174,4,0,8
BRDA:174,4,1,1
BRDA:178,5,0,8
BRDA:178,5,1,2
BRDA:183,6,0,8
BRDA:183,6,1,2
BRDA:188,7,0,8
BRDA:188,7,1,2
BRF:16
BRH:15
end_of_record
TN:
SF:src/components/ui/CopyToDaysMenu.jsx
FN:21,CopyToDaysMenu
FN:27,(anonymous_1)
FN:31,(anonymous_2)
FN:33,(anonymous_3)
FN:38,(anonymous_4)
FN:46,(anonymous_5)
FN:52,(anonymous_6)
FN:53,(anonymous_7)
FN:60,(anonymous_8)
FN:61,(anonymous_9)
FN:62,(anonymous_10)
FN:66,(anonymous_11)
FN:70,(anonymous_12)
FN:83,(anonymous_13)
FN:84,(anonymous_14)
FN:117,(anonymous_15)
FN:127,(anonymous_16)
FN:146,(anonymous_17)
FNF:18
FNH:16
FNDA:100,CopyToDaysMenu
FNDA:700,(anonymous_1)
FNDA:82,(anonymous_2)
FNDA:1,(anonymous_3)
FNDA:1,(anonymous_4)
FNDA:12,(anonymous_5)
FNDA:12,(anonymous_6)
FNDA:12,(anonymous_7)
FNDA:7,(anonymous_8)
FNDA:7,(anonymous_9)
FNDA:0,(anonymous_10)
FNDA:1,(anonymous_11)
FNDA:3,(anonymous_12)
FNDA:25,(anonymous_13)
FNDA:0,(anonymous_14)
FNDA:147,(anonymous_15)
FNDA:7,(anonymous_16)
FNDA:2,(anonymous_17)
DA:22,100
DA:23,100
DA:24,100
DA:25,100
DA:27,700
DA:28,100
DA:31,100
DA:32,82
DA:33,12
DA:34,1
DA:35,1
DA:38,12
DA:39,1
DA:40,1
DA:41,1
DA:44,12
DA:45,12
DA:46,12
DA:47,12
DA:48,12
DA:52,100
DA:53,12
DA:54,12
DA:55,12
DA:56,12
DA:60,100
DA:61,7
DA:62,7
DA:66,100
DA:67,1
DA:70,100
DA:71,3
DA:72,3
DA:73,3
DA:74,3
DA:77,100
DA:79,100
DA:83,25
DA:84,0
DA:118,147
DA:119,147
DA:127,7
DA:146,2
LF:43
LH:42
BRDA:21,0,0,100
BRDA:21,1,0,100
BRDA:21,2,0,100
BRDA:28,3,0,100
BRDA:28,3,1,100
BRDA:32,4,0,70
BRDA:32,4,1,12
BRDA:34,5,0,1
BRDA:34,5,1,0
BRDA:34,6,0,1
BRDA:34,6,1,1
BRDA:39,7,0,1
BRDA:39,7,1,0
BRDA:55,8,0,12
BRDA:55,8,1,0
BRDA:62,9,0,0
BRDA:62,9,1,7
BRDA:67,10,0,0
BRDA:67,10,1,1
BRDA:71,11,0,0
BRDA:71,11,1,3
BRDA:77,12,0,100
BRDA:77,12,1,0
BRDA:93,13,0,21
BRDA:93,13,1,79
BRDA:94,14,0,100
BRDA:94,14,1,0
BRDA:100,15,0,100
BRDA:100,15,1,21
BRDA:122,16,0,21
BRDA:122,16,1,126
BRDA:126,17,0,21
BRDA:126,17,1,126
BRDA:129,18,0,21
BRDA:129,18,1,126
BRDA:133,19,0,147
BRDA:133,19,1,21
BRDA:157,20,0,8
BRDA:157,20,1,13
BRF:39
BRH:31
end_of_record
TN:
SF:src/components/ui/EmptyState.jsx
FN:8,EmptyState
FNF:1
FNH:1
FNDA:27,EmptyState
DA:9,27
LF:1
LH:1
BRDA:11,0,0,27
BRDA:11,0,1,27
BRDA:17,1,0,27
BRDA:17,1,1,27
BRDA:18,2,0,27
BRDA:18,2,1,0
BRDA:18,2,2,0
BRDA:23,3,0,27
BRDA:23,3,1,0
BRDA:23,3,2,0
BRDA:23,3,3,0
BRF:11
BRH:6
end_of_record
TN:
SF:src/components/ui/Kpi.jsx
FN:3,Kpi
FNF:1
FNH:1
FNDA:28,Kpi
DA:4,28
LF:1
LH:1
BRDA:3,0,0,28
BRDA:5,1,0,28
BRDA:5,1,1,0
BRF:3
BRH:2
end_of_record
TN:
SF:src/components/ui/MealTimeRange.jsx
FN:17,MealTimeRange
FN:27,(anonymous_1)
FN:29,(anonymous_2)
FN:34,(anonymous_3)
FN:42,(anonymous_4)
FN:52,(anonymous_5)
FN:59,(anonymous_6)
FN:60,(anonymous_7)
FN:65,(anonymous_8)
FN:65,(anonymous_9)
FN:95,(anonymous_10)
FN:106,(anonymous_11)
FN:115,(anonymous_12)
FNF:13
FNH:12
FNDA:315,MealTimeRange
FNDA:224,(anonymous_1)
FNDA:1,(anonymous_2)
FNDA:1,(anonymous_3)
FNDA:8,(anonymous_4)
FNDA:3,(anonymous_5)
FNDA:9,(anonymous_6)
FNDA:0,(anonymous_7)
FNDA:8,(anonymous_8)
FNDA:8,(anonymous_9)
FNDA:2,(anonymous_10)
FNDA:1,(anonymous_11)
FNDA:1,(anonymous_12)
DA:18,315
DA:19,315
DA:20,315
DA:22,315
DA:23,315
DA:24,315
DA:27,315
DA:28,224
DA:29,8
DA:30,1
DA:31,1
DA:34,8
DA:35,1
DA:36,1
DA:37,1
DA:40,8
DA:41,8
DA:42,8
DA:43,8
DA:44,8
DA:48,315
DA:49,29
DA:52,286
DA:53,3
DA:55,286
DA:59,9
DA:60,0
DA:65,8
DA:95,2
DA:106,1
DA:115,1
LF:31
LH:30
BRDA:17,0,0,315
BRDA:22,1,0,315
BRDA:22,1,1,1
BRDA:23,2,0,315
BRDA:23,2,1,315
BRDA:28,3,0,216
BRDA:28,3,1,8
BRDA:30,4,0,1
BRDA:30,4,1,0
BRDA:30,5,0,1
BRDA:30,5,1,1
BRDA:35,6,0,1
BRDA:35,6,1,0
BRDA:48,7,0,29
BRDA:48,7,1,286
BRDA:49,8,0,29
BRDA:49,8,1,0
BRDA:53,9,0,3
BRDA:53,9,1,0
BRDA:53,10,0,3
BRDA:53,10,1,0
BRDA:68,11,0,8
BRDA:68,11,1,278
BRDA:74,12,0,285
BRDA:74,12,1,1
BRDA:76,13,0,315
BRDA:76,13,1,1
BRDA:80,14,0,315
BRDA:80,14,1,8
BRDA:94,15,0,8
BRDA:94,15,1,0
BRDA:105,16,0,8
BRDA:105,16,1,0
BRF:33
BRH:26
end_of_record
TN:
SF:src/components/ui/Section.jsx
FN:3,Section
FNF:1
FNH:1
FNDA:43,Section
DA:4,43
LF:1
LH:1
BRDA:11,0,0,43
BRDA:11,0,1,43
BRF:2
BRH:2
end_of_record
TN:
SF:src/components/ui/Skeleton.jsx
FN:6,SkeletonBlock
FN:17,SkeletonKpi
FN:28,SkeletonMealCard
FN:43,SkeletonStatCard
FN:56,SkeletonFoodResult
FN:73,DashboardSkeleton
FN:79,(anonymous_6)
FN:103,ProfileSkeleton
FNF:8
FNH:8
FNDA:129,SkeletonBlock
FNDA:13,SkeletonKpi
FNDA:7,SkeletonMealCard
FNDA:9,SkeletonStatCard
FNDA:1,SkeletonFoodResult
FNDA:3,DashboardSkeleton
FNDA:21,(anonymous_6)
FNDA:2,ProfileSkeleton
DA:7,129
DA:18,13
DA:29,7
DA:44,9
DA:57,1
DA:74,3
DA:80,21
DA:104,2
LF:8
LH:8
BRDA:6,0,0,129
BRDA:6,1,0,129
BRDA:6,2,0,129
BRDA:6,3,0,129
BRF:4
BRH:4
end_of_record
TN:
SF:src/components/ui/VirtualizedList.jsx
FN:16,VirtualizedList
FN:29,(anonymous_1)
FN:30,(anonymous_2)
FN:52,(anonymous_3)
FNF:4
FNH:4
FNDA:11,VirtualizedList
FNDA:6,(anonymous_1)
FNDA:37,(anonymous_2)
FNDA:10,(anonymous_3)
DA:24,11
DA:27,11
DA:29,6
DA:30,37
DA:34,11
DA:53,10
LF:6
LH:6
BRDA:18,0,0,11
BRDA:19,1,0,11
BRDA:20,2,0,11
BRDA:22,3,0,11
BRF:4
BRH:4
end_of_record
TN:
SF:src/context/AuthContext.jsx
FN:17,AuthProvider
FN:24,(anonymous_1)
FN:28,init
FN:53,(anonymous_3)
FN:59,(anonymous_4)
FN:80,(anonymous_5)
FN:86,(anonymous_6)
FN:126,(anonymous_7)
FN:158,(anonymous_8)
FN:168,(anonymous_9)
FN:178,(anonymous_10)
FN:187,(anonymous_11)
FN:196,(anonymous_12)
FNF:13
FNH:13
FNDA:51,AuthProvider
FNDA:21,(anonymous_1)
FNDA:21,init
FNDA:1,(anonymous_3)
FNDA:3,(anonymous_4)
FNDA:21,(anonymous_5)
FNDA:3,(anonymous_6)
FNDA:3,(anonymous_7)
FNDA:1,(anonymous_8)
FNDA:2,(anonymous_9)
FNDA:2,(anonymous_10)
FNDA:2,(anonymous_11)
FNDA:51,(anonymous_12)
DA:15,5
DA:18,51
DA:19,51
DA:20,51
DA:21,51
DA:24,51
DA:26,21
DA:29,21
DA:30,21
DA:31,18
DA:33,18
DA:34,5
DA:35,5
DA:36,5
DA:37,5
DA:40,0
DA:44,1
DA:46,19
DA:47,19
DA:48,19
DA:53,21
DA:54,1
DA:57,21
DA:59,21
DA:62,3
DA:64,3
DA:66,3
DA:67,2
DA:68,2
DA:69,2
DA:70,1
DA:72,1
DA:75,1
DA:76,1
DA:80,21
DA:81,21
DA:82,21
DA:86,51
DA:90,3
DA:101,3
DA:103,1
DA:105,1
DA:106,1
DA:107,1
DA:108,1
DA:109,1
DA:115,1
DA:119,0
DA:123,3
DA:126,51
DA:127,3
DA:129,3
DA:130,3
DA:131,3
DA:132,3
DA:133,3
DA:137,3
DA:138,1
DA:139,1
DA:140,1
DA:148,3
DA:151,0
DA:155,3
DA:158,51
DA:159,1
DA:160,1
DA:161,1
DA:162,1
DA:168,51
DA:169,2
DA:170,2
DA:171,1
DA:173,1
DA:177,51
DA:179,2
DA:180,1
DA:181,1
DA:182,1
DA:187,51
DA:188,2
DA:189,1
DA:190,1
DA:191,1
DA:194,51
DA:196,51
DA:197,51
DA:225,51
LF:87
LH:84
BRDA:33,0,0,5
BRDA:33,0,1,13
BRDA:62,1,0,0
BRDA:62,1,1,3
BRDA:66,2,0,2
BRDA:66,2,1,1
BRDA:101,3,0,1
BRDA:101,3,1,2
BRDA:101,4,0,3
BRDA:101,4,1,3
BRDA:129,5,0,3
BRDA:129,5,1,0
BRDA:137,6,0,1
BRDA:137,6,1,2
BRDA:138,7,0,1
BRDA:138,7,1,0
BRDA:139,8,0,1
BRDA:139,8,1,0
BRDA:173,9,0,1
BRDA:173,9,1,0
BRDA:179,10,0,1
BRDA:179,10,1,1
BRDA:188,11,0,1
BRDA:188,11,1,1
BRF:24
BRH:19
end_of_record
TN:
SF:src/context/ProfileContext.jsx
FN:35,dbProfileToLocal
FN:48,ProfileProvider
FN:49,(anonymous_2)
FN:59,(anonymous_3)
FN:69,(anonymous_4)
FN:70,(anonymous_5)
FN:77,(anonymous_6)
FN:85,(anonymous_7)
FN:91,(anonymous_8)
FN:96,loadFromDb
FN:116,(anonymous_10)
FN:135,(anonymous_11)
FN:146,(anonymous_12)
FN:150,saveToDb
FN:170,(anonymous_14)
FN:182,(anonymous_15)
FN:189,(anonymous_16)
FN:192,(anonymous_17)
FN:199,(anonymous_18)
FN:200,(anonymous_19)
FN:205,(anonymous_20)
FN:214,(anonymous_21)
FN:230,useProfile
FNF:23
FNH:22
FNDA:2,dbProfileToLocal
FNDA:45,ProfileProvider
FNDA:21,(anonymous_2)
FNDA:21,(anonymous_3)
FNDA:21,(anonymous_4)
FNDA:21,(anonymous_5)
FNDA:27,(anonymous_6)
FNDA:23,(anonymous_7)
FNDA:21,(anonymous_8)
FNDA:10,loadFromDb
FNDA:2,(anonymous_10)
FNDA:10,(anonymous_11)
FNDA:21,(anonymous_12)
FNDA:3,saveToDb
FNDA:3,(anonymous_14)
FNDA:0,(anonymous_15)
FNDA:45,(anonymous_16)
FNDA:3,(anonymous_17)
FNDA:4,(anonymous_18)
FNDA:4,(anonymous_19)
FNDA:2,(anonymous_20)
FNDA:45,(anonymous_21)
FNDA:48,useProfile
DA:14,2
DA:16,2
DA:27,2
DA:36,2
DA:37,2
DA:49,45
DA:50,21
DA:51,21
DA:52,21
DA:54,2
DA:55,2
DA:59,45
DA:60,21
DA:63,45
DA:64,45
DA:65,45
DA:67,45
DA:69,45
DA:70,21
DA:71,21
DA:72,21
DA:77,45
DA:78,27
DA:79,27
DA:81,0
DA:85,45
DA:86,23
DA:87,23
DA:91,45
DA:92,21
DA:94,10
DA:97,10
DA:98,10
DA:99,10
DA:105,9
DA:107,9
DA:108,2
DA:109,2
DA:110,2
DA:113,7
DA:114,2
DA:115,2
DA:116,2
DA:124,2
DA:127,1
DA:128,1
DA:129,1
DA:133,10
DA:135,10
DA:136,10
DA:141,45
DA:142,45
DA:143,45
DA:146,45
DA:147,21
DA:151,3
DA:152,3
DA:155,3
DA:156,3
DA:157,15
DA:158,15
DA:162,3
DA:163,3
DA:165,3
DA:167,3
DA:171,3
DA:172,3
DA:173,0
DA:174,0
DA:176,3
DA:177,3
DA:179,3
DA:183,0
DA:184,0
DA:189,45
DA:190,45
DA:192,45
DA:193,3
DA:194,1
DA:195,1
DA:199,45
DA:200,4
DA:201,4
DA:204,4
DA:205,4
DA:207,2
DA:210,4
DA:214,45
DA:215,45
DA:226,45
DA:231,48
DA:232,48
DA:233,2
DA:235,45
LF:94
LH:89
BRDA:36,0,0,0
BRDA:36,0,1,2
BRDA:38,1,0,2
BRDA:38,1,1,0
BRDA:39,2,0,2
BRDA:39,2,1,0
BRDA:40,3,0,2
BRDA:40,3,1,0
BRDA:41,4,0,2
BRDA:41,4,1,0
BRDA:42,5,0,2
BRDA:42,5,1,0
BRDA:43,6,0,1
BRDA:43,6,1,1
BRDA:44,7,0,1
BRDA:44,7,1,1
BRDA:52,8,0,4
BRDA:52,8,1,17
BRDA:72,9,0,4
BRDA:72,9,1,17
BRDA:92,10,0,11
BRDA:92,10,1,10
BRDA:92,11,0,21
BRDA:92,11,1,10
BRDA:105,12,0,0
BRDA:105,12,1,9
BRDA:107,13,0,2
BRDA:107,13,1,7
BRDA:107,14,0,9
BRDA:107,14,1,7
BRDA:109,15,0,2
BRDA:109,15,1,0
BRDA:113,16,0,2
BRDA:113,16,1,5
BRDA:113,17,0,7
BRDA:113,17,1,2
BRDA:115,18,0,2
BRDA:115,18,1,0
BRDA:120,19,0,2
BRDA:120,19,1,1
BRDA:121,20,0,2
BRDA:121,20,1,1
BRDA:127,21,0,0
BRDA:127,21,1,1
BRDA:129,22,0,1
BRDA:129,22,1,0
BRDA:152,23,0,0
BRDA:152,23,1,3
BRDA:152,24,0,3
BRDA:152,24,1,3
BRDA:157,25,0,15
BRDA:157,25,1,0
BRDA:163,26,0,0
BRDA:163,26,1,3
BRDA:171,27,0,0
BRDA:171,27,1,3
BRDA:172,28,0,0
BRDA:172,28,1,3
BRDA:184,29,0,0
BRDA:184,29,1,0
BRDA:193,30,0,2
BRDA:193,30,1,1
BRDA:201,31,0,3
BRDA:201,31,1,1
BRDA:204,32,0,0
BRDA:204,32,1,4
BRDA:232,33,0,2
BRDA:232,33,1,46
BRF:68
BRH:49
end_of_record
TN:
SF:src/data/config.ts
FNF:0
FNH:0
DA:117,8
LF:1
LH:1
BRF:0
BRH:0
end_of_record
TN:
SF:src/data/foods.js
FNF:0
FNH:0
DA:1,14
LF:1
LH:1
BRF:0
BRH:0
end_of_record
TN:
SF:src/data/presetPlans.js
FN:13,getTodayName
FN:18,createWeeklyPlan
FNF:2
FNH:2
FNDA:5,getTodayName
FNDA:45,createWeeklyPlan
DA:1,9
DA:10,9
DA:14,5
DA:15,5
DA:19,45
DA:20,45
DA:21,315
DA:22,315
DA:23,2205
DA:24,2772
DA:33,45
DA:36,9
LF:12
LH:12
BRDA:15,0,0,1
BRDA:15,0,1,4
BRDA:23,1,0,2205
BRDA:23,1,1,0
BRF:4
BRH:3
end_of_record
TN:
SF:src/engines/nutrientEngine.ts
FN:11,calculateFoodNutrients
FN:31,calculateMealTotals
FN:42,(anonymous_2)
FN:71,foodById
FN:72,(anonymous_4)
FN:166,normalizeFoodGroup
FN:182,accumulateNutrients
FN:228,aggregateMeal
FN:325,combineDay
FNF:9
FNH:9
FNDA:10,calculateFoodNutrients
FNDA:6,calculateMealTotals
FNDA:6,(anonymous_2)
FNDA:153,foodById
FNDA:591,(anonymous_4)
FNDA:161,normalizeFoodGroup
FNDA:136,accumulateNutrients
FNDA:466,aggregateMeal
FNDA:75,combineDay
DA:12,10
DA:14,10
DA:42,6
DA:44,6
DA:45,6
DA:46,6
DA:47,6
DA:48,6
DA:49,6
DA:50,6
DA:51,6
DA:72,591
DA:92,13
DA:110,13
DA:134,13
DA:167,161
DA:168,161
DA:169,41
DA:170,21
DA:171,16
DA:195,136
DA:196,136
DA:197,136
DA:198,136
DA:199,136
DA:200,136
DA:201,136
DA:202,136
DA:203,136
DA:233,466
DA:234,466
DA:235,140
DA:236,2
DA:237,4
DA:247,138
DA:251,466
DA:267,466
DA:269,142
DA:273,142
DA:276,142
DA:278,45
DA:279,45
DA:281,45
DA:282,45
DA:283,45
DA:284,45
DA:285,45
DA:286,45
DA:287,36
DA:291,97
DA:292,97
DA:293,88
DA:294,97
DA:295,97
DA:297,97
DA:298,97
DA:299,97
DA:300,97
DA:301,97
DA:302,97
DA:306,466
DA:307,466
DA:326,75
DA:342,75
DA:343,427
DA:344,427
DA:345,427
DA:346,427
DA:347,427
DA:348,427
DA:349,427
DA:350,427
DA:351,427
DA:352,427
DA:353,427
DA:355,427
DA:356,81
DA:360,75
DA:361,75
LF:79
LH:79
BRDA:12,0,0,10
BRDA:12,0,1,0
BRDA:167,1,0,161
BRDA:167,1,1,29
BRDA:168,2,0,120
BRDA:168,2,1,41
BRDA:169,3,0,20
BRDA:169,3,1,21
BRDA:169,4,0,41
BRDA:169,4,1,20
BRDA:170,5,0,5
BRDA:170,5,1,16
BRDA:170,6,0,21
BRDA:170,6,1,7
BRDA:195,7,0,136
BRDA:195,7,1,2
BRDA:197,8,0,136
BRDA:197,8,1,6
BRDA:198,9,0,136
BRDA:198,9,1,12
BRDA:199,10,0,136
BRDA:199,10,1,14
BRDA:200,11,0,136
BRDA:200,11,1,24
BRDA:201,12,0,136
BRDA:201,12,1,35
BRDA:202,13,0,136
BRDA:202,13,1,34
BRDA:235,14,0,2
BRDA:235,14,1,138
BRDA:235,15,0,140
BRDA:235,15,1,3
BRDA:269,16,0,140
BRDA:269,16,1,2
BRDA:273,17,0,142
BRDA:273,17,1,114
BRDA:274,18,0,17
BRDA:274,18,1,97
BRDA:274,19,0,114
BRDA:274,19,1,17
BRDA:276,20,0,45
BRDA:276,20,1,97
BRDA:282,21,0,3
BRDA:282,21,1,42
BRDA:283,22,0,14
BRDA:283,22,1,31
BRDA:284,23,0,7
BRDA:284,23,1,38
BRDA:285,24,0,8
BRDA:285,24,1,37
BRDA:286,25,0,36
BRDA:286,25,1,9
BRDA:287,26,0,36
BRDA:287,26,1,36
BRDA:292,27,0,9
BRDA:292,27,1,88
BRDA:293,28,0,88
BRDA:293,28,1,0
BRDA:298,29,0,0
BRDA:298,29,1,88
BRDA:299,30,0,14
BRDA:299,30,1,74
BRDA:300,31,0,0
BRDA:300,31,1,88
BRDA:301,32,0,42
BRDA:301,32,1,46
BRDA:302,33,0,97
BRDA:302,33,1,87
BRDA:306,34,0,83
BRDA:306,34,1,383
BRDA:356,35,0,81
BRDA:356,35,1,60
BRDA:360,36,0,29
BRDA:360,36,1,46
BRF:74
BRH:70
end_of_record
TN:
SF:src/engines/scoringEngine.ts
FN:111,score
FN:158,scoreMeal
FN:179,scoreDay
FNF:3
FNH:3
FNDA:109,score
FNDA:29,scoreMeal
FNDA:79,scoreDay
DA:8,7
DA:57,7
DA:113,109
DA:114,109
DA:115,50
DA:118,59
DA:119,59
DA:121,59
DA:122,348
DA:123,348
DA:125,348
DA:126,117
DA:127,117
DA:131,59
DA:133,59
DA:134,59
DA:135,22
DA:136,22
DA:138,59
DA:159,29
DA:180,79
LF:21
LH:21
BRDA:113,0,0,109
BRDA:113,0,1,58
BRDA:113,1,0,109
BRDA:113,1,1,50
BRDA:113,2,0,109
BRDA:113,2,1,58
BRDA:114,3,0,50
BRDA:114,3,1,59
BRDA:122,4,0,348
BRDA:122,4,1,6
BRDA:123,5,0,174
BRDA:123,5,1,174
BRDA:125,6,0,117
BRDA:125,6,1,231
BRDA:134,7,0,37
BRDA:134,7,1,22
BRDA:135,8,0,0
BRDA:135,8,1,22
BRDA:136,9,0,12
BRDA:136,9,1,10
BRF:20
BRH:19
end_of_record
TN:
SF:src/hooks/useAuth.js
FN:4,useAuth
FN:18,useOptionalAuth
FNF:2
FNH:2
FNDA:40,useAuth
FNDA:2,useOptionalAuth
DA:5,40
DA:7,40
DA:8,2
DA:11,38
DA:19,2
DA:20,2
LF:6
LH:6
BRDA:7,0,0,2
BRDA:7,0,1,38
BRDA:20,1,0,2
BRDA:20,1,1,1
BRF:4
BRH:4
end_of_record
TN:
SF:src/hooks/useDebounce.js
FN:9,useDebounce
FN:12,(anonymous_1)
FN:13,(anonymous_2)
FN:14,(anonymous_3)
FNF:4
FNH:4
FNDA:16,useDebounce
FNDA:12,(anonymous_1)
FNDA:4,(anonymous_2)
FNDA:12,(anonymous_3)
DA:10,16
DA:12,16
DA:13,12
DA:14,12
DA:17,16
LF:5
LH:5
BRF:0
BRH:0
end_of_record
TN:
SF:src/hooks/useFocusTrap.js
FN:8,useFocusTrap
FN:12,(anonymous_1)
FN:25,(anonymous_2)
FN:33,handleKeyDown
FN:57,(anonymous_4)
FNF:5
FNH:5
FNDA:13,useFocusTrap
FNDA:13,(anonymous_1)
FNDA:4,(anonymous_2)
FNDA:3,handleKeyDown
FNDA:4,(anonymous_4)
DA:9,13
DA:10,13
DA:12,13
DA:13,13
DA:16,6
DA:18,6
DA:19,6
DA:23,4
DA:25,4
DA:26,4
DA:27,4
DA:31,4
DA:34,3
DA:36,2
DA:37,2
DA:39,2
DA:40,2
DA:42,2
DA:43,1
DA:44,1
DA:45,1
DA:48,1
DA:49,1
DA:50,1
DA:55,4
DA:57,4
DA:58,4
DA:59,4
DA:61,4
DA:62,4
DA:67,13
LF:31
LH:31
BRDA:13,0,0,7
BRDA:13,0,1,6
BRDA:19,1,0,2
BRDA:19,1,1,4
BRDA:27,2,0,4
BRDA:27,2,1,0
BRDA:34,3,0,1
BRDA:34,3,1,2
BRDA:37,4,0,0
BRDA:37,4,1,2
BRDA:42,5,0,1
BRDA:42,5,1,1
BRDA:43,6,0,1
BRDA:43,6,1,0
BRDA:48,7,0,1
BRDA:48,7,1,0
BRDA:61,8,0,4
BRDA:61,8,1,0
BRDA:61,9,0,4
BRDA:61,9,1,4
BRF:20
BRH:15
end_of_record
TN:
SF:src/hooks/useHotkeys.js
FN:9,useHotkeys
FN:10,(anonymous_1)
FN:27,(anonymous_2)
FN:53,(anonymous_3)
FN:55,(anonymous_4)
FNF:5
FNH:5
FNDA:13,useHotkeys
FNDA:12,(anonymous_1)
FNDA:50,(anonymous_2)
FNDA:13,(anonymous_3)
FNDA:13,(anonymous_4)
DA:10,13
DA:12,12
DA:15,11
DA:17,11
DA:22,12
DA:23,27
DA:24,27
DA:25,27
DA:26,27
DA:27,50
DA:29,27
DA:30,27
DA:31,27
DA:32,27
DA:34,27
DA:36,10
DA:37,7
DA:38,7
DA:39,7
DA:42,3
DA:43,2
DA:44,2
DA:45,2
DA:53,13
DA:54,13
DA:55,13
LF:26
LH:26
BRDA:9,0,0,13
BRDA:12,1,0,1
BRDA:12,1,1,11
BRDA:17,2,0,11
BRDA:17,2,1,9
BRDA:17,2,2,8
BRDA:17,2,3,8
BRDA:24,3,0,27
BRDA:24,3,1,9
BRDA:29,4,0,18
BRDA:29,4,1,9
BRDA:29,5,0,18
BRDA:29,5,1,8
BRDA:30,6,0,3
BRDA:30,6,1,24
BRDA:31,7,0,2
BRDA:31,7,1,25
BRDA:32,8,0,27
BRDA:32,8,1,17
BRDA:34,9,0,10
BRDA:34,9,1,17
BRDA:34,10,0,27
BRDA:34,10,1,20
BRDA:34,10,2,19
BRDA:34,10,3,18
BRDA:36,11,0,7
BRDA:36,11,1,3
BRDA:36,12,0,10
BRDA:36,12,1,8
BRDA:36,12,2,5
BRDA:36,12,3,4
BRDA:42,13,0,2
BRDA:42,13,1,1
BRF:33
BRH:33
end_of_record
TN:
SF:src/hooks/useLocalStorage.js
FN:8,useLocalStorageState
FN:9,(anonymous_1)
FN:18,(anonymous_2)
FNF:3
FNH:3
FNDA:28,useLocalStorageState
FNDA:16,(anonymous_1)
FNDA:28,(anonymous_2)
DA:9,28
DA:10,16
DA:11,16
DA:12,16
DA:14,2
DA:18,28
DA:19,28
DA:20,28
DA:22,4
DA:26,28
LF:10
LH:10
BRDA:12,0,0,3
BRDA:12,0,1,13
BRF:2
BRH:2
end_of_record
TN:
SF:src/hooks/useMealHistory.js
FN:14,readLocal
FN:23,writeLocal
FN:37,useMealHistory
FN:44,(anonymous_3)
FN:48,(anonymous_4)
FN:49,(anonymous_5)
FN:55,(anonymous_6)
FN:60,(anonymous_7)
FN:65,loadFromDb
FN:76,(anonymous_9)
FN:94,(anonymous_10)
FN:109,(anonymous_11)
FN:118,logDay
FN:121,(anonymous_13)
FN:122,(anonymous_14)
FN:142,(anonymous_15)
FN:149,(anonymous_16)
FN:156,removeEntry
FN:157,(anonymous_18)
FN:157,(anonymous_19)
FN:162,(anonymous_20)
FN:170,clearHistory
FN:176,(anonymous_22)
FNF:23
FNH:23
FNDA:41,readLocal
FNDA:57,writeLocal
FNDA:73,useMealHistory
FNDA:31,(anonymous_3)
FNDA:31,(anonymous_4)
FNDA:31,(anonymous_5)
FNDA:57,(anonymous_6)
FNDA:31,(anonymous_7)
FNDA:12,loadFromDb
FNDA:3,(anonymous_9)
FNDA:1,(anonymous_10)
FNDA:12,(anonymous_11)
FNDA:10,logDay
FNDA:10,(anonymous_13)
FNDA:2,(anonymous_14)
FNDA:1,(anonymous_15)
FNDA:2,(anonymous_16)
FNDA:5,removeEntry
FNDA:5,(anonymous_18)
FNDA:7,(anonymous_19)
FNDA:1,(anonymous_20)
FNDA:5,clearHistory
FNDA:1,(anonymous_22)
DA:12,3
DA:15,41
DA:16,41
DA:17,41
DA:19,1
DA:24,57
DA:25,57
DA:27,2
DA:38,73
DA:39,73
DA:40,73
DA:41,73
DA:42,73
DA:44,73
DA:45,31
DA:48,73
DA:49,31
DA:50,31
DA:55,73
DA:56,57
DA:60,73
DA:61,31
DA:63,12
DA:66,12
DA:67,12
DA:68,12
DA:69,11
DA:71,10
DA:73,10
DA:75,10
DA:76,10
DA:77,10
DA:80,10
DA:81,10
DA:82,6
DA:83,5
DA:84,5
DA:88,10
DA:89,10
DA:92,10
DA:93,5
DA:94,5
DA:95,1
DA:101,1
DA:102,1
DA:103,1
DA:107,12
DA:109,12
DA:110,12
DA:119,10
DA:121,10
DA:122,10
DA:123,10
DA:140,10
DA:141,10
DA:142,3
DA:143,1
DA:144,1
DA:148,10
DA:149,2
DA:151,8
DA:157,7
DA:160,5
DA:161,5
DA:162,2
DA:163,1
DA:164,1
DA:171,5
DA:174,5
DA:175,5
DA:176,2
DA:177,1
DA:178,1
DA:183,73
LF:74
LH:74
BRDA:17,0,0,26
BRDA:17,0,1,15
BRDA:61,1,0,19
BRDA:61,1,1,12
BRDA:61,2,0,31
BRDA:61,2,1,13
BRDA:69,3,0,1
BRDA:69,3,1,10
BRDA:73,4,0,10
BRDA:73,4,1,0
BRDA:73,5,0,10
BRDA:73,5,1,10
BRDA:82,6,0,5
BRDA:82,6,1,1
BRDA:92,7,0,5
BRDA:92,7,1,5
BRDA:101,8,0,0
BRDA:101,8,1,1
BRDA:103,9,0,1
BRDA:103,9,1,0
BRDA:124,10,0,2
BRDA:124,10,1,8
BRDA:128,11,0,10
BRDA:128,11,1,1
BRDA:129,12,0,10
BRDA:129,12,1,1
BRDA:130,13,0,10
BRDA:130,13,1,1
BRDA:131,14,0,10
BRDA:131,14,1,1
BRDA:132,15,0,10
BRDA:132,15,1,1
BRDA:133,16,0,10
BRDA:133,16,1,1
BRDA:134,17,0,10
BRDA:134,17,1,1
BRDA:135,18,0,10
BRDA:135,18,1,1
BRDA:136,19,0,10
BRDA:136,19,1,1
BRDA:141,20,0,3
BRDA:141,20,1,7
BRDA:141,21,0,10
BRDA:141,21,1,3
BRDA:144,22,0,1
BRDA:144,22,1,0
BRDA:148,23,0,2
BRDA:148,23,1,8
BRDA:149,24,0,2
BRDA:149,24,1,0
BRDA:161,25,0,2
BRDA:161,25,1,3
BRDA:161,26,0,5
BRDA:161,26,1,2
BRDA:164,27,0,1
BRDA:164,27,1,0
BRDA:175,28,0,2
BRDA:175,28,1,3
BRDA:175,29,0,5
BRDA:175,29,1,2
BRDA:178,30,0,1
BRDA:178,30,1,0
BRF:62
BRH:55
end_of_record
TN:
SF:src/hooks/useNutrientResolver.js
FN:22,useNutrientResolver
FN:25,(anonymous_1)
FN:29,(anonymous_2)
FN:30,(anonymous_3)
FN:34,(anonymous_4)
FN:36,(anonymous_5)
FN:46,(anonymous_6)
FN:54,(anonymous_7)
FN:59,(anonymous_8)
FN:74,resolvePlanNutrients
FN:76,(anonymous_10)
FN:79,(anonymous_11)
FN:93,(anonymous_12)
FN:102,collectDbFoodIds
FN:105,(anonymous_14)
FN:141,hydratePlanNutrients
FN:144,(anonymous_16)
FN:159,(anonymous_17)
FNF:18
FNH:5
FNDA:0,useNutrientResolver
FNDA:0,(anonymous_1)
FNDA:0,(anonymous_2)
FNDA:0,(anonymous_3)
FNDA:0,(anonymous_4)
FNDA:0,(anonymous_5)
FNDA:0,(anonymous_6)
FNDA:0,(anonymous_7)
FNDA:0,(anonymous_8)
FNDA:0,resolvePlanNutrients
FNDA:0,(anonymous_10)
FNDA:0,(anonymous_11)
FNDA:0,(anonymous_12)
FNDA:6,collectDbFoodIds
FNDA:9,(anonymous_14)
FNDA:4,hydratePlanNutrients
FNDA:3,(anonymous_16)
FNDA:3,(anonymous_17)
DA:23,0
DA:24,0
DA:25,0
DA:26,0
DA:29,0
DA:30,0
DA:31,0
DA:33,0
DA:34,0
DA:35,0
DA:37,0
DA:38,0
DA:39,0
DA:41,0
DA:45,0
DA:46,0
DA:47,0
DA:49,0
DA:50,0
DA:54,0
DA:55,0
DA:59,0
DA:75,0
DA:76,0
DA:78,0
DA:80,0
DA:81,0
DA:82,0
DA:84,0
DA:89,0
DA:90,0
DA:91,0
DA:93,0
DA:103,6
DA:105,6
DA:106,9
DA:107,6
DA:108,6
DA:109,5
DA:110,5
DA:113,6
DA:114,4
DA:115,4
DA:116,3
DA:117,8
DA:118,2
DA:119,7
DA:120,7
DA:126,6
DA:142,4
DA:144,3
DA:145,3
DA:146,3
DA:147,3
DA:148,3
DA:150,3
DA:151,2
DA:152,2
DA:154,3
DA:157,3
DA:158,3
DA:159,3
DA:160,3
DA:161,1
DA:163,2
DA:167,3
LF:66
LH:33
BRDA:31,0,0,0
BRDA:31,0,1,0
BRDA:39,1,0,0
BRDA:39,1,1,0
BRDA:45,2,0,0
BRDA:45,2,1,0
BRDA:59,3,0,0
BRDA:59,3,1,0
BRDA:76,4,0,0
BRDA:76,4,1,0
BRDA:82,5,0,0
BRDA:82,5,1,0
BRDA:91,6,0,0
BRDA:91,6,1,0
BRDA:93,7,0,0
BRDA:93,7,1,0
BRDA:106,8,0,3
BRDA:106,8,1,6
BRDA:106,9,0,9
BRDA:106,9,1,9
BRDA:106,9,2,8
BRDA:108,10,0,1
BRDA:108,10,1,5
BRDA:109,11,0,0
BRDA:109,11,1,5
BRDA:113,12,0,6
BRDA:113,12,1,1
BRDA:114,13,0,4
BRDA:114,13,1,1
BRDA:116,14,0,3
BRDA:116,14,1,0
BRDA:117,15,0,1
BRDA:117,15,1,7
BRDA:119,16,0,7
BRDA:119,16,1,0
BRDA:142,17,0,1
BRDA:142,17,1,3
BRDA:142,18,0,4
BRDA:142,18,1,4
BRDA:145,19,0,0
BRDA:145,19,1,3
BRDA:147,20,0,3
BRDA:147,20,1,0
BRDA:147,21,0,3
BRDA:147,21,1,2
BRDA:150,22,0,2
BRDA:150,22,1,1
BRDA:150,23,0,3
BRDA:150,23,1,2
BRDA:150,23,2,2
BRDA:150,23,3,2
BRDA:152,24,0,2
BRDA:152,24,1,0
BRDA:159,25,0,3
BRDA:159,25,1,0
BRDA:160,26,0,1
BRDA:160,26,1,2
BRF:57
BRH:34
end_of_record
TN:
SF:src/hooks/usePresetPlanAdmin.js
FN:16,usePresetPlanAdmin
FN:33,(anonymous_1)
FN:35,load
FN:52,(anonymous_3)
FN:57,(anonymous_4)
FN:60,(anonymous_5)
FN:63,(anonymous_6)
FN:71,(anonymous_7)
FN:75,(anonymous_8)
FN:75,(anonymous_9)
FN:86,(anonymous_10)
FN:94,(anonymous_11)
FN:95,(anonymous_12)
FN:102,(anonymous_13)
FN:106,(anonymous_14)
FN:113,(anonymous_15)
FN:115,(anonymous_16)
FN:118,(anonymous_17)
FN:127,(anonymous_18)
FN:133,(anonymous_19)
FN:135,(anonymous_20)
FN:136,(anonymous_21)
FN:142,(anonymous_22)
FN:161,(anonymous_23)
FN:174,(anonymous_24)
FN:182,(anonymous_25)
FN:182,(anonymous_26)
FN:195,(anonymous_27)
FN:196,(anonymous_28)
FN:200,(anonymous_29)
FN:200,(anonymous_30)
FN:202,(anonymous_31)
FN:218,(anonymous_32)
FN:227,(anonymous_33)
FN:232,(anonymous_34)
FN:247,(anonymous_35)
FN:248,(anonymous_36)
FN:254,(anonymous_37)
FN:254,(anonymous_38)
FN:266,(anonymous_39)
FN:269,(anonymous_40)
FN:270,(anonymous_41)
FN:278,(anonymous_42)
FN:282,(anonymous_43)
FN:307,(anonymous_44)
FN:312,(anonymous_45)
FN:325,(anonymous_46)
FN:326,(anonymous_47)
FN:341,(anonymous_48)
FN:344,(anonymous_49)
FN:345,(anonymous_50)
FN:357,(anonymous_51)
FN:360,(anonymous_52)
FN:361,(anonymous_53)
FN:364,(anonymous_54)
FN:376,(anonymous_55)
FN:379,(anonymous_56)
FN:381,(anonymous_57)
FN:390,(anonymous_58)
FN:391,(anonymous_59)
FN:408,(anonymous_60)
FN:413,(anonymous_61)
FN:414,(anonymous_62)
FN:416,(anonymous_63)
FN:417,(anonymous_64)
FN:420,(anonymous_65)
FN:431,(anonymous_66)
FN:432,(anonymous_67)
FN:433,(anonymous_68)
FN:451,(anonymous_69)
FNF:70
FNH:59
FNDA:118,usePresetPlanAdmin
FNDA:42,(anonymous_1)
FNDA:42,load
FNDA:42,(anonymous_3)
FNDA:74,(anonymous_4)
FNDA:19,(anonymous_5)
FNDA:103,(anonymous_6)
FNDA:0,(anonymous_7)
FNDA:0,(anonymous_8)
FNDA:0,(anonymous_9)
FNDA:19,(anonymous_10)
FNDA:58,(anonymous_11)
FNDA:0,(anonymous_12)
FNDA:58,(anonymous_13)
FNDA:103,(anonymous_14)
FNDA:46,(anonymous_15)
FNDA:0,(anonymous_16)
FNDA:3,(anonymous_17)
FNDA:0,(anonymous_18)
FNDA:43,(anonymous_19)
FNDA:0,(anonymous_20)
FNDA:1,(anonymous_21)
FNDA:3,(anonymous_22)
FNDA:1,(anonymous_23)
FNDA:2,(anonymous_24)
FNDA:1,(anonymous_25)
FNDA:2,(anonymous_26)
FNDA:4,(anonymous_27)
FNDA:7,(anonymous_28)
FNDA:4,(anonymous_29)
FNDA:8,(anonymous_30)
FNDA:2,(anonymous_31)
FNDA:1,(anonymous_32)
FNDA:1,(anonymous_33)
FNDA:1,(anonymous_34)
FNDA:2,(anonymous_35)
FNDA:3,(anonymous_36)
FNDA:2,(anonymous_37)
FNDA:4,(anonymous_38)
FNDA:3,(anonymous_39)
FNDA:2,(anonymous_40)
FNDA:4,(anonymous_41)
FNDA:8,(anonymous_42)
FNDA:9,(anonymous_43)
FNDA:0,(anonymous_44)
FNDA:4,(anonymous_45)
FNDA:7,(anonymous_46)
FNDA:14,(anonymous_47)
FNDA:4,(anonymous_48)
FNDA:3,(anonymous_49)
FNDA:6,(anonymous_50)
FNDA:2,(anonymous_51)
FNDA:1,(anonymous_52)
FNDA:2,(anonymous_53)
FNDA:1,(anonymous_54)
FNDA:8,(anonymous_55)
FNDA:6,(anonymous_56)
FNDA:6,(anonymous_57)
FNDA:5,(anonymous_58)
FNDA:10,(anonymous_59)
FNDA:2,(anonymous_60)
FNDA:1,(anonymous_61)
FNDA:1,(anonymous_62)
FNDA:1,(anonymous_63)
FNDA:2,(anonymous_64)
FNDA:1,(anonymous_65)
FNDA:0,(anonymous_66)
FNDA:0,(anonymous_67)
FNDA:0,(anonymous_68)
FNDA:2,(anonymous_69)
DA:17,118
DA:18,118
DA:19,118
DA:20,118
DA:21,118
DA:22,118
DA:23,118
DA:24,118
DA:25,118
DA:28,118
DA:29,118
DA:30,118
DA:33,118
DA:34,42
DA:36,42
DA:37,42
DA:38,40
DA:39,40
DA:40,40
DA:41,34
DA:45,1
DA:46,1
DA:48,41
DA:51,42
DA:52,42
DA:53,42
DA:57,118
DA:60,118
DA:63,118
DA:64,103
DA:67,19
DA:68,3
DA:71,19
DA:72,0
DA:73,0
DA:74,0
DA:75,0
DA:76,0
DA:77,0
DA:79,0
DA:80,0
DA:82,0
DA:86,19
DA:87,19
DA:88,19
DA:94,118
DA:95,58
DA:96,0
DA:97,0
DA:98,0
DA:101,58
DA:102,58
DA:106,118
DA:107,103
DA:108,34
DA:113,118
DA:114,46
DA:115,3
DA:116,0
DA:118,3
DA:119,3
DA:127,118
DA:128,0
DA:129,0
DA:133,118
DA:134,43
DA:135,1
DA:136,1
DA:141,118
DA:143,3
DA:144,1
DA:145,1
DA:147,2
DA:148,2
DA:149,2
DA:150,2
DA:151,14
DA:153,2
DA:161,1
DA:162,1
DA:163,1
DA:165,1
DA:167,2
DA:174,118
DA:176,2
DA:177,0
DA:179,2
DA:180,2
DA:181,2
DA:182,2
DA:183,1
DA:184,1
DA:185,1
DA:187,1
DA:189,2
DA:194,118
DA:196,7
DA:197,4
DA:200,8
DA:201,4
DA:202,2
DA:203,1
DA:207,4
DA:208,0
DA:212,4
DA:213,4
DA:215,1
DA:216,1
DA:218,1
DA:219,1
DA:220,1
DA:224,3
DA:228,1
DA:229,1
DA:230,1
DA:231,1
DA:232,1
DA:233,1
DA:234,1
DA:236,0
DA:237,0
DA:246,118
DA:248,3
DA:249,2
DA:250,2
DA:251,2
DA:252,2
DA:253,2
DA:254,4
DA:255,2
DA:257,0
DA:259,2
DA:266,118
DA:268,3
DA:269,2
DA:270,4
DA:272,2
DA:278,118
DA:280,8
DA:282,9
DA:283,7
DA:284,7
DA:286,7
DA:307,0
DA:312,4
DA:325,8
DA:326,7
DA:327,14
DA:328,7
DA:329,7
DA:330,14
DA:333,8
DA:334,8
DA:335,8
DA:341,118
DA:343,4
DA:344,3
DA:345,3
DA:346,6
DA:351,3
DA:357,118
DA:359,2
DA:360,1
DA:361,1
DA:362,2
DA:363,1
DA:364,1
DA:365,1
DA:367,2
DA:370,1
DA:376,118
DA:378,8
DA:379,6
DA:380,6
DA:381,8
DA:382,8
DA:384,5
DA:385,5
DA:386,0
DA:387,0
DA:390,5
DA:391,5
DA:392,10
DA:393,5
DA:394,5
DA:395,10
DA:398,5
DA:399,5
DA:400,8
DA:408,118
DA:410,2
DA:413,1
DA:414,1
DA:416,2
DA:417,1
DA:418,2
DA:419,1
DA:420,1
DA:421,2
DA:424,2
DA:427,2
DA:428,1
DA:429,1
DA:432,0
DA:433,0
DA:434,0
DA:435,0
DA:436,0
DA:437,0
DA:440,0
DA:441,0
DA:442,0
DA:451,118
DA:452,2
DA:453,2
DA:454,2
DA:455,1
DA:456,1
DA:458,1
DA:460,2
DA:464,118
LF:221
LH:189
BRDA:38,0,0,40
BRDA:38,0,1,0
BRDA:40,1,0,34
BRDA:40,1,1,6
BRDA:40,2,0,40
BRDA:40,2,1,34
BRDA:46,3,0,1
BRDA:46,3,1,0
BRDA:48,4,0,41
BRDA:48,4,1,0
BRDA:57,5,0,118
BRDA:57,5,1,50
BRDA:64,6,0,84
BRDA:64,6,1,19
BRDA:64,7,0,103
BRDA:64,7,1,19
BRDA:67,8,0,3
BRDA:67,8,1,16
BRDA:75,9,0,0
BRDA:75,9,1,0
BRDA:87,10,0,19
BRDA:87,10,1,0
BRDA:96,11,0,0
BRDA:96,11,1,0
BRDA:107,12,0,34
BRDA:107,12,1,69
BRDA:107,13,0,103
BRDA:107,13,1,60
BRDA:114,14,0,3
BRDA:114,14,1,43
BRDA:119,15,0,3
BRDA:119,15,1,0
BRDA:128,16,0,0
BRDA:128,16,1,0
BRDA:134,17,0,1
BRDA:134,17,1,42
BRDA:143,18,0,1
BRDA:143,18,1,2
BRDA:143,19,0,3
BRDA:143,19,1,2
BRDA:176,20,0,0
BRDA:176,20,1,2
BRDA:182,21,0,1
BRDA:182,21,1,1
BRDA:197,22,0,0
BRDA:197,22,1,4
BRDA:201,23,0,1
BRDA:201,23,1,3
BRDA:203,24,0,1
BRDA:203,24,1,0
BRDA:207,25,0,0
BRDA:207,25,1,4
BRDA:228,26,0,1
BRDA:228,26,1,0
BRDA:249,27,0,0
BRDA:249,27,1,2
BRDA:254,28,0,2
BRDA:254,28,1,2
BRDA:255,29,0,1
BRDA:255,29,1,1
BRDA:268,30,0,1
BRDA:268,30,1,2
BRDA:270,31,0,2
BRDA:270,31,1,2
BRDA:280,32,0,1
BRDA:280,32,1,7
BRDA:280,33,0,8
BRDA:280,33,1,7
BRDA:280,33,2,7
BRDA:286,34,0,5
BRDA:286,34,1,2
BRDA:292,35,0,5
BRDA:292,35,1,2
BRDA:293,36,0,5
BRDA:293,36,1,3
BRDA:294,37,0,5
BRDA:294,37,1,1
BRDA:295,38,0,5
BRDA:295,38,1,2
BRDA:299,39,0,5
BRDA:299,39,1,1
BRDA:301,40,0,1
BRDA:301,40,1,0
BRDA:307,41,0,2
BRDA:307,41,1,0
BRDA:309,42,0,2
BRDA:309,42,1,0
BRDA:310,43,0,2
BRDA:310,43,1,2
BRDA:316,44,0,4
BRDA:316,44,1,0
BRDA:317,45,0,4
BRDA:317,45,1,0
BRDA:318,46,0,4
BRDA:318,46,1,1
BRDA:320,47,0,1
BRDA:320,47,1,0
BRDA:327,48,0,7
BRDA:327,48,1,7
BRDA:329,49,0,7
BRDA:329,49,1,2
BRDA:334,50,0,5
BRDA:334,50,1,2
BRDA:343,51,0,1
BRDA:343,51,1,3
BRDA:346,52,0,3
BRDA:346,52,1,3
BRDA:347,53,0,3
BRDA:347,53,1,2
BRDA:359,54,0,1
BRDA:359,54,1,1
BRDA:362,55,0,1
BRDA:362,55,1,1
BRDA:364,56,0,1
BRDA:364,56,1,0
BRDA:365,57,0,1
BRDA:365,57,1,0
BRDA:378,58,0,2
BRDA:378,58,1,6
BRDA:378,59,0,8
BRDA:378,59,1,7
BRDA:378,59,2,7
BRDA:378,59,3,7
BRDA:380,60,0,6
BRDA:380,60,1,0
BRDA:382,61,0,1
BRDA:382,61,1,7
BRDA:385,62,0,0
BRDA:385,62,1,5
BRDA:392,63,0,5
BRDA:392,63,1,5
BRDA:394,64,0,5
BRDA:394,64,1,0
BRDA:399,65,0,5
BRDA:399,65,1,0
BRDA:399,65,2,0
BRDA:401,66,0,1
BRDA:401,66,1,4
BRDA:410,67,0,1
BRDA:410,67,1,1
BRDA:418,68,0,1
BRDA:418,68,1,1
BRDA:420,69,0,1
BRDA:420,69,1,0
BRDA:427,70,0,1
BRDA:427,70,1,1
BRDA:428,71,0,1
BRDA:428,71,1,0
BRDA:428,71,2,0
BRDA:434,72,0,0
BRDA:434,72,1,0
BRDA:436,73,0,0
BRDA:436,73,1,0
BRF:153
BRH:116
end_of_record
TN:
SF:src/hooks/usePresetPlans.js
FN:10,usePresetPlans
FN:15,(anonymous_1)
FN:18,load
FN:37,(anonymous_3)
FNF:4
FNH:4
FNDA:8,usePresetPlans
FNDA:5,(anonymous_1)
FNDA:5,load
FNDA:5,(anonymous_3)
DA:11,8
DA:12,8
DA:13,8
DA:15,8
DA:16,5
DA:19,5
DA:20,5
DA:21,3
DA:22,2
DA:25,1
DA:26,1
DA:27,1
DA:30,4
DA:31,3
DA:36,5
DA:37,5
DA:38,5
DA:42,8
LF:18
LH:18
BRDA:21,0,0,2
BRDA:21,0,1,1
BRDA:22,1,0,2
BRDA:22,1,1,1
BRDA:26,2,0,1
BRDA:26,2,1,0
BRDA:30,3,0,3
BRDA:30,3,1,1
BRF:8
BRH:7
end_of_record
TN:
SF:src/hooks/useSyncedPlans.js
FN:10,readLocal
FN:23,writeLocal
FN:37,mergePlans
FN:38,(anonymous_3)
FN:75,useSyncedPlans
FN:85,(anonymous_5)
FN:86,(anonymous_6)
FN:93,(anonymous_7)
FN:98,(anonymous_8)
FN:103,(anonymous_9)
FN:113,initialSync
FN:149,(anonymous_11)
FN:157,(anonymous_12)
FN:164,(anonymous_13)
FN:172,retrySync
FN:184,setPlans
FN:185,(anonymous_16)
FN:194,(anonymous_17)
FN:221,syncToSupabase
FN:228,(anonymous_19)
FN:229,(anonymous_20)
FNF:21
FNH:21
FNDA:32,readLocal
FNDA:40,writeLocal
FNDA:9,mergePlans
FNDA:8,(anonymous_3)
FNDA:60,useSyncedPlans
FNDA:23,(anonymous_5)
FNDA:23,(anonymous_6)
FNDA:40,(anonymous_7)
FNDA:40,(anonymous_8)
FNDA:23,(anonymous_9)
FNDA:12,initialSync
FNDA:12,(anonymous_11)
FNDA:23,(anonymous_12)
FNDA:23,(anonymous_13)
FNDA:2,retrySync
FNDA:9,setPlans
FNDA:9,(anonymous_16)
FNDA:4,(anonymous_17)
FNDA:5,syncToSupabase
FNDA:4,(anonymous_19)
FNDA:3,(anonymous_20)
DA:5,3
DA:11,32
DA:12,32
DA:13,32
DA:15,1
DA:16,1
DA:24,40
DA:25,40
DA:27,2
DA:38,9
DA:40,9
DA:41,9
DA:44,9
DA:45,8
DA:55,9
DA:56,3
DA:57,2
DA:58,2
DA:62,9
DA:76,60
DA:77,60
DA:78,60
DA:79,60
DA:80,60
DA:81,60
DA:82,60
DA:83,60
DA:85,60
DA:86,23
DA:87,23
DA:88,23
DA:93,60
DA:94,40
DA:98,60
DA:99,40
DA:103,60
DA:104,23
DA:106,11
DA:107,11
DA:109,12
DA:111,12
DA:114,12
DA:115,12
DA:116,12
DA:118,12
DA:119,12
DA:120,10
DA:122,9
DA:123,9
DA:126,9
DA:127,2
DA:128,2
DA:131,9
DA:132,9
DA:133,9
DA:136,2
DA:137,2
DA:138,2
DA:139,2
DA:140,2
DA:143,12
DA:147,12
DA:149,12
DA:150,12
DA:151,12
DA:156,60
DA:157,60
DA:158,23
DA:162,60
DA:163,60
DA:164,60
DA:165,23
DA:166,23
DA:173,2
DA:174,1
DA:175,1
DA:176,1
DA:177,1
DA:185,9
DA:186,9
DA:187,9
DA:190,9
DA:191,5
DA:192,5
DA:193,5
DA:194,5
DA:195,4
DA:206,9
DA:210,60
DA:222,5
DA:223,5
DA:224,5
DA:225,5
DA:228,5
DA:229,5
DA:232,5
DA:233,5
DA:234,3
DA:235,3
DA:236,2
DA:241,5
DA:242,5
DA:243,4
DA:244,2
DA:249,5
DA:250,5
DA:251,2
DA:253,5
DA:254,2
DA:257,5
DA:258,4
DA:261,3
DA:262,3
DA:265,2
DA:266,2
DA:267,2
DA:268,2
LF:117
LH:117
BRDA:13,0,0,14
BRDA:13,0,1,18
BRDA:48,1,0,8
BRDA:48,1,1,0
BRDA:49,2,0,8
BRDA:49,2,1,8
BRDA:50,3,0,8
BRDA:50,3,1,6
BRDA:56,4,0,2
BRDA:56,4,1,1
BRDA:88,5,0,5
BRDA:88,5,1,18
BRDA:104,6,0,11
BRDA:104,6,1,12
BRDA:104,7,0,23
BRDA:104,7,1,12
BRDA:109,8,0,0
BRDA:109,8,1,12
BRDA:120,9,0,1
BRDA:120,9,1,9
BRDA:126,10,0,2
BRDA:126,10,1,7
BRDA:128,11,0,0
BRDA:128,11,1,2
BRDA:131,12,0,9
BRDA:131,12,1,0
BRDA:131,13,0,9
BRDA:131,13,1,9
BRDA:136,14,0,0
BRDA:136,14,1,2
BRDA:138,15,0,2
BRDA:138,15,1,0
BRDA:173,16,0,1
BRDA:173,16,1,1
BRDA:173,17,0,2
BRDA:173,17,1,1
BRDA:186,18,0,3
BRDA:186,18,1,6
BRDA:190,19,0,5
BRDA:190,19,1,4
BRDA:190,20,0,9
BRDA:190,20,1,5
BRDA:191,21,0,0
BRDA:191,21,1,5
BRDA:223,22,0,5
BRDA:223,22,1,0
BRDA:235,23,0,2
BRDA:235,23,1,1
BRDA:235,24,0,3
BRDA:235,24,1,2
BRDA:243,25,0,2
BRDA:243,25,1,2
BRDA:250,26,0,2
BRDA:250,26,1,3
BRDA:257,27,0,4
BRDA:257,27,1,1
BRDA:261,28,0,3
BRDA:261,28,1,0
BRDA:266,29,0,2
BRDA:266,29,1,0
BRF:60
BRH:50
end_of_record
TN:
SF:src/lib/oauthError.js
FN:14,readOAuthErrorFromUrl
FN:43,getOAuthError
FN:50,clearOAuthError
FNF:3
FNH:2
FNDA:1,readOAuthErrorFromUrl
FNDA:10,getOAuthError
FNDA:0,clearOAuthError
DA:15,1
DA:17,1
DA:18,1
DA:19,1
DA:21,1
DA:22,0
DA:23,0
DA:24,0
DA:25,0
DA:26,0
DA:28,0
DA:31,1
DA:35,1
DA:44,10
DA:51,0
LF:15
LH:8
BRDA:15,0,0,0
BRDA:15,0,1,1
BRDA:15,1,0,1
BRDA:15,1,1,1
BRDA:18,2,0,0
BRDA:18,2,1,1
BRDA:19,3,0,0
BRDA:19,3,1,1
BRDA:22,4,0,0
BRDA:22,4,1,0
BRDA:26,5,0,0
BRDA:26,5,1,0
BRDA:26,6,0,0
BRDA:26,6,1,0
BRDA:28,7,0,0
BRDA:28,7,1,0
BRF:16
BRH:5
end_of_record
TN:
SF:src/lib/supabaseClient.js
FNF:0
FNH:0
DA:3,5
DA:4,5
DA:6,5
DA:7,0
DA:13,5
LF:5
LH:4
BRDA:6,0,0,0
BRDA:6,0,1,5
BRDA:6,1,0,5
BRDA:6,1,1,5
BRF:4
BRH:3
end_of_record
TN:
SF:src/services/authService.js
FN:13,signUp
FN:33,signIn
FN:50,signInWithGoogle
FN:72,signOut
FN:84,getCurrentUser
FN:101,getSession
FN:119,fetchUserProfile
FN:145,updateUserProfile
FN:168,createUserProfile
FN:203,onAuthStateChange
FNF:10
FNH:10
FNDA:7,signUp
FNDA:5,signIn
FNDA:2,signInWithGoogle
FNDA:3,signOut
FNDA:2,getCurrentUser
FNDA:2,getSession
FNDA:11,fetchUserProfile
FNDA:2,updateUserProfile
FNDA:5,createUserProfile
FNDA:1,onAuthStateChange
DA:14,7
DA:20,7
DA:21,3
DA:24,4
DA:34,5
DA:36,5
DA:37,3
DA:40,2
DA:51,2
DA:62,2
DA:63,1
DA:66,1
DA:73,3
DA:75,3
DA:76,2
DA:88,2
DA:90,2
DA:91,1
DA:94,1
DA:105,2
DA:107,2
DA:108,1
DA:111,1
DA:120,11
DA:128,11
DA:129,7
DA:131,6
DA:133,1
DA:136,4
DA:146,2
DA:153,2
DA:154,1
DA:157,1
DA:169,5
DA:171,5
DA:172,2
DA:175,3
DA:181,3
DA:182,1
DA:185,3
DA:191,3
DA:192,1
DA:195,2
DA:206,1
DA:207,1
LF:45
LH:45
BRDA:17,0,0,1
BRDA:17,0,1,6
BRDA:20,1,0,3
BRDA:20,1,1,4
BRDA:36,2,0,3
BRDA:36,2,1,2
BRDA:54,3,0,2
BRDA:54,3,1,2
BRDA:62,4,0,1
BRDA:62,4,1,1
BRDA:75,5,0,2
BRDA:75,5,1,1
BRDA:90,6,0,1
BRDA:90,6,1,1
BRDA:107,7,0,1
BRDA:107,7,1,1
BRDA:128,8,0,7
BRDA:128,8,1,4
BRDA:129,9,0,6
BRDA:129,9,1,1
BRDA:153,10,0,1
BRDA:153,10,1,1
BRDA:171,11,0,2
BRDA:171,11,1,3
BRDA:181,12,0,1
BRDA:181,12,1,2
BRDA:191,13,0,1
BRDA:191,13,1,2
BRF:28
BRH:28
end_of_record
TN:
SF:src/services/dailyHealthService.js
FN:15,fetchDailyHealthData
FN:17,(anonymous_1)
FN:38,fetchDailyHealthForDate
FN:40,(anonymous_3)
FN:66,upsertDailyHealth
FN:68,(anonymous_5)
FN:93,dbRowsToWaterData
FN:109,dbRowsToStepData
FNF:8
FNH:8
FNDA:4,fetchDailyHealthData
FNDA:4,(anonymous_1)
FNDA:3,fetchDailyHealthForDate
FNDA:3,(anonymous_3)
FNDA:5,upsertDailyHealth
FNDA:5,(anonymous_5)
FNDA:10,dbRowsToWaterData
FNDA:11,dbRowsToStepData
DA:16,4
DA:18,4
DA:25,4
DA:26,3
DA:39,3
DA:41,3
DA:48,3
DA:49,2
DA:50,1
DA:52,1
DA:67,5
DA:69,5
DA:75,5
DA:81,5
DA:82,4
DA:94,10
DA:95,10
DA:96,8
DA:97,15
DA:98,11
DA:101,8
DA:110,11
DA:111,11
DA:112,9
DA:113,16
DA:114,12
DA:117,9
LF:27
LH:27
BRDA:15,0,0,4
BRDA:25,1,0,1
BRDA:25,1,1,3
BRDA:26,2,0,3
BRDA:26,2,1,1
BRDA:48,3,0,2
BRDA:48,3,1,1
BRDA:49,4,0,1
BRDA:49,4,1,1
BRDA:81,5,0,1
BRDA:81,5,1,4
BRDA:95,6,0,2
BRDA:95,6,1,8
BRDA:97,7,0,11
BRDA:97,7,1,4
BRDA:111,8,0,2
BRDA:111,8,1,9
BRDA:113,9,0,12
BRDA:113,9,1,4
BRF:19
BRH:19
end_of_record
TN:
SF:src/services/databaseService.js
FN:6,getHealthGoals
FN:7,(anonymous_1)
FN:18,getUserHealthGoals
FN:27,saveUserHealthGoals
FN:29,(anonymous_4)
FN:30,(anonymous_5)
FN:31,(anonymous_6)
FN:43,(anonymous_7)
FN:53,getMajorGroups
FN:54,(anonymous_9)
FN:64,getFoodsByGroup
FN:65,(anonymous_11)
FN:76,getAllNutrientGroups
FN:77,(anonymous_13)
FN:87,getNutrientDefinitions
FN:88,(anonymous_15)
FN:98,getFoodNutrients
FN:99,(anonymous_17)
FNF:18
FNH:18
FNDA:6,getHealthGoals
FNDA:5,(anonymous_1)
FNDA:11,getUserHealthGoals
FNDA:8,saveUserHealthGoals
FNDA:8,(anonymous_4)
FNDA:7,(anonymous_5)
FNDA:8,(anonymous_6)
FNDA:4,(anonymous_7)
FNDA:3,getMajorGroups
FNDA:3,(anonymous_9)
FNDA:4,getFoodsByGroup
FNDA:4,(anonymous_11)
FNDA:2,getAllNutrientGroups
FNDA:2,(anonymous_13)
FNDA:2,getNutrientDefinitions
FNDA:2,(anonymous_15)
FNDA:2,getFoodNutrients
FNDA:2,(anonymous_17)
DA:7,6
DA:8,5
DA:13,5
DA:14,3
DA:19,11
DA:23,11
DA:24,10
DA:28,8
DA:29,8
DA:30,8
DA:31,8
DA:33,8
DA:34,4
DA:39,4
DA:42,7
DA:43,4
DA:44,3
DA:47,3
DA:54,3
DA:55,3
DA:59,3
DA:60,2
DA:65,4
DA:66,4
DA:71,4
DA:72,3
DA:77,2
DA:78,2
DA:82,2
DA:83,1
DA:88,2
DA:89,2
DA:93,2
DA:94,1
DA:99,2
DA:100,2
DA:117,2
DA:118,1
DA:119,1
LF:39
LH:39
BRDA:13,0,0,2
BRDA:13,0,1,3
BRDA:23,1,0,1
BRDA:23,1,1,10
BRDA:33,2,0,4
BRDA:33,2,1,4
BRDA:39,3,0,1
BRDA:39,3,1,3
BRDA:42,4,0,3
BRDA:42,4,1,4
BRDA:47,5,0,1
BRDA:47,5,1,2
BRDA:59,6,0,1
BRDA:59,6,1,2
BRDA:71,7,0,1
BRDA:71,7,1,3
BRDA:82,8,0,1
BRDA:82,8,1,1
BRDA:93,9,0,1
BRDA:93,9,1,1
BRDA:117,10,0,1
BRDA:117,10,1,1
BRF:22
BRH:22
end_of_record
TN:
SF:src/services/foodSearchService.js
FN:11,escapeIlike
FN:12,(anonymous_1)
FN:21,searchFoodItems
FN:27,(anonymous_3)
FN:49,fetchFoodNutrients
FN:52,(anonymous_5)
FN:131,findNutrientValue
FNF:7
FNH:6
FNDA:11,escapeIlike
FNDA:0,(anonymous_1)
FNDA:9,searchFoodItems
FNDA:5,(anonymous_3)
FNDA:12,fetchFoodNutrients
FNDA:12,(anonymous_5)
FNDA:63,findNutrientValue
DA:12,11
DA:22,9
DA:24,5
DA:25,5
DA:27,5
DA:28,5
DA:34,5
DA:35,2
DA:36,2
DA:39,3
DA:50,12
DA:52,12
DA:53,12
DA:67,12
DA:68,1
DA:69,1
DA:72,11
DA:74,9
DA:77,9
DA:78,9
DA:79,32
DA:80,32
DA:81,31
DA:92,9
DA:119,9
DA:120,3
DA:124,9
DA:132,63
DA:133,165
DA:134,31
DA:137,32
LF:31
LH:31
BRDA:21,0,0,9
BRDA:22,1,0,4
BRDA:22,1,1,5
BRDA:22,2,0,9
BRDA:22,2,1,7
BRDA:34,3,0,2
BRDA:34,3,1,3
BRDA:35,4,0,2
BRDA:35,4,1,0
BRDA:39,5,0,3
BRDA:39,5,1,1
BRDA:67,6,0,1
BRDA:67,6,1,11
BRDA:68,7,0,1
BRDA:68,7,1,0
BRDA:72,8,0,2
BRDA:72,8,1,9
BRDA:72,9,0,11
BRDA:72,9,1,10
BRDA:80,10,0,31
BRDA:80,10,1,1
BRDA:119,11,0,3
BRDA:119,11,1,6
BRDA:133,12,0,31
BRDA:133,12,1,134
BRF:25
BRH:23
end_of_record
TN:
SF:src/services/mealHistoryService.js
FN:13,fetchMealHistory
FN:15,(anonymous_1)
FN:35,upsertMealHistoryEntry
FN:37,(anonymous_3)
FN:73,deleteMealHistoryEntry
FN:75,(anonymous_5)
FN:92,clearMealHistory
FN:94,(anonymous_7)
FN:108,dbRowToEntry
FNF:9
FNH:9
FNDA:4,fetchMealHistory
FNDA:4,(anonymous_1)
FNDA:4,upsertMealHistoryEntry
FNDA:4,(anonymous_3)
FNDA:2,deleteMealHistoryEntry
FNDA:2,(anonymous_5)
FNDA:2,clearMealHistory
FNDA:2,(anonymous_7)
FNDA:3,dbRowToEntry
DA:14,4
DA:16,4
DA:22,4
DA:23,3
DA:36,4
DA:38,4
DA:55,4
DA:61,4
DA:62,3
DA:74,2
DA:76,2
DA:82,2
DA:93,2
DA:95,2
DA:97,2
DA:109,3
LF:16
LH:16
BRDA:22,0,0,1
BRDA:22,0,1,3
BRDA:23,1,0,3
BRDA:23,1,1,1
BRDA:61,2,0,1
BRDA:61,2,1,3
BRDA:82,3,0,1
BRDA:82,3,1,1
BRDA:97,4,0,1
BRDA:97,4,1,1
BRF:10
BRH:10
end_of_record
TN:
SF:src/services/planSyncService.js
FN:14,fetchUserPlans
FN:16,(anonymous_1)
FN:36,upsertPlan
FN:38,(anonymous_3)
FN:67,upsertPlans
FN:71,(anonymous_5)
FN:72,(anonymous_6)
FN:98,deletePlan
FN:100,(anonymous_8)
FNF:9
FNH:9
FNDA:4,fetchUserPlans
FNDA:4,(anonymous_1)
FNDA:7,upsertPlan
FNDA:7,(anonymous_3)
FNDA:5,upsertPlans
FNDA:4,(anonymous_5)
FNDA:6,(anonymous_6)
FNDA:3,deletePlan
FNDA:3,(anonymous_8)
DA:15,4
DA:17,4
DA:23,4
DA:24,3
DA:37,7
DA:39,7
DA:48,7
DA:54,7
DA:55,5
DA:68,5
DA:70,4
DA:72,6
DA:81,4
DA:86,4
DA:87,3
DA:99,3
DA:101,3
DA:107,3
LF:18
LH:18
BRDA:23,0,0,1
BRDA:23,0,1,3
BRDA:24,1,0,3
BRDA:24,1,1,1
BRDA:44,2,0,7
BRDA:44,2,1,6
BRDA:45,3,0,7
BRDA:45,3,1,5
BRDA:54,4,0,2
BRDA:54,4,1,5
BRDA:68,5,0,1
BRDA:68,5,1,4
BRDA:77,6,0,6
BRDA:77,6,1,5
BRDA:78,7,0,6
BRDA:78,7,1,5
BRDA:86,8,0,1
BRDA:86,8,1,3
BRDA:87,9,0,3
BRDA:87,9,1,1
BRDA:107,10,0,1
BRDA:107,10,1,2
BRF:22
BRH:22
end_of_record
TN:
SF:src/services/presetPlanService.js
FN:13,fetchPresetPlans
FN:14,(anonymous_1)
FN:22,(anonymous_2)
FN:39,fetchAllPresetPlans
FN:46,(anonymous_4)
FN:64,upsertPresetPlan
FN:106,deletePresetPlan
FNF:7
FNH:7
FNDA:13,fetchPresetPlans
FNDA:12,(anonymous_1)
FNDA:12,(anonymous_2)
FNDA:6,fetchAllPresetPlans
FNDA:5,(anonymous_4)
FNDA:9,upsertPresetPlan
FNDA:3,deletePresetPlan
DA:14,13
DA:15,12
DA:21,12
DA:22,12
DA:40,6
DA:45,6
DA:46,5
DA:65,9
DA:74,9
DA:75,2
DA:78,9
DA:84,9
DA:87,8
DA:89,8
DA:107,3
DA:109,3
DA:112,2
LF:17
LH:17
BRDA:21,0,0,1
BRDA:21,0,1,11
BRDA:22,1,0,11
BRDA:22,1,1,1
BRDA:25,2,0,12
BRDA:25,2,1,1
BRDA:26,3,0,12
BRDA:26,3,1,11
BRDA:27,4,0,12
BRDA:27,4,1,9
BRDA:45,5,0,1
BRDA:45,5,1,5
BRDA:46,6,0,5
BRDA:46,6,1,1
BRDA:49,7,0,5
BRDA:49,7,1,1
BRDA:50,8,0,5
BRDA:50,8,1,4
BRDA:51,9,0,5
BRDA:51,9,1,4
BRDA:67,10,0,9
BRDA:67,10,1,3
BRDA:68,11,0,9
BRDA:68,11,1,8
BRDA:69,12,0,9
BRDA:69,12,1,7
BRDA:70,13,0,9
BRDA:70,13,1,5
BRDA:74,14,0,2
BRDA:74,14,1,7
BRDA:84,15,0,1
BRDA:84,15,1,8
BRDA:92,16,0,8
BRDA:92,16,1,1
BRDA:93,17,0,9
BRDA:93,17,1,6
BRDA:94,18,0,9
BRDA:94,18,1,6
BRDA:109,19,0,1
BRDA:109,19,1,2
BRF:40
BRH:40
end_of_record
TN:
SF:src/stores/planStore.js
FN:8,(anonymous_0)
FN:28,(anonymous_1)
FN:29,(anonymous_2)
FN:30,(anonymous_3)
FN:31,(anonymous_4)
FN:35,(anonymous_5)
FN:36,(anonymous_6)
FN:37,(anonymous_7)
FN:38,(anonymous_8)
FN:39,(anonymous_9)
FN:40,(anonymous_10)
FN:43,(anonymous_11)
FNF:12
FNH:12
FNDA:1,(anonymous_0)
FNDA:1,(anonymous_1)
FNDA:1,(anonymous_2)
FNDA:1,(anonymous_3)
FNDA:2,(anonymous_4)
FNDA:1,(anonymous_5)
FNDA:1,(anonymous_6)
FNDA:1,(anonymous_7)
FNDA:1,(anonymous_8)
FNDA:1,(anonymous_9)
FNDA:1,(anonymous_10)
FNDA:1,(anonymous_11)
DA:8,1
DA:28,1
DA:29,1
DA:30,1
DA:32,2
DA:35,1
DA:36,1
DA:37,1
DA:38,1
DA:39,1
DA:40,1
DA:43,1
LF:12
LH:12
BRDA:33,0,0,1
BRDA:33,0,1,1
BRF:2
BRH:2
end_of_record
TN:
SF:src/utils/copyMealItem.js
FN:19,mealItemSignature
FN:23,(anonymous_1)
FN:35,isSameMealItem
FN:53,buildDayCopies
FN:57,(anonymous_4)
FN:67,(anonymous_5)
FN:76,(anonymous_6)
FNF:7
FNH:7
FNDA:20,mealItemSignature
FNDA:8,(anonymous_1)
FNDA:7,isSameMealItem
FNDA:19,buildDayCopies
FNDA:6,(anonymous_4)
FNDA:20,(anonymous_5)
FNDA:5,(anonymous_6)
DA:20,20
DA:21,17
DA:22,20
DA:23,8
DA:24,4
DA:26,13
DA:36,7
DA:57,6
DA:59,19
DA:60,13
DA:61,19
DA:62,19
DA:64,19
DA:65,22
DA:66,16
DA:67,16
DA:68,20
DA:70,16
DA:71,14
DA:76,5
DA:81,13
LF:21
LH:21
BRDA:20,0,0,3
BRDA:20,0,1,17
BRDA:21,1,0,17
BRDA:21,1,1,15
BRDA:21,2,0,20
BRDA:21,2,1,5
BRDA:22,3,0,4
BRDA:22,3,1,16
BRDA:22,4,0,20
BRDA:22,4,1,4
BRDA:57,5,0,6
BRDA:59,6,0,6
BRDA:59,6,1,13
BRDA:59,7,0,19
BRDA:59,7,1,17
BRDA:59,7,2,15
BRDA:60,8,0,13
BRDA:60,8,1,0
BRDA:65,9,0,6
BRDA:65,9,1,16
BRDA:65,10,0,22
BRDA:65,10,1,19
BRDA:65,10,2,17
BRDA:68,11,0,20
BRDA:68,11,1,3
BRDA:70,12,0,2
BRDA:70,12,1,14
BRDA:75,13,0,14
BRDA:75,13,1,3
BRF:29
BRH:28
end_of_record
TN:
SF:src/utils/dateKey.js
FN:19,getLocalDateKey
FNF:1
FNH:1
FNDA:50,getLocalDateKey
DA:20,50
DA:21,50
DA:22,50
DA:23,50
LF:4
LH:4
BRDA:19,0,0,50
BRF:1
BRH:1
end_of_record
TN:
SF:src/utils/generatePlanPdf.js
FN:15,computeWeeklyAverages
FN:16,(anonymous_1)
FN:22,(anonymous_2)
FN:25,(anonymous_3)
FN:28,(anonymous_4)
FN:31,(anonymous_5)
FN:34,(anonymous_6)
FN:48,buildMealTableRow
FN:54,(anonymous_8)
FN:59,(anonymous_9)
FN:61,(anonymous_10)
FN:136,buildDailySummaryRows
FN:174,drawLogo
FN:244,drawPageHeader
FN:271,drawFooter
FN:295,drawClientInfo
FN:353,drawPlanInfo
FN:399,drawInfoRow
FN:414,capitalize
FN:428,downloadPlanAsPdf
FN:596,(anonymous_20)
FN:631,(anonymous_21)
FN:738,(anonymous_22)
FN:805,(anonymous_23)
FNF:24
FNH:23
FNDA:14,computeWeeklyAverages
FNDA:78,(anonymous_1)
FNDA:13,(anonymous_2)
FNDA:13,(anonymous_3)
FNDA:13,(anonymous_4)
FNDA:13,(anonymous_5)
FNDA:13,(anonymous_6)
FNDA:49,buildMealTableRow
FNDA:49,(anonymous_8)
FNDA:10,(anonymous_9)
FNDA:0,(anonymous_10)
FNDA:7,buildDailySummaryRows
FNDA:36,drawLogo
FNDA:14,drawPageHeader
FNDA:43,drawFooter
FNDA:3,drawClientInfo
FNDA:22,drawPlanInfo
FNDA:110,drawInfoRow
FNDA:76,capitalize
FNDA:22,downloadPlanAsPdf
FNDA:21,(anonymous_20)
FNDA:15,(anonymous_21)
FNDA:9,(anonymous_22)
FNDA:27,(anonymous_23)
DA:16,14
DA:17,78
DA:18,78
DA:20,14
DA:21,14
DA:22,13
DA:24,14
DA:25,13
DA:27,14
DA:28,13
DA:30,14
DA:31,13
DA:33,14
DA:34,13
DA:37,14
DA:49,49
DA:50,49
DA:53,49
DA:54,49
DA:56,49
DA:58,5
DA:59,10
DA:61,5
DA:62,5
DA:63,5
DA:65,5
DA:66,10
DA:67,10
DA:68,8
DA:69,8
DA:70,8
DA:71,8
DA:72,8
DA:73,8
DA:75,2
DA:76,2
DA:77,2
DA:78,2
DA:79,2
DA:80,2
DA:81,2
DA:82,2
DA:87,5
DA:88,3
DA:90,2
DA:94,44
DA:95,44
DA:96,49
DA:97,4
DA:101,44
DA:102,49
DA:103,49
DA:104,49
DA:105,49
DA:106,49
DA:107,49
DA:109,49
DA:110,15
DA:111,15
DA:112,15
DA:113,15
DA:114,15
DA:115,15
DA:116,29
DA:117,28
DA:118,28
DA:119,28
DA:120,28
DA:121,28
DA:122,28
DA:125,44
DA:126,35
DA:128,9
DA:137,7
DA:149,4
DA:175,36
DA:176,36
DA:177,36
DA:180,36
DA:181,36
DA:184,36
DA:185,36
DA:187,36
DA:189,36
DA:195,36
DA:196,36
DA:203,36
DA:205,36
DA:211,36
DA:217,36
DA:220,36
DA:221,36
DA:224,36
DA:225,36
DA:226,36
DA:227,36
DA:228,36
DA:231,36
DA:232,36
DA:233,36
DA:234,36
DA:237,36
DA:245,14
DA:248,14
DA:249,14
DA:250,14
DA:251,14
DA:259,14
DA:260,14
DA:261,14
DA:262,14
DA:263,14
DA:265,14
DA:272,43
DA:275,43
DA:276,43
DA:277,43
DA:278,43
DA:281,43
DA:282,43
DA:283,43
DA:284,43
DA:287,43
DA:289,43
DA:296,3
DA:297,3
DA:300,3
DA:301,3
DA:302,3
DA:303,3
DA:304,3
DA:305,3
DA:306,3
DA:309,3
DA:310,3
DA:311,3
DA:312,3
DA:313,3
DA:314,3
DA:315,3
DA:318,3
DA:319,3
DA:320,3
DA:322,3
DA:325,3
DA:326,3
DA:327,3
DA:330,3
DA:331,3
DA:332,3
DA:335,3
DA:336,3
DA:337,3
DA:340,3
DA:341,3
DA:342,1
DA:345,3
DA:346,3
DA:347,3
DA:354,22
DA:355,22
DA:358,22
DA:359,22
DA:360,22
DA:361,22
DA:362,22
DA:363,22
DA:364,22
DA:367,22
DA:368,22
DA:369,22
DA:370,22
DA:371,22
DA:372,22
DA:373,22
DA:375,22
DA:376,22
DA:377,22
DA:379,22
DA:382,22
DA:383,22
DA:384,22
DA:387,22
DA:388,22
DA:390,22
DA:392,22
DA:393,22
DA:400,110
DA:401,110
DA:402,110
DA:403,110
DA:404,110
DA:405,110
DA:406,110
DA:415,76
DA:416,12
DA:429,22
DA:430,22
DA:431,22
DA:435,22
DA:438,22
DA:439,22
DA:440,22
DA:441,22
DA:449,22
DA:450,22
DA:451,22
DA:452,22
DA:454,22
DA:456,22
DA:459,22
DA:460,3
DA:463,22
DA:466,22
DA:468,22
DA:471,22
DA:473,2
DA:474,2
DA:475,2
DA:476,2
DA:477,2
DA:478,2
DA:479,2
DA:480,2
DA:483,2
DA:484,2
DA:485,2
DA:486,2
DA:487,2
DA:488,4
DA:489,0
DA:490,0
DA:492,4
DA:493,4
DA:495,2
DA:496,2
DA:499,22
DA:502,22
DA:505,9
DA:508,9
DA:509,0
DA:510,0
DA:514,9
DA:515,9
DA:516,9
DA:517,9
DA:518,9
DA:519,9
DA:520,9
DA:521,9
DA:524,9
DA:525,9
DA:526,9
DA:527,9
DA:528,9
DA:529,9
DA:530,9
DA:533,9
DA:542,9
DA:543,9
DA:544,54
DA:546,54
DA:547,54
DA:548,54
DA:549,54
DA:551,54
DA:552,54
DA:553,54
DA:554,54
DA:556,9
DA:558,9
DA:562,22
DA:563,9
DA:564,63
DA:565,63
DA:567,63
DA:570,63
DA:573,9
DA:574,9
DA:577,9
DA:578,9
DA:579,9
DA:580,9
DA:581,9
DA:582,9
DA:584,9
DA:585,63
DA:586,3
DA:587,3
DA:591,9
DA:592,9
DA:595,9
DA:596,35
DA:597,35
DA:600,12
DA:601,2
DA:602,2
DA:606,12
DA:607,12
DA:608,12
DA:609,12
DA:610,12
DA:613,12
DA:614,12
DA:616,12
DA:617,12
DA:618,12
DA:619,12
DA:622,12
DA:627,35
DA:628,35
DA:631,35
DA:632,15
DA:635,35
DA:686,35
DA:690,9
DA:691,9
DA:692,0
DA:693,0
DA:695,9
DA:696,9
DA:697,9
DA:698,9
DA:699,9
DA:700,9
DA:702,9
DA:703,9
DA:704,9
DA:705,9
DA:706,9
DA:707,9
DA:708,9
DA:713,13
DA:714,43
DA:715,43
DA:717,8
DA:718,2
DA:719,2
DA:722,8
DA:723,8
DA:724,8
DA:725,8
DA:726,8
DA:727,8
DA:730,8
DA:735,43
DA:736,43
DA:738,43
DA:739,9
DA:742,43
DA:743,43
DA:744,4
DA:757,8
DA:806,27
DA:807,9
DA:808,9
DA:809,9
DA:815,8
DA:820,22
DA:821,22
DA:822,4
DA:823,1
DA:824,1
DA:828,4
DA:829,4
DA:830,4
DA:831,4
DA:832,4
DA:833,4
DA:834,4
DA:835,4
DA:837,4
DA:870,22
DA:871,22
DA:872,43
DA:873,43
DA:877,22
DA:878,22
LF:378
LH:372
BRDA:18,0,0,78
BRDA:18,0,1,25
BRDA:18,1,0,25
BRDA:18,1,1,12
BRDA:18,2,0,25
BRDA:18,2,1,12
BRDA:18,3,0,25
BRDA:18,3,1,12
BRDA:20,4,0,14
BRDA:20,4,1,4
BRDA:22,5,0,13
BRDA:22,5,1,0
BRDA:25,6,0,13
BRDA:25,6,1,0
BRDA:28,7,0,13
BRDA:28,7,1,0
BRDA:31,8,0,13
BRDA:31,8,1,0
BRDA:34,9,0,13
BRDA:34,9,1,0
BRDA:48,10,0,49
BRDA:49,11,0,49
BRDA:49,12,0,49
BRDA:50,13,0,49
BRDA:50,13,1,5
BRDA:53,14,0,49
BRDA:53,14,1,43
BRDA:53,14,2,39
BRDA:54,15,0,29
BRDA:54,15,1,20
BRDA:56,16,0,5
BRDA:56,16,1,44
BRDA:59,17,0,3
BRDA:59,17,1,7
BRDA:61,18,0,5
BRDA:61,18,1,0
BRDA:62,19,0,5
BRDA:62,19,1,3
BRDA:66,20,0,9
BRDA:66,20,1,1
BRDA:67,21,0,8
BRDA:67,21,1,2
BRDA:69,22,0,8
BRDA:69,22,1,0
BRDA:70,23,0,8
BRDA:70,23,1,0
BRDA:71,24,0,8
BRDA:71,24,1,0
BRDA:72,25,0,8
BRDA:72,25,1,0
BRDA:73,26,0,8
BRDA:73,26,1,0
BRDA:76,27,0,2
BRDA:76,27,1,0
BRDA:77,28,0,2
BRDA:77,28,1,0
BRDA:87,29,0,3
BRDA:87,29,1,2
BRDA:95,30,0,44
BRDA:95,30,1,16
BRDA:95,30,2,1
BRDA:96,31,0,4
BRDA:96,31,1,45
BRDA:97,32,0,3
BRDA:97,32,1,1
BRDA:101,33,0,42
BRDA:101,33,1,2
BRDA:102,34,0,49
BRDA:102,34,1,36
BRDA:109,35,0,15
BRDA:109,35,1,29
BRDA:111,36,0,15
BRDA:111,36,1,1
BRDA:112,37,0,15
BRDA:112,37,1,3
BRDA:113,38,0,15
BRDA:113,38,1,3
BRDA:114,39,0,15
BRDA:114,39,1,3
BRDA:115,40,0,15
BRDA:115,40,1,4
BRDA:116,41,0,28
BRDA:116,41,1,1
BRDA:117,42,0,28
BRDA:117,42,1,0
BRDA:125,43,0,35
BRDA:125,43,1,9
BRDA:174,44,0,36
BRDA:175,45,0,14
BRDA:175,45,1,22
BRDA:185,46,0,14
BRDA:185,46,1,22
BRDA:187,47,0,14
BRDA:187,47,1,22
BRDA:225,48,0,14
BRDA:225,48,1,22
BRDA:228,49,0,14
BRDA:228,49,1,22
BRDA:231,50,0,14
BRDA:231,50,1,22
BRDA:234,51,0,14
BRDA:234,51,1,22
BRDA:325,52,0,3
BRDA:325,52,1,0
BRDA:326,53,0,3
BRDA:326,53,1,0
BRDA:330,54,0,2
BRDA:330,54,1,1
BRDA:331,55,0,3
BRDA:331,55,1,0
BRDA:335,56,0,2
BRDA:335,56,1,1
BRDA:336,57,0,2
BRDA:336,57,1,1
BRDA:340,58,0,3
BRDA:340,58,1,1
BRDA:341,59,0,1
BRDA:341,59,1,2
BRDA:382,60,0,22
BRDA:382,60,1,1
BRDA:383,61,0,22
BRDA:383,61,1,20
BRDA:387,62,0,22
BRDA:387,62,1,20
BRDA:388,63,0,22
BRDA:388,63,1,20
BRDA:415,64,0,64
BRDA:415,64,1,12
BRDA:415,65,0,76
BRDA:415,65,1,73
BRDA:428,66,0,22
BRDA:428,67,0,22
BRDA:428,68,0,22
BRDA:459,69,0,3
BRDA:459,69,1,19
BRDA:459,70,0,22
BRDA:459,70,1,19
BRDA:471,71,0,2
BRDA:471,71,1,20
BRDA:488,72,0,0
BRDA:488,72,1,4
BRDA:502,73,0,9
BRDA:502,73,1,13
BRDA:508,74,0,0
BRDA:508,74,1,9
BRDA:562,75,0,9
BRDA:562,75,1,13
BRDA:567,76,0,63
BRDA:567,76,1,13
BRDA:568,77,0,13
BRDA:568,77,1,4
BRDA:568,78,0,13
BRDA:568,78,1,4
BRDA:568,79,0,13
BRDA:568,79,1,4
BRDA:570,80,0,54
BRDA:570,80,1,9
BRDA:585,81,0,3
BRDA:585,81,1,60
BRDA:596,82,0,35
BRDA:596,82,1,8
BRDA:596,83,0,21
BRDA:596,83,1,7
BRDA:597,84,0,23
BRDA:597,84,1,12
BRDA:600,85,0,2
BRDA:600,85,1,10
BRDA:623,86,0,12
BRDA:623,86,1,0
BRDA:690,87,0,9
BRDA:690,87,1,0
BRDA:691,88,0,0
BRDA:691,88,1,9
BRDA:714,89,0,43
BRDA:714,89,1,9
BRDA:715,90,0,35
BRDA:715,90,1,8
BRDA:717,91,0,2
BRDA:717,91,1,6
BRDA:731,92,0,8
BRDA:731,92,1,0
BRDA:743,93,0,4
BRDA:743,93,1,39
BRDA:806,94,0,9
BRDA:806,94,1,18
BRDA:806,95,0,27
BRDA:806,95,1,9
BRDA:821,96,0,4
BRDA:821,96,1,18
BRDA:821,97,0,22
BRDA:821,97,1,7
BRDA:822,98,0,1
BRDA:822,98,1,3
BRDA:877,99,0,22
BRDA:877,99,1,1
BRF:195
BRH:172
end_of_record
TN:
SF:src/utils/inputSanitize.js
FN:12,sanitizeNumeric
FN:27,clampOnBlur
FNF:2
FNH:2
FNDA:18,sanitizeNumeric
FNDA:18,clampOnBlur
DA:13,18
DA:14,17
DA:15,17
DA:16,13
DA:28,18
DA:29,17
DA:30,17
DA:31,16
LF:8
LH:8
BRDA:13,0,0,1
BRDA:13,0,1,17
BRDA:15,1,0,4
BRDA:15,1,1,13
BRDA:15,2,0,17
BRDA:15,2,1,14
BRDA:27,3,0,18
BRDA:27,4,0,18
BRDA:28,5,0,1
BRDA:28,5,1,17
BRDA:30,6,0,1
BRDA:30,6,1,16
BRF:12
BRH:12
end_of_record
TN:
SF:src/utils/mealTime.js
FN:8,formatMealTime
FN:45,getMealTimeRange
FN:57,labelParts
FN:75,formatMealTimeRange
FNF:4
FNH:4
FNDA:701,formatMealTime
FNDA:343,getMealTimeRange
FNDA:687,labelParts
FNDA:346,formatMealTimeRange
DA:9,701
DA:10,689
DA:11,689
DA:12,686
DA:13,686
DA:14,686
DA:15,684
DA:16,701
DA:17,701
DA:25,7
DA:46,343
DA:47,343
DA:48,7
DA:50,336
DA:51,1
DA:53,335
DA:58,687
DA:59,687
DA:60,679
DA:61,679
DA:62,687
DA:76,346
DA:77,344
DA:78,1
DA:79,1
DA:81,343
DA:82,343
DA:83,343
DA:84,338
DA:88,5
DA:89,346
LF:31
LH:31
BRDA:9,0,0,12
BRDA:9,0,1,689
BRDA:9,1,0,701
BRDA:9,1,1,690
BRDA:11,2,0,3
BRDA:11,2,1,686
BRDA:14,3,0,2
BRDA:14,3,1,684
BRDA:14,4,0,686
BRDA:14,4,1,686
BRDA:14,4,2,686
BRDA:14,4,3,685
BRDA:15,5,0,356
BRDA:15,5,1,328
BRDA:16,6,0,701
BRDA:16,6,1,2
BRDA:47,7,0,7
BRDA:47,7,1,336
BRDA:47,8,0,343
BRDA:47,8,1,8
BRDA:47,8,2,7
BRDA:47,8,3,0
BRDA:48,9,0,7
BRDA:48,9,1,0
BRDA:48,10,0,7
BRDA:48,10,1,1
BRDA:50,11,0,1
BRDA:50,11,1,335
BRDA:50,12,0,336
BRDA:50,12,1,1
BRDA:53,13,0,335
BRDA:53,13,1,2
BRDA:59,14,0,8
BRDA:59,14,1,679
BRDA:61,15,0,592
BRDA:61,15,1,87
BRDA:76,16,0,2
BRDA:76,16,1,344
BRDA:77,17,0,1
BRDA:77,17,1,343
BRDA:79,18,0,1
BRDA:79,18,1,0
BRDA:83,19,0,338
BRDA:83,19,1,5
BRDA:83,20,0,343
BRDA:83,20,1,339
BRDA:84,21,0,337
BRDA:84,21,1,1
BRDA:88,22,0,5
BRDA:88,22,1,4
BRDA:89,23,0,2
BRDA:89,23,1,3
BRF:52
BRH:49
end_of_record
TN:
SF:src/utils/planSummary.js
FN:17,computeDaySummaries
FN:25,(anonymous_1)
FNF:2
FNH:2
FNDA:10,computeDaySummaries
FNDA:252,(anonymous_1)
DA:18,10
DA:19,10
DA:21,8
DA:22,10
DA:23,56
DA:24,56
DA:25,392
DA:26,392
DA:28,56
DA:29,56
DA:30,56
DA:32,8
LF:12
LH:12
BRDA:19,0,0,2
BRDA:19,0,1,8
BRDA:21,1,0,8
BRDA:21,1,1,0
BRDA:25,2,0,392
BRDA:25,2,1,182
BRDA:25,3,0,252
BRDA:25,3,1,217
BRF:8
BRH:7
end_of_record
TN:
SF:src/utils/progressStats.js
FN:25,calculateStreak
FNF:1
FNH:1
FNDA:18,calculateStreak
DA:26,18
DA:28,14
DA:29,14
DA:30,14
DA:33,14
DA:35,12
DA:37,12
DA:39,10
DA:40,10
DA:41,14
DA:42,14
DA:44,14
DA:45,14
DA:46,14
DA:47,3
DA:49,10
LF:16
LH:16
BRDA:26,0,0,4
BRDA:26,0,1,14
BRDA:26,1,0,18
BRDA:26,1,1,16
BRDA:33,2,0,2
BRDA:33,2,1,12
BRDA:37,3,0,2
BRDA:37,3,1,10
BRDA:44,4,0,0
BRDA:44,4,1,14
BRDA:44,5,0,14
BRDA:44,5,1,14
BRDA:46,6,0,11
BRDA:46,6,1,3
BRF:14
BRH:13
end_of_record
TN:
SF:src/utils/queryCache.js
FN:16,evictIfNeeded
FN:28,(anonymous_1)
FN:43,cachedFetch
FN:57,(anonymous_3)
FN:63,(anonymous_4)
FN:81,staleWhileRevalidate
FN:95,(anonymous_6)
FN:100,(anonymous_7)
FN:118,invalidateCache
FN:125,clearCache
FNF:10
FNH:10
FNDA:280,evictIfNeeded
FNDA:200,(anonymous_1)
FNDA:300,cachedFetch
FNDA:280,(anonymous_3)
FNDA:10,(anonymous_4)
FNDA:20,staleWhileRevalidate
FNDA:2,(anonymous_6)
FNDA:1,(anonymous_7)
FNDA:14,invalidateCache
FNDA:100,clearCache
DA:6,9
DA:7,9
DA:9,9
DA:10,9
DA:11,9
DA:17,280
DA:19,3
DA:21,3
DA:22,303
DA:23,50
DA:27,3
DA:28,200
DA:29,2
DA:30,2
DA:31,2
DA:44,300
DA:45,300
DA:47,300
DA:48,9
DA:52,291
DA:53,1
DA:56,290
DA:58,280
DA:59,280
DA:60,280
DA:61,280
DA:64,10
DA:65,10
DA:68,290
DA:69,290
DA:82,20
DA:83,20
DA:86,20
DA:87,2
DA:91,18
DA:93,5
DA:94,4
DA:96,2
DA:97,2
DA:98,2
DA:103,1
DA:105,4
DA:107,5
DA:111,13
DA:119,14
DA:126,100
LF:46
LH:46
BRDA:17,0,0,277
BRDA:17,0,1,3
BRDA:22,1,0,50
BRDA:22,1,1,253
BRDA:27,2,0,2
BRDA:27,2,1,1
BRDA:43,3,0,300
BRDA:47,4,0,9
BRDA:47,4,1,291
BRDA:47,5,0,300
BRDA:47,5,1,13
BRDA:52,6,0,1
BRDA:52,6,1,290
BRDA:81,7,0,20
BRDA:86,8,0,2
BRDA:86,8,1,18
BRDA:86,9,0,20
BRDA:86,9,1,8
BRDA:91,10,0,5
BRDA:91,10,1,13
BRDA:91,11,0,18
BRDA:91,11,1,6
BRDA:93,12,0,4
BRDA:93,12,1,1
BRF:24
BRH:24
end_of_record
TN:
SF:src/utils/schemas.js
FN:101,validateResponse
FNF:1
FNH:1
FNDA:31,validateResponse
DA:7,9
DA:14,9
DA:17,9
DA:29,9
DA:32,9
DA:57,9
DA:60,9
DA:70,9
DA:73,9
DA:90,9
DA:102,31
DA:103,2
DA:104,2
DA:106,2
DA:108,29
DA:109,29
DA:110,3
DA:111,3
DA:116,3
DA:118,26
LF:20
LH:20
BRDA:101,0,0,31
BRDA:102,1,0,2
BRDA:102,1,1,29
BRDA:103,2,0,2
BRDA:103,2,1,0
BRDA:109,3,0,3
BRDA:109,3,1,26
BRDA:110,4,0,3
BRDA:110,4,1,0
BRF:9
BRH:7
end_of_record
TN:
SF:src/utils/withRetry.js
FN:17,isRetryable
FN:64,withRetry
FN:92,(anonymous_2)
FNF:3
FNH:3
FNDA:36,isRetryable
FNDA:65,withRetry
FNDA:16,(anonymous_2)
DA:7,7
DA:8,7
DA:18,36
DA:23,36
DA:24,13
DA:29,23
DA:30,16
DA:34,7
DA:39,2
DA:43,5
DA:49,1
DA:52,4
DA:69,65
DA:73,65
DA:74,81
DA:75,81
DA:77,38
DA:80,38
DA:81,22
DA:84,16
DA:85,16
DA:86,16
DA:92,16
DA:96,16
LF:24
LH:24
BRDA:18,0,0,36
BRDA:18,0,1,3
BRDA:23,1,0,13
BRDA:23,1,1,23
BRDA:23,2,0,36
BRDA:23,2,1,25
BRDA:29,3,0,16
BRDA:29,3,1,7
BRDA:34,4,0,2
BRDA:34,4,1,5
BRDA:35,5,0,7
BRDA:35,5,1,7
BRDA:35,5,2,6
BRDA:43,6,0,1
BRDA:43,6,1,4
BRDA:44,7,0,5
BRDA:44,7,1,5
BRDA:44,7,2,5
BRDA:44,7,3,4
BRDA:64,8,0,65
BRDA:66,9,0,65
BRDA:67,10,0,65
BRDA:68,11,0,65
BRDA:80,12,0,22
BRDA:80,12,1,16
BRDA:80,13,0,38
BRDA:80,13,1,36
BRDA:85,14,0,16
BRDA:85,14,1,0
BRDA:87,15,0,16
BRDA:87,15,1,9
BRF:31
BRH:30
end_of_record
